
Initial statistics: 1 variables; iteration 0; function evaluation 0; phase 1
Function value 3.0258955e+03; maximum gradient component mag 3.2216e+04
Var    Value     Gradient |Var    Value     Gradient |Var    Value     Gradient
  1  0.01061  3.22161e+04 |

 - final statistics:
1 variables; iteration 5; function evaluation 9
Function value 2.5608e+03; maximum gradient component mag 1.1328e-01
Exit code = 1;  converg criter 1.0000e+01
Var    Value     Gradient |Var    Value     Gradient |Var    Value     Gradient
  1 -0.01689  1.13276e-01 |

Initial statistics: 79 variables; iteration 0; function evaluation 0; phase 2
Function value 2.5608140e+03; maximum gradient component mag 3.2744e+03
Var    Value     Gradient |Var    Value     Gradient |Var    Value     Gradient
  1 -0.01689  1.13276e-01 |  2  0.00423  2.74268e+01 |  3  0.00032  2.85967e+01
  4 -0.00290  3.04776e+01 |  5  0.00037  3.70183e+01 |  6 -0.00165  4.06409e+01
  7 -0.00140  4.64668e+01 |  8  0.00049  5.43665e+01 |  9 -0.00236  5.91971e+01
 10 -0.00297  6.66210e+01 | 11  0.00389  8.23519e+01 | 12 -0.00255  8.56713e+01
 13  0.00028  9.96912e+01 | 14  0.00214  1.14011e+02 | 15  0.00062  1.25046e+02
 16 -0.00253  1.34433e+02 | 17 -0.00408  1.46644e+02 | 18 -0.00225  1.64985e+02
 19  0.00507  1.94817e+02 | 20 -0.00390  1.95471e+02 | 21 -0.00173  2.16925e+02
 22  0.00069  2.40733e+02 | 23 -0.00166  2.54996e+02 | 24 -0.00261  2.73737e+02
 25 -0.00315  2.97660e+02 | 26  0.00137  3.36715e+02 | 27  0.00256  3.65464e+02
 28 -0.00142  3.72108e+02 | 29 -0.00005  3.94752e+02 | 30  0.00035  4.12656e+02
 31 -0.00102  4.14963e+02 | 32 -0.00308  4.08622e+02 | 33  0.00546  4.38852e+02
 34 -0.00343  3.99977e+02 | 35  0.00146  4.22688e+02 | 36 -0.00183  4.14424e+02
 37 -0.00364  4.23430e+02 | 38  0.00169  4.62706e+02 | 39  0.00221  4.81497e+02
 40  0.00491  5.06725e+02 | 41 -0.00175  4.84735e+02 | 42 -0.00412  4.74268e+02
 43  0.00340  4.94756e+02 | 44  0.00445  4.86262e+02 | 45  0.00175  4.61618e+02
 46  0.00004  4.16121e+02 | 47  0.00200  3.61851e+02 | 48  0.00456  2.93295e+02
 49  0.00116  1.60986e+02 | 50 -0.00446  1.15886e+01 | 51 -0.00432 -1.79335e+02
 52  0.00101 -2.79846e+02 | 53 -0.00205 -4.12216e+02 | 54 -0.00343 -4.69902e+02
 55 -0.00286 -5.80094e+02 | 56  0.00034 -6.80789e+02 | 57  0.00422 -8.61090e+02
 58  0.00397 -1.01169e+03 | 59  0.00209 -1.12115e+03 | 60 -0.00326 -1.19696e+03
 61  0.00457 -1.30555e+03 | 62 -0.00381 -1.13760e+03 | 63  0.00255 -1.07208e+03
 64  0.00539 -9.42077e+02 | 65 -0.00347 -7.03842e+02 | 66 -0.00383 -5.19783e+02
 67  0.00357 -3.00472e+02 | 68  0.00061 -1.30715e+02 | 69  0.00398 -6.15720e+01
 70 -0.00020  4.77927e+01 | 71  0.29874 -1.88138e+02 | 72 -0.58195  2.22507e+01
 73 -0.05030  1.68312e+02 | 74  0.07902  1.72047e+02 | 75 -0.56501 -3.14245e+01
 76 -0.11197  3.06599e+02 | 77 -0.07234  3.27443e+03 | 78 -0.56478 -3.07318e+02
 79  0.13302  1.97412e+02 |

Intermediate statistics: 79 variables; iteration 20; function evaluation 30; phase 2
Function value 1.8472040e+03; maximum gradient component mag 3.8494e+03
Var    Value     Gradient |Var    Value     Gradient |Var    Value     Gradient
  1 -0.06257  3.84939e+03 |  2 -0.01488 -2.26048e+01 |  3 -0.01325 -2.15155e+01
  4 -0.01265 -2.07838e+01 |  5 -0.02006 -2.33330e+01 |  6 -0.02159 -2.33765e+01
  7 -0.02627 -2.46923e+01 |  8 -0.03347 -2.70304e+01 |  9 -0.03517 -2.69696e+01
 10 -0.04010 -2.82338e+01 | 11 -0.05504 -3.38328e+01 | 12 -0.05295 -3.19760e+01
 13 -0.06294 -3.54137e+01 | 14 -0.07146 -3.82157e+01 | 15 -0.07517 -3.89122e+01
 16 -0.07630 -3.84642e+01 | 17 -0.07859 -3.85838e+01 | 18 -0.08335 -3.99647e+01
 19 -0.09119 -4.29035e+01 | 20 -0.08117 -3.75474e+01 | 21 -0.07814 -3.57596e+01
 22 -0.07179 -3.24625e+01 | 23 -0.06029 -2.67493e+01 | 24 -0.04777 -2.05794e+01
 25 -0.03357 -1.23893e+01 | 26 -0.01356 -2.22330e-01 | 27  0.01009  1.51158e+01
 28  0.03012  2.77024e+01 | 29  0.05050  4.21919e+01 | 30  0.06557  5.65275e+01
 31  0.07636  6.62843e+01 | 32  0.08273  7.12937e+01 | 33  0.08918  7.67339e+01
 34  0.07455  6.71624e+01 | 35  0.06436  6.22355e+01 | 36  0.04999  5.42886e+01
 37  0.03810  5.29841e+01 | 38  0.02684  5.59260e+01 | 39  0.01789  5.96904e+01
 40  0.01712  6.61225e+01 | 41  0.00978  6.33497e+01 | 42  0.01001  6.31371e+01
 43  0.02472  7.18979e+01 | 44  0.02893  7.15426e+01 | 45  0.01420  5.94489e+01
 46  0.02248  5.54822e+01 | 47  0.04874  5.45535e+01 | 48  0.04280  3.49720e+01
 49  0.06728  1.08436e+01 | 50  0.07828 -3.16155e+01 | 51 -0.00917 -7.04789e+01
 52  0.08098 -9.06937e+01 | 53  0.03425 -2.10939e+02 | 54 -0.05830 -1.14332e+02
 55  0.13176 -5.45937e+01 | 56 -0.31164 -1.52527e+02 | 57  0.13542  1.12809e+02
 58  0.09431  1.55510e+02 | 59  0.05545  1.58818e+02 | 60  0.10611  3.72925e+02
 61  0.20313  9.76992e+02 | 62  0.11223  4.94237e+02 | 63  0.11345  4.34891e+02
 64  0.12757  3.99045e+02 | 65 -0.03016  4.32961e+01 | 66  0.18273  2.81065e+02
 67 -0.43889 -1.36365e+02 | 68 -0.19724 -1.09554e+02 | 69  0.11807 -4.84620e+01
 70 -0.11753 -8.59269e+01 | 71  0.36206 -7.23675e+01 | 72 -0.62248 -8.87243e+00
 73 -0.77408 -2.25029e+01 | 74  0.21372  3.88432e+02 | 75 -0.19577 -8.35127e+01
 76 -0.78328 -1.11072e+01 | 77 -0.30328 -2.09939e+00 | 78 -2.03334 -1.04455e+01
 79  0.93932  5.98459e-02 |
79 variables; iteration 40; function evaluation 56; phase 2
Function value 1.7166765e+03; maximum gradient component mag 4.0073e+03
Var    Value     Gradient |Var    Value     Gradient |Var    Value     Gradient
  1 -0.04116  4.00731e+03 |  2 -0.02209 -6.09264e+01 |  3 -0.01171 -5.51954e+01
  4 -0.00412 -5.03488e+01 |  5 -0.01053 -5.18755e+01 |  6 -0.00562 -4.77490e+01
  7 -0.00536 -4.55916e+01 |  8 -0.00803 -4.46927e+01 |  9 -0.00416 -3.99850e+01
 10 -0.00511 -3.75219e+01 | 11 -0.01724 -4.13324e+01 | 12 -0.01322 -3.54846e+01
 13 -0.02226 -3.73957e+01 | 14 -0.03151 -3.94980e+01 | 15 -0.03694 -3.92326e+01
 16 -0.04046 -3.77532e+01 | 17 -0.04550 -3.74194e+01 | 18 -0.05383 -3.97213e+01
 19 -0.07399 -5.04866e+01 | 20 -0.05890 -3.69323e+01 | 21 -0.06107 -3.61794e+01
 22 -0.05644 -3.05354e+01 | 23 -0.04141 -1.66073e+01 | 24 -0.02805 -3.50462e+00
 25 -0.02840  3.22686e-03 | 26 -0.04250 -9.24263e+00 | 27 -0.04060 -4.58925e+00
 28 -0.02822  7.03286e+00 | 29 -0.00723  2.84247e+01 | 30  0.00601  4.46378e+01
 31  0.01664  5.34539e+01 | 32  0.03575  6.99140e+01 | 33  0.06089  9.48251e+01
 34  0.04397  6.01035e+01 | 35  0.04280  5.81067e+01 | 36  0.03310  4.46225e+01
 37  0.03222  5.12531e+01 | 38  0.02828  6.01631e+01 | 39 -0.00539  3.24529e+01
 40 -0.02685  1.56178e+01 | 41 -0.03502  1.10770e+01 | 42 -0.03482  1.17351e+01
 43 -0.00882  3.64768e+01 | 44  0.01426  6.34258e+01 | 45 -0.03381  1.23833e+01
 46  0.01005  5.68150e+01 | 47  0.04315  8.33831e+01 | 48  0.03429  5.99610e+01
 49 -0.02972 -2.48640e+01 | 50  0.09599  8.05859e+01 | 51 -0.01393 -5.49057e+01
 52  0.00521 -7.58535e+01 | 53  0.09387 -4.44448e+01 | 54 -0.19360 -1.37500e+02
 55  0.11065 -8.12789e+01 | 56 -0.17204 -1.49797e+02 | 57  0.11658 -2.18750e+00
 58  0.05046 -5.51733e+01 | 59  0.02598 -4.60048e+01 | 60  0.09245  7.13772e+01
 61  0.13456  2.03278e+02 | 62  0.08472  1.26742e+02 | 63  0.06628  7.66302e+01
 64  0.10566  1.15281e+02 | 65 -0.07044 -6.25489e+01 | 66  0.14225  1.66325e+02
 67 -0.07965 -6.67567e+01 | 68 -0.05300 -6.62411e+01 | 69  0.04740 -2.23793e+01
 70 -0.01580 -3.33588e+01 | 71  0.35205 -1.47414e+02 | 72 -0.59688 -4.32629e+00
 73 -0.36672  2.36925e+01 | 74  0.20503 -1.18364e+02 | 75 -0.17764 -3.14988e+01
 76 -1.10051  5.80057e+00 | 77 -0.27456  5.76486e+01 | 78 -1.79346  3.10888e+01
 79  0.77398  1.74566e-01 |
79 variables; iteration 60; function evaluation 86; phase 2
Function value 1.6801337e+03; maximum gradient component mag -2.4895e+02
Var    Value     Gradient |Var    Value     Gradient |Var    Value     Gradient
  1 -0.03825 -2.48950e+02 |  2 -0.00615  7.10451e+00 |  3 -0.00503  7.95832e+00
  4 -0.00252  9.44992e+00 |  5 -0.00746  7.91014e+00 |  6 -0.01295  6.17710e+00
  7 -0.01884  4.30560e+00 |  8 -0.02456  2.54864e+00 |  9 -0.00385  1.23642e+01
 10  0.00193  1.59711e+01 | 11 -0.02641  4.26791e+00 | 12 -0.02039  8.05080e+00
 13 -0.01409  1.21924e+01 | 14 -0.00345  1.87145e+01 | 15 -0.03534  4.66322e+00
 16 -0.04932 -7.83484e-01 | 17 -0.05602 -2.84319e+00 | 18 -0.05216  8.94838e-02
 19 -0.03319  1.07284e+01 | 20 -0.03717  9.88458e+00 | 21 -0.04233  8.05143e+00
 22 -0.04790  5.86262e+00 | 23 -0.03930  1.09420e+01 | 24 -0.03204  1.51799e+01
 25 -0.03518  1.42052e+01 | 26 -0.06968 -3.68113e+00 | 27 -0.04404  9.42901e+00
 28 -0.05025  4.28697e+00 | 29 -0.03712  7.96320e+00 | 30 -0.03240  5.64737e+00
 31 -0.03082 -4.58198e-01 | 32 -0.01760 -3.45056e+00 | 33  0.02589  7.25235e-01
 34  0.06559 -3.43012e+00 | 35  0.02872 -8.06498e+00 | 36  0.02168 -6.80401e+00
 37  0.03744  7.72328e+00 | 38  0.02275  2.02059e+01 | 39 -0.01629  1.72625e+01
 40 -0.01662  2.55593e+01 | 41 -0.00533  3.96992e+01 | 42 -0.02170  3.00300e+01
 43  0.01840  5.17693e+01 | 44 -0.02226  2.37786e+01 | 45 -0.04455  1.52073e+01
 46 -0.00210  3.25876e+01 | 47  0.02189  2.82768e+01 | 48  0.00014  1.53603e+01
 49  0.02795  1.60897e+01 | 50  0.07241  3.40213e+01 | 51 -0.01393 -9.87855e+00
 52  0.01755  4.00580e+00 | 53  0.07913  5.51639e+01 | 54 -0.02472  1.12895e+01
 55  0.09848  7.61589e+01 | 56 -0.06243 -2.38672e+01 | 57  0.08797  7.51113e+00
 58  0.07427 -3.41899e+01 | 59  0.03630 -6.56904e+01 | 60  0.05355 -8.25458e+01
 61  0.13452 -9.52261e+01 | 62  0.03791 -6.62317e+01 | 63  0.05472 -8.18871e+01
 64  0.08939 -6.64507e+01 | 65 -0.02351 -3.63671e+01 | 66  0.10573  3.13810e+01
 67 -0.04102  7.16725e+00 | 68 -0.00750  3.66628e+01 | 69  0.03484  3.96530e+01
 70 -0.04222  9.42549e+00 | 71  0.35666 -1.45077e+02 | 72 -0.56269  2.24941e+00
 73 -0.39449  5.49922e+00 | 74  0.20923  3.05983e+01 | 75 -0.19208 -6.24680e+00
 76 -1.00012  2.78322e-02 | 77 -0.27772  7.88378e+00 | 78 -1.86099 -3.82145e+00
 79  0.54982 -5.63011e-01 |
Maximum number of function evaluations exceeded

 - final statistics:
79 variables; iteration 69; function evaluation 100
Function value 1.6733e+03; maximum gradient component mag -1.1179e+02
Exit code = 3;  converg criter 1.0000e+01
Var    Value     Gradient |Var    Value     Gradient |Var    Value     Gradient
  1 -0.03685  1.21269e+01 |  2  0.00006  1.88685e+00 |  3 -0.00111  1.85261e+00
  4 -0.01380 -2.92347e+00 |  5 -0.01163 -1.49241e+00 |  6 -0.00842  4.82710e-01
  7 -0.00078  4.49879e+00 |  8  0.00489  7.86853e+00 |  9 -0.01158  1.53482e+00
 10 -0.01353  1.67608e+00 | 11 -0.00937  4.71658e+00 | 12 -0.00409  8.50197e+00
 13 -0.01813  3.21115e+00 | 14 -0.03609 -3.97959e+00 | 15 -0.03800 -3.58861e+00
 16 -0.04332 -4.83323e+00 | 17 -0.03707 -3.78044e-01 | 18 -0.02596  6.77202e+00
 19 -0.04356 -1.09660e+00 | 20 -0.05147 -3.92723e+00 | 21 -0.05284 -3.72127e+00
 22 -0.04422  1.70389e+00 | 23 -0.05370 -2.74991e+00 | 24 -0.04368  3.07746e+00
 25 -0.05300 -1.13545e+00 | 26 -0.04931  1.52490e+00 | 27 -0.05635 -2.33206e+00
 28 -0.04238  3.83694e+00 | 29 -0.05583 -5.74305e+00 | 30 -0.03649  7.48783e-01
 31 -0.03294 -3.32554e+00 | 32 -0.01712 -3.66534e+00 | 33  0.00741 -2.42967e+00
 34  0.05729  1.93433e+00 | 35  0.04962 -8.68857e-01 | 36  0.08335  7.30520e+00
 37  0.02033 -1.15259e+00 | 38 -0.00185  2.08030e+00 | 39 -0.01049  9.14299e+00
 40 -0.02819  5.42497e+00 | 41 -0.03492  5.32291e+00 | 42 -0.02894  7.53318e+00
 43 -0.02850  2.23901e+00 | 44 -0.00751  9.61085e+00 | 45 -0.01874  9.80937e+00
 46 -0.01075  7.28473e+00 | 47  0.01401  4.46474e+00 | 48  0.01063  6.19860e+00
 49  0.03062  7.14480e+00 | 50  0.05500  3.02212e+01 | 51  0.01504  1.62439e+01
 52  0.01718  1.13117e+01 | 53  0.07233  3.36754e+01 | 54 -0.02013 -3.72905e+00
 55  0.08623  3.17081e+01 | 56 -0.04306 -2.42476e+01 | 57  0.07813  3.20734e+00
 58  0.07471 -1.44843e+01 | 59  0.04925 -4.51311e+01 | 60  0.04800 -6.37927e+01
 61  0.13187 -6.44397e+01 | 62  0.02925 -4.71677e+01 | 63  0.06373 -4.33808e+01
 64  0.08678 -1.73512e+00 | 65  0.02011  3.37881e-01 | 66  0.08809  3.43955e+01
 67 -0.02465  1.54318e+00 | 68 -0.02899 -1.34810e+00 | 69  0.02922  8.66836e+00
 70 -0.03081  8.49555e+00 | 71  0.35858 -1.11793e+02 | 72 -0.59130 -3.24014e+00
 73 -0.42387 -4.72010e+00 | 74  0.20886  1.41250e+01 | 75 -0.19120 -7.42303e+00
 76 -0.94814 -3.05975e+00 | 77 -0.27333  7.00842e+00 | 78 -1.85489 -1.89163e+00
 79  0.48239 -8.55113e-01 |

Initial statistics: 88 variables; iteration 0; function evaluation 0; phase 3
Function value 1.6732829e+03; maximum gradient component mag 1.3657e+02
Var    Value     Gradient |Var    Value     Gradient |Var    Value     Gradient
  1 -0.03685  1.21269e+01 |  2  0.00009  2.47701e+00 |  3 -0.00108  2.44278e+00
  4 -0.01377 -2.33345e+00 |  5 -0.01160 -9.02345e-01 |  6 -0.00839  1.07282e+00
  7 -0.00075  5.08895e+00 |  8  0.00492  8.45867e+00 |  9 -0.01154  2.12489e+00
 10 -0.01349  2.26611e+00 | 11 -0.00933  5.30668e+00 | 12 -0.00406  9.09212e+00
 13 -0.01810  3.80108e+00 | 14 -0.03605 -3.39039e+00 | 15 -0.03797 -2.99951e+00
 16 -0.04328 -4.24445e+00 | 17 -0.03704  2.11119e-01 | 18 -0.02593  7.36171e+00
 19 -0.04352 -5.07819e-01 | 20 -0.05144 -3.33901e+00 | 21 -0.05280 -3.13316e+00
 22 -0.04419  2.29264e+00 | 23 -0.05367 -2.16185e+00 | 24 -0.04365  3.66625e+00
 25 -0.05296 -5.47334e-01 | 26 -0.04928  2.11331e+00 | 27 -0.05632 -1.74422e+00
 28 -0.04235  4.42581e+00 | 29 -0.05579 -5.15517e+00 | 30 -0.03645  1.33798e+00
 31 -0.03290 -2.73618e+00 | 32 -0.01708 -3.07540e+00 | 33  0.00744 -1.83955e+00
 34  0.05733  2.52209e+00 | 35  0.04965 -2.80485e-01 | 36  0.08339  7.89026e+00
 37  0.02036 -5.62731e-01 | 38 -0.00181  2.67046e+00 | 39 -0.01046  9.73308e+00
 40 -0.02816  6.01457e+00 | 41 -0.03488  5.91220e+00 | 42 -0.02891  8.12275e+00
 43 -0.02847  2.82859e+00 | 44 -0.00748  1.02010e+01 | 45 -0.01870  1.03993e+01
 46 -0.01072  7.87482e+00 | 47  0.01405  5.05476e+00 | 48  0.01066  6.78867e+00
 49  0.03065  7.73426e+00 | 50  0.05503  3.08091e+01 | 51  0.01507  1.68339e+01
 52  0.01721  1.19017e+01 | 53  0.07236  3.42616e+01 | 54 -0.02010 -3.13919e+00
 55  0.08626  3.22926e+01 | 56 -0.04302 -2.36589e+01 | 57  0.07816  3.79304e+00
 58  0.07475 -1.38981e+01 | 59  0.04928 -4.45425e+01 | 60  0.04804 -6.32040e+01
 61  0.13190 -6.38614e+01 | 62  0.02928 -4.65781e+01 | 63  0.06377 -4.27933e+01
 64  0.08681 -1.15043e+00 | 65  0.02014  9.27747e-01 | 66  0.08812  3.49798e+01
 67 -0.02462  2.13290e+00 | 68 -0.02896 -7.58551e-01 | 69  0.02925  9.25788e+00
 70 -0.03077  9.08504e+00 | 71  0.35858 -1.11793e+02 | 72 -0.03288 -2.30176e+01
 73  0.46090  1.36574e+02 | 74 -0.47659 -2.55432e+00 | 75 -0.59130 -3.24014e+00
 76 -0.42387 -4.72010e+00 | 77  0.20886  1.41250e+01 | 78  0.10258  7.68410e+01
 79  0.44590  1.81672e+01 | 80 -0.49735  3.37698e+00 | 81 -0.19120 -7.42303e+00
 82 -0.94814 -3.05975e+00 | 83 -0.27333  7.00842e+00 | 84 -0.02810 -2.65629e+00
 85  0.31507 -8.22144e+00 | 86 -0.48608 -6.19382e-02 | 87 -0.14511  1.89163e+00
 88  0.48239 -8.55113e-01 |

Intermediate statistics: 88 variables; iteration 20; function evaluation 23; phase 3
Function value 1.6612055e+03; maximum gradient component mag 9.1710e+02
Var    Value     Gradient |Var    Value     Gradient |Var    Value     Gradient
  1 -0.03659  9.17102e+02 |  2 -0.01069 -1.34836e+01 |  3 -0.01160 -1.34012e+01
  4 -0.00262 -9.11537e+00 |  5 -0.00697 -1.03334e+01 |  6 -0.01251 -1.20064e+01
  7 -0.02214 -1.53952e+01 |  8 -0.03029 -1.81206e+01 |  9 -0.01984 -1.26478e+01
 10 -0.02220 -1.26526e+01 | 11 -0.02995 -1.50355e+01 | 12 -0.03870 -1.78630e+01
 13 -0.03199 -1.34735e+01 | 14 -0.02258 -7.46365e+00 | 15 -0.02625 -7.70097e+00
 16 -0.02731 -6.60224e+00 | 17 -0.03710 -1.00388e+01 | 18 -0.04959 -1.50339e+01
 19 -0.04112 -9.28309e+00 | 20 -0.03991 -7.08142e+00 | 21 -0.04226 -7.21524e+00
 22 -0.05096 -1.09979e+01 | 23 -0.04669 -7.93902e+00 | 24 -0.05437 -1.18507e+01
 25 -0.05106 -8.99871e+00 | 26 -0.05536 -1.05543e+01 | 27 -0.05132 -7.98572e+00
 28 -0.05543 -1.16876e+01 | 29 -0.04008 -5.39766e+00 | 30 -0.04122 -9.05856e+00
 31 -0.02444 -5.62947e+00 | 32 -0.00626 -4.01958e+00 | 33  0.01559 -2.52248e+00
 34  0.04734 -5.28359e-01 | 35  0.06156  3.40995e+00 | 36  0.06257  4.24816e+00
 37  0.04015  4.34390e+00 | 38  0.00459  1.17744e+00 | 39 -0.02239 -2.04944e+00
 40 -0.02898 -7.79950e-01 | 41 -0.03423 -5.83345e-01 | 42 -0.03178 -4.35381e-01
 43 -0.01596  2.52172e+00 | 44 -0.01255  1.18457e+00 | 45 -0.02758 -1.40468e+00
 46 -0.01678 -1.32177e+00 | 47  0.01700  2.30260e+00 | 48  0.00736  2.80567e+00
 49  0.04751  1.68811e+01 | 50  0.04166  2.47110e+01 | 51  0.02160  1.94218e+01
 52  0.01752  2.98739e+00 | 53  0.05681  8.07959e+00 | 54  0.01074  8.09736e+00
 55  0.05738  2.75524e+01 | 56  0.01674  3.15622e+01 | 57  0.06923  4.36687e+01
 58  0.07544  1.75932e+01 | 59  0.04101 -1.26749e+01 | 60  0.07658  2.44061e+00
 61  0.10299  1.34419e+01 | 62  0.08093  2.62040e+01 | 63  0.06919  1.62936e+01
 64  0.05155  1.14471e+01 | 65  0.05479  3.88435e+01 | 66  0.07864  5.69397e+01
 67 -0.00616  2.11961e+01 | 68 -0.02018  7.67434e+00 | 69  0.02475  4.93947e+00
 70 -0.02620  2.14773e+00 | 71  0.34314 -2.64949e+01 | 72 -0.01129  2.85872e+01
 73  0.41972  1.51477e+02 | 74 -0.47394  2.58312e+00 | 75 -0.42820  6.12986e+01
 76 -0.42142  1.91150e-01 | 77  0.23846  1.71988e+02 | 78  0.08514  2.16748e+02
 79  0.21158 -1.37438e+01 | 80 -0.50446  9.75984e+00 | 81 -0.13316  3.36675e+01
 82 -0.81375 -1.01559e+01 | 83 -0.39813 -1.66489e+00 | 84  0.05068 -2.39539e+00
 85  0.35266  7.69527e+00 | 86 -0.48407 -3.52161e-02 | 87 -0.39552  4.29979e+00
 88  0.51247  2.05258e-01 |
88 variables; iteration 40; function evaluation 47; phase 3
Function value 1.6497331e+03; maximum gradient component mag 1.1478e+03
Var    Value     Gradient |Var    Value     Gradient |Var    Value     Gradient
  1 -0.03772  1.14779e+03 |  2 -0.01049 -2.13970e+01 |  3 -0.01146 -2.12418e+01
  4 -0.00396 -1.73998e+01 |  5 -0.00784 -1.83113e+01 |  6 -0.01288 -1.96646e+01
  7 -0.02215 -2.28278e+01 |  8 -0.03089 -2.57211e+01 |  9 -0.02032 -1.98731e+01
 10 -0.02280 -1.97472e+01 | 11 -0.03129 -2.23598e+01 | 12 -0.04217 -2.60865e+01
 13 -0.03365 -2.04843e+01 | 14 -0.02205 -1.28689e+01 | 15 -0.02532 -1.26375e+01
 16 -0.02534 -1.06367e+01 | 17 -0.03726 -1.51517e+01 | 18 -0.05708 -2.40857e+01
 19 -0.04041 -1.33483e+01 | 20 -0.03607 -8.87649e+00 | 21 -0.03808 -8.50481e+00
 22 -0.05312 -1.60078e+01 | 23 -0.04250 -8.63409e+00 | 24 -0.05861 -1.76000e+01
 25 -0.04878 -1.03018e+01 | 26 -0.05732 -1.42522e+01 | 27 -0.04661 -6.97094e+00
 28 -0.06179 -1.75850e+01 | 29 -0.03060 -7.02257e-01 | 30 -0.04272 -1.13238e+01
 31 -0.01895 -3.18980e+00 | 32 -0.00001 -8.44372e-01 | 33  0.02041  3.67636e-01
 34  0.04141 -1.59504e+00 | 35  0.06485  6.26827e+00 | 36  0.04117 -4.22489e+00
 37  0.05409  8.93216e+00 | 38  0.00696 -1.12358e+00 | 39 -0.03598 -1.41703e+01
 40 -0.03144 -6.63460e+00 | 41 -0.03429 -4.69758e+00 | 42 -0.03448 -5.34974e+00
 43 -0.00015  1.08315e+01 | 44 -0.01431 -2.08189e-01 | 45 -0.03266 -5.45734e+00
 46 -0.01524 -6.22716e-01 | 47  0.03008  9.12512e+00 | 48  0.00708 -5.23807e+00
 49  0.04441 -6.27275e+00 | 50  0.00531 -1.38073e+01 | 51  0.03570  1.69207e+01
 52  0.02236  1.78530e+01 | 53  0.05570  3.06658e+01 | 54  0.02171  2.66078e+01
 55  0.04309  2.34757e+01 | 56  0.03209  4.11719e+01 | 57  0.05367  2.64909e+01
 58  0.06321  2.03395e+01 | 59  0.07020  2.43285e+01 | 60  0.07241  9.79681e+00
 61  0.11130  2.26605e+00 | 62  0.02568 -1.16384e+01 | 63  0.10565  4.33218e+01
 64  0.06289  2.04464e+01 | 65  0.02626  5.24451e+00 | 66  0.08250  3.45449e+01
 67  0.00269  5.76659e+00 | 68 -0.01531 -1.63871e+01 | 69  0.00954 -4.57827e+01
 70 -0.01852 -2.29750e+01 | 71  0.32803  2.79064e+02 | 72  0.00657  2.16388e+02
 73  0.38712 -3.92613e+01 | 74 -0.44570  1.89374e+01 | 75 -0.45284 -3.11702e+01
 76 -0.42211  1.11923e+01 | 77  0.20055  2.31143e+02 | 78  0.10723  3.53417e+02
 79  0.17300 -1.61908e+01 | 80 -0.53294  1.43929e+01 | 81 -0.15006 -3.58780e+01
 82 -0.41417  2.18454e+01 | 83 -0.48597  3.25950e+01 | 84  0.35899  1.47836e-01
 85 -0.04389 -3.43773e+00 | 86 -0.44513  5.66446e-03 | 87 -0.64339 -2.25138e+00
 88  1.03343 -6.25934e-02 |
88 variables; iteration 60; function evaluation 77; phase 3
Function value 1.6449558e+03; maximum gradient component mag -2.5582e+02
Var    Value     Gradient |Var    Value     Gradient |Var    Value     Gradient
  1 -0.03770 -2.55815e+02 |  2 -0.00785  2.69796e+00 |  3 -0.00838  2.87838e+00
  4 -0.00235  5.83267e+00 |  5 -0.01435  1.35238e+00 |  6 -0.01641  1.04566e+00
  7 -0.01012  4.36036e+00 |  8 -0.00741  6.29220e+00 |  9 -0.01914  2.01549e+00
 10 -0.01993  2.56510e+00 | 11 -0.02121  2.98673e+00 | 12 -0.02601  1.88364e+00
 13 -0.02603  3.02321e+00 | 14 -0.03611 -4.81508e-01 | 15 -0.03631  6.42263e-01
 16 -0.03759  1.29768e+00 | 17 -0.03764  2.56794e+00 | 18 -0.03727  4.00337e+00
 19 -0.04119  3.18053e+00 | 20 -0.04487  2.54114e+00 | 21 -0.05037  6.30168e-01
 22 -0.04535  4.09920e+00 | 23 -0.05781 -1.84223e+00 | 24 -0.04801  3.61573e+00
 25 -0.05915 -1.52524e+00 | 26 -0.05722  3.27891e-02 | 27 -0.04880  4.51933e+00
 28 -0.04407  5.42614e+00 | 29 -0.04725  1.08052e+00 | 30 -0.03641  2.70548e+00
 31 -0.02649  1.08107e+00 | 32 -0.00859  3.68202e-01 | 33  0.02004  6.84307e-01
 34  0.04559 -4.47006e+00 | 35  0.07091 -3.16734e+00 | 36  0.05224 -6.94180e+00
 37  0.03334 -4.31309e+00 | 38  0.00586 -1.02966e+00 | 39 -0.01984 -8.46059e-01
 40 -0.02617  7.84208e-01 | 41 -0.03286  6.06610e-01 | 42 -0.03011  2.89384e-01
 43 -0.01828 -7.24605e-01 | 44 -0.01745 -3.55099e+00 | 45 -0.02665 -1.30889e+00
 46 -0.01022 -2.65589e-01 | 47  0.01450 -5.66112e+00 | 48  0.01000 -3.60225e+00
 49  0.05651 -2.41196e+00 | 50  0.01470 -6.87896e+00 | 51  0.02705  2.35611e+00
 52  0.02350  3.09580e+00 | 53  0.05331 -4.07287e+00 | 54  0.01976  5.45600e+00
 55  0.04890 -7.63092e+00 | 56  0.01360  1.94694e+00 | 57  0.05756 -5.47816e+00
 58  0.06781 -5.27161e+00 | 59  0.05999 -3.61481e+00 | 60  0.07487 -1.62588e+00
 61  0.11173 -9.25279e+00 | 62  0.04685 -6.24388e+00 | 63  0.08788  2.25814e+00
 64  0.06299 -2.51612e+00 | 65  0.03829 -2.28898e+00 | 66  0.06995 -9.60224e-01
 67 -0.00651  4.39559e+00 | 68 -0.01937  3.42621e+00 | 69  0.02747  3.74623e+00
 70 -0.02599  7.83623e+00 | 71  0.32038  8.51593e+01 | 72  0.01253  6.70987e+01
 73  0.37450  2.93506e+00 | 74 -0.44555  5.95228e+00 | 75 -0.42845  4.17773e+00
 76 -0.42427  1.46003e+00 | 77  0.18577  2.83482e+00 | 78  0.11281 -3.93510e+00
 79  0.19867  1.91612e+00 | 80 -0.50076 -2.70022e-01 | 81 -0.15141  9.33029e+00
 82 -0.47169 -4.90281e+00 | 83 -0.49644 -1.80848e+01 | 84  0.40473  1.11473e-01
 85 -0.07621  5.10613e+00 | 86 -0.43522  2.68606e-03 | 87 -0.53994 -3.05126e+00
 88  1.40776 -2.45811e-02 |
88 variables; iteration 80; function evaluation 134; phase 3
Function value 1.4967295e+03; maximum gradient component mag -8.3207e+03
Var    Value     Gradient |Var    Value     Gradient |Var    Value     Gradient
  1 -0.04240 -8.32070e+03 |  2  0.03815  1.34264e+02 |  3 -0.03455  1.06219e+02
  4  0.02737  1.30298e+02 |  5 -0.07908  8.85773e+01 |  6 -0.02070  1.11792e+02
  7 -0.08130  8.77473e+01 |  8 -0.15838  5.73806e+01 |  9 -0.06569  9.40586e+01
 10 -0.06142  9.58187e+01 | 11 -0.00434  1.18563e+02 | 12 -0.00040  1.20213e+02
 13 -0.17708  5.03302e+01 | 14  0.10530  1.60255e+02 | 15  0.00993  1.24666e+02
 16  0.06407  1.45740e+02 | 17 -0.04260  1.03962e+02 | 18 -0.10696  7.80697e+01
 19 -0.04710  1.02355e+02 | 20 -0.03157  1.08787e+02 | 21 -0.20444  4.02990e+01
 22 -0.06666  9.47494e+01 | 23 -0.07974  8.95442e+01 | 24  0.00032  1.22561e+02
 25 -0.00897  1.19107e+02 | 26  0.03368  1.36840e+02 | 27 -0.01063  1.18081e+02
 28 -0.03200  1.07540e+02 | 29 -0.04322  9.95315e+01 | 30 -0.02082  9.99148e+01
 31 -0.01890  8.89604e+01 | 32 -0.00020  7.61378e+01 | 33  0.05536  4.62923e+01
 34  0.07900  5.43548e+00 | 35  0.04466  1.32469e+01 | 36  0.06859 -1.41616e+01
 37  0.01574  1.95911e+01 | 38 -0.04617  4.09549e+01 | 39 -0.12852  4.09267e+01
 40  0.13311 -3.15748e+01 | 41 -0.00161  5.39388e+01 | 42  0.01959  5.19416e+01
 43 -0.19100  3.05268e+01 | 44  0.08578  2.37766e+01 | 45  0.06854  4.39568e+01
 46 -0.03055  5.37602e+01 | 47 -0.00929  3.05264e+01 | 48 -0.02592  2.98204e+01
 49  0.13632 -1.28234e+02 | 50 -0.05277  1.57961e+01 | 51  0.05632 -9.28269e+01
 52  0.02436 -8.22966e+01 | 53  0.07575 -2.22304e+02 | 54 -0.01499 -8.50791e+01
 55  0.08461 -3.13280e+02 | 56 -0.02100 -9.75045e+01 | 57  0.06577 -2.85768e+02
 58  0.08642 -3.42152e+02 | 59  0.04742 -2.42558e+02 | 60  0.07342 -3.19052e+02
 61  0.13052 -5.29836e+02 | 62  0.03008 -1.84778e+02 | 63  0.10142 -3.60243e+02
 64  0.05094 -1.93064e+02 | 65  0.05446 -1.51632e+02 | 66  0.08706 -1.76009e+02
 67 -0.05989  1.87347e+01 | 68  0.01521  3.85905e+01 | 69  0.02876  4.17205e+01
 70 -0.02436  8.90236e+01 | 71  0.29668 -5.92504e+00 | 72  0.03075  2.86763e+01
 73  0.36175  3.27260e+01 | 74 -0.41646  3.63722e+00 | 75 -0.45085 -1.32559e+01
 76 -0.38143  1.27111e+01 | 77  0.14894 -5.34444e+01 | 78  0.13189 -9.32432e+01
 79  0.15348  7.68789e+00 | 80 -0.53979 -3.90680e+00 | 81 -0.15713  3.33671e+01
 82 -0.43868 -3.44171e+00 | 83 -0.49691  1.31833e+02 | 84  0.26757  2.94138e+01
 85 -0.22378 -1.67562e+01 | 86 -1.02118  7.47124e-02 | 87 -0.35086 -1.76130e+01
 88  2.18035 -4.52315e+02 |
88 variables; iteration 100; function evaluation 169; phase 3
Function value 1.3947392e+03; maximum gradient component mag 3.3866e+03
Var    Value     Gradient |Var    Value     Gradient |Var    Value     Gradient
  1 -0.03619 -8.87241e+02 |  2  0.01365  1.88532e+01 |  3 -0.04535 -4.75043e+00
  4 -0.05135 -6.84706e+00 |  5  0.06911  4.39721e+01 |  6 -0.00221  1.42860e+01
  7 -0.03705  2.37942e-01 |  8 -0.16264 -4.82034e+01 |  9 -0.08429 -1.81400e+01
 10 -0.00480  1.63353e+01 | 11 -0.06096 -7.32642e+00 | 12 -0.07799 -1.38287e+01
 13  0.03384  3.86394e+01 | 14 -0.08903 -1.70642e+01 | 15 -0.03165  9.68876e+00
 16  0.11492  9.31570e+01 | 17 -0.00659  2.51930e+01 | 18 -0.06268 -1.37114e+00
 19  0.04355  5.81606e+01 | 20 -0.00505  3.19231e+01 | 21 -0.23050 -6.72993e+01
 22 -0.05016  1.06521e+01 | 23 -0.14331 -3.31351e+01 | 24 -0.03693  2.18635e+01
 25 -0.01388  3.95475e+01 | 26 -0.00765  4.80944e+01 | 27  0.03200  8.40012e+01
 28 -0.11789 -1.45726e+01 | 29  0.05600  1.09830e+02 | 30 -0.11092 -1.14539e+01
 31 -0.04405  2.31451e+01 | 32  0.01774  5.40340e+01 | 33  0.03552  5.21409e+01
 34  0.11670  7.83692e+01 | 35 -0.06785 -1.17146e+01 | 36  0.12251  6.69869e+01
 37 -0.03668  2.55083e+00 | 38  0.03401  4.70614e+01 | 39 -0.09119 -1.03111e+01
 40  0.16896  2.00232e+02 | 41 -0.03041  3.04374e+01 | 42  0.02749  7.05693e+01
 43 -0.15595 -3.72672e+01 | 44  0.08057  1.03599e+02 | 45  0.05291  8.34760e+01
 46 -0.01938  2.43895e+01 | 47  0.04859  2.32837e+01 | 48 -0.12504 -4.36943e+01
 49  0.13604 -1.53574e+01 | 50 -0.09103 -4.12436e+01 | 51  0.07894 -2.51265e+01
 52  0.00192 -3.95064e+01 | 53  0.10939 -3.44486e+01 | 54 -0.03939 -4.95237e+01
 55  0.10720 -1.15392e+02 | 56 -0.03732 -6.19712e+01 | 57  0.08285 -1.03593e+02
 58  0.10693 -1.11035e+02 | 59 -0.01790 -6.64274e+01 | 60  0.13574 -9.57186e+01
 61  0.13674 -1.48936e+02 | 62 -0.10649 -5.88317e+01 | 63  0.16341 -9.49284e+01
 64  0.06209 -5.70315e+01 | 65 -0.00617 -4.38911e+01 | 66  0.12657 -4.72012e+01
 67 -0.00687 -2.21186e+01 | 68 -0.06504 -3.76607e+01 | 69  0.03651 -2.29204e+01
 70  0.01449  3.85499e+01 | 71  0.26666  5.02921e+02 | 72  0.03580  5.49577e+02
 73  0.33377 -1.97850e+01 | 74 -0.27052  4.72548e+01 | 75 -0.39677  1.72123e+01
 76 -0.39084  3.42695e+01 | 77  0.10366  1.27580e+02 | 78  0.15250  3.54392e+02
 79  0.18280  7.72620e+00 | 80 -0.58295  1.20895e+01 | 81 -0.15837 -9.81824e+01
 82 -0.34262  7.31912e+01 | 83 -0.52255  1.56602e+02 | 84  0.26951  3.38656e+03
 85 -0.77918  2.39325e+00 | 86 -1.34763 -3.63081e+01 | 87 -0.14302  5.93335e+01
 88  2.25401 -8.85599e+02 |
88 variables; iteration 120; function evaluation 196; phase 3
Function value 1.2384548e+03; maximum gradient component mag 9.2993e+02
Var    Value     Gradient |Var    Value     Gradient |Var    Value     Gradient
  1 -0.00928 -8.17232e+02 |  2 -0.02162  6.43242e+00 |  3 -0.01106  1.07293e+01
  4 -0.00614  1.28429e+01 |  5 -0.01480  9.59225e+00 |  6 -0.00789  1.25612e+01
  7 -0.01033  1.18378e+01 |  8  0.01035  2.04979e+01 |  9  0.00028  1.67701e+01
 10 -0.00453  1.52107e+01 | 11 -0.01227  1.24666e+01 | 12 -0.02207  8.88709e+00
 13 -0.01920  1.06011e+01 | 14 -0.02706  7.87896e+00 | 15 -0.02405  9.78539e+00
 16 -0.03923  3.98532e+00 | 17 -0.02388  1.13553e+01 | 18 -0.01733  1.51203e+01
 19 -0.02936  1.06133e+01 | 20 -0.03914  7.19489e+00 | 21 -0.01549  1.92034e+01
 22 -0.03593  1.07998e+01 | 23 -0.03585  1.21730e+01 | 24 -0.04710  8.24334e+00
 25 -0.04425  1.19133e+01 | 26 -0.05848  7.42328e+00 | 27 -0.05364  1.28194e+01
 28 -0.05995  1.13363e+01 | 29 -0.05400  1.54534e+01 | 30 -0.06635  7.93494e+00
 31 -0.04926  1.27524e+01 | 32 -0.05351  3.18451e+00 | 33 -0.04750 -3.25235e+00
 34  0.17826  3.49017e+01 | 35 -0.06290 -2.22413e+01 | 36 -0.03151 -1.96577e+01
 37 -0.03043 -2.03060e+01 | 38  0.04301 -2.64948e+00 | 39 -0.03503 -1.31852e+01
 40  0.14600  1.68907e+01 | 41 -0.01978 -8.99510e+00 | 42 -0.02515 -1.51857e+01
 43 -0.02123 -2.09850e+01 | 44  0.02767 -1.67286e+01 | 45 -0.05095 -2.37239e+01
 46  0.03145 -1.62640e+01 | 47 -0.06139 -3.76953e+01 | 48  0.02684 -2.70654e+01
 49  0.11582 -5.01450e+01 | 50 -0.05641 -4.29699e+01 | 51  0.03453 -3.66717e+01
 52  0.01532 -2.86484e+01 | 53  0.08069 -1.87919e+01 | 54  0.00099 -1.06074e+01
 55  0.08603 -4.54685e+00 | 56 -0.01494 -7.58615e+00 | 57  0.05818 -9.93934e+00
 58  0.08537  1.80742e+00 | 59  0.03187 -1.06950e+01 | 60  0.07522  1.84088e-01
 61  0.14410  9.48375e+00 | 62 -0.04754 -1.84262e+01 | 63  0.12436  1.37023e+01
 64  0.04577  6.77756e-01 | 65  0.04768  1.40808e+01 | 66  0.07610  1.41728e+01
 67 -0.02295  8.89331e+00 | 68 -0.01762  1.75575e+01 | 69  0.02024  1.42752e+01
 70 -0.04960  1.19249e+01 | 71  0.29158 -7.69119e+01 | 72 -0.10271 -1.45409e+01
 73  0.35494  4.06891e+01 | 74 -0.09698 -2.52099e+01 | 75 -0.42499  1.09725e+01
 76 -0.40472  5.72244e-01 | 77  0.11930  2.37800e+01 | 78  0.12363  3.46317e+01
 79  0.07328 -1.41384e+00 | 80 -0.83330  4.03386e-01 | 81 -0.13721  1.11187e+01
 82 -0.41474  4.23682e+00 | 83 -0.55700  9.61680e+01 | 84  0.27252  9.29932e+02
 85 -1.65151 -5.21241e-03 | 86 -1.50992 -1.52197e+01 | 87  0.67881  4.05531e-02
 88  2.39998  5.36085e+01 |
88 variables; iteration 140; function evaluation 217; phase 3
Function value 1.2176017e+03; maximum gradient component mag -7.0731e+02
Var    Value     Gradient |Var    Value     Gradient |Var    Value     Gradient
  1 -0.00141 -7.07310e+02 |  2 -0.01093  9.26008e+00 |  3 -0.00855  1.03241e+01
  4 -0.01274  8.81817e+00 |  5 -0.00629  1.15406e+01 |  6 -0.00998  1.02695e+01
  7 -0.00949  1.06899e+01 |  8 -0.01102  1.03350e+01 |  9 -0.01198  1.02392e+01
 10 -0.01512  9.30275e+00 | 11 -0.01684  8.98024e+00 | 12 -0.01907  8.49066e+00
 13 -0.01428  1.09697e+01 | 14 -0.02685  6.27244e+00 | 15 -0.02365  8.21098e+00
 16 -0.02141  9.85718e+00 | 17 -0.02981  6.98918e+00 | 18 -0.02746  8.80789e+00
 19 -0.03520  6.23919e+00 | 20 -0.03161  8.84222e+00 | 21 -0.03263  9.43905e+00
 22 -0.03839  8.00274e+00 | 23 -0.04205  7.65968e+00 | 24 -0.04854  6.08102e+00
 25 -0.05324  5.93690e+00 | 26 -0.05856  5.68595e+00 | 27 -0.06178  6.27206e+00
 28 -0.06338  6.40897e+00 | 29 -0.06090  7.27369e+00 | 30 -0.06127  4.76949e+00
 31 -0.04583  6.56727e+00 | 32 -0.03457  2.56619e+00 | 33 -0.01845 -2.37645e+00
 34  0.04023 -2.47278e+00 | 35  0.03500 -1.03929e+01 | 36  0.05588 -1.46619e+01
 37  0.06961 -1.38012e+01 | 38  0.03192 -6.69442e+00 | 39 -0.03154 -1.32575e+01
 40  0.05814  9.34559e+00 | 41 -0.00847 -5.78555e+00 | 42 -0.00603 -9.62127e+00
 43 -0.00720 -1.55983e+01 | 44  0.02559 -9.35681e+00 | 45 -0.02865 -1.22810e+01
 46  0.01894 -5.63530e+00 | 47 -0.04400 -2.59162e+01 | 48  0.05924 -2.54476e+00
 49 -0.05993 -3.21067e+01 | 50  0.11025  7.17525e+00 | 51 -0.05161 -1.26984e+01
 52  0.03004 -1.44843e+00 | 53  0.05515 -1.10295e+01 | 54  0.02445  2.65001e+00
 55  0.05939 -8.68161e+00 | 56  0.00105  3.14168e+00 | 57  0.05218 -5.27128e+00
 58  0.05682 -9.88693e+00 | 59  0.06696 -2.30170e+00 | 60  0.04993 -2.13226e+01
 61  0.10130 -2.61200e+01 | 62  0.09310 -3.60609e+00 | 63  0.02774 -2.24068e+01
 64  0.07759 -1.01329e+01 | 65  0.03560 -2.89171e+00 | 66  0.06277 -3.13199e+00
 67 -0.02133  4.14343e+00 | 68 -0.03061  5.80902e+00 | 69  0.01221  4.86559e+00
 70 -0.05993  7.18110e+00 | 71  0.30668 -5.27719e+01 | 72 -0.21507 -5.68190e+00
 73  0.35852  1.30753e+01 | 74 -0.02245 -1.46764e+01 | 75 -0.42818  3.07779e+00
 76 -0.44995 -1.39878e+00 | 77  0.06815 -1.26539e+01 | 78  0.13585 -9.41346e+00
 79 -0.07902  7.70324e-01 | 80 -1.33934  1.30173e-01 | 81 -0.14504  1.11584e+01
 82 -0.41133 -1.57900e+00 | 83 -0.55309  1.41618e+01 | 84  0.26767  1.35366e+02
 85 -1.72858 -5.48312e-03 | 86 -1.65408  1.46515e+00 | 87  0.74941  2.61861e-02
 88  2.40690  7.62741e+01 |
88 variables; iteration 160; function evaluation 237; phase 3
Function value 1.2021988e+03; maximum gradient component mag 1.3764e+03
Var    Value     Gradient |Var    Value     Gradient |Var    Value     Gradient
  1  0.00217  7.90133e+02 |  2 -0.00433 -8.35576e+00 |  3 -0.01188 -1.11514e+01
  4 -0.00921 -9.85547e+00 |  5 -0.02529 -1.60308e+01 |  6 -0.01824 -1.29219e+01
  7 -0.01524 -1.13739e+01 |  8 -0.02690 -1.57332e+01 |  9 -0.02278 -1.36329e+01
 10 -0.02037 -1.21424e+01 | 11 -0.01528 -9.42190e+00 | 12 -0.01320 -7.84905e+00
 13 -0.03037 -1.44411e+01 | 14 -0.01408 -6.53229e+00 | 15 -0.01697 -6.80851e+00
 16 -0.00672 -9.76374e-01 | 17 -0.02482 -8.06842e+00 | 18 -0.03354 -1.08725e+01
 19 -0.03281 -9.25318e+00 | 20 -0.02807 -5.41224e+00 | 21 -0.04838 -1.38059e+01
 22 -0.04002 -8.00988e+00 | 23 -0.04447 -8.36531e+00 | 24 -0.04274 -5.32126e+00
 25 -0.04676 -4.36021e+00 | 26 -0.04883 -1.89996e+00 | 27 -0.05906 -4.36561e+00
 28 -0.06383 -5.25731e+00 | 29 -0.06449 -5.07051e+00 | 30 -0.05843 -2.42115e+00
 31 -0.05344 -4.11598e+00 | 32 -0.04060 -4.68825e+00 | 33 -0.00701  2.24805e+00
 34 -0.02951 -1.93598e+01 | 35  0.07330  1.12077e+01 | 36  0.08419  6.63707e+00
 37  0.06603  2.98231e+00 | 38  0.01300 -5.25995e+00 | 39  0.01029  2.08920e+00
 40 -0.04388 -1.87302e+01 | 41  0.00520  6.16725e+00 | 42  0.01143  8.61073e+00
 43  0.02025  1.15718e+01 | 44  0.01795  1.78488e+01 | 45 -0.01275  1.48485e+01
 46 -0.00886  2.09973e+01 | 47  0.01089  2.67864e+01 | 48  0.00670  2.82012e+01
 49  0.07334  6.26492e+01 | 50  0.03424  2.90280e+01 | 51  0.00301  1.96344e+01
 52  0.02129  1.78394e+01 | 53  0.06183  2.10850e+01 | 54  0.01359  7.09345e+00
 55  0.06579  4.01791e+00 | 56 -0.01843 -1.30559e+01 | 57  0.05734 -1.84450e+00
 58  0.05921 -6.30557e+00 | 59  0.04900 -2.30970e+00 | 60  0.06615 -1.79161e+00
 61  0.09727 -1.15921e+00 | 62  0.08759  1.68047e+01 | 63  0.02743 -1.43676e+01
 64  0.08767  1.95400e+01 | 65  0.01840 -2.28159e+00 | 66  0.06854  1.20329e+01
 67 -0.02394 -3.11511e+00 | 68 -0.03441 -5.88920e+00 | 69  0.01314 -2.00182e+00
 70 -0.06240 -9.11632e+00 | 71  0.31608 -4.41704e+01 | 72 -0.35580 -2.39945e+00
 73  0.36507 -5.90233e+00 | 74 -0.00362 -1.23671e+01 | 75 -0.43319 -7.09635e+00
 76 -0.46912 -1.47745e+00 | 77  0.08627 -2.96860e+01 | 78  0.10473 -5.76210e+01
 79 -0.02598 -6.47412e-01 | 80 -1.74837  3.06352e+01 | 81 -0.15202 -5.06173e+00
 82 -0.41611 -1.13645e+01 | 83 -0.56963  1.41182e+02 | 84  0.25412  1.37642e+03
 85 -2.25708 -1.02156e-02 | 86 -1.85690 -5.97934e+01 | 87  1.58246 -6.69485e-02
 88  2.40864 -5.58352e+01 |
88 variables; iteration 180; function evaluation 262; phase 3
Function value 1.1703338e+03; maximum gradient component mag 5.5822e+02
Var    Value     Gradient |Var    Value     Gradient |Var    Value     Gradient
  1  0.00769  5.58225e+02 |  2 -0.00807 -6.16526e+00 |  3 -0.01300 -7.91403e+00
  4 -0.00732 -5.39885e+00 |  5 -0.01774 -9.30584e+00 |  6 -0.01491 -7.85703e+00
  7 -0.01472 -7.41870e+00 |  8 -0.01627 -7.64099e+00 |  9 -0.01755 -7.70119e+00
 10 -0.01796 -7.33018e+00 | 11 -0.01463 -5.30637e+00 | 12 -0.01316 -3.94569e+00
 13 -0.02504 -8.26563e+00 | 14 -0.00996 -7.32233e-01 | 15 -0.01900 -3.70812e+00
 16 -0.01995 -2.97551e+00 | 17 -0.02374 -3.45152e+00 | 18 -0.02721 -3.73856e+00
 19 -0.03251 -4.86508e+00 | 20 -0.03370 -3.82285e+00 | 21 -0.03830 -4.46056e+00
 22 -0.03851 -2.66960e+00 | 23 -0.04256 -2.63682e+00 | 24 -0.04222 -1.29072e-02
 25 -0.05079 -1.22963e+00 | 26 -0.05414  9.73488e-01 | 27 -0.06433 -8.92632e-01
 28 -0.06537  1.34453e+00 | 29 -0.07406 -2.40958e+00 | 30 -0.06628  2.69980e+00
 31 -0.06044  2.85361e+00 | 32 -0.04619  4.63503e+00 | 33 -0.01771  1.15635e+01
 34  0.04611  3.07148e+01 | 35  0.04006  1.95319e+01 | 36  0.07363  2.54860e+01
 37  0.05156  1.73594e+01 | 38  0.02374  1.42450e+01 | 39  0.00478  1.30936e+01
 40  0.01723  2.20591e+01 | 41 -0.00167  1.29457e+01 | 42  0.00612  1.43101e+01
 43  0.01218  1.33429e+01 | 44  0.01955  2.12926e+01 | 45 -0.00494  1.93784e+01
 46 -0.01873  1.28921e+01 | 47  0.01749  2.34701e+01 | 48 -0.00111  1.11710e+01
 49  0.06042  2.48003e+01 | 50  0.02847  6.38367e+00 | 51  0.00727  5.50914e+00
 52  0.02164  6.88405e+00 | 53  0.05854  4.67745e+00 | 54  0.00918 -1.52354e+00
 55  0.06419 -1.98266e-01 | 56 -0.00716 -5.30462e+00 | 57  0.04960 -7.86912e+00
 58  0.05960 -1.11229e+01 | 59  0.04525 -1.21355e+01 | 60  0.06081 -1.80623e+01
 61  0.10854 -2.62540e+01 | 62  0.04424 -2.08167e+01 | 63  0.07150 -2.44782e+01
 64  0.06106 -2.00805e+01 | 65  0.02997 -1.55630e+01 | 66  0.06256 -1.18894e+01
 67 -0.02491 -1.00198e+01 | 68 -0.03359 -8.29478e+00 | 69  0.00950 -7.29296e+00
 70 -0.06392 -7.40291e+00 | 71  0.32100  1.13212e+01 | 72 -0.40320  6.19954e-01
 73  0.36976 -1.27015e+01 | 74 -0.00758  2.91667e+00 | 75 -0.43480 -9.38529e+00
 76 -0.46229  2.95154e+00 | 77  0.09001  5.23082e+01 | 78  0.08482  1.16238e+02
 79 -0.00113  1.08081e+00 | 80 -1.88612  4.79219e+00 | 81 -0.15499 -9.05162e+00
 82 -0.43354  1.98851e+00 | 83 -0.46118  4.68579e+01 | 84  0.22491  9.08988e+01
 85 -1.98355 -8.04653e+00 | 86 -1.95817  4.09302e+01 | 87  2.33770 -3.85454e+00
 88  2.41999 -5.65188e+01 |
88 variables; iteration 200; function evaluation 283; phase 3
Function value 1.1628345e+03; maximum gradient component mag 4.1369e+01
Var    Value     Gradient |Var    Value     Gradient |Var    Value     Gradient
  1  0.00779 -1.65280e+01 |  2 -0.01021  5.14685e-01 |  3 -0.01089  3.88177e-01
  4 -0.01170  2.28446e-01 |  5 -0.01104  6.75793e-01 |  6 -0.01281  1.80370e-01
  7 -0.01296  3.62520e-01 |  8 -0.01386  2.75503e-01 |  9 -0.01531  8.73487e-03
 10 -0.01494  5.25214e-01 | 11 -0.01686  1.58139e-01 | 12 -0.01798  1.73532e-01
 13 -0.01866  4.33268e-01 | 14 -0.02175 -2.58011e-01 | 15 -0.02324 -2.07021e-01
 16 -0.02470 -6.37151e-02 | 17 -0.02615  1.63123e-01 | 18 -0.02742  5.23008e-01
 19 -0.03039  1.80031e-01 | 20 -0.03276  2.66415e-01 | 21 -0.03524  3.16839e-01
 22 -0.03864  1.09610e-01 | 23 -0.04215  2.20402e-03 | 24 -0.04587 -3.41337e-02
 25 -0.05079  7.60673e-02 | 26 -0.05725 -2.67775e-01 | 27 -0.06257 -1.03263e-01
 28 -0.06581 -2.24146e-02 | 29 -0.06744 -3.09746e-01 | 30 -0.06508 -4.30835e-02
 31 -0.05749 -4.62699e-01 | 32 -0.04151 -1.71583e-01 | 33 -0.02077 -1.09913e+00
 34  0.01480 -1.83195e+00 | 35  0.03913 -2.46006e+00 | 36  0.07060 -3.10380e+00
 37  0.07718 -1.31919e+00 | 38  0.02832 -8.05497e-01 | 39  0.00038 -1.27026e+00
 40 -0.00569 -2.08677e+00 | 41 -0.00194 -6.62730e-01 | 42  0.01049 -5.04127e-01
 43  0.02539 -1.56628e+00 | 44  0.01803 -3.98239e-01 | 45 -0.01315 -5.12108e-01
 46 -0.01500 -4.58808e-01 | 47  0.00697 -1.00321e+00 | 48  0.01127  1.41531e+00
 49  0.04311 -2.33529e+00 | 50  0.05024  3.35945e+00 | 51 -0.00073  2.53589e-01
 52  0.02190  9.06545e-01 | 53  0.05989  1.37808e+00 | 54  0.01027  7.48374e-01
 55  0.06521  1.15096e+00 | 56 -0.00718  8.19762e-01 | 57  0.05122  1.44423e+00
 58  0.06058  1.05089e+00 | 59  0.04805  2.64326e+00 | 60  0.05954 -1.09129e+00
 61  0.11140  3.29839e-01 | 62  0.04479 -4.97039e-01 | 63  0.07490 -1.03434e+00
 64  0.06077 -8.89857e-01 | 65  0.03355  3.56838e-01 | 66  0.06148  5.76998e-01
 67 -0.02296  1.56267e-01 | 68 -0.03299  3.03037e-01 | 69  0.00910 -1.07528e-01
 70 -0.06403  6.10343e-02 | 71  0.31806  6.00825e+00 | 72 -0.33163  1.12785e+00
 73  0.36794 -1.71447e+00 | 74 -0.00898  1.40372e+00 | 75 -0.42994 -6.47675e-01
 76 -0.46560  1.70425e-01 | 77  0.06555  1.88766e+01 | 78  0.07843  4.13691e+01
 79 -0.14408 -9.00206e-01 | 80 -1.97877 -2.68972e-01 | 81 -0.15548 -1.23548e+00
 82 -0.47334  1.16841e+00 | 83 -0.54315 -9.35993e+00 | 84  0.22526 -3.09558e+01
 85 -0.91146  4.01407e-02 | 86 -2.03647 -5.00128e+00 | 87  2.34815  4.10282e-01
 88  2.50190 -7.60756e+00 |
88 variables; iteration 220; function evaluation 306; phase 3
Function value 1.1620483e+03; maximum gradient component mag 3.7835e+01
Var    Value     Gradient |Var    Value     Gradient |Var    Value     Gradient
  1  0.00810  3.78354e+01 |  2 -0.01082 -4.32791e-01 |  3 -0.01100 -3.60691e-01
  4 -0.01187 -5.43108e-01 |  5 -0.01151 -2.14442e-01 |  6 -0.01222 -2.86431e-01
  7 -0.01294 -3.28527e-01 |  8 -0.01361 -3.18759e-01 |  9 -0.01449 -3.55695e-01
 10 -0.01523 -2.84062e-01 | 11 -0.01656 -4.08583e-01 | 12 -0.01752 -3.22740e-01
 13 -0.01880 -3.10996e-01 | 14 -0.02093 -5.90162e-01 | 15 -0.02235 -4.97400e-01
 16 -0.02439 -5.96655e-01 | 17 -0.02617 -5.03500e-01 | 18 -0.02828 -5.06867e-01
 19 -0.03047 -4.92715e-01 | 20 -0.03324 -5.79980e-01 | 21 -0.03532 -3.29034e-01
 22 -0.03864 -4.78292e-01 | 23 -0.04196 -4.77087e-01 | 24 -0.04595 -6.21260e-01
 25 -0.05105 -5.82048e-01 | 26 -0.05689 -5.74541e-01 | 27 -0.06280 -6.87576e-01
 28 -0.06607 -5.62505e-01 | 29 -0.06703 -3.83181e-01 | 30 -0.06581 -6.06840e-01
 31 -0.05799 -6.86714e-01 | 32 -0.04273 -4.25887e-01 | 33 -0.02067 -3.10416e-01
 34  0.00763 -2.70393e+00 | 35  0.04485  8.48664e-01 | 36  0.08007  9.72984e-01
 37  0.07005  4.18952e-01 | 38  0.02383 -4.88541e-01 | 39  0.00314  7.96164e-01
 40 -0.00687 -1.54979e+00 | 41 -0.00166  4.30646e-01 | 42  0.01160  1.12995e+00
 43  0.02826  8.93352e-01 | 44  0.01661  7.83378e-01 | 45 -0.01210  1.10284e+00
 46 -0.01697 -4.54065e-02 | 47  0.00768  4.67321e-01 | 48  0.00677  1.18439e+00
 49  0.05381  2.39555e+00 | 50  0.03920  2.44881e-01 | 51  0.00475  1.02572e+00
 52  0.02134  1.32636e-01 | 53  0.05985  1.74336e-01 | 54  0.01042  2.58735e-01
 55  0.06466  5.35446e-01 | 56 -0.00598  8.33998e-01 | 57  0.05018  2.43122e-01
 58  0.06150  7.68774e-01 | 59  0.04560  1.37407e+00 | 60  0.06144  6.13114e-01
 61  0.11098  3.32178e+00 | 62  0.04453  1.66974e+00 | 63  0.07639  2.46061e+00
 64  0.05959 -1.40390e-01 | 65  0.03439  4.83870e-01 | 66  0.06072 -6.58027e-01
 67 -0.02270 -6.25743e-01 | 68 -0.03278 -2.77534e-01 | 69  0.00963 -2.88134e-01
 70 -0.06395 -6.92241e-01 | 71  0.31667  3.91890e+00 | 72 -0.31588  1.23457e+00
 73  0.36750  6.21971e-01 | 74 -0.00880  1.24009e+00 | 75 -0.42949  2.91900e-01
 76 -0.46672 -1.70687e-01 | 77  0.12177  1.19034e+01 | 78  0.04040  2.57005e+01
 79  0.06190  1.17193e-01 | 80 -1.99262 -1.11349e+00 | 81 -0.16175 -9.60142e-01
 82 -0.47997  1.85065e+00 | 83 -0.52085  1.21006e+01 | 84  0.22121  1.03129e+00
 85 -0.60566 -2.79837e-01 | 86 -2.04733 -7.01214e+00 | 87  2.29663 -3.27120e-02
 88  2.53887  2.38188e+00 |
88 variables; iteration 240; function evaluation 326; phase 3
Function value 1.1613562e+03; maximum gradient component mag 3.5356e+01
Var    Value     Gradient |Var    Value     Gradient |Var    Value     Gradient
  1  0.00774  3.53562e+01 |  2 -0.01069 -4.52847e-01 |  3 -0.01132 -5.56249e-01
  4 -0.01136 -4.08817e-01 |  5 -0.01246 -6.55513e-01 |  6 -0.01240 -4.13300e-01
  7 -0.01349 -6.01910e-01 |  8 -0.01450 -7.22324e-01 |  9 -0.01482 -5.28523e-01
 10 -0.01549 -4.21817e-01 | 11 -0.01633 -3.36955e-01 | 12 -0.01778 -4.43207e-01
 13 -0.01994 -7.87699e-01 | 14 -0.02054 -4.07213e-01 | 15 -0.02218 -3.93210e-01
 16 -0.02477 -7.10427e-01 | 17 -0.02596 -3.42422e-01 | 18 -0.02844 -4.85088e-01
 19 -0.03105 -6.34404e-01 | 20 -0.03254 -1.12733e-01 | 21 -0.03561 -2.98787e-01
 22 -0.03885 -3.95167e-01 | 23 -0.04200 -2.89545e-01 | 24 -0.04617 -5.05292e-01
 25 -0.05117 -3.91337e-01 | 26 -0.05717 -4.42576e-01 | 27 -0.06280 -3.80104e-01
 28 -0.06591 -1.48100e-01 | 29 -0.06745 -2.74631e-01 | 30 -0.06543 -2.30188e-02
 31 -0.05712  1.80523e-01 | 32 -0.04277  1.29446e-02 | 33 -0.02145 -7.53723e-02
 34  0.01568  6.83296e-01 | 35  0.04262  1.41929e+00 | 36  0.07507  1.67071e+00
 37  0.06975  1.86678e+00 | 38  0.02922  2.22529e+00 | 39  0.00106  1.01675e+00
 40 -0.00305  8.82088e-01 | 41 -0.00077  1.83995e+00 | 42  0.00858  1.24684e+00
 43  0.03024  2.74348e+00 | 44  0.01360  8.97275e-01 | 45 -0.01611  2.21672e-01
 46 -0.01273  2.40563e+00 | 47  0.00966  2.00846e+00 | 48  0.00771  1.62333e+00
 49  0.05093  8.01792e-01 | 50  0.04039 -1.52852e-01 | 51  0.00484  8.48863e-01
 52  0.02110  1.18626e-03 | 53  0.05991  5.74117e-01 | 54  0.01037  3.52393e-01
 55  0.06457  2.29336e-01 | 56 -0.00730 -3.01088e-01 | 57  0.05097 -2.49033e-01
 58  0.06180 -7.02773e-01 | 59  0.04374 -1.28731e+00 | 60  0.06297 -9.75529e-01
 61  0.11129 -9.86785e-01 | 62  0.04178 -2.27000e+00 | 63  0.07615 -6.80316e-01
 64  0.06181 -6.49826e-01 | 65  0.03165 -1.67080e+00 | 66  0.06155 -1.51642e+00
 67 -0.02204 -8.77872e-01 | 68 -0.03337 -1.17933e+00 | 69  0.01024 -6.83633e-01
 70 -0.06309 -6.13363e-01 | 71  0.31851  5.34924e+00 | 72 -0.34159  9.00361e-01
 73  0.36795 -3.55691e+00 | 74 -0.00922  1.48564e+00 | 75 -0.43037 -1.43261e+00
 76 -0.46281  1.35467e+00 | 77  0.20169  3.10260e+00 | 78 -0.04415  3.92786e+00
 79  0.18678 -5.77817e-01 | 80 -2.01822  9.71435e-01 | 81 -0.17133 -1.00484e+00
 82 -0.50388  1.86402e-01 | 83 -0.50686  7.20013e+00 | 84  0.22162  9.74005e+00
 85 -0.30163 -8.67600e-01 | 86 -2.03376 -6.00761e-01 | 87  2.31131  1.10918e+00
 88  2.50940 -1.82149e+00 |
88 variables; iteration 260; function evaluation 346; phase 3
Function value 1.1612888e+03; maximum gradient component mag 1.0078e+01
Var    Value     Gradient |Var    Value     Gradient |Var    Value     Gradient
  1  0.00774  6.23746e+00 |  2 -0.01073 -1.56461e-02 |  3 -0.01120 -5.66574e-02
  4 -0.01161 -5.52352e-02 |  5 -0.01197 -9.53127e-03 |  6 -0.01258 -3.63125e-02
  7 -0.01323 -4.68176e-02 |  8 -0.01398 -6.66366e-02 |  9 -0.01479 -6.73173e-02
 10 -0.01554  2.83447e-03 | 11 -0.01663 -1.39012e-02 | 12 -0.01777  4.46919e-03
 13 -0.01918 -2.39313e-02 | 14 -0.02071 -3.74302e-02 | 15 -0.02235 -2.40872e-02
 16 -0.02399  6.77690e-02 | 17 -0.02619 -2.70398e-03 | 18 -0.02829  2.24041e-02
 19 -0.03062 -5.39045e-03 | 20 -0.03291  1.56808e-01 | 21 -0.03584  3.37227e-02
 22 -0.03887  3.77950e-02 | 23 -0.04223  3.87963e-02 | 24 -0.04588  8.66286e-02
 25 -0.05111  9.22841e-02 | 26 -0.05692  1.40921e-01 | 27 -0.06260  1.76254e-01
 28 -0.06617  1.49283e-01 | 29 -0.06725  2.68849e-01 | 30 -0.06581  1.64408e-01
 31 -0.05756  3.03206e-01 | 32 -0.04271  3.22059e-01 | 33 -0.02074  3.79648e-01
 34  0.01624  7.35873e-01 | 35  0.04092  5.36668e-01 | 36  0.07577  7.20886e-01
 37  0.07130  8.11235e-01 | 38  0.02628  3.50717e-01 | 39  0.00129  2.00234e-01
 40 -0.00322 -1.61591e-01 | 41 -0.00177  3.71792e-01 | 42  0.00939  2.40533e-01
 43  0.02787  4.36442e-01 | 44  0.01598  1.96112e-01 | 45 -0.01373  1.05451e-01
 46 -0.01576  6.15447e-02 | 47  0.00939  4.68892e-01 | 48  0.00628  1.26492e-01
 49  0.05159  3.82265e-01 | 50  0.04163  1.01964e-01 | 51  0.00361  4.20275e-01
 52  0.02145  4.96194e-02 | 53  0.05977 -1.25709e-01 | 54  0.01019 -1.05476e-01
 55  0.06457 -3.44645e-01 | 56 -0.00727 -3.42463e-01 | 57  0.05084 -4.98886e-01
 58  0.06160 -6.23227e-01 | 59  0.04450 -4.95457e-01 | 60  0.06264 -8.40663e-01
 61  0.11021 -9.69520e-01 | 62  0.04559 -6.23517e-01 | 63  0.07396 -9.58270e-01
 64  0.06163 -4.67794e-01 | 65  0.03296 -3.96363e-01 | 66  0.06123 -5.18931e-01
 67 -0.02223 -1.74254e-01 | 68 -0.03298 -2.13509e-01 | 69  0.01018  7.05904e-02
 70 -0.06301  2.61004e-02 | 71  0.31859  1.27131e+00 | 72 -0.34264  7.42873e-01
 73  0.36838 -1.76515e-01 | 74 -0.00840  3.41173e-01 | 75 -0.43022  6.82036e-02
 76 -0.46623 -4.48052e-02 | 77  0.21292  3.69623e+00 | 78 -0.06167  4.06667e+00
 79  0.20223 -1.78715e-04 | 80 -2.02280 -3.54963e-01 | 81 -0.17269 -4.12486e-01
 82 -0.50890  6.75175e-02 | 83 -0.49891  3.14520e+00 | 84  0.22050  1.00780e+01
 85 -0.22958  2.70543e-01 | 86 -2.03506 -1.46278e+00 | 87  2.31547  4.38027e-01
 88  2.51269 -8.82463e-01 |
88 variables; iteration 280; function evaluation 366; phase 3
Function value 1.1611739e+03; maximum gradient component mag -6.7279e+00
Var    Value     Gradient |Var    Value     Gradient |Var    Value     Gradient
  1  0.00769 -6.72787e+00 |  2 -0.01070  1.39910e-01 |  3 -0.01120  8.85237e-02
  4 -0.01164  7.76640e-02 |  5 -0.01213  7.09296e-02 |  6 -0.01264  8.54766e-02
  7 -0.01319  1.10252e-01 |  8 -0.01391  1.02071e-01 |  9 -0.01484  5.28087e-02
 10 -0.01555  1.36219e-01 | 11 -0.01664  1.19414e-01 | 12 -0.01781  1.23697e-01
 13 -0.01915  1.19370e-01 | 14 -0.02084  3.59456e-02 | 15 -0.02237  8.87705e-02
 16 -0.02415  1.19303e-01 | 17 -0.02607  1.69611e-01 | 18 -0.02824  1.59474e-01
 19 -0.03066  9.26849e-02 | 20 -0.03311  1.75447e-01 | 21 -0.03588  1.24549e-01
 22 -0.03894  1.12639e-01 | 23 -0.04226  1.28108e-01 | 24 -0.04592  1.67921e-01
 25 -0.05116  1.61901e-01 | 26 -0.05699  1.97229e-01 | 27 -0.06273  1.97030e-01
 28 -0.06617  2.34604e-01 | 29 -0.06760  1.52454e-01 | 30 -0.06571  2.89409e-01
 31 -0.05756  3.52556e-01 | 32 -0.04285  2.75467e-01 | 33 -0.02078  3.29170e-01
 34  0.01646  6.93941e-01 | 35  0.04177  5.32360e-01 | 36  0.07541  3.08439e-01
 37  0.07037  3.08403e-01 | 38  0.02678  2.74641e-01 | 39  0.00119  1.86376e-02
 40 -0.00251 -3.38036e-02 | 41 -0.00179  2.31447e-01 | 42  0.01016  3.31878e-01
 43  0.02664 -1.33415e-01 | 44  0.01650  1.22057e-01 | 45 -0.01310  1.71557e-01
 46 -0.01580 -2.04708e-01 | 47  0.00884 -1.57868e-01 | 48  0.00632 -2.82266e-01
 49  0.05176 -2.14464e-01 | 50  0.04147 -4.72918e-01 | 51  0.00368  1.86908e-01
 52  0.02142 -1.08311e-01 | 53  0.05982 -1.52262e-01 | 54  0.00990 -1.53627e-01
 55  0.06464 -1.37180e-01 | 56 -0.00736 -1.81451e-01 | 57  0.05097 -1.40413e-01
 58  0.06190 -1.53092e-01 | 59  0.04378 -4.40187e-01 | 60  0.06334 -1.98910e-01
 61  0.11017 -9.94182e-01 | 62  0.04503 -8.77375e-01 | 63  0.07429 -1.07874e+00
 64  0.06144 -8.17301e-01 | 65  0.03280 -6.11495e-01 | 66  0.06160 -4.49017e-01
 67 -0.02219 -1.34873e-01 | 68 -0.03289 -2.31359e-01 | 69  0.01033 -1.08462e-01
 70 -0.06289 -3.29120e-03 | 71  0.32115  5.35428e-01 | 72 -0.38352  4.72023e-01
 73  0.37021  1.18138e-02 | 74 -0.00856 -6.25229e-02 | 75 -0.43120 -1.04482e-02
 76 -0.46524  2.54837e-01 | 77  0.26043  3.64727e+00 | 78 -0.17566  1.29605e+00
 79  0.25381 -1.19599e-01 | 80 -2.03440 -2.08597e+00 | 81 -0.17881 -8.91528e-01
 82 -0.51629  6.82846e-01 | 83 -0.49930  1.71398e+00 | 84  0.22051  4.05323e+00
 85 -0.23749 -1.96298e-03 | 86 -2.03568  1.62882e-02 | 87  2.31142  1.99956e-01
 88  2.51510  1.54063e-01 |
88 variables; iteration 300; function evaluation 388; phase 3
Function value 1.1611380e+03; maximum gradient component mag 1.1323e+01
Var    Value     Gradient |Var    Value     Gradient |Var    Value     Gradient
  1  0.00778  1.13231e+01 |  2 -0.01071 -1.07978e-01 |  3 -0.01116 -1.41173e-01
  4 -0.01163 -1.62712e-01 |  5 -0.01207 -1.49206e-01 |  6 -0.01254 -1.23648e-01
  7 -0.01321 -1.43535e-01 |  8 -0.01392 -1.47576e-01 |  9 -0.01471 -1.40210e-01
 10 -0.01554 -1.05056e-01 | 11 -0.01655 -9.07087e-02 | 12 -0.01777 -1.06676e-01
 13 -0.01910 -1.04752e-01 | 14 -0.02069 -1.46597e-01 | 15 -0.02224 -9.37037e-02
 16 -0.02409 -9.52367e-02 | 17 -0.02608 -7.63531e-02 | 18 -0.02833 -1.15025e-01
 19 -0.03053 -7.94872e-02 | 20 -0.03308 -3.99686e-02 | 21 -0.03581 -7.00484e-02
 22 -0.03890 -9.69985e-02 | 23 -0.04225 -8.85945e-02 | 24 -0.04598 -8.22423e-02
 25 -0.05116 -5.07116e-02 | 26 -0.05698 -7.13054e-03 | 27 -0.06272 -8.46033e-03
 28 -0.06631 -4.98232e-02 | 29 -0.06758 -4.24627e-02 | 30 -0.06585 -5.21142e-04
 31 -0.05773  4.03106e-02 | 32 -0.04282  5.49269e-02 | 33 -0.02069  1.26980e-01
 34  0.01548  1.21649e-01 | 35  0.04168  2.70383e-01 | 36  0.07585  1.75057e-01
 37  0.07015  1.29087e-01 | 38  0.02679  1.46753e-01 | 39  0.00144 -1.01179e-02
 40 -0.00240 -8.39798e-02 | 41 -0.00186  1.38640e-01 | 42  0.00956  1.12726e-01
 43  0.02678 -3.17565e-02 | 44  0.01649  2.22831e-01 | 45 -0.01293  3.35743e-01
 46 -0.01545  9.67848e-02 | 47  0.00864  1.72992e-01 | 48  0.00689  3.68483e-01
 49  0.05041  2.48991e-01 | 50  0.04318  8.65973e-01 | 51  0.00277  3.96879e-01
 52  0.02150  2.51889e-01 | 53  0.05963  2.29185e-01 | 54  0.00995  2.95525e-02
 55  0.06446  4.12561e-02 | 56 -0.00714 -5.48400e-02 | 57  0.05090 -4.40471e-02
 58  0.06176 -1.61370e-02 | 59  0.04397 -5.80149e-02 | 60  0.06312  8.17985e-02
 61  0.10997 -9.34758e-02 | 62  0.04564  1.39404e-02 | 63  0.07400 -1.76898e-01
 64  0.06138 -1.82482e-01 | 65  0.03305 -1.81688e-01 | 66  0.06147 -2.04922e-01
 67 -0.02212 -1.27794e-01 | 68 -0.03277 -2.52581e-01 | 69  0.01031 -2.11222e-01
 70 -0.06292 -1.97734e-01 | 71  0.32382  1.03346e+00 | 72 -0.46106  2.54842e-01
 73  0.37201 -2.37383e-01 | 74 -0.00690  2.97936e-01 | 75 -0.43210 -1.29947e-01
 76 -0.46652  2.73806e-01 | 77  0.28654  2.22611e+00 | 78 -0.35444  1.42857e-01
 79  0.27865 -5.02367e-02 | 80 -2.03868 -7.27795e-01 | 81 -0.18217 -5.79367e-01
 82 -0.52289  1.19673e-01 | 83 -0.49965  2.42318e-01 | 84  0.22035 -1.89132e-01
 85 -0.24213 -9.16241e-02 | 86 -2.03647 -2.30365e-01 | 87  2.30965  5.87505e-02
 88  2.51541 -1.99120e-01 |
88 variables; iteration 320; function evaluation 409; phase 3
Function value 1.1611200e+03; maximum gradient component mag 5.5266e+00
Var    Value     Gradient |Var    Value     Gradient |Var    Value     Gradient
  1  0.00775  5.52661e+00 |  2 -0.01077 -6.05434e-02 |  3 -0.01114 -6.44254e-02
  4 -0.01158 -7.16189e-02 |  5 -0.01199 -4.91701e-02 |  6 -0.01255 -5.86376e-02
  7 -0.01320 -7.32725e-02 |  8 -0.01391 -7.51236e-02 |  9 -0.01467 -5.75676e-02
 10 -0.01557 -5.28619e-02 | 11 -0.01665 -6.62584e-02 | 12 -0.01782 -6.48714e-02
 13 -0.01911 -4.82088e-02 | 14 -0.02063 -6.24256e-02 | 15 -0.02225 -4.50667e-02
 16 -0.02408 -3.51910e-02 | 17 -0.02611 -3.36434e-02 | 18 -0.02829 -4.97293e-02
 19 -0.03050 -2.03362e-02 | 20 -0.03315 -2.50522e-02 | 21 -0.03583 -3.56497e-02
 22 -0.03887 -4.16441e-02 | 23 -0.04222 -3.84405e-02 | 24 -0.04596 -3.88882e-02
 25 -0.05114 -1.19051e-02 | 26 -0.05704 -1.50046e-02 | 27 -0.06270  1.58315e-02
 28 -0.06630 -3.50842e-02 | 29 -0.06746  1.83714e-02 | 30 -0.06585 -2.22464e-02
 31 -0.05775 -1.27540e-02 | 32 -0.04277  2.33890e-02 | 33 -0.02074  2.25479e-02
 34  0.01543 -1.13555e-02 | 35  0.04139  6.37554e-02 | 36  0.07594  3.74148e-02
 37  0.07028  3.72686e-02 | 38  0.02682  1.10390e-01 | 39  0.00144 -2.32623e-02
 40 -0.00204  3.22230e-02 | 41 -0.00199  6.79375e-02 | 42  0.00911 -8.12870e-02
 43  0.02730  3.63246e-02 | 44  0.01630  8.66959e-02 | 45 -0.01333  1.14794e-01
 46 -0.01536  8.06177e-02 | 47  0.00885  1.42453e-01 | 48  0.00650  1.08871e-01
 49  0.05108  1.98554e-01 | 50  0.04252  3.13664e-01 | 51  0.00292  1.12504e-01
 52  0.02150  1.21366e-01 | 53  0.05966  2.00885e-01 | 54  0.00992  6.78193e-02
 55  0.06448  1.11360e-01 | 56 -0.00717 -6.41461e-03 | 57  0.05096  3.80036e-02
 58  0.06172  1.99773e-02 | 59  0.04412  3.16214e-02 | 60  0.06294 -2.60347e-02
 61  0.11017 -4.10177e-03 | 62  0.04530 -2.64142e-02 | 63  0.07420 -2.76207e-02
 64  0.06136 -6.98880e-02 | 65  0.03308 -8.15542e-02 | 66  0.06152 -1.35474e-01
 67 -0.02221 -1.33831e-01 | 68 -0.03261 -1.44001e-01 | 69  0.01031 -2.21957e-01
 70 -0.06288 -1.52815e-01 | 71  0.32662  1.27326e+00 | 72 -0.65268  5.93736e-02
 73  0.37385 -3.50422e-01 | 74 -0.00542  4.28245e-01 | 75 -0.43304 -1.66299e-01
 76 -0.46793  1.35279e-01 | 77  0.29519  2.46236e+00 | 78 -0.76790 -9.88252e-04
 79  0.28607 -1.29161e-01 | 80 -2.04073 -9.74639e-01 | 81 -0.18338 -5.42744e-01
 82 -0.52458  1.74841e-01 | 83 -0.49952  6.25650e-01 | 84  0.22038  2.11500e+00
 85 -0.24062 -3.53573e-02 | 86 -2.03637 -4.38453e-01 | 87  2.30997  4.44642e-02
 88  2.51563 -5.26342e-02 |
88 variables; iteration 340; function evaluation 430; phase 3
Function value 1.1611190e+03; maximum gradient component mag 4.8162e-01
Var    Value     Gradient |Var    Value     Gradient |Var    Value     Gradient
  1  0.00772  3.81877e-01 |  2 -0.01082 -7.39870e-03 |  3 -0.01119 -8.74502e-03
  4 -0.01159 -4.39459e-03 |  5 -0.01209 -1.55476e-02 |  6 -0.01261 -1.04586e-02
  7 -0.01321 -7.74295e-03 |  8 -0.01391 -7.24596e-03 |  9 -0.01472 -1.06365e-02
 10 -0.01563 -1.20353e-02 | 11 -0.01665 -4.63970e-03 | 12 -0.01782 -3.69620e-03
 13 -0.01917 -1.17455e-02 | 14 -0.02062 -3.38764e-04 | 15 -0.02230 -9.30989e-03
 16 -0.02416 -1.37647e-02 | 17 -0.02617 -1.22410e-02 | 18 -0.02830 -6.31430e-03
 19 -0.03059 -1.35546e-02 | 20 -0.03320 -1.05505e-02 | 21 -0.03584 -6.01421e-03
 22 -0.03886 -5.86249e-03 | 23 -0.04221 -5.13534e-03 | 24 -0.04593 -3.44157e-03
 25 -0.05116 -9.50842e-03 | 26 -0.05703 -6.67866e-03 | 27 -0.06275 -1.61416e-02
 28 -0.06620  2.58554e-03 | 29 -0.06750 -2.03877e-02 | 30 -0.06577  1.30183e-03
 31 -0.05770  9.21053e-04 | 32 -0.04280 -6.88665e-03 | 33 -0.02077 -4.43145e-03
 34  0.01560  3.01059e-02 | 35  0.04128  1.69491e-02 | 36  0.07616  3.90506e-02
 37  0.07038  2.41205e-02 | 38  0.02643 -4.20077e-03 | 39  0.00157  2.94172e-02
 40 -0.00213  1.88405e-03 | 41 -0.00215  6.46246e-03 | 42  0.00951  3.31882e-02
 43  0.02743  2.95517e-02 | 44  0.01625  2.02882e-02 | 45 -0.01355 -1.64821e-02
 46 -0.01536  1.30065e-02 | 47  0.00879  4.52151e-04 | 48  0.00659  1.97342e-02
 49  0.05132  2.62887e-02 | 50  0.04221 -3.53403e-02 | 51  0.00308 -6.26989e-03
 52  0.02153  3.68955e-03 | 53  0.05967  1.61787e-03 | 54  0.00995  5.97790e-03
 55  0.06449  2.16390e-02 | 56 -0.00711  2.50260e-02 | 57  0.05097  1.72722e-02
 58  0.06178  1.95051e-02 | 59  0.04407 -3.43641e-03 | 60  0.06301  1.53384e-02
 61  0.11020  8.77671e-03 | 62  0.04528 -9.86908e-03 | 63  0.07422  3.22127e-04
 64  0.06140  1.18188e-03 | 65  0.03305 -1.17503e-02 | 66  0.06155 -6.54366e-03
 67 -0.02219 -2.62197e-03 | 68 -0.03262 -2.35896e-03 | 69  0.01036  7.77856e-03
 70 -0.06285  1.43496e-03 | 71  0.32692 -1.37512e-01 | 72 -0.69810  3.39545e-02
 73  0.37406  3.21962e-02 | 74 -0.00540 -5.47896e-02 | 75 -0.43311  1.73425e-02
 76 -0.46814 -2.43995e-02 | 77  0.29531  1.80112e-01 | 78 -0.86325 -1.52122e-02
 79  0.28618  5.59064e-04 | 80 -2.04097 -6.08244e-02 | 81 -0.18340 -2.11085e-02
 82 -0.52529 -9.08604e-03 | 83 -0.49955 -1.15989e-03 | 84  0.22042  4.81620e-01
 85 -0.24062  1.05239e-02 | 86 -2.03620 -8.27271e-02 | 87  2.30994 -9.38656e-03
 88  2.51531 -4.90035e-02 |
88 variables; iteration 360; function evaluation 450; phase 3
Function value 1.1611127e+03; maximum gradient component mag 3.7619e+00
Var    Value     Gradient |Var    Value     Gradient |Var    Value     Gradient
  1  0.00772  3.54120e+00 |  2 -0.01083 -5.63922e-02 |  3 -0.01118 -5.38045e-02
  4 -0.01161 -5.95157e-02 |  5 -0.01208 -5.67636e-02 |  6 -0.01260 -5.12628e-02
  7 -0.01320 -4.67455e-02 |  8 -0.01390 -4.82807e-02 |  9 -0.01471 -5.08878e-02
 10 -0.01562 -4.97225e-02 | 11 -0.01665 -4.72610e-02 | 12 -0.01782 -4.44093e-02
 13 -0.01916 -4.81194e-02 | 14 -0.02065 -4.95189e-02 | 15 -0.02230 -4.86184e-02
 16 -0.02415 -4.66829e-02 | 17 -0.02617 -4.83658e-02 | 18 -0.02830 -4.09141e-02
 19 -0.03059 -4.90683e-02 | 20 -0.03319 -3.59755e-02 | 21 -0.03583 -3.03068e-02
 22 -0.03886 -3.36044e-02 | 23 -0.04220 -2.76425e-02 | 24 -0.04594 -3.09003e-02
 25 -0.05116 -3.19015e-02 | 26 -0.05704 -2.99556e-02 | 27 -0.06275 -3.30194e-02
 28 -0.06620 -9.02861e-03 | 29 -0.06748 -2.21405e-02 | 30 -0.06577 -7.41975e-03
 31 -0.05767  8.20434e-03 | 32 -0.04280 -1.21129e-02 | 33 -0.02079 -1.36770e-02
 34  0.01557  2.61340e-02 | 35  0.04134  4.55242e-02 | 36  0.07612  6.24665e-02
 37  0.07036  5.44010e-02 | 38  0.02643  1.14497e-02 | 39  0.00153  2.48358e-02
 40 -0.00208  3.49950e-02 | 41 -0.00212  3.49108e-02 | 42  0.00953  6.93631e-02
 43  0.02744  7.64329e-02 | 44  0.01619  4.29025e-02 | 45 -0.01355  1.20953e-02
 46 -0.01537  4.47478e-02 | 47  0.00878  5.65007e-02 | 48  0.00661  9.65841e-02
 49  0.05130  1.61919e-01 | 50  0.04225  1.18924e-01 | 51  0.00305  7.76717e-02
 52  0.02153  1.14679e-01 | 53  0.05967  1.53747e-01 | 54  0.00996  9.34703e-02
 55  0.06448  1.49250e-01 | 56 -0.00711  6.71621e-02 | 57  0.05096  8.17535e-02
 58  0.06177  6.55588e-02 | 59  0.04408  2.10354e-02 | 60  0.06300  1.96315e-02
 61  0.11020  1.35247e-02 | 62  0.04528 -3.62918e-02 | 63  0.07421 -3.37038e-02
 64  0.06142 -3.48027e-02 | 65  0.03302 -8.27974e-02 | 66  0.06156 -8.45132e-02
 67 -0.02219 -8.08448e-02 | 68 -0.03262 -9.02181e-02 | 69  0.01036 -9.91347e-02
 70 -0.06285 -7.65176e-02 | 71  0.32741  1.80153e+00 | 72 -0.82641  9.18157e-03
 73  0.37439 -2.79977e-01 | 74 -0.00518  5.55992e-01 | 75 -0.43327 -1.00334e-01
 76 -0.46822  1.15652e-01 | 77  0.29242  2.15836e+00 | 78 -0.50399  3.65549e-02
 79  0.28365 -9.61582e-02 | 80 -2.04036 -8.55551e-01 | 81 -0.18298 -3.85172e-01
 82 -0.52466  8.88879e-02 | 83 -0.49956  3.84337e-01 | 84  0.22042  3.76189e+00
 85 -0.24063  8.06272e-03 | 86 -2.03624 -6.53750e-01 | 87  2.31002  3.67817e-03
 88  2.51547 -7.58698e-02 |
88 variables; iteration 380; function evaluation 472; phase 3
Function value 1.1611095e+03; maximum gradient component mag 7.6523e-01
Var    Value     Gradient |Var    Value     Gradient |Var    Value     Gradient
  1  0.00772  6.04581e-01 |  2 -0.01082 -1.11130e-02 |  3 -0.01118 -9.54008e-03
  4 -0.01159 -6.31076e-03 |  5 -0.01207 -1.04738e-02 |  6 -0.01260 -1.16033e-02
  7 -0.01321 -9.33157e-03 |  8 -0.01391 -8.19924e-03 |  9 -0.01470 -8.75447e-03
 10 -0.01562 -1.10181e-02 | 11 -0.01666 -1.05886e-02 | 12 -0.01783 -1.05891e-02
 13 -0.01916 -1.32221e-02 | 14 -0.02064 -8.20867e-03 | 15 -0.02230 -1.08541e-02
 16 -0.02415 -1.66295e-02 | 17 -0.02617 -1.47991e-02 | 18 -0.02829 -5.31479e-03
 19 -0.03059 -1.74444e-02 | 20 -0.03320 -1.42897e-02 | 21 -0.03583 -3.57868e-03
 22 -0.03886 -8.04440e-03 | 23 -0.04220 -6.36117e-03 | 24 -0.04593 -8.82398e-03
 25 -0.05116 -1.29224e-02 | 26 -0.05703 -1.30410e-02 | 27 -0.06274 -1.65357e-02
 28 -0.06620 -1.52614e-03 | 29 -0.06748 -1.38896e-02 | 30 -0.06577 -3.10088e-03
 31 -0.05770 -4.35600e-03 | 32 -0.04278 -4.68761e-03 | 33 -0.02075 -3.53351e-03
 34  0.01557  1.61506e-02 | 35  0.04127  9.23186e-03 | 36  0.07611  2.95547e-02
 37  0.07044  3.41271e-02 | 38  0.02645  5.28280e-03 | 39  0.00154  2.10133e-02
 40 -0.00211  1.17429e-02 | 41 -0.00214  1.09853e-02 | 42  0.00948  2.44134e-02
 43  0.02740  1.93962e-02 | 44  0.01626  1.88291e-02 | 45 -0.01350  1.64855e-03
 46 -0.01538 -4.56103e-04 | 47  0.00877 -9.26734e-03 | 48  0.00659  1.90267e-02
 49  0.05124  1.59416e-02 | 50  0.04232  2.25737e-02 | 51  0.00302 -1.27052e-02
 52  0.02153 -1.95171e-03 | 53  0.05969  2.29985e-02 | 54  0.00995  7.29138e-03
 55  0.06450  2.79969e-02 | 56 -0.00715  3.95955e-03 | 57  0.05096  1.99358e-02
 58  0.06178  3.06004e-02 | 59  0.04411  1.54763e-02 | 60  0.06297  1.02990e-02
 61  0.11021  1.44228e-02 | 62  0.04529 -5.40564e-03 | 63  0.07426  5.12244e-03
 64  0.06137 -2.07041e-02 | 65  0.03305 -1.35608e-02 | 66  0.06154 -8.96838e-03
 67 -0.02221 -9.82454e-03 | 68 -0.03262 -8.26108e-03 | 69  0.01033 -2.12404e-02
 70 -0.06286 -1.61180e-02 | 71  0.32742 -1.41278e-01 | 72 -0.85390 -6.02324e-04
 73  0.37439 -3.08075e-03 | 74 -0.00516 -2.22934e-02 | 75 -0.43328 -1.05035e-02
 76 -0.46824  2.82832e-03 | 77  0.28376  5.18681e-01 | 78 -0.32115  3.54823e-02
 79  0.27587 -2.51615e-02 | 80 -2.03868 -1.92297e-01 | 81 -0.18179 -7.52353e-02
 82 -0.52299  2.05853e-02 | 83 -0.49955  7.46253e-02 | 84  0.22041  7.65229e-01
 85 -0.24066  4.94136e-03 | 86 -2.03629 -1.53991e-01 | 87  2.30993 -5.13098e-03
 88  2.51553 -8.35821e-03 |
  ic > imax  in fminim is answer attained ?
Var    Value     Gradient |Var    Value     Gradient |Var    Value     Gradient
  1  0.00773 -6.00262e-04 |  2 -0.01082  1.29141e-05 |  3 -0.01118  1.17005e-05
  4 -0.01159  1.14215e-05 |  5 -0.01206  7.84005e-06 |  6 -0.01260  7.77213e-06
  7 -0.01321  1.34350e-05 |  8 -0.01391  1.31177e-05 |  9 -0.01471  9.58205e-06
 10 -0.01562  9.32093e-06 | 11 -0.01666  1.76090e-05 | 12 -0.01783  1.89681e-05
 13 -0.01915  1.70409e-05 | 14 -0.02064  8.31561e-06 | 15 -0.02229  1.10155e-05
 16 -0.02414  1.53219e-05 | 17 -0.02616  1.12391e-05 | 18 -0.02830  1.53420e-05
 19 -0.03057  1.33207e-05 | 20 -0.03319  1.58202e-05 | 21 -0.03584  2.90671e-05
 22 -0.03886  1.18229e-05 | 23 -0.04221  1.07176e-05 | 24 -0.04593  1.48164e-05
 25 -0.05115  1.86022e-05 | 26 -0.05702  1.91046e-05 | 27 -0.06273  2.15433e-05
 28 -0.06622  1.50339e-05 | 29 -0.06747  2.33284e-05 | 30 -0.06578  2.16894e-05
 31 -0.05770  2.14395e-05 | 32 -0.04278  1.87604e-05 | 33 -0.02074  1.38877e-05
 34  0.01555  2.04171e-06 | 35  0.04130  1.78912e-05 | 36  0.07609 -5.13455e-06
 37  0.07040 -8.15806e-06 | 38  0.02650 -1.01909e-05 | 39  0.00152 -6.77000e-06
 40 -0.00211 -6.10146e-06 | 41 -0.00214 -3.91513e-06 | 42  0.00945 -2.97806e-05
 43  0.02740 -1.42262e-05 | 44  0.01624 -1.58560e-05 | 45 -0.01349 -5.59836e-06
 46 -0.01538 -1.07625e-05 | 47  0.00881 -7.50917e-06 | 48  0.00656 -1.83218e-05
 49  0.05125 -4.75764e-06 | 50  0.04229 -1.00596e-05 | 51  0.00304 -1.35859e-05
 52  0.02153 -1.45197e-05 | 53  0.05969 -3.63990e-05 | 54  0.00996 -2.23118e-05
 55  0.06450 -3.09585e-05 | 56 -0.00715 -5.34940e-06 | 57  0.05095 -2.48144e-05
 58  0.06177 -2.71061e-05 | 59  0.04412 -1.14882e-05 | 60  0.06297 -2.20962e-05
 61  0.11020 -1.10250e-05 | 62  0.04531  3.31055e-06 | 63  0.07424  1.96727e-06
 64  0.06138  1.02411e-05 | 65  0.03304  3.17317e-06 | 66  0.06152 -1.01479e-05
 67 -0.02221  4.04737e-06 | 68 -0.03264  1.12706e-05 | 69  0.01033  5.18078e-06
 70 -0.06287  1.50867e-05 | 71  0.32743  1.41030e-05 | 72 -0.85226  3.84485e-08
 73  0.37441  2.40512e-05 | 74 -0.00519  1.03044e-05 | 75 -0.43328  1.89782e-05
 76 -0.46824 -3.36260e-06 | 77  0.28083 -1.09866e-04 | 78 -0.29135 -1.20256e-05
 79  0.27318  2.91380e-06 | 80 -2.03817  2.56616e-05 | 81 -0.18140  4.18289e-05
 82 -0.52249 -9.50802e-06 | 83 -0.49955 -1.61175e-05 | 84  0.22041 -1.39877e-04
 85 -0.24070  4.11076e-06 | 86 -2.03627  2.30135e-05 | 87  2.30993 -8.57937e-06
 88  2.51547  1.25628e-05 |
Function minimizer not making progress ... is minimum attained?
Minimprove criterion = 0.0000e+00

 - final statistics:
88 variables; iteration 394; function evaluation 518
Function value 1.1611e+03; maximum gradient component mag -6.0026e-04
Exit code = 1;  converg criter 1.0000e-04
Var    Value     Gradient |Var    Value     Gradient |Var    Value     Gradient
  1  0.00773 -6.00262e-04 |  2 -0.01082  1.29141e-05 |  3 -0.01118  1.17005e-05
  4 -0.01159  1.14215e-05 |  5 -0.01206  7.84005e-06 |  6 -0.01260  7.77213e-06
  7 -0.01321  1.34350e-05 |  8 -0.01391  1.31177e-05 |  9 -0.01471  9.58205e-06
 10 -0.01562  9.32093e-06 | 11 -0.01666  1.76090e-05 | 12 -0.01783  1.89681e-05
 13 -0.01915  1.70409e-05 | 14 -0.02064  8.31561e-06 | 15 -0.02229  1.10155e-05
 16 -0.02414  1.53219e-05 | 17 -0.02616  1.12391e-05 | 18 -0.02830  1.53420e-05
 19 -0.03057  1.33207e-05 | 20 -0.03319  1.58202e-05 | 21 -0.03584  2.90671e-05
 22 -0.03886  1.18229e-05 | 23 -0.04221  1.07176e-05 | 24 -0.04593  1.48164e-05
 25 -0.05115  1.86022e-05 | 26 -0.05702  1.91046e-05 | 27 -0.06273  2.15433e-05
 28 -0.06622  1.50339e-05 | 29 -0.06747  2.33284e-05 | 30 -0.06578  2.16894e-05
 31 -0.05770  2.14395e-05 | 32 -0.04278  1.87604e-05 | 33 -0.02074  1.38877e-05
 34  0.01555  2.04171e-06 | 35  0.04130  1.78912e-05 | 36  0.07609 -5.13455e-06
 37  0.07040 -8.15806e-06 | 38  0.02650 -1.01909e-05 | 39  0.00152 -6.77000e-06
 40 -0.00211 -6.10146e-06 | 41 -0.00214 -3.91513e-06 | 42  0.00945 -2.97806e-05
 43  0.02740 -1.42262e-05 | 44  0.01624 -1.58560e-05 | 45 -0.01349 -5.59836e-06
 46 -0.01538 -1.07625e-05 | 47  0.00881 -7.50917e-06 | 48  0.00656 -1.83218e-05
 49  0.05125 -4.75764e-06 | 50  0.04229 -1.00596e-05 | 51  0.00304 -1.35859e-05
 52  0.02153 -1.45197e-05 | 53  0.05969 -3.63990e-05 | 54  0.00996 -2.23118e-05
 55  0.06450 -3.09585e-05 | 56 -0.00715 -5.34940e-06 | 57  0.05095 -2.48144e-05
 58  0.06177 -2.71061e-05 | 59  0.04412 -1.14882e-05 | 60  0.06297 -2.20962e-05
 61  0.11020 -1.10250e-05 | 62  0.04531  3.31055e-06 | 63  0.07424  1.96727e-06
 64  0.06138  1.02411e-05 | 65  0.03304  3.17317e-06 | 66  0.06152 -1.01479e-05
 67 -0.02221  4.04737e-06 | 68 -0.03264  1.12706e-05 | 69  0.01033  5.18078e-06
 70 -0.06287  1.50867e-05 | 71  0.32743  1.41030e-05 | 72 -0.85226  3.84485e-08
 73  0.37441  2.40512e-05 | 74 -0.00519  1.03044e-05 | 75 -0.43328  1.89782e-05
 76 -0.46824 -3.36260e-06 | 77  0.28083 -1.09866e-04 | 78 -0.29135 -1.20256e-05
 79  0.27318  2.91380e-06 | 80 -2.03817  2.56616e-05 | 81 -0.18140  4.18289e-05
 82 -0.52249 -9.50802e-06 | 83 -0.49955 -1.61175e-05 | 84  0.22041 -1.39877e-04
 85 -0.24070  4.11076e-06 | 86 -2.03627  2.30135e-05 | 87  2.30993 -8.57937e-06
 88  2.51547  1.25628e-05 |

Initial statistics: 98 variables; iteration 0; function evaluation 0; phase 4
Function value 1.1611093e+03; maximum gradient component mag 9.3352e+01
Var    Value     Gradient |Var    Value     Gradient |Var    Value     Gradient
  1  0.00773 -6.00262e-04 |  2 -0.01082  1.04755e-05 |  3 -0.01118  9.26190e-06
  4 -0.01159  8.98294e-06 |  5 -0.01206  5.40147e-06 |  6 -0.01260  5.33360e-06
  7 -0.01321  1.09965e-05 |  8 -0.01391  1.06793e-05 |  9 -0.01471  7.14369e-06
 10 -0.01562  6.88265e-06 | 11 -0.01666  1.51708e-05 | 12 -0.01783  1.65301e-05
 13 -0.01915  1.46030e-05 | 14 -0.02064  5.87789e-06 | 15 -0.02229  8.57801e-06
 16 -0.02414  1.28846e-05 | 17 -0.02616  8.80220e-06 | 18 -0.02830  1.29054e-05
 19 -0.03057  1.08845e-05 | 20 -0.03319  1.33845e-05 | 21 -0.03584  2.66320e-05
 22 -0.03886  9.38841e-06 | 23 -0.04221  8.28390e-06 | 24 -0.04593  1.23837e-05
 25 -0.05115  1.61710e-05 | 26 -0.05702  1.66754e-05 | 27 -0.06273  1.91162e-05
 28 -0.06622  1.26080e-05 | 29 -0.06747  2.09030e-05 | 30 -0.06578  1.92634e-05
 31 -0.05770  1.90105e-05 | 32 -0.04278  1.63269e-05 | 33 -0.02074  1.14499e-05
 34  0.01555 -3.96568e-07 | 35  0.04130  1.54573e-05 | 36  0.07609 -7.55616e-06
 37  0.07040 -1.05822e-05 | 38  0.02650 -1.26278e-05 | 39  0.00152 -9.20900e-06
 40 -0.00211 -8.54045e-06 | 41 -0.00214 -6.35412e-06 | 42  0.00945 -3.22194e-05
 43  0.02740 -1.66629e-05 | 44  0.01624 -1.82942e-05 | 45 -0.01349 -8.03682e-06
 46 -0.01538 -1.32008e-05 | 47  0.00881 -9.94795e-06 | 48  0.00656 -2.07607e-05
 49  0.05125 -7.18876e-06 | 50  0.04229 -1.24932e-05 | 51  0.00304 -1.60249e-05
 52  0.02153 -1.69573e-05 | 53  0.05969 -3.88273e-05 | 54  0.00996 -2.47505e-05
 55  0.06450 -3.33850e-05 | 56 -0.00715 -7.78825e-06 | 57  0.05095 -2.72456e-05
 58  0.06177 -2.95337e-05 | 59  0.04412 -1.39214e-05 | 60  0.06297 -2.45233e-05
 61  0.11020 -1.34275e-05 | 62  0.04531  8.77716e-07 | 63  0.07424 -4.55179e-07
 64  0.06138  7.81342e-06 | 65  0.03304  7.37448e-07 | 66  0.06152 -1.25755e-05
 67 -0.02221  1.60985e-06 | 68 -0.03264  8.83475e-06 | 69  0.01033  2.74209e-06
 70 -0.06287  1.26596e-05 | 71  0.00000  3.88272e+01 | 72  0.00000  7.56085e+01
 73  0.00000  9.33519e+01 | 74  0.00000  6.67730e-01 | 75  0.00000  0.00000e+00
 76  0.00000  0.00000e+00 | 77  0.00000  0.00000e+00 | 78  0.00000  0.00000e+00
 79  0.00000  0.00000e+00 | 80  0.00000  0.00000e+00 | 81  0.32743  1.41030e-05
 82 -0.85226  3.84485e-08 | 83  0.37441  2.40512e-05 | 84 -0.00519  1.03044e-05
 85 -0.43328  1.89782e-05 | 86 -0.46824 -3.36260e-06 | 87  0.28083 -1.09866e-04
 88 -0.29135 -1.20256e-05 | 89  0.27318  2.91380e-06 | 90  0.03817 -2.56616e-05
 91 -0.18140  4.18289e-05 | 92 -0.52249 -9.50802e-06 | 93 -0.49955 -1.61175e-05
 94  0.22041 -1.39877e-04 | 95 -0.24070  4.11076e-06 | 96  0.03627 -2.30135e-05
 97 -0.30993  8.57937e-06 | 98 -0.51547 -1.25628e-05 |

Intermediate statistics: 98 variables; iteration 20; function evaluation 24; phase 4
Function value 1.1589243e+03; maximum gradient component mag 1.0636e+02
Var    Value     Gradient |Var    Value     Gradient |Var    Value     Gradient
  1  0.00979  1.06358e+02 |  2 -0.00388  6.96202e-01 |  3 -0.00436  6.64343e-01
  4 -0.00490  6.28365e-01 |  5 -0.00552  5.87739e-01 |  6 -0.00622  5.41853e-01
  7 -0.00702  4.90054e-01 |  8 -0.00792  4.31631e-01 |  9 -0.00895  3.65871e-01
 10 -0.01012  2.91673e-01 | 11 -0.01144  2.08851e-01 | 12 -0.01293  1.16848e-01
 13 -0.01459  1.54103e-02 | 14 -0.01645 -9.57481e-02 | 15 -0.01851 -2.16843e-01
 16 -0.02079 -3.47897e-01 | 17 -0.02327 -4.87922e-01 | 18 -0.02590 -6.33752e-01
 19 -0.02867 -7.85498e-01 | 20 -0.03185 -9.55000e-01 | 21 -0.03508 -1.12426e+00
 22 -0.03872 -1.30840e+00 | 23 -0.04274 -1.50267e+00 | 24 -0.04717 -1.70453e+00
 25 -0.05318 -1.94904e+00 | 26 -0.05978 -2.18771e+00 | 27 -0.06603 -2.39704e+00
 28 -0.06978 -2.55016e+00 | 29 -0.07111 -2.71074e+00 | 30 -0.06944 -2.94578e+00
 31 -0.06123 -3.22043e+00 | 32 -0.04612 -3.59576e+00 | 33 -0.02400 -4.17928e+00
 34  0.01395 -4.86908e+00 | 35  0.03814 -6.05326e+00 | 36  0.07134 -7.37763e+00
 37  0.06581 -6.90947e+00 | 38  0.02702 -4.48452e+00 | 39  0.00182 -3.54161e+00
 40 -0.00250 -3.40069e+00 | 41 -0.00291 -3.22060e+00 | 42  0.00762 -3.46860e+00
 43  0.02308 -4.05424e+00 | 44  0.01379 -3.38261e+00 | 45 -0.01373 -2.33067e+00
 46 -0.01577 -2.33541e+00 | 47  0.00631 -3.13597e+00 | 48  0.00543 -2.83302e+00
 49  0.04811 -4.02178e+00 | 50  0.04045 -3.59224e+00 | 51  0.00142 -3.02293e+00
 52  0.01938 -3.09832e+00 | 53  0.05724 -2.09155e+00 | 54  0.00924 -6.35486e-02
 55  0.06196  2.32283e+00 | 56 -0.00736  2.72498e+00 | 57  0.04901  6.69554e+00
 58  0.06055  9.90837e+00 | 59  0.04326  1.01235e+01 | 60  0.06145  1.30720e+01
 61  0.10844  2.02651e+01 | 62  0.04559  1.25394e+01 | 63  0.07199  1.55495e+01
 64  0.06002  1.47102e+01 | 65  0.03311  1.19125e+01 | 66  0.05980  1.25799e+01
 67 -0.02346  3.69328e+00 | 68 -0.03558  1.79075e-02 | 69  0.00584 -2.33218e+00
 70 -0.06008 -2.70307e-01 | 71 -0.00828  2.36596e+01 | 72 -0.00695  5.07205e+01
 73 -0.02334  5.26991e+01 | 74  0.00628  4.97238e+00 | 75  0.00000  0.00000e+00
 76  0.00000  0.00000e+00 | 77  0.00000  0.00000e+00 | 78  0.00000  0.00000e+00
 79  0.00000  0.00000e+00 | 80  0.00000  0.00000e+00 | 81  0.32723  1.56862e+01
 82 -0.85224  1.94124e-02 | 83  0.37314 -9.62981e+00 | 84 -0.00446  2.72785e+00
 85 -0.43132 -2.68783e+00 | 86 -0.47020  1.50556e-01 | 87  0.27921 -8.72401e+00
 88 -0.29153 -1.10916e+00 | 89  0.26741 -8.01715e-01 | 90  0.04045 -3.60605e+00
 91 -0.17879  2.67424e-01 | 92 -0.52568 -5.16510e-01 | 93 -0.49823  3.22279e+01
 94  0.21970  8.91864e+01 | 95 -0.24169 -1.78946e+00 | 96  0.03923  1.71426e+01
 97 -0.30818 -1.79919e+00 | 98 -0.52114  1.35529e+00 |
98 variables; iteration 40; function evaluation 48; phase 4
Function value 1.1576101e+03; maximum gradient component mag 6.3681e+00
Var    Value     Gradient |Var    Value     Gradient |Var    Value     Gradient
  1  0.01025  5.79485e+00 |  2 -0.00381  4.28812e-01 |  3 -0.00430  4.19727e-01
  4 -0.00485  4.08994e-01 |  5 -0.00548  3.96348e-01 |  6 -0.00620  3.81511e-01
  7 -0.00702  3.64201e-01 |  8 -0.00795  3.44178e-01 |  9 -0.00900  3.21283e-01
 10 -0.01021  2.94880e-01 | 11 -0.01157  2.65592e-01 | 12 -0.01311  2.33325e-01
 13 -0.01482  1.98523e-01 | 14 -0.01673  1.62691e-01 | 15 -0.01884  1.27994e-01
 16 -0.02115  9.69058e-02 | 17 -0.02366  7.19665e-02 | 18 -0.02630  5.11056e-02
 19 -0.02907  3.27920e-02 | 20 -0.03220  3.88666e-02 | 21 -0.03541  2.78145e-02
 22 -0.03899  3.44360e-02 | 23 -0.04291  5.94397e-02 | 24 -0.04716  1.23857e-01
 25 -0.05262  4.36040e-01 | 26 -0.05845  9.28822e-01 | 27 -0.06387  1.52368e+00
 28 -0.06717  1.88958e+00 | 29 -0.06829  2.10485e+00 | 30 -0.06655  2.20962e+00
 31 -0.05880  1.87451e+00 | 32 -0.04434  1.35003e+00 | 33 -0.02270  8.28334e-01
 34  0.01432  2.16340e-01 | 35  0.03788 -8.04279e-01 | 36  0.06983 -2.21774e+00
 37  0.06612 -2.13372e+00 | 38  0.02518 -1.74889e+00 | 39  0.00040 -1.46896e+00
 40 -0.00326 -9.38349e-01 | 41 -0.00290 -1.84732e-01 | 42  0.00827  4.56356e-01
 43  0.02494  1.06598e+00 | 44  0.01483  1.24528e+00 | 45 -0.01293  1.20430e+00
 46 -0.01615  3.24814e-01 | 47  0.00489 -7.98912e-01 | 48  0.00430 -8.97626e-01
 49  0.04870 -5.21773e-01 | 50  0.04043 -6.93776e-01 | 51  0.00064 -8.37257e-01
 52  0.02077  1.22453e+00 | 53  0.05765  3.46272e-01 | 54  0.00776 -1.30865e+00
 55  0.06299  1.95689e-01 | 56 -0.00864 -1.10785e+00 | 57  0.04950 -2.49175e-01
 58  0.05990 -9.82318e-01 | 59  0.04180 -1.36828e+00 | 60  0.06117 -2.73346e-01
 61  0.10718 -6.30466e-01 | 62  0.04501 -1.08778e+00 | 63  0.07085 -1.67409e+00
 64  0.05878 -1.35012e+00 | 65  0.03118 -1.09596e+00 | 66  0.05851 -2.31019e-01
 67 -0.02700 -1.84144e+00 | 68 -0.03921 -1.70240e+00 | 69  0.00719  2.23679e+00
 70 -0.05681  1.62451e-01 | 71 -0.02070 -4.44033e+00 | 72 -0.02224  5.92337e-01
 73 -0.05003  6.36811e+00 | 74  0.00708  1.10107e+00 | 75  0.00000  0.00000e+00
 76  0.00000  0.00000e+00 | 77  0.00000  0.00000e+00 | 78  0.00000  0.00000e+00
 79  0.00000  0.00000e+00 | 80  0.00000  0.00000e+00 | 81  0.32696 -1.80742e+00
 82 -0.85135 -3.33355e-03 | 83  0.37580  3.81436e-01 | 84 -0.00489 -4.43357e-01
 85 -0.43086 -6.93582e-01 | 86 -0.46840  1.81486e-01 | 87  0.27973  2.46462e+00
 88 -0.27398  2.20891e-01 | 89  0.26951 -2.42081e-01 | 90  0.03258  3.17013e-01
 91 -0.17341  5.72637e-01 | 92 -0.50896  2.01599e+00 | 93 -0.49901 -2.77793e+00
 94  0.21985  6.26823e-01 | 95 -0.21856  9.64837e-01 | 96  0.03796 -4.08834e+00
 97 -0.32013 -5.76622e-01 | 98 -0.52140 -1.98255e+00 |
98 variables; iteration 60; function evaluation 81; phase 4
Function value 1.1575209e+03; maximum gradient component mag 2.9979e+00
Var    Value     Gradient |Var    Value     Gradient |Var    Value     Gradient
  1  0.01013  2.99787e+00 |  2 -0.00491 -5.37153e-02 |  3 -0.00534 -4.81301e-02
  4 -0.00583 -4.33894e-02 |  5 -0.00639 -3.99097e-02 |  6 -0.00703 -3.81136e-02
  7 -0.00777 -3.83349e-02 |  8 -0.00862 -4.06443e-02 |  9 -0.00959 -4.46040e-02
 10 -0.01070 -4.90135e-02 | 11 -0.01195 -5.16304e-02 | 12 -0.01334 -4.94936e-02
 13 -0.01489 -3.97804e-02 | 14 -0.01661 -2.17560e-02 | 15 -0.01852  7.34629e-04
 16 -0.02065  1.77680e-02 | 17 -0.02303  1.57212e-02 | 18 -0.02561 -1.31364e-02
 19 -0.02837 -6.18584e-02 | 20 -0.03151 -9.99545e-02 | 21 -0.03458 -8.65149e-02
 22 -0.03790  1.02245e-03 | 23 -0.04163  7.57971e-02 | 24 -0.04609 -1.69551e-02
 25 -0.05220 -1.27129e-01 | 26 -0.05820  1.77960e-01 | 27 -0.06505 -1.39095e-01
 28 -0.06858  1.39202e-02 | 29 -0.06994  4.59057e-02 | 30 -0.06857 -6.17417e-02
 31 -0.06015  1.09968e-01 | 32 -0.04523  6.43639e-02 | 33 -0.02344 -2.28494e-02
 34  0.01339 -1.63727e-02 | 35  0.03827  2.77601e-02 | 36  0.07231  5.41648e-02
 37  0.06676  1.75823e-02 | 38  0.02618 -6.08442e-04 | 39  0.00172  3.93793e-02
 40 -0.00246  2.07032e-02 | 41 -0.00295  1.02633e-02 | 42  0.00767  3.10891e-02
 43  0.02384  4.17601e-02 | 44  0.01370  4.97295e-02 | 45 -0.01425  1.10890e-02
 46 -0.01603  3.55854e-02 | 47  0.00683  8.09643e-02 | 48  0.00553  5.76475e-02
 49  0.04836  9.77461e-02 | 50  0.04031  8.64734e-02 | 51  0.00185  4.28966e-02
 52  0.02002  1.05826e-01 | 53  0.05736  9.50998e-02 | 54  0.00964  1.10469e-01
 55  0.06203  1.69028e-01 | 56 -0.00699  6.51035e-03 | 57  0.04898  1.24892e-01
 58  0.06013  8.31125e-02 | 59  0.04288  1.07884e-02 | 60  0.06072  4.90913e-02
 61  0.10714 -4.25299e-03 | 62  0.04546 -5.20339e-02 | 63  0.07122 -6.54689e-02
 64  0.05891 -1.19790e-01 | 65  0.03198 -1.33232e-01 | 66  0.05702 -9.64208e-02
 67 -0.02490 -1.35522e-01 | 68 -0.03688 -1.08213e-01 | 69  0.00460 -1.31736e-01
 70 -0.05751 -8.74181e-02 | 71 -0.01652 -1.70265e-01 | 72 -0.02288 -9.23461e-02
 73 -0.05454  2.60520e-01 | 74  0.00756  4.99134e-02 | 75  0.00000  0.00000e+00
 76  0.00000  0.00000e+00 | 77  0.00000  0.00000e+00 | 78  0.00000  0.00000e+00
 79  0.00000  0.00000e+00 | 80  0.00000  0.00000e+00 | 81  0.32693  5.15182e-02
 82 -0.85015 -2.59862e-04 | 83  0.37551  1.60444e-03 | 84 -0.00461 -3.43940e-02
 85 -0.43012 -1.09065e-01 | 86 -0.46909  6.48547e-02 | 87  0.27687  2.21920e+00
 88 -0.26714  2.81652e-01 | 89  0.26598 -1.77269e-01 | 90  0.03882  9.15266e-01
 91 -0.17374 -3.54235e-01 | 92 -0.52435  1.76538e-01 | 93 -0.49946  1.11118e+00
 94  0.21961  2.82541e+00 | 95 -0.23789 -4.06954e-02 | 96  0.03922  5.52331e-01
 97 -0.30781 -5.01816e-02 | 98 -0.51935  1.84246e-02 |
98 variables; iteration 80; function evaluation 115; phase 4
Function value 1.1575206e+03; maximum gradient component mag 3.0866e-01
Var    Value     Gradient |Var    Value     Gradient |Var    Value     Gradient
  1  0.01013  3.08658e-01 |  2 -0.00489 -6.96902e-03 |  3 -0.00533 -8.61686e-03
  4 -0.00583 -8.91623e-03 |  5 -0.00640 -7.49252e-03 |  6 -0.00704 -4.34469e-03
  7 -0.00777 -1.59605e-04 |  8 -0.00860  3.51541e-03 |  9 -0.00955  4.60805e-03
 10 -0.01066  1.67835e-03 | 11 -0.01191 -4.30436e-03 | 12 -0.01332 -9.54715e-03
 13 -0.01490 -1.03202e-02 | 14 -0.01665 -7.50315e-03 | 15 -0.01860 -5.68492e-03
 16 -0.02077 -5.47216e-03 | 17 -0.02313 -4.17100e-03 | 18 -0.02565 -5.24554e-03
 19 -0.02830 -5.96704e-03 | 20 -0.03134  4.83371e-03 | 21 -0.03443  4.01129e-03
 22 -0.03794 -1.85486e-03 | 23 -0.04182 -6.73510e-03 | 24 -0.04607  1.72625e-03
 25 -0.05197  3.68242e-03 | 26 -0.05856 -1.43180e-02 | 27 -0.06479  8.91021e-03
 28 -0.06861 -9.99552e-03 | 29 -0.07001  1.86269e-03 | 30 -0.06846 -6.67832e-03
 31 -0.06033  1.84325e-03 | 32 -0.04535 -5.54538e-03 | 33 -0.02336 -1.31494e-03
 34  0.01350  4.12287e-03 | 35  0.03827  1.16337e-03 | 36  0.07220  5.40647e-03
 37  0.06686  8.83591e-03 | 38  0.02626  1.05374e-02 | 39  0.00164  3.46286e-03
 40 -0.00248  1.57317e-03 | 41 -0.00293  3.70633e-03 | 42  0.00766  2.57339e-03
 43  0.02383 -4.37808e-03 | 44  0.01367 -1.88436e-03 | 45 -0.01420  9.49181e-05
 46 -0.01602  6.04097e-03 | 47  0.00679  6.09832e-03 | 48  0.00556  1.10973e-02
 49  0.04834 -1.45259e-03 | 50  0.04033  1.78214e-02 | 51  0.00186  3.64778e-03
 52  0.01999  3.36588e-03 | 53  0.05739  1.40410e-02 | 54  0.00960  1.48583e-03
 55  0.06202  1.22837e-02 | 56 -0.00692  5.19667e-04 | 57  0.04894  1.08531e-02
 58  0.06012  5.51711e-03 | 59  0.04293  5.67411e-03 | 60  0.06067  3.77351e-03
 61  0.10716  8.02462e-03 | 62  0.04548 -2.22141e-03 | 63  0.07120  6.77972e-03
 64  0.05893 -7.38714e-04 | 65  0.03204 -4.04352e-03 | 66  0.05695 -5.84151e-03
 67 -0.02483 -2.81309e-03 | 68 -0.03688 -6.10096e-03 | 69  0.00459 -1.22934e-02
 70 -0.05755 -9.24595e-03 | 71 -0.01643  7.07556e-03 | 72 -0.02282 -1.67629e-03
 73 -0.05479 -2.18243e-02 | 74  0.00756 -5.19834e-03 | 75  0.00000  0.00000e+00
 76  0.00000  0.00000e+00 | 77  0.00000  0.00000e+00 | 78  0.00000  0.00000e+00
 79  0.00000  0.00000e+00 | 80  0.00000  0.00000e+00 | 81  0.32687  2.33120e-02
 82 -0.84891 -8.47249e-05 | 83  0.37541 -1.15971e-02 | 84 -0.00438  6.81506e-03
 85 -0.43001  3.26001e-03 | 86 -0.46942 -1.36344e-03 | 87  0.27663  2.25947e-01
 88 -0.26598  2.04413e-02 | 89  0.26599 -9.28313e-04 | 90  0.03889  9.47762e-02
 91 -0.17374 -4.67050e-02 | 92 -0.52488  6.83726e-03 | 93 -0.49958  1.70426e-02
 94  0.21964  2.06511e-01 | 95 -0.23847  1.25649e-03 | 96  0.03912  3.79200e-02
 97 -0.30780 -1.22293e-03 | 98 -0.51910  9.55513e-03 |
98 variables; iteration 100; function evaluation 148; phase 4
Function value 1.1575205e+03; maximum gradient component mag -1.1860e-01
Var    Value     Gradient |Var    Value     Gradient |Var    Value     Gradient
  1  0.01013 -1.18604e-01 |  2 -0.00487  6.65612e-03 |  3 -0.00533 -2.45072e-03
  4 -0.00584 -5.42919e-03 |  5 -0.00640 -4.95699e-04 |  6 -0.00704  3.38778e-03
  7 -0.00776  7.60505e-03 |  8 -0.00858  1.64853e-02 |  9 -0.00955  1.27276e-02
 10 -0.01070 -8.68818e-03 | 11 -0.01194 -1.23405e-02 | 12 -0.01332 -2.21603e-03
 13 -0.01486  1.17899e-02 | 14 -0.01663  3.75930e-03 | 15 -0.01863 -1.21389e-02
 16 -0.02073  1.70103e-02 | 17 -0.02315 -4.65102e-03 | 18 -0.02563  6.92889e-03
 19 -0.02831 -3.06384e-03 | 20 -0.03136 -9.09830e-05 | 21 -0.03443  6.09071e-03
 22 -0.03794  4.34662e-03 | 23 -0.04185 -1.91068e-02 | 24 -0.04606  1.13778e-02
 25 -0.05200 -8.65238e-03 | 26 -0.05853  1.69761e-03 | 27 -0.06480  5.81898e-03
 28 -0.06860 -1.82752e-03 | 29 -0.07000  9.72337e-03 | 30 -0.06845  1.30366e-03
 31 -0.06034  9.27847e-04 | 32 -0.04532  7.29619e-03 | 33 -0.02339 -1.13562e-02
 34  0.01349 -5.81801e-04 | 35  0.03829  2.30554e-03 | 36  0.07221 -6.48027e-04
 37  0.06685 -1.58023e-03 | 38  0.02624  1.42021e-03 | 39  0.00162 -8.08036e-03
 40 -0.00246  6.32239e-03 | 41 -0.00293  1.18250e-03 | 42  0.00765 -1.30252e-03
 43  0.02385  4.59466e-05 | 44  0.01367 -4.78736e-03 | 45 -0.01419  6.93707e-03
 46 -0.01603 -1.84193e-03 | 47  0.00679  8.42030e-04 | 48  0.00553 -5.05967e-03
 49  0.04838 -7.67520e-04 | 50  0.04029 -8.87325e-03 | 51  0.00188  1.98993e-03
 52  0.01999 -3.34826e-03 | 53  0.05739 -7.52330e-03 | 54  0.00962  2.75008e-03
 55  0.06200 -1.51287e-02 | 56 -0.00689  6.31577e-03 | 57  0.04892 -1.61597e-02
 58  0.06013 -1.79479e-03 | 59  0.04293 -9.46200e-03 | 60  0.06068 -2.30088e-04
 61  0.10716 -4.63315e-04 | 62  0.04548 -2.07708e-03 | 63  0.07121  8.30249e-03
 64  0.05892 -1.72404e-03 | 65  0.03204  4.63304e-03 | 66  0.05695  7.03773e-03
 67 -0.02484 -5.24338e-04 | 68 -0.03688  5.14335e-03 | 69  0.00458  6.96031e-03
 70 -0.05755  4.65580e-03 | 71 -0.01644 -7.80349e-04 | 72 -0.02283  6.42879e-04
 73 -0.05477  3.57246e-03 | 74  0.00756  8.06469e-04 | 75  0.00000  0.00000e+00
 76  0.00000  0.00000e+00 | 77  0.00000  0.00000e+00 | 78  0.00000  0.00000e+00
 79  0.00000  0.00000e+00 | 80  0.00000  0.00000e+00 | 81  0.32687 -7.18905e-03
 82 -0.84665  3.23788e-04 | 83  0.37542  7.22255e-03 | 84 -0.00438 -7.18366e-05
 85 -0.43002  1.72784e-03 | 86 -0.46941 -2.42286e-03 | 87  0.27466 -8.98152e-02
 88 -0.25205 -1.52627e-02 | 89  0.26412  7.87929e-03 | 90  0.03854 -3.69491e-02
 91 -0.17348  1.60879e-02 | 92 -0.52454 -7.50114e-03 | 93 -0.49960 -1.14284e-01
 94  0.21964 -7.88915e-02 | 95 -0.23855  7.07190e-03 | 96  0.03913 -1.50104e-02
 97 -0.30780  5.89879e-03 | 98 -0.51912 -3.30227e-03 |

 - final statistics:
98 variables; iteration 118; function evaluation 173
Function value 1.1575e+03; maximum gradient component mag 9.3722e-05
Exit code = 1;  converg criter 1.0000e-04
Var    Value     Gradient |Var    Value     Gradient |Var    Value     Gradient
  1  0.01013  9.01482e-05 |  2 -0.00488  2.25371e-06 |  3 -0.00532  4.30693e-06
  4 -0.00582  3.04346e-06 |  5 -0.00639 -1.98662e-06 |  6 -0.00704 -6.01319e-07
  7 -0.00778 -5.42438e-06 |  8 -0.00862 -9.57100e-06 |  9 -0.00958 -3.87759e-06
 10 -0.01067 -2.38671e-06 | 11 -0.01191  4.44208e-06 | 12 -0.01331  4.58402e-06
 13 -0.01488  6.66832e-07 | 14 -0.01664 -2.60695e-06 | 15 -0.01859  7.06880e-07
 16 -0.02076 -2.32874e-06 | 17 -0.02313 -3.28626e-06 | 18 -0.02564 -1.59607e-06
 19 -0.02830  6.41674e-07 | 20 -0.03135 -3.17209e-06 | 21 -0.03444 -6.07332e-06
 22 -0.03794 -2.70526e-06 | 23 -0.04181  9.39218e-06 | 24 -0.04608 -6.51692e-06
 25 -0.05198  6.28275e-06 | 26 -0.05853  9.07503e-06 | 27 -0.06481 -7.09633e-06
 28 -0.06860  6.50037e-06 | 29 -0.07001 -7.37040e-06 | 30 -0.06845  1.60259e-06
 31 -0.06034  5.24840e-07 | 32 -0.04534  7.42089e-06 | 33 -0.02336 -1.98299e-06
 34  0.01350 -4.60839e-06 | 35  0.03828  5.53934e-06 | 36  0.07220  4.46520e-06
 37  0.06685  1.17872e-06 | 38  0.02624 -8.44804e-07 | 39  0.00164  8.13289e-06
 40 -0.00248 -3.89319e-06 | 41 -0.00293 -4.29380e-06 | 42  0.00766  5.62840e-07
 43  0.02385  5.37037e-06 | 44  0.01368  4.93542e-06 | 45 -0.01420  1.94057e-06
 46 -0.01603 -1.19099e-08 | 47  0.00678  4.93769e-07 | 48  0.00554  5.57869e-06
 49  0.04837 -1.04871e-06 | 50  0.04030  5.38863e-07 | 51  0.00187  4.26696e-06
 52  0.01999  7.47187e-07 | 53  0.05739  1.05868e-06 | 54  0.00961  1.18656e-06
 55  0.06201 -4.47278e-07 | 56 -0.00691 -5.02240e-06 | 57  0.04893 -4.11653e-06
 58  0.06012 -2.02601e-06 | 59  0.04294 -1.42046e-06 | 60  0.06067  7.22216e-07
 61  0.10716  2.29040e-06 | 62  0.04550  9.47402e-06 | 63  0.07119 -2.22591e-07
 64  0.05894  1.48539e-06 | 65  0.03204 -3.53257e-06 | 66  0.05695  3.43719e-07
 67 -0.02484 -8.28103e-07 | 68 -0.03688 -5.20436e-06 | 69  0.00458 -2.28920e-07
 70 -0.05755 -1.67061e-06 | 71 -0.01644 -7.80275e-06 | 72 -0.02283 -5.17560e-06
 73 -0.05478  1.28791e-05 | 74  0.00756  1.65969e-06 | 75  0.00000  0.00000e+00
 76  0.00000  0.00000e+00 | 77  0.00000  0.00000e+00 | 78  0.00000  0.00000e+00
 79  0.00000  0.00000e+00 | 80  0.00000  0.00000e+00 | 81  0.32687  4.03943e-06
 82 -0.84832 -2.06719e-07 | 83  0.37542  5.72922e-06 | 84 -0.00439  2.55495e-06
 85 -0.43002 -1.92839e-06 | 86 -0.46940 -1.44100e-06 | 87  0.27434  5.42244e-05
 88 -0.24995  7.63643e-06 | 89  0.26382  5.70949e-07 | 90  0.03848  2.38072e-05
 91 -0.17344 -8.81487e-06 | 92 -0.52446  1.56601e-06 | 93 -0.49958 -7.13183e-05
 94  0.21964  9.37218e-05 | 95 -0.23850  6.40985e-06 | 96  0.03913  1.86036e-05
 97 -0.30778  3.84452e-06 | 98 -0.51912 -1.15712e-06 |
Estimating row 1 out of 98 for hessian
Estimating row 2 out of 98 for hessian
Estimating row 3 out of 98 for hessian
Estimating row 4 out of 98 for hessian
Estimating row 5 out of 98 for hessian
Estimating row 6 out of 98 for hessian
Estimating row 7 out of 98 for hessian
Estimating row 8 out of 98 for hessian
Estimating row 9 out of 98 for hessian
Estimating row 10 out of 98 for hessian
Estimating row 11 out of 98 for hessian
Estimating row 12 out of 98 for hessian
Estimating row 13 out of 98 for hessian
Estimating row 14 out of 98 for hessian
Estimating row 15 out of 98 for hessian
Estimating row 16 out of 98 for hessian
Estimating row 17 out of 98 for hessian
Estimating row 18 out of 98 for hessian
Estimating row 19 out of 98 for hessian
Estimating row 20 out of 98 for hessian
Estimating row 21 out of 98 for hessian
Estimating row 22 out of 98 for hessian
Estimating row 23 out of 98 for hessian
Estimating row 24 out of 98 for hessian
Estimating row 25 out of 98 for hessian
Estimating row 26 out of 98 for hessian
Estimating row 27 out of 98 for hessian
Estimating row 28 out of 98 for hessian
Estimating row 29 out of 98 for hessian
Estimating row 30 out of 98 for hessian
Estimating row 31 out of 98 for hessian
Estimating row 32 out of 98 for hessian
Estimating row 33 out of 98 for hessian
Estimating row 34 out of 98 for hessian
Estimating row 35 out of 98 for hessian
Estimating row 36 out of 98 for hessian
Estimating row 37 out of 98 for hessian
Estimating row 38 out of 98 for hessian
Estimating row 39 out of 98 for hessian
Estimating row 40 out of 98 for hessian
Estimating row 41 out of 98 for hessian
Estimating row 42 out of 98 for hessian
Estimating row 43 out of 98 for hessian
Estimating row 44 out of 98 for hessian
Estimating row 45 out of 98 for hessian
Estimating row 46 out of 98 for hessian
Estimating row 47 out of 98 for hessian
Estimating row 48 out of 98 for hessian
Estimating row 49 out of 98 for hessian
Estimating row 50 out of 98 for hessian
Estimating row 51 out of 98 for hessian
Estimating row 52 out of 98 for hessian
Estimating row 53 out of 98 for hessian
Estimating row 54 out of 98 for hessian
Estimating row 55 out of 98 for hessian
Estimating row 56 out of 98 for hessian
Estimating row 57 out of 98 for hessian
Estimating row 58 out of 98 for hessian
Estimating row 59 out of 98 for hessian
Estimating row 60 out of 98 for hessian
Estimating row 61 out of 98 for hessian
Estimating row 62 out of 98 for hessian
Estimating row 63 out of 98 for hessian
Estimating row 64 out of 98 for hessian
Estimating row 65 out of 98 for hessian
Estimating row 66 out of 98 for hessian
Estimating row 67 out of 98 for hessian
Estimating row 68 out of 98 for hessian
Estimating row 69 out of 98 for hessian
Estimating row 70 out of 98 for hessian
Estimating row 71 out of 98 for hessian
Estimating row 72 out of 98 for hessian
Estimating row 73 out of 98 for hessian
Estimating row 74 out of 98 for hessian
Estimating row 75 out of 98 for hessian
Estimating row 76 out of 98 for hessian
Estimating row 77 out of 98 for hessian
Estimating row 78 out of 98 for hessian
Estimating row 79 out of 98 for hessian
Estimating row 80 out of 98 for hessian
Estimating row 81 out of 98 for hessian
Estimating row 82 out of 98 for hessian
Estimating row 83 out of 98 for hessian
Estimating row 84 out of 98 for hessian
Estimating row 85 out of 98 for hessian
Estimating row 86 out of 98 for hessian
Estimating row 87 out of 98 for hessian
Estimating row 88 out of 98 for hessian
Estimating row 89 out of 98 for hessian
Estimating row 90 out of 98 for hessian
Estimating row 91 out of 98 for hessian
Estimating row 92 out of 98 for hessian
Estimating row 93 out of 98 for hessian
Estimating row 94 out of 98 for hessian
Estimating row 95 out of 98 for hessian
Estimating row 96 out of 98 for hessian
Estimating row 97 out of 98 for hessian
Estimating row 98 out of 98 for hessian
size of file gradfil1.tmp = 0
size of file gradfil2.tmp = 0
size of file varssave.tmp = 0
size of file cmpdiff.tmp = 0
