
Initial statistics: 4 variables; iteration 0; function evaluation 0; phase 1
Function value 2.9818663e+04; maximum gradient component mag -3.2328e+04
Var    Value     Gradient |Var    Value     Gradient |Var    Value     Gradient
  1  0.16326 -2.05021e+04 |  2 -0.12919 -8.11899e+03 |  3 -1.00000 -1.44387e-07
  4  0.01054 -3.23279e+04 |

Intermediate statistics: 4 variables; iteration 20; function evaluation 30; phase 1
Function value 2.1913305e+04; maximum gradient component mag -4.9553e+02
Var    Value     Gradient |Var    Value     Gradient |Var    Value     Gradient
  1  0.90448 -3.29643e+02 |  2 -0.16948 -6.17897e+01 |  3 -0.83784  1.92637e+02
  4  0.00014 -4.95534e+02 |

 - final statistics:
4 variables; iteration 29; function evaluation 39
Function value 2.1882e+04; maximum gradient component mag -3.1638e+00
Exit code = 1;  converg criter 1.0000e+01
Var    Value     Gradient |Var    Value     Gradient |Var    Value     Gradient
  1  0.99989 -3.79220e-01 |  2 -0.16883 -2.26894e+00 |  3 -1.00003 -2.15817e-02
  4  0.00106 -3.16385e+00 |

Initial statistics: 76 variables; iteration 0; function evaluation 0; phase 2
Function value 2.1881718e+04; maximum gradient component mag 2.5489e+05
Var    Value     Gradient |Var    Value     Gradient |Var    Value     Gradient
  1  0.99989 -3.79220e-01 |  2 -0.16883 -2.26894e+00 |  3 -0.99997  2.15817e-02
  4  0.00106 -3.16385e+00 |  5 -0.00002  2.16591e+01 |  6 -0.00151  2.32424e+01
  7  0.00070  2.71626e+01 |  8  0.00326  3.17729e+01 |  9  0.00178  3.44545e+01
 10 -0.00391  3.48299e+01 | 11  0.00412  4.46538e+01 | 12  0.00139  4.79357e+01
 13  0.00069  5.32169e+01 | 14 -0.00498  5.51688e+01 | 15  0.00214  6.83869e+01
 16 -0.00010  7.46520e+01 | 17  0.00095  8.49706e+01 | 18 -0.00541  8.85540e+01
 19  0.00234  1.08779e+02 | 20  0.00409  1.24298e+02 | 21  0.00080  1.34676e+02
 22 -0.00268  1.45896e+02 | 23  0.00204  1.71804e+02 | 24 -0.00211  1.84993e+02
 25  0.00084  2.13238e+02 | 26  0.00168  2.40184e+02 | 27 -0.00211  2.58485e+02
 28 -0.00160  2.87990e+02 | 29 -0.00322  3.11843e+02 | 30 -0.00137  3.43876e+02
 31  0.00198  3.77934e+02 | 32 -0.00164  3.83270e+02 | 33  0.00466  4.13840e+02
 34 -0.00234  3.86677e+02 | 35 -0.00323  3.70206e+02 | 36 -0.00548  3.42644e+02
 37  0.00152  3.41374e+02 | 38  0.00117  3.23720e+02 | 39  0.00107  3.13025e+02
 40 -0.00155  3.04865e+02 | 41  0.00153  3.14691e+02 | 42  0.00351  3.21304e+02
 43  0.00094  3.13874e+02 | 44  0.00299  3.15623e+02 | 45 -0.00069  2.96358e+02
 46 -0.00384  2.74828e+02 | 47  0.00205  2.76404e+02 | 48 -0.00117  2.52300e+02
 49  0.00478  2.36028e+02 | 50 -0.00274  1.74547e+02 | 51 -0.00338  9.88812e+01
 52  0.00423 -1.25591e+01 | 53 -0.00491 -1.07130e+02 | 54 -0.00233 -1.73427e+02
 55 -0.00072 -2.26939e+02 | 56 -0.00427 -3.24761e+02 | 57  0.00258 -4.38390e+02
 58  0.00319 -5.68878e+02 | 59  0.00272 -5.85187e+02 | 60 -0.00028 -6.64004e+02
 61 -0.00317 -6.88912e+02 | 62  0.00448 -7.71659e+02 | 63  0.00312 -8.10757e+02
 64  0.00345 -8.77145e+02 | 65  0.00067 -7.95727e+02 | 66 -0.00473 -7.23025e+02
 67  0.00467 -6.45219e+02 | 68  0.00140 -5.01183e+02 | 69  0.00429 -3.82010e+02
 70  0.00011 -2.46674e+02 | 71 -0.00294 -1.27301e+02 | 72 -0.00477 -2.83458e+01
 73 -0.00472  5.01587e+01 | 74 -0.59779  4.30376e+01 | 75 -0.46018  5.28456e+04
 76 -0.56866  2.54889e+05 |

Intermediate statistics: 76 variables; iteration 20; function evaluation 33; phase 2
Function value 1.4371409e+04; maximum gradient component mag 1.7269e+05
Var    Value     Gradient |Var    Value     Gradient |Var    Value     Gradient
  1  0.96939  1.27103e+02 |  2 -0.20732  2.28804e+02 |  3 -1.00006 -2.93677e-01
  4 -0.08565  3.03062e+04 |  5 -0.32532 -4.14886e+02 |  6 -0.29758 -4.15763e+02
  7 -0.37852 -4.08578e+02 |  8 -0.47616 -3.83483e+02 |  9 -0.44066 -3.94574e+02
 10 -0.29210 -4.14710e+02 | 11 -0.52958 -3.62035e+02 | 12 -0.44329 -3.93489e+02
 13 -0.41351 -4.00892e+02 | 14 -0.26724 -4.11952e+02 | 15 -0.38242 -4.06447e+02
 16 -0.28021 -4.11646e+02 | 17 -0.22376 -4.04441e+02 | 18 -0.07965 -3.50208e+02
 19 -0.05839 -3.33808e+02 | 20  0.01675 -2.64031e+02 | 21  0.06789 -1.89655e+02
 22  0.07805 -1.61038e+02 | 23  0.08924 -1.27499e+02 | 24  0.11867 -4.99242e+01
 25  0.14467  3.88791e+01 | 26  0.14923  8.07248e+01 | 27  0.15004  1.18914e+02
 28  0.16336  2.11965e+02 | 29  0.17898  3.30347e+02 | 30  0.18148  3.95266e+02
 31  0.16773  3.72486e+02 | 32  0.14465  2.97102e+02 | 33  0.12120  2.16490e+02
 34  0.09286  1.15037e+02 | 35  0.04893 -2.55720e+01 | 36 -0.01648 -1.77999e+02
 37 -0.07647 -2.70744e+02 | 38 -0.04696 -2.30510e+02 | 39 -0.01295 -1.72018e+02
 40  0.08990  1.21108e+02 | 41  0.17584  5.94396e+02 | 42  0.19892  8.12857e+02
 43  0.18240  7.31833e+02 | 44  0.15473  5.69181e+02 | 45  0.12138  3.89640e+02
 46  0.06900  1.53048e+02 | 47 -0.02351 -1.23175e+02 | 48 -0.05401 -1.79772e+02
 49 -0.00086 -4.87224e+01 | 50  0.08702  3.04864e+02 | 51  0.13548  6.11877e+02
 52  0.18319  9.82100e+02 | 53  0.17247  8.31671e+02 | 54  0.12347  4.42584e+02
 55 -0.03234 -1.84905e+02 | 56  0.02273 -4.56689e+01 | 57  0.23110  1.42384e+03
 58  0.25333  1.65629e+03 | 59  0.17232  7.16873e+02 | 60  0.12874  3.18777e+02
 61 -0.01289 -1.82450e+02 | 62  0.11306  2.00420e+02 | 63  0.22652  9.88873e+02
 64  0.25555  1.16544e+03 | 65  0.10597  9.04077e+01 | 66 -0.01267 -2.30621e+02
 67  0.16509  2.47110e+02 | 68  0.20262  4.50484e+02 | 69  0.11239  3.61581e+01
 70  0.01589 -2.07488e+02 | 71  0.14983  2.52923e+01 | 72  0.12776 -1.37771e+02
 73 -0.77874 -2.00124e+02 | 74 -0.60465 -3.37080e+01 | 75 -0.56722  2.73282e+04
 76 -0.59440  1.72689e+05 |
  ic > imax  in fminim is answer attained ?
Var    Value     Gradient |Var    Value     Gradient |Var    Value     Gradient
  1  0.79736  3.57680e+02 |  2 -0.20782  3.93995e+02 |  3 -1.00002 -1.85602e-01
  4 -0.08343  3.13053e+04 |  5 -0.29319 -4.22752e+02 |  6 -0.25459 -4.23016e+02
  7 -0.36572 -4.16178e+02 |  8 -0.52101 -3.82614e+02 |  9 -0.45908 -3.98597e+02
 10 -0.23926 -4.21440e+02 | 11 -0.60971 -3.51879e+02 | 12 -0.45583 -3.98211e+02
 13 -0.40482 -4.08177e+02 | 14 -0.19776 -4.16418e+02 | 15 -0.35004 -4.15181e+02
 16 -0.20708 -4.16360e+02 | 17 -0.13821 -4.03728e+02 | 18 -0.01401 -3.38559e+02
 19 -0.00216 -3.21642e+02 | 20  0.01020 -2.72006e+02 | 21 -0.02752 -2.55478e+02
 22 -0.03820 -2.52219e+02 | 23  0.02506 -1.99249e+02 | 24  0.11632 -7.10344e+01
 25  0.17822  8.38268e+01 | 26  0.18468  1.45553e+02 | 27  0.16981  1.60933e+02
 28  0.16375  2.19903e+02 | 29  0.16480  2.96450e+02 | 30  0.16789  3.43267e+02
 31  0.16968  3.48494e+02 | 32  0.14019  2.57188e+02 | 33  0.10834  1.65741e+02
 34  0.08283  8.65239e+01 | 35  0.05298 -2.69706e+01 | 36 -0.00943 -1.80085e+02
 37 -0.12194 -3.03506e+02 | 38 -0.05642 -2.46445e+02 | 39 -0.00302 -1.66462e+02
 40  0.08473  1.35791e+02 | 41  0.13622  4.58362e+02 | 42  0.22383  9.95095e+02
 43  0.21031  9.26034e+02 | 44  0.16010  6.14904e+02 | 45  0.11107  3.94484e+02
 46  0.08143  2.16681e+02 | 47 -0.00752 -9.82390e+01 | 48 -0.07458 -1.95808e+02
 49 -0.02832 -7.28494e+01 | 50  0.06348  2.74963e+02 | 51  0.12556  5.75338e+02
 52  0.23115  1.62948e+03 | 53  0.17867  8.57219e+02 | 54  0.10312  4.14656e+02
 55 -0.06144 -2.19516e+02 | 56  0.03892 -3.55842e+01 | 57  0.21697  1.25306e+03
 58  0.24756  1.71302e+03 | 59  0.20034  8.28473e+02 | 60  0.12552  3.43896e+02
 61 -0.04843 -2.20541e+02 | 62  0.12338  2.13237e+02 | 63  0.22369  8.94771e+02
 64  0.24917  9.47898e+02 | 65  0.13116  1.18773e+02 | 66 -0.03978 -2.66626e+02
 67  0.15486  1.67660e+02 | 68  0.16591  2.88209e+02 | 69  0.12695  6.52137e+01
 70  0.03882 -1.69633e+02 | 71  0.19457  2.70045e+02 | 72  0.16023 -9.69582e+00
 73 -0.89248 -1.64596e+02 | 74 -0.60466 -3.41286e+01 | 75 -0.56789  2.68714e+04
 76 -0.59512  1.70090e+05 |
Function minimizer not making progress ... is minimum attained?
Minimprove criterion = 0.0000e+00

 - final statistics:
76 variables; iteration 22; function evaluation 65
Function value nan; maximum gradient component mag 1.7009e+05
Exit code = 1;  converg criter 1.0000e+01
Var    Value     Gradient |Var    Value     Gradient |Var    Value     Gradient
  1  0.79736  3.57680e+02 |  2 -0.20782  3.93995e+02 |  3 -1.00002 -1.85602e-01
  4 -0.08343  3.13053e+04 |  5 -0.29319 -4.22752e+02 |  6 -0.25459 -4.23016e+02
  7 -0.36572 -4.16178e+02 |  8 -0.52101 -3.82614e+02 |  9 -0.45908 -3.98597e+02
 10 -0.23926 -4.21440e+02 | 11 -0.60971 -3.51879e+02 | 12 -0.45583 -3.98211e+02
 13 -0.40482 -4.08177e+02 | 14 -0.19776 -4.16418e+02 | 15 -0.35004 -4.15181e+02
 16 -0.20708 -4.16360e+02 | 17 -0.13821 -4.03728e+02 | 18 -0.01401 -3.38559e+02
 19 -0.00216 -3.21642e+02 | 20  0.01020 -2.72006e+02 | 21 -0.02752 -2.55478e+02
 22 -0.03820 -2.52219e+02 | 23  0.02506 -1.99249e+02 | 24  0.11632 -7.10344e+01
 25  0.17822  8.38268e+01 | 26  0.18468  1.45553e+02 | 27  0.16981  1.60933e+02
 28  0.16375  2.19903e+02 | 29  0.16480  2.96450e+02 | 30  0.16789  3.43267e+02
 31  0.16968  3.48494e+02 | 32  0.14019  2.57188e+02 | 33  0.10834  1.65741e+02
 34  0.08283  8.65239e+01 | 35  0.05298 -2.69706e+01 | 36 -0.00943 -1.80085e+02
 37 -0.12194 -3.03506e+02 | 38 -0.05642 -2.46445e+02 | 39 -0.00302 -1.66462e+02
 40  0.08473  1.35791e+02 | 41  0.13622  4.58362e+02 | 42  0.22383  9.95095e+02
 43  0.21031  9.26034e+02 | 44  0.16010  6.14904e+02 | 45  0.11107  3.94484e+02
 46  0.08143  2.16681e+02 | 47 -0.00752 -9.82390e+01 | 48 -0.07458 -1.95808e+02
 49 -0.02832 -7.28494e+01 | 50  0.06348  2.74963e+02 | 51  0.12556  5.75338e+02
 52  0.23115  1.62948e+03 | 53  0.17867  8.57219e+02 | 54  0.10312  4.14656e+02
 55 -0.06144 -2.19516e+02 | 56  0.03892 -3.55842e+01 | 57  0.21697  1.25306e+03
 58  0.24756  1.71302e+03 | 59  0.20034  8.28473e+02 | 60  0.12552  3.43896e+02
 61 -0.04843 -2.20541e+02 | 62  0.12338  2.13237e+02 | 63  0.22369  8.94771e+02
 64  0.24917  9.47898e+02 | 65  0.13116  1.18773e+02 | 66 -0.03978 -2.66626e+02
 67  0.15486  1.67660e+02 | 68  0.16591  2.88209e+02 | 69  0.12695  6.52137e+01
 70  0.03882 -1.69633e+02 | 71  0.19457  2.70045e+02 | 72  0.16023 -9.69582e+00
 73 -0.89248 -1.64596e+02 | 74 -0.60466 -3.41286e+01 | 75 -0.56789  2.68714e+04
 76 -0.59512  1.70090e+05 |

Initial statistics: 81 variables; iteration 0; function evaluation 0; phase 3
Function value 1.4219614e+04; maximum gradient component mag 1.6777e+05
Var    Value     Gradient |Var    Value     Gradient |Var    Value     Gradient
  1  0.79736  7.54696e+02 |  2 -0.20782 -1.48353e+02 |  3 -0.99998  9.07721e-02
  4  0.52362 -9.17820e+02 |  5 -0.72049 -9.75303e+02 |  6 -0.08343  3.05421e+04
  7 -0.30016 -4.96368e+02 |  8 -0.26136 -4.97711e+02 |  9 -0.37316 -4.84674e+02
 10 -0.53019 -4.22728e+02 | 11 -0.46742 -4.53454e+02 | 12 -0.24596 -4.95798e+02
 13 -0.62066 -3.64750e+02 | 14 -0.46412 -4.54537e+02 | 15 -0.41259 -4.73070e+02
 16 -0.20430 -4.88597e+02 | 17 -0.35736 -4.86147e+02 | 18 -0.21366 -4.88100e+02
 19 -0.14459 -4.69596e+02 | 20 -0.02023 -3.96107e+02 | 21 -0.00838 -3.80712e+02
 22  0.00398 -3.62540e+02 | 23 -0.03375 -3.92672e+02 | 24 -0.04443 -3.96711e+02
 25  0.01883 -3.22101e+02 | 26  0.10999 -1.47018e+02 | 27  0.17176  5.50258e+01
 28  0.17819  1.13350e+02 | 29  0.16337  9.72456e+01 | 30  0.15733  1.17638e+02
 31  0.15837  1.67024e+02 | 32  0.16145  2.26755e+02 | 33  0.16324  2.80707e+02
 34  0.13382  1.73291e+02 | 35  0.10204  5.99179e+01 | 36  0.07656 -2.40563e+01
 37  0.04673 -1.15981e+02 | 38 -0.01566 -2.63284e+02 | 39 -0.12828 -4.10113e+02
 40 -0.06267 -3.38887e+02 | 41 -0.00924 -2.47579e+02 | 42  0.07845  9.41177e+00
 43  0.12986  2.71897e+02 | 44  0.21722  9.58969e+02 | 45  0.20374  8.96732e+02
 46  0.15368  5.33406e+02 | 47  0.10476  2.54735e+02 | 48  0.07516  1.24299e+02
 49 -0.01374 -1.72514e+02 | 50 -0.08085 -3.05070e+02 | 51 -0.03455 -2.07520e+02
 52  0.05723  1.08782e+02 | 53  0.11922  4.71158e+02 | 54  0.22450  1.46946e+03
 55  0.17220  8.26085e+02 | 56  0.09682  2.43841e+02 | 57 -0.06769 -3.27071e+02
 58  0.03269 -1.07503e+02 | 59  0.21038  1.11084e+03 | 60  0.24085  1.43947e+03
 61  0.19381  8.35551e+02 | 62  0.11918  1.96587e+02 | 63 -0.05467 -3.39636e+02
 64  0.11704  1.26821e+02 | 65  0.21708  8.05432e+02 | 66  0.24246  9.24055e+02
 67  0.12481  5.54134e+01 | 68 -0.04601 -3.75255e+02 | 69  0.14846  3.42580e+01
 70  0.15948  1.15679e+02 | 71  0.12061 -7.92478e+00 | 72  0.03259 -2.33504e+02
 73  0.18805  2.39369e+02 | 74  0.15381 -2.66868e+01 | 75 -0.93990 -6.51712e+01
 76 -0.60466 -5.65949e+01 | 77 -0.87842 -6.38955e-01 | 78 -0.56789  2.62243e+04
 79 -0.52106 -1.18231e+03 | 80 -0.59512  1.67766e+05 | 81 -0.60838 -4.75527e+03
  ic > imax  in fminim is answer attained ?
Var    Value     Gradient |Var    Value     Gradient |Var    Value     Gradient
  1  0.62849  2.94010e+03 |  2  0.06539  1.34554e+04 |  3 -0.99999 -1.10921e-02
  4  0.78226 -1.68184e+02 |  5 -0.48432 -1.29830e+03 |  6 -0.14162  1.61355e+04
  7 -0.26086 -3.70848e+02 |  8 -0.22579 -3.67435e+02 |  9 -0.32870 -3.71935e+02
 10 -0.48242 -3.45142e+02 | 11 -0.41964 -3.61114e+02 | 12 -0.21248 -3.65749e+02
 13 -0.57616 -3.08520e+02 | 14 -0.41649 -3.61752e+02 | 15 -0.36648 -3.69236e+02
 16 -0.17675 -3.59918e+02 | 17 -0.31439 -3.72457e+02 | 18 -0.18532 -3.61601e+02
 19 -0.12699 -3.49013e+02 | 20 -0.02916 -3.19602e+02 | 21 -0.02088 -3.16841e+02
 22 -0.01218 -3.13891e+02 | 23 -0.03989 -3.23515e+02 | 24 -0.04812 -3.26300e+02
 25 -0.00284 -3.10822e+02 | 26  0.05555 -2.89117e+02 | 27  0.09019 -2.75716e+02
 28  0.09912 -2.72251e+02 | 29  0.09637 -2.73488e+02 | 30  0.09264 -2.75292e+02
 31  0.09225 -2.75800e+02 | 32  0.09493 -2.74931e+02 | 33  0.10098 -2.72124e+02
 34  0.08697 -2.75714e+02 | 35  0.06865 -2.78794e+02 | 36  0.05530 -2.76489e+02
 37  0.03739 -2.72239e+02 | 38 -0.01046 -2.83042e+02 | 39 -0.10579 -3.20173e+02
 40 -0.04602 -2.67780e+02 | 41  0.00517 -1.85779e+02 | 42  0.08976  3.31840e+01
 43  0.13861  3.01055e+02 | 44  0.22514  1.00509e+03 | 45  0.20502  9.71771e+02
 46  0.15312  6.53317e+02 | 47  0.10700  4.04272e+02 | 48  0.08011  2.91258e+02
 49 -0.00320  8.18044e-01 | 50 -0.06376 -1.33634e+02 | 51 -0.02305 -4.61347e+01
 52  0.05842  2.13901e+02 | 53  0.11165  4.88247e+02 | 54  0.21081  1.28519e+03
 55  0.16674  7.39523e+02 | 56  0.09793  1.39192e+02 | 57 -0.03906 -2.62644e+02
 58  0.05993 -1.09160e+02 | 59  0.18175  7.46295e+02 | 60  0.20253  9.75045e+02
 61  0.18289  6.97106e+02 | 62  0.14289  2.72484e+02 | 63 -0.02010 -2.28487e+02
 64  0.15036  2.67243e+02 | 65  0.23250  9.33516e+02 | 66  0.27460  1.17487e+03
 67  0.16277  1.96324e+02 | 68 -0.01447 -2.59998e+02 | 69  0.19677 -7.54390e+01
 70  0.16632 -2.65233e+02 | 71  0.09576 -4.30124e+02 | 72  0.00681 -4.58121e+02
 73  0.05774 -6.32014e+02 | 74  0.06846 -8.17021e+02 | 75 -0.93090 -5.99097e+01
 76 -0.75581 -1.50809e-02 | 77 -0.87846 -1.65567e-02 | 78 -0.58428  2.33004e+04
 79 -0.36589 -1.40574e+03 | 80 -0.65451  4.26423e+04 | 81 -1.90108  2.17240e+03
Function minimizer not making progress ... is minimum attained?
Minimprove criterion = 0.0000e+00

 - final statistics:
81 variables; iteration 7; function evaluation 42
Function value nan; maximum gradient component mag 4.2642e+04
Exit code = 1;  converg criter 1.0000e+00
Var    Value     Gradient |Var    Value     Gradient |Var    Value     Gradient
  1  0.62849  2.94010e+03 |  2  0.06539  1.34554e+04 |  3 -0.99999 -1.10921e-02
  4  0.78226 -1.68184e+02 |  5 -0.48432 -1.29830e+03 |  6 -0.14162  1.61355e+04
  7 -0.26086 -3.70848e+02 |  8 -0.22579 -3.67435e+02 |  9 -0.32870 -3.71935e+02
 10 -0.48242 -3.45142e+02 | 11 -0.41964 -3.61114e+02 | 12 -0.21248 -3.65749e+02
 13 -0.57616 -3.08520e+02 | 14 -0.41649 -3.61752e+02 | 15 -0.36648 -3.69236e+02
 16 -0.17675 -3.59918e+02 | 17 -0.31439 -3.72457e+02 | 18 -0.18532 -3.61601e+02
 19 -0.12699 -3.49013e+02 | 20 -0.02916 -3.19602e+02 | 21 -0.02088 -3.16841e+02
 22 -0.01218 -3.13891e+02 | 23 -0.03989 -3.23515e+02 | 24 -0.04812 -3.26300e+02
 25 -0.00284 -3.10822e+02 | 26  0.05555 -2.89117e+02 | 27  0.09019 -2.75716e+02
 28  0.09912 -2.72251e+02 | 29  0.09637 -2.73488e+02 | 30  0.09264 -2.75292e+02
 31  0.09225 -2.75800e+02 | 32  0.09493 -2.74931e+02 | 33  0.10098 -2.72124e+02
 34  0.08697 -2.75714e+02 | 35  0.06865 -2.78794e+02 | 36  0.05530 -2.76489e+02
 37  0.03739 -2.72239e+02 | 38 -0.01046 -2.83042e+02 | 39 -0.10579 -3.20173e+02
 40 -0.04602 -2.67780e+02 | 41  0.00517 -1.85779e+02 | 42  0.08976  3.31840e+01
 43  0.13861  3.01055e+02 | 44  0.22514  1.00509e+03 | 45  0.20502  9.71771e+02
 46  0.15312  6.53317e+02 | 47  0.10700  4.04272e+02 | 48  0.08011  2.91258e+02
 49 -0.00320  8.18044e-01 | 50 -0.06376 -1.33634e+02 | 51 -0.02305 -4.61347e+01
 52  0.05842  2.13901e+02 | 53  0.11165  4.88247e+02 | 54  0.21081  1.28519e+03
 55  0.16674  7.39523e+02 | 56  0.09793  1.39192e+02 | 57 -0.03906 -2.62644e+02
 58  0.05993 -1.09160e+02 | 59  0.18175  7.46295e+02 | 60  0.20253  9.75045e+02
 61  0.18289  6.97106e+02 | 62  0.14289  2.72484e+02 | 63 -0.02010 -2.28487e+02
 64  0.15036  2.67243e+02 | 65  0.23250  9.33516e+02 | 66  0.27460  1.17487e+03
 67  0.16277  1.96324e+02 | 68 -0.01447 -2.59998e+02 | 69  0.19677 -7.54390e+01
 70  0.16632 -2.65233e+02 | 71  0.09576 -4.30124e+02 | 72  0.00681 -4.58121e+02
 73  0.05774 -6.32014e+02 | 74  0.06846 -8.17021e+02 | 75 -0.93090 -5.99097e+01
 76 -0.75581 -1.50809e-02 | 77 -0.87846 -1.65567e-02 | 78 -0.58428  2.33004e+04
 79 -0.36589 -1.40574e+03 | 80 -0.65451  4.26423e+04 | 81 -1.90108  2.17240e+03

Initial statistics: 82 variables; iteration 0; function evaluation 0; phase 4
Function value 6.2092562e+03; maximum gradient component mag 4.2642e+04
Var    Value     Gradient |Var    Value     Gradient |Var    Value     Gradient
  1  0.62849  2.94010e+03 |  2  0.06539  1.34554e+04 |  3  0.26538  8.06168e+03
  4 -0.99999 -1.10919e-02 |  5  0.78226 -1.68184e+02 |  6 -0.48432 -1.29830e+03
  7 -0.14162  1.61355e+04 |  8 -0.25758 -3.22234e+02 |  9 -0.22258 -3.17588e+02
 10 -0.32525 -3.26162e+02 | 11 -0.47829 -3.07949e+02 | 12 -0.41585 -3.20067e+02
 13 -0.20930 -3.15478e+02 | 14 -0.57131 -2.77961e+02 | 15 -0.41271 -3.20524e+02
 16 -0.36290 -3.25301e+02 | 17 -0.17362 -3.08624e+02 | 18 -0.31098 -3.26035e+02
 19 -0.18219 -3.10537e+02 | 20 -0.12393 -2.96584e+02 | 21 -0.02615 -2.65933e+02
 22 -0.01787 -2.63128e+02 | 23 -0.00917 -2.60141e+02 | 24 -0.03687 -2.69917e+02
 25 -0.04510 -2.72768e+02 | 26  0.00016 -2.57045e+02 | 27  0.05857 -2.35441e+02
 28  0.09323 -2.22320e+02 | 29  0.10216 -2.18954e+02 | 30  0.09941 -2.20159e+02
 31  0.09568 -2.21922e+02 | 32  0.09529 -2.22425e+02 | 33  0.09797 -2.21585e+02
 34  0.10403 -2.18849e+02 | 35  0.09000 -2.22286e+02 | 36  0.07168 -2.25207e+02
 37  0.05832 -2.22816e+02 | 38  0.04041 -2.18488e+02 | 39 -0.00745 -2.29284e+02
 40 -0.10274 -2.67345e+02 | 41 -0.04301 -2.14211e+02 | 42  0.00817 -1.31993e+02
 43  0.09280  8.63715e+01 | 44  0.14169  3.53183e+02 | 45  0.22835  1.05357e+03
 46  0.20819  1.02107e+03 | 47  0.15622  7.04699e+02 | 48  0.11005  4.56918e+02
 49  0.08314  3.44402e+02 | 50 -0.00019  5.45987e+01 | 51 -0.06074 -8.01597e+01
 52 -0.02005  7.61198e+00 | 53  0.06144  2.67336e+02 | 54  0.11470  5.40736e+02
 55  0.21400  1.33374e+03 | 56  0.16985  7.90421e+02 | 57  0.10097  1.92193e+02
 58 -0.03604 -2.09023e+02 | 59  0.06295 -5.55914e+01 | 60  0.18488  7.96736e+02
 61  0.20570  1.02443e+03 | 62  0.18602  7.47584e+02 | 63  0.14598  3.24552e+02
 64 -0.01709 -1.74757e+02 | 65  0.15345  3.19153e+02 | 66  0.23572  9.81832e+02
 67  0.27792  1.22078e+03 | 68  0.16588  2.48037e+02 | 69 -0.01146 -2.06251e+02
 70  0.19993 -2.41682e+01 | 71  0.16943 -2.12996e+02 | 72  0.09881 -3.76673e+02
 73  0.00982 -4.04318e+02 | 74  0.06076 -5.78198e+02 | 75  0.07149 -7.63150e+02
 76 -0.90718 -7.25322e+01 | 77 -0.75581 -1.50809e-02 | 78 -0.87846 -1.65567e-02
 79 -0.58428  2.33004e+04 | 80 -0.36589 -1.40574e+03 | 81 -0.65451  4.26423e+04
 82 -0.09892 -2.17240e+03 |
  ic > imax  in fminim is answer attained ?
Var    Value     Gradient |Var    Value     Gradient |Var    Value     Gradient
  1  0.00462 -8.34682e+02 |  2 -0.16760 -3.08606e+02 |  3  0.36567 -6.25002e+02
  4 -0.99992 -9.46259e-02 |  5  0.93346 -3.10000e+01 |  6 -0.77587 -4.05602e+01
  7 -0.00000  1.08912e+04 |  8 -0.09398 -1.91535e+02 |  9 -0.07756 -1.81520e+02
 10 -0.12999 -2.05193e+02 | 11 -0.23703 -2.31433e+02 | 12 -0.18834 -2.21857e+02
 13 -0.07210 -1.69937e+02 | 14 -0.32569 -2.35319e+02 | 15 -0.18639 -2.18932e+02
 16 -0.15329 -2.07052e+02 | 17 -0.05653 -1.44977e+02 | 18 -0.12313 -1.90151e+02
 19 -0.06034 -1.41521e+02 | 20 -0.03423 -1.09768e+02 | 21  0.01289 -3.89608e+01
 22  0.01718 -2.46039e+01 | 23  0.02182 -9.18395e+00 | 24  0.00778 -2.90678e+01
 25  0.00404 -3.24140e+01 | 26  0.02750  1.52914e+01 | 27  0.05619  8.99552e+01
 28  0.06759  1.43216e+02 | 29  0.06422  1.61309e+02 | 30  0.05744  1.64063e+02
 31  0.05228  1.65422e+02 | 32  0.04985  1.71820e+02 | 33  0.05064  1.83096e+02
 34  0.05675  2.00698e+02 | 35  0.06076  1.86176e+02 | 36  0.06418  1.57262e+02
 37  0.06813  1.28207e+02 | 38  0.06670  8.80170e+01 | 39  0.03965  6.90196e+00
 40 -0.01737 -8.88812e+01 | 41  0.00829 -5.36049e+01 | 42  0.02288 -2.39461e+01
 43  0.05039  3.44606e+01 | 44  0.05249  3.94155e+01 | 45  0.05849  1.71021e+01
 46  0.03067 -1.80130e+01 | 47  0.01075 -3.37705e+01 | 48  0.01218 -3.81333e+01
 49  0.02583 -3.55131e+01 | 50  0.01224 -6.96121e+01 | 51  0.00573 -1.04545e+02
 52  0.04761 -7.74830e+01 | 53  0.10535  4.50610e+01 | 54  0.11038  1.93284e+02
 55  0.14673  2.80421e+02 | 56  0.10371  3.38544e+02 | 57  0.08087  4.41283e+02
 58  0.05430  2.29746e+02 | 59  0.08699  5.12574e+02 | 60  0.07041  1.48175e+02
 61  0.05866  4.22008e+01 | 62  0.09223  1.55403e+02 | 63  0.11234  3.02522e+02
 64  0.05590 -3.15131e+00 | 65  0.08835 -3.43311e+01 | 66  0.04822 -1.25139e+02
 67  0.08512 -1.51778e+02 | 68  0.05885 -1.40642e+02 | 69 -0.00293 -1.23731e+02
 70  0.07195  3.13898e+01 | 71  0.00719 -6.31742e+00 | 72 -0.03162 -5.29429e+01
 73 -0.07311 -1.09991e+02 | 74 -0.06651 -1.09313e+02 | 75  0.06602 -2.40975e+01
 76 -0.82501 -8.73356e+01 | 77 -0.75571 -1.22017e-01 | 78 -0.87843 -2.11668e-02
 79 -0.61954  1.51021e+04 | 80 -0.09658 -1.07351e+03 | 81 -0.69852  4.75872e+04
 82 -0.77213 -3.48096e+03 |
Function minimizer not making progress ... is minimum attained?
Minimprove criterion = 0.0000e+00

 - final statistics:
82 variables; iteration 10; function evaluation 47
Function value nan; maximum gradient component mag 4.7587e+04
Exit code = 1;  converg criter 1.0000e-04
Var    Value     Gradient |Var    Value     Gradient |Var    Value     Gradient
  1  0.00462 -8.34682e+02 |  2 -0.16760 -3.08606e+02 |  3  0.36567 -6.25002e+02
  4 -0.99992 -9.46259e-02 |  5  0.93346 -3.10000e+01 |  6 -0.77587 -4.05602e+01
  7 -0.00000  1.08912e+04 |  8 -0.09398 -1.91535e+02 |  9 -0.07756 -1.81520e+02
 10 -0.12999 -2.05193e+02 | 11 -0.23703 -2.31433e+02 | 12 -0.18834 -2.21857e+02
 13 -0.07210 -1.69937e+02 | 14 -0.32569 -2.35319e+02 | 15 -0.18639 -2.18932e+02
 16 -0.15329 -2.07052e+02 | 17 -0.05653 -1.44977e+02 | 18 -0.12313 -1.90151e+02
 19 -0.06034 -1.41521e+02 | 20 -0.03423 -1.09768e+02 | 21  0.01289 -3.89608e+01
 22  0.01718 -2.46039e+01 | 23  0.02182 -9.18395e+00 | 24  0.00778 -2.90678e+01
 25  0.00404 -3.24140e+01 | 26  0.02750  1.52914e+01 | 27  0.05619  8.99552e+01
 28  0.06759  1.43216e+02 | 29  0.06422  1.61309e+02 | 30  0.05744  1.64063e+02
 31  0.05228  1.65422e+02 | 32  0.04985  1.71820e+02 | 33  0.05064  1.83096e+02
 34  0.05675  2.00698e+02 | 35  0.06076  1.86176e+02 | 36  0.06418  1.57262e+02
 37  0.06813  1.28207e+02 | 38  0.06670  8.80170e+01 | 39  0.03965  6.90196e+00
 40 -0.01737 -8.88812e+01 | 41  0.00829 -5.36049e+01 | 42  0.02288 -2.39461e+01
 43  0.05039  3.44606e+01 | 44  0.05249  3.94155e+01 | 45  0.05849  1.71021e+01
 46  0.03067 -1.80130e+01 | 47  0.01075 -3.37705e+01 | 48  0.01218 -3.81333e+01
 49  0.02583 -3.55131e+01 | 50  0.01224 -6.96121e+01 | 51  0.00573 -1.04545e+02
 52  0.04761 -7.74830e+01 | 53  0.10535  4.50610e+01 | 54  0.11038  1.93284e+02
 55  0.14673  2.80421e+02 | 56  0.10371  3.38544e+02 | 57  0.08087  4.41283e+02
 58  0.05430  2.29746e+02 | 59  0.08699  5.12574e+02 | 60  0.07041  1.48175e+02
 61  0.05866  4.22008e+01 | 62  0.09223  1.55403e+02 | 63  0.11234  3.02522e+02
 64  0.05590 -3.15131e+00 | 65  0.08835 -3.43311e+01 | 66  0.04822 -1.25139e+02
 67  0.08512 -1.51778e+02 | 68  0.05885 -1.40642e+02 | 69 -0.00293 -1.23731e+02
 70  0.07195  3.13898e+01 | 71  0.00719 -6.31742e+00 | 72 -0.03162 -5.29429e+01
 73 -0.07311 -1.09991e+02 | 74 -0.06651 -1.09313e+02 | 75  0.06602 -2.40975e+01
 76 -0.82501 -8.73356e+01 | 77 -0.75571 -1.22017e-01 | 78 -0.87843 -2.11668e-02
 79 -0.61954  1.51021e+04 | 80 -0.09658 -1.07351e+03 | 81 -0.69852  4.75872e+04
 82 -0.77213 -3.48096e+03 |

Initial statistics: 92 variables; iteration 0; function evaluation 0; phase 5
Function value 2.3489947e+03; maximum gradient component mag 1.0311e+05
Var    Value     Gradient |Var    Value     Gradient |Var    Value     Gradient
  1  0.00462 -6.39307e+03 |  2 -0.16760 -5.53102e+03 |  3  0.36567 -3.62025e+03
  4 -0.99992 -7.08499e-01 |  5  0.93346 -6.09946e+01 |  6 -0.77587 -2.13813e+02
  7 -0.00000 -7.17390e+03 |  8 -0.09642  7.98135e+01 |  9 -0.07998  8.86685e+01
 10 -0.13245  6.54439e+01 | 11 -0.23962  2.18232e+01 | 12 -0.19086  4.17529e+01
 13 -0.07452  9.83007e+01 | 14 -0.32845 -7.25421e+00 | 15 -0.18890  4.52534e+01
 16 -0.15577  6.17907e+01 | 17 -0.05894  1.17990e+02 | 18 -0.12558  8.05857e+01
 19 -0.06276  1.21478e+02 | 20 -0.03664  1.43808e+02 | 21  0.01048  1.89226e+02
 22  0.01477  1.99053e+02 | 23  0.01942  2.09352e+02 | 24  0.00537  1.98392e+02
 25  0.00163  1.97671e+02 | 26  0.02509  2.28142e+02 | 27  0.05377  2.72494e+02
 28  0.06517  2.99435e+02 | 29  0.06180  3.03491e+02 | 30  0.05502  2.99149e+02
 31  0.04986  2.94335e+02 | 32  0.04744  2.90014e+02 | 33  0.04823  2.83753e+02
 34  0.05433  2.75288e+02 | 35  0.05834  2.52776e+02 | 36  0.06176  2.20385e+02
 37  0.06571  1.82760e+02 | 38  0.06428  1.41385e+02 | 39  0.03724  1.01460e+02
 40 -0.01978  7.26333e+01 | 41  0.00588  6.13617e+01 | 42  0.02047  4.77256e+01
 43  0.04797  2.60780e+01 | 44  0.05007  9.02650e+00 | 45  0.05608 -1.20339e+01
 46  0.02826 -8.03069e+00 | 47  0.00834 -8.94519e+00 | 48  0.00977 -2.46970e+01
 49  0.02342 -5.62170e+01 | 50  0.00983 -6.43915e+01 | 51  0.00332 -8.74394e+01
 52  0.04519 -1.65000e+02 | 53  0.10291 -2.42004e+02 | 54  0.10794 -1.35217e+02
 55  0.14426 -1.53197e+02 | 56  0.10127 -1.55260e+02 | 57  0.07844 -2.73877e+02
 58  0.05188 -2.56072e+02 | 59  0.08456 -4.86070e+02 | 60  0.06799 -5.21564e+02
 61  0.05624 -5.46064e+02 | 62  0.08980 -7.26435e+02 | 63  0.10990 -8.17593e+02
 64  0.05348 -4.35825e+02 | 65  0.08591 -5.50115e+02 | 66  0.04581 -3.08884e+02
 67  0.08269 -3.07235e+02 | 68  0.05644 -1.24899e+02 | 69 -0.00534  2.79131e+01
 70  0.06953  1.57415e+02 | 71  0.00478  1.78957e+02 | 72 -0.03403  1.42254e+02
 73 -0.07554  1.05916e+02 | 74 -0.06893  1.19368e+02 | 75  0.06360  2.71206e+02
 76 -0.83412 -3.26853e+01 | 77  0.00000  8.47135e+01 | 78  0.00000  9.86169e+01
 79  0.00000  5.87979e+01 | 80  0.00000  1.61869e+01 | 81  0.00000  0.00000e+00
 82  0.00000  0.00000e+00 | 83  0.00000  0.00000e+00 | 84  0.00000  0.00000e+00
 85  0.00000  0.00000e+00 | 86  0.00000  0.00000e+00 | 87 -0.75571 -3.08141e-01
 88 -0.87843 -2.91183e-02 | 89 -0.61954  1.38594e+04 | 90 -0.09658 -1.00951e+03
 91 -0.69852  1.03109e+05 | 92 -0.77213 -1.94559e+03 |

Intermediate statistics: 92 variables; iteration 20; function evaluation 31; phase 5
Function value 1.2589762e+03; maximum gradient component mag -2.0856e+04
Var    Value     Gradient |Var    Value     Gradient |Var    Value     Gradient
  1  0.03752 -8.83765e+02 |  2 -0.16322 -5.24480e+02 |  3  0.44946 -2.43221e+02
  4 -0.91058 -1.06631e+02 |  5  0.96461 -1.20535e+01 |  6 -0.78377 -1.03219e+02
  7  0.01587  3.98583e+03 |  8  0.01233  6.18037e+01 |  9  0.00490  5.94391e+01
 10  0.01972  6.71061e+01 | 11  0.06003  8.73616e+01 | 12  0.03602  7.75660e+01
 13 -0.00829  5.79550e+01 | 14  0.09366  1.12230e+02 | 15  0.02402  7.73961e+01
 16  0.00663  7.04797e+01 | 17 -0.02832  5.44246e+01 | 18 -0.01358  6.40119e+01
 19 -0.03627  5.39410e+01 | 20 -0.04538  5.09634e+01 | 21 -0.05118  4.96627e+01
 22 -0.05283  5.05422e+01 | 23 -0.05393  5.16979e+01 | 24 -0.05825  5.09682e+01
 25 -0.06067  5.11567e+01 | 26 -0.05603  5.52417e+01 | 27 -0.04131  6.55100e+01
 28 -0.02826  7.52339e+01 | 29 -0.02490  7.89771e+01 | 30 -0.02652  7.94724e+01
 31 -0.02766  7.95218e+01 | 32 -0.02529  8.01870e+01 | 33 -0.02094  7.97816e+01
 34 -0.01719  7.63370e+01 | 35 -0.02064  6.56035e+01 | 36 -0.02988  5.04336e+01
 37 -0.04014  3.63290e+01 | 38 -0.03439  3.13852e+01 | 39  0.02686  4.77672e+01
 40  0.10785  7.84342e+01 | 41  0.03725  7.37985e+01 | 42 -0.00228  7.31236e+01
 43 -0.01476  8.33665e+01 | 44  0.00250  1.14543e+02 | 45  0.02006  1.49445e+02
 46  0.01480  1.60043e+02 | 47  0.01173  1.70929e+02 | 48  0.01531  1.89611e+02
 49  0.01680  2.07059e+02 | 50 -0.00691  1.88807e+02 | 51 -0.01621  1.82905e+02
 52  0.01957  2.45794e+02 | 53  0.13890  6.02261e+02 | 54  0.10215  5.04384e+02
 55  0.06658  3.92086e+02 | 56  0.07466  3.77970e+02 | 57  0.09537  3.08739e+02
 58  0.01348  1.07986e+02 | 59  0.06071  4.56921e+01 | 60  0.01665  1.57282e+01
 61  0.09548  3.33590e+00 | 62  0.09285  3.40849e+01 | 63  0.03821  1.04612e+02
 64  0.15034  3.88440e+02 | 65  0.09384  3.16690e+02 | 66  0.04973  1.64945e+02
 67  0.09661  5.73578e+01 | 68 -0.07336 -1.69068e+01 | 69  0.05335 -9.29042e+01
 70 -0.08201 -2.52609e+01 | 71  0.01494 -3.97386e+01 | 72 -0.09351 -1.59325e+01
 73 -0.09035 -1.19548e+01 | 74 -0.05593  6.40173e+00 | 75 -0.12399  1.31638e+01
 76 -0.00609  1.21804e+02 | 77 -0.13728 -1.82321e+01 | 78 -0.08583  2.92999e+01
 79 -0.05493  4.90382e+01 | 80 -0.03139  1.39511e+01 | 81  0.00000  0.00000e+00
 82  0.00000  0.00000e+00 | 83  0.00000  0.00000e+00 | 84  0.00000  0.00000e+00
 85  0.00000  0.00000e+00 | 86  0.00000  0.00000e+00 | 87 -0.74880 -1.35593e+03
 88 -0.88688  1.46116e+01 | 89 -0.69959  5.63960e+03 | 90 -0.68879 -5.56207e+01
 91 -0.70208 -2.08555e+04 | 92 -0.82919 -1.06561e+02 |
92 variables; iteration 40; function evaluation 54; phase 5
Function value 1.1612963e+03; maximum gradient component mag 5.7031e+03
Var    Value     Gradient |Var    Value     Gradient |Var    Value     Gradient
  1  0.05175  5.47497e+02 |  2 -0.16293  7.57422e+02 |  3  0.45891  4.37770e+02
  4 -0.81583  1.10094e+02 |  5  0.78792 -3.98526e+01 |  6 -0.72853  5.98327e-01
  7  0.00881  5.70312e+03 |  8 -0.01091 -9.71141e+01 |  9 -0.01410 -9.74045e+01
 10 -0.01084 -9.45870e+01 | 11 -0.00260 -8.90901e+01 | 12 -0.01160 -9.17627e+01
 13 -0.02385 -9.59919e+01 | 14 -0.02397 -9.41118e+01 | 15 -0.02612 -9.30770e+01
 16 -0.03141 -9.35692e+01 | 17 -0.03528 -9.32335e+01 | 18 -0.03938 -9.29690e+01
 19 -0.04080 -9.11576e+01 | 20 -0.04169 -8.89653e+01 | 21 -0.03915 -8.46001e+01
 22 -0.04043 -8.25564e+01 | 23 -0.04151 -8.04365e+01 | 24 -0.04473 -7.98298e+01
 25 -0.04681 -7.86713e+01 | 26 -0.04570 -7.57400e+01 | 27 -0.04516 -7.36284e+01
 28 -0.04659 -7.31059e+01 | 29 -0.04805 -7.22527e+01 | 30 -0.04993 -7.09697e+01
 31 -0.05142 -6.94731e+01 | 32 -0.05124 -6.78171e+01 | 33 -0.04707 -6.43597e+01
 34 -0.03627 -5.61215e+01 | 35 -0.01852 -4.25240e+01 | 36  0.00150 -2.88077e+01
 37  0.01423 -2.41731e+01 | 38  0.02095 -2.55331e+01 | 39  0.05345 -1.99265e-01
 40  0.09653  4.69026e+01 | 41  0.07161  2.39818e+01 | 42  0.02893 -1.20004e+01
 43  0.00137 -3.02641e+01 | 44 -0.00688 -3.22275e+01 | 45 -0.00985 -3.18594e+01
 46 -0.02469 -4.38101e+01 | 47 -0.02660 -4.38461e+01 | 48 -0.02078 -3.62478e+01
 49 -0.00952 -1.97319e+01 | 50 -0.02267 -2.16339e+01 | 51 -0.02090 -1.16320e+01
 52  0.00634  2.14356e+01 | 53  0.12689  2.47270e+02 | 54  0.05569  9.38835e+01
 55  0.04251  7.39584e+01 | 56  0.05291  1.15193e+02 | 57  0.07973  1.82832e+02
 58  0.04140  1.19610e+02 | 59  0.10631  2.67201e+02 | 60  0.04621  7.82251e+01
 61  0.06597  4.74684e+01 | 62  0.10954  9.34486e+01 | 63  0.05273  3.66431e+01
 64  0.13182  2.34080e+02 | 65  0.07064  1.16230e+02 | 66  0.01249  1.00011e+01
 67  0.12870  1.47518e+02 | 68 -0.07375 -9.98094e+01 | 69  0.08114 -4.51598e+01
 70 -0.10849 -1.40638e+02 | 71 -0.00664 -6.23646e+01 | 72 -0.02367  1.50785e+01
 73  0.00271  9.08403e+01 | 74 -0.06661 -7.06253e+01 | 75 -0.14437 -1.59190e+02
 76 -0.04330 -1.71554e+02 | 77 -0.12675 -7.84069e+01 | 78 -0.07351 -5.79936e+01
 79 -0.20403 -7.59471e+01 | 80 -0.03997 -1.94433e+01 | 81  0.00000  0.00000e+00
 82  0.00000  0.00000e+00 | 83  0.00000  0.00000e+00 | 84  0.00000  0.00000e+00
 85  0.00000  0.00000e+00 | 86  0.00000  0.00000e+00 | 87 -0.74962 -5.07919e+03
 88 -1.02999 -1.01883e+01 | 89 -0.69501  2.86411e+03 | 90 -0.42856 -1.33280e+02
 91 -0.70137  5.50186e+03 | 92 -0.79619 -1.16923e+00 |
92 variables; iteration 60; function evaluation 81; phase 5
Function value 1.1080984e+03; maximum gradient component mag 1.6078e+03
Var    Value     Gradient |Var    Value     Gradient |Var    Value     Gradient
  1  0.06710  3.57589e+02 |  2 -0.15849  4.40884e+02 |  3  0.44984  2.45585e+02
  4 -0.81159  2.70746e+01 |  5  1.04715  8.61086e+00 |  6 -0.75189 -1.46023e-03
  7  0.00585  1.46498e+03 |  8  0.00501 -2.86436e+01 |  9 -0.02526 -4.08455e+01
 10 -0.02425 -3.97355e+01 | 11 -0.01653 -3.55971e+01 | 12 -0.02431 -3.81043e+01
 13 -0.02745 -3.85187e+01 | 14 -0.03727 -4.18601e+01 | 15 -0.04058 -4.22477e+01
 16 -0.04202 -4.17140e+01 | 17 -0.03115 -3.52332e+01 | 18 -0.03329 -3.47652e+01
 19 -0.02925 -3.11298e+01 | 20 -0.03332 -3.15427e+01 | 21 -0.03754 -3.20712e+01
 22 -0.04191 -3.27497e+01 | 23 -0.04547 -3.30847e+01 | 24 -0.05230 -3.52754e+01
 25 -0.05612 -3.59866e+01 | 26 -0.05341 -3.33559e+01 | 27 -0.04841 -2.96163e+01
 28 -0.04632 -2.75882e+01 | 29 -0.04735 -2.72060e+01 | 30 -0.04950 -2.70940e+01
 31 -0.05213 -2.73140e+01 | 32 -0.05396 -2.77857e+01 | 33 -0.05499 -2.87400e+01
 34 -0.05053 -2.71750e+01 | 35 -0.02981 -1.67229e+01 | 36 -0.02044 -1.53357e+01
 37  0.01397 -1.03913e+00 | 38  0.04081  6.78677e+00 | 39  0.07387  1.88714e+01
 40  0.08951  2.62518e+01 | 41  0.03868  1.56180e+00 | 42  0.03506  6.81112e+00
 43  0.01278  7.23967e-01 | 44 -0.00041 -2.51853e+00 | 45 -0.00951 -6.38994e+00
 46 -0.01250 -8.10977e+00 | 47 -0.01061 -7.60013e+00 | 48  0.00043 -1.83554e+00
 49  0.00043 -1.89462e+00 | 50 -0.01710 -8.32348e+00 | 51 -0.02400 -1.33070e+01
 52  0.01668 -1.02922e+00 | 53  0.09162  2.18915e+01 | 54  0.06483 -3.25000e+00
 55  0.05685 -1.24589e+01 | 56  0.03276 -1.55102e+01 | 57  0.05963 -3.62199e+00
 58  0.05021  1.07947e+00 | 59  0.07562  2.54437e+01 | 60  0.04008  1.60618e+01
 61  0.09594  4.89393e+01 | 62  0.10372  3.22041e+01 | 63  0.07711 -1.45981e+01
 64  0.10861 -2.00064e+01 | 65  0.05422 -3.82914e+01 | 66  0.02382 -4.09527e+01
 67  0.11507 -8.42430e+00 | 68 -0.01398 -3.08219e+01 | 69  0.06206  1.82499e+01
 70 -0.00838 -1.54319e+01 | 71  0.01021 -4.27784e+00 | 72 -0.05620 -3.43594e+01
 73 -0.05554 -3.43745e+01 | 74 -0.06847 -5.41992e+01 | 75 -0.07299 -5.76053e+01
 76 -0.05958 -3.99752e+01 | 77 -0.06122  3.07340e+00 | 78 -0.08861 -4.43561e+00
 79 -0.08483  1.14621e+00 | 80 -0.04538 -5.15773e+00 | 81  0.00000  0.00000e+00
 82  0.00000  0.00000e+00 | 83  0.00000  0.00000e+00 | 84  0.00000  0.00000e+00
 85  0.00000  0.00000e+00 | 86  0.00000  0.00000e+00 | 87 -0.74917 -7.23386e+02
 88 -1.02193 -1.85563e+00 | 89 -0.69436  1.60783e+03 | 90 -0.31676 -9.52913e+01
 91 -0.70153  6.71555e+02 | 92 -0.79981  6.19293e-01 |
92 variables; iteration 80; function evaluation 117; phase 5
Function value 1.0890265e+03; maximum gradient component mag 1.7098e+03
Var    Value     Gradient |Var    Value     Gradient |Var    Value     Gradient
  1  0.09201  3.99799e+02 |  2 -0.15341  4.62679e+02 |  3  0.36268  2.75187e+02
  4 -0.71373  5.60199e+01 |  5  1.04857  8.13559e+00 |  6 -0.77395  1.14151e+01
  7  0.00630  1.70976e+03 |  8 -0.01551 -3.86925e+01 |  9 -0.00136 -3.19615e+01
 10 -0.02227 -4.02064e+01 | 11 -0.03496 -4.48790e+01 | 12 -0.01215 -3.40028e+01
 13 -0.01607 -3.46886e+01 | 14 -0.01923 -3.49534e+01 | 15 -0.01125 -2.98678e+01
 16 -0.00645 -2.59775e+01 | 17 -0.01161 -2.68586e+01 | 18 -0.06675 -5.19238e+01
 19 -0.08742 -6.01385e+01 | 20 -0.05852 -4.54615e+01 | 21 -0.04548 -3.74550e+01
 22 -0.03213 -2.87194e+01 | 23 -0.04122 -3.20361e+01 | 24 -0.04686 -3.35923e+01
 25 -0.05314 -3.56446e+01 | 26 -0.05117 -3.33605e+01 | 27 -0.04691 -3.00073e+01
 28 -0.05311 -3.28085e+01 | 29 -0.05642 -3.38993e+01 | 30 -0.05471 -3.18106e+01
 31 -0.04583 -2.53495e+01 | 32 -0.04167 -2.23805e+01 | 33 -0.04901 -2.77103e+01
 34 -0.02303 -1.36859e+01 | 35 -0.02225 -1.69168e+01 | 36 -0.02393 -2.34933e+01
 37 -0.00555 -2.07968e+01 | 38  0.03673 -7.62482e+00 | 39  0.03755 -1.43884e+01
 40  0.07241  8.53184e-02 | 41  0.06282  1.57274e+00 | 42  0.01694 -1.29428e+01
 43  0.03787  9.22735e+00 | 44  0.02613  1.02729e+01 | 45  0.00980  3.53205e+00
 46 -0.01472 -1.11526e+01 | 47 -0.02706 -1.89780e+01 | 48 -0.03528 -2.51580e+01
 49  0.00164 -2.78279e+00 | 50 -0.00991 -5.85909e+00 | 51  0.00131 -1.03113e-01
 52  0.03036  2.41890e+00 | 53  0.03952 -7.03980e+00 | 54  0.07580  2.14797e+01
 55  0.09170  5.05211e+01 | 56  0.02250  6.50909e+00 | 57  0.03939  3.37985e+00
 58  0.06623  1.53128e+01 | 59  0.06745  2.93112e+01 | 60  0.04146  3.07037e+01
 61  0.10310  8.82120e+01 | 62  0.07609  5.35400e+01 | 63  0.12883  5.90200e+01
 64  0.06728 -1.14254e+01 | 65  0.04820 -1.85964e+01 | 66  0.07073  1.11678e+01
 67  0.08235  3.44253e+00 | 68  0.03719 -5.94820e+00 | 69  0.02646 -1.14263e+01
 70  0.00123 -2.02739e+01 | 71  0.00809 -1.55042e+01 | 72 -0.03949 -4.06553e+01
 73 -0.11265 -7.48344e+01 | 74 -0.07141 -6.03127e+01 | 75 -0.06006 -4.43534e+01
 76 -0.05666 -3.33854e+01 | 77 -0.09929 -2.65162e+01 | 78 -0.07887 -6.36875e+00
 79 -0.09204  1.17207e-01 | 80 -0.06255 -1.16162e+01 | 81  0.00000  0.00000e+00
 82  0.00000  0.00000e+00 | 83  0.00000  0.00000e+00 | 84  0.00000  0.00000e+00
 85  0.00000  0.00000e+00 | 86  0.00000  0.00000e+00 | 87 -0.74837 -8.53966e+01
 88 -1.09271 -1.13284e+00 | 89 -0.69393  4.58482e+02 | 90 -0.06281 -3.66664e+01
 91 -0.70171 -1.47778e+03 | 92 -0.80168 -3.29750e+00 |
92 variables; iteration 100; function evaluation 155; phase 5
Function value 1.0646958e+03; maximum gradient component mag 1.6026e+03
Var    Value     Gradient |Var    Value     Gradient |Var    Value     Gradient
  1  0.11907  2.37059e+02 |  2 -0.13884  7.34902e+01 |  3  0.19234  5.70343e+01
  4 -0.50016 -2.70113e+01 |  5  0.99235 -1.37201e+00 |  6 -0.88130  6.13619e+00
  7  0.00321 -8.40050e+01 |  8 -0.01518 -2.38792e+00 |  9 -0.02161 -4.54408e+00
 10 -0.01368 -5.99072e-01 | 11 -0.00772  2.68068e+00 | 12 -0.01860 -1.25452e+00
 13 -0.05106 -1.44762e+01 | 14 -0.00703  5.78741e+00 | 15 -0.02881 -3.03697e+00
 16 -0.02215  1.11259e+00 | 17 -0.03254 -2.54593e+00 | 18 -0.01589  6.70998e+00
 19 -0.02672  2.79985e+00 | 20 -0.04170 -3.21095e+00 | 21 -0.00152  1.89557e+01
 22 -0.04077 -1.67500e-01 | 23 -0.05287 -5.06936e+00 | 24 -0.04074  2.42370e+00
 25 -0.06085 -6.90866e+00 | 26 -0.03286  9.17404e+00 | 27 -0.05865 -4.04772e+00
 28 -0.03690  8.55281e+00 | 29 -0.06125 -4.23961e+00 | 30 -0.05500 -1.70043e-01
 31 -0.05128  2.63320e+00 | 32 -0.05608  4.90102e-02 | 33 -0.04237  6.78459e+00
 34 -0.04613  2.39796e+00 | 35 -0.03571  4.44036e+00 | 36 -0.00954  1.22009e+01
 37 -0.01230  2.52957e+00 | 38  0.01447  3.97618e+00 | 39  0.05584  6.81761e+00
 40  0.06846  2.20224e+00 | 41  0.06609  1.01681e+00 | 42  0.05585  2.82215e+00
 43  0.03852  4.71364e+00 | 44  0.01099  7.91282e-01 | 45 -0.01174 -5.46663e+00
 46 -0.00517 -2.55330e+00 | 47 -0.02255 -1.01026e+01 | 48 -0.03248 -1.62828e+01
 49  0.01391 -2.31475e+00 | 50 -0.02281 -1.17529e+01 | 51 -0.00503 -7.19074e+00
 52  0.05978 -4.13287e+00 | 53 -0.02489 -3.10668e+01 | 54  0.09368 -7.58189e+00
 55  0.09258  7.14026e+00 | 56  0.02705  4.32723e+00 | 57  0.03121  1.24015e-01
 58  0.07947 -5.50625e+00 | 59  0.06527 -5.06965e+00 | 60  0.05270  1.04619e+00
 61  0.09488 -9.56676e+00 | 62  0.05731 -2.12904e+01 | 63  0.14267 -5.17273e+01
 64  0.02000 -4.49994e+01 | 65  0.10256 -1.56508e+01 | 66  0.05089 -1.03293e+01
 67  0.06025 -4.21461e+01 | 68  0.07845 -3.10885e+01 | 69 -0.04323 -3.84127e+01
 70  0.04302 -1.12964e+01 | 71 -0.01794 -1.29797e+01 | 72 -0.04267 -2.80140e+00
 73 -0.06354  9.66793e+00 | 74 -0.07443  3.84917e+00 | 75 -0.07568  1.18200e+00
 76 -0.04938  3.56097e+01 | 77 -0.07630  3.25591e+00 | 78 -0.07884  3.11648e+00
 79 -0.10030  1.40695e-01 | 80 -0.04649  1.96294e+00 | 81  0.00000  0.00000e+00
 82  0.00000  0.00000e+00 | 83  0.00000  0.00000e+00 | 84  0.00000  0.00000e+00
 85  0.00000  0.00000e+00 | 86  0.00000  0.00000e+00 | 87 -0.74553 -2.57800e+01
 88 -1.22175 -6.76905e-01 | 89 -0.69070 -1.55435e+02 | 90  0.69164 -1.79548e+00
 91 -0.70189  1.60263e+03 | 92 -0.79304  5.46911e+00 |
92 variables; iteration 120; function evaluation 176; phase 5
Function value 9.7419939e+02; maximum gradient component mag -1.6758e+03
Var    Value     Gradient |Var    Value     Gradient |Var    Value     Gradient
  1 -0.10872  8.25034e+01 |  2 -0.12662  1.06535e+02 |  3  0.04747  2.20425e+01
  4 -0.17094 -3.75984e+01 |  5  0.98349 -3.91329e+00 |  6 -0.94548  6.50082e+00
  7  0.00541  6.52929e+02 |  8 -0.00862 -5.61968e-02 |  9 -0.00889  2.83645e-01
 10 -0.01461 -1.59475e+00 | 11 -0.01375 -6.83460e-01 | 12 -0.01569 -8.89484e-01
 13 -0.01113  1.77085e+00 | 14 -0.02434 -3.19928e+00 | 15 -0.02171 -1.25036e+00
 16 -0.02538 -2.00056e+00 | 17 -0.02840 -2.43109e+00 | 18 -0.03156 -2.90204e+00
 19 -0.03148 -1.86068e+00 | 20 -0.03079 -4.87629e-01 | 21 -0.04670 -6.97719e+00
 22 -0.03318  4.97313e-01 | 23 -0.04651 -4.98912e+00 | 24 -0.04314 -2.36872e+00
 25 -0.03943  4.90737e-01 | 26 -0.05395 -6.01622e+00 | 27 -0.05124 -4.08503e+00
 28 -0.04152  1.31289e+00 | 29 -0.05305 -4.20683e+00 | 30 -0.04723 -5.45852e-01
 31 -0.05218 -2.58781e+00 | 32 -0.04896 -1.05703e+00 | 33 -0.05470 -5.16518e+00
 34 -0.04887 -4.18448e+00 | 35 -0.04102 -3.49545e+00 | 36 -0.03984 -7.95309e+00
 37 -0.01258 -3.64304e+00 | 38  0.01737 -2.60298e+00 | 39  0.05099 -4.16239e+00
 40  0.09391 -5.05934e+00 | 41  0.05918 -8.17187e+00 | 42  0.02506 -8.35058e+00
 43  0.02601  4.14100e-01 | 44  0.01377  3.05676e+00 | 45  0.00732  3.85452e+00
 46 -0.00771 -6.82657e-01 | 47 -0.00891 -1.92811e+00 | 48 -0.00246 -2.71174e+00
 49  0.00095 -3.62362e+00 | 50 -0.01564 -5.15402e+00 | 51 -0.01547 -5.47441e+00
 52  0.01417 -4.85765e+00 | 53  0.00032 -1.54295e+01 | 54  0.10070  1.33321e+01
 55  0.06548  4.83335e+00 | 56  0.01602 -1.68924e+01 | 57  0.04633 -2.41658e+01
 58  0.07655  4.17473e+00 | 59  0.05196  5.83064e+00 | 60  0.06004  2.51537e+01
 61  0.07265  2.70283e+01 | 62  0.09090  6.17531e+01 | 63  0.10667  9.46545e+01
 64  0.10593  1.13592e+02 | 65  0.05433  7.15233e+01 | 66  0.04684  5.96649e+01
 67  0.10781  9.64088e+01 | 68  0.00592  3.48115e+01 | 69  0.06157  7.01087e+01
 70  0.00178  1.76518e+01 | 71 -0.00423  1.15403e+01 | 72 -0.03992  1.66560e+01
 73 -0.05134  2.10087e+01 | 74 -0.05407  2.65254e+00 | 75 -0.06580 -3.53647e+00
 76 -0.06006 -9.83749e+00 | 77 -0.04438  2.76596e-01 | 78 -0.08083 -1.25684e+01
 79 -0.05547 -1.14998e+00 | 80 -0.02104 -2.38071e+00 | 81  0.00000  0.00000e+00
 82  0.00000  0.00000e+00 | 83  0.00000  0.00000e+00 | 84  0.00000  0.00000e+00
 85  0.00000  0.00000e+00 | 86  0.00000  0.00000e+00 | 87 -0.73281 -1.67582e+03
 88 -1.96044  6.13483e-01 | 89 -0.70013 -1.38926e+01 | 90  1.98545  1.21662e+01
 91 -0.70175 -7.08812e+02 | 92 -0.77407 -1.68358e+00 |
92 variables; iteration 140; function evaluation 196; phase 5
Function value 9.0247965e+02; maximum gradient component mag 1.6212e+03
Var    Value     Gradient |Var    Value     Gradient |Var    Value     Gradient
  1 -0.23721  2.55407e+01 |  2 -0.11460  4.03724e+02 |  3 -0.07898  3.53080e+02
  4  0.00711  4.11719e+02 |  5  1.00429  1.30706e+00 |  6 -1.01806 -4.21812e+00
  7 -0.00156  1.62120e+03 |  8 -0.01109 -2.41049e+01 |  9 -0.01272 -2.43109e+01
 10 -0.01446 -2.45161e+01 | 11 -0.01723 -2.51044e+01 | 12 -0.01624 -2.40407e+01
 13 -0.01995 -2.49245e+01 | 14 -0.02492 -2.63152e+01 | 15 -0.02433 -2.52306e+01
 16 -0.02327 -2.38498e+01 | 17 -0.02443 -2.33895e+01 | 18 -0.02626 -2.31958e+01
 19 -0.02404 -2.10601e+01 | 20 -0.03195 -2.37056e+01 | 21 -0.02477 -1.90978e+01
 22 -0.04258 -2.66748e+01 | 23 -0.02881 -1.87957e+01 | 24 -0.03564 -2.11021e+01
 25 -0.04272 -2.35887e+01 | 26 -0.03773 -2.01155e+01 | 27 -0.04468 -2.29829e+01
 28 -0.04360 -2.18760e+01 | 29 -0.05090 -2.50760e+01 | 30 -0.05490 -2.61982e+01
 31 -0.05415 -2.48940e+01 | 32 -0.05213 -2.34172e+01 | 33 -0.04652 -2.07558e+01
 34 -0.05238 -2.45429e+01 | 35 -0.04299 -2.07111e+01 | 36 -0.01947 -1.07802e+01
 37 -0.00661 -8.37592e+00 | 38 -0.01708 -1.88222e+01 | 39  0.00145 -1.51835e+01
 40  0.08021  1.69577e+01 | 41  0.15781  5.36312e+01 | 42  0.03298  1.75987e+00
 43 -0.00628 -1.01575e+01 | 44 -0.00799 -5.24241e+00 | 45 -0.01258 -4.02868e+00
 46 -0.02643 -8.83620e+00 | 47 -0.01625 -9.33523e-01 | 48  0.00066  9.13873e+00
 49  0.02710  2.81743e+01 | 50  0.00664  2.14063e+01 | 51  0.00548  2.06396e+01
 52  0.04689  3.56886e+01 | 53  0.01010 -6.09974e+00 | 54 -0.08075 -4.88037e+01
 55  0.14085  1.20521e+02 | 56  0.00605  3.75058e+00 | 57  0.01667 -2.80476e+01
 58  0.08678  5.81700e+01 | 59  0.07957  7.58332e+01 | 60  0.01586  3.10958e+01
 61  0.12370  1.24230e+02 | 62 -0.01087 -2.44319e-01 | 63  0.15893  1.69742e+02
 64  0.04639  1.86938e+01 | 65  0.03760  4.26236e-01 | 66  0.10695  3.94762e+01
 67  0.03630 -2.34882e+01 | 68  0.06257  4.58511e+01 | 69  0.06834  8.55981e+01
 70  0.01913  2.05306e+01 | 71  0.00758 -1.19353e+01 | 72 -0.04008 -3.04496e+01
 73 -0.07225 -4.16095e+01 | 74 -0.03228 -3.33250e+01 | 75 -0.06085 -3.18986e+01
 76 -0.04363 -3.46876e+01 | 77 -0.03456 -5.64704e+00 | 78 -0.04538 -3.22339e+00
 79 -0.02450 -6.65557e+00 | 80  0.01422 -4.68272e+00 | 81  0.00000  0.00000e+00
 82  0.00000  0.00000e+00 | 83  0.00000  0.00000e+00 | 84  0.00000  0.00000e+00
 85  0.00000  0.00000e+00 | 86  0.00000  0.00000e+00 | 87 -0.67551 -8.19740e+02
 88 -2.14071  1.67017e+01 | 89 -0.68972  2.93054e+02 | 90  1.60841  4.85916e+00
 91 -0.70190  6.88777e+02 | 92 -0.76665  2.24566e+00 |
92 variables; iteration 160; function evaluation 216; phase 5
Function value 8.3902149e+02; maximum gradient component mag 1.3832e+03
Var    Value     Gradient |Var    Value     Gradient |Var    Value     Gradient
  1 -0.17367 -8.52467e+01 |  2 -0.12086 -1.61006e+02 |  3 -0.01929 -2.31162e+01
  4 -0.07529  4.27030e+01 |  5  0.99231 -2.15748e+00 |  6 -1.06684 -1.27412e+01
  7 -0.00324 -4.66665e+02 |  8 -0.00974  3.82324e+00 |  9 -0.01071  3.58994e+00
 10 -0.01176  3.34062e+00 | 11 -0.01652  1.63457e+00 | 12 -0.01487  2.49481e+00
 13 -0.01486  2.72790e+00 | 14 -0.02634 -1.62833e+00 | 15 -0.02017  1.11555e+00
 16 -0.01781  2.37140e+00 | 17 -0.02034  1.66188e+00 | 18 -0.02023  2.04447e+00
 19 -0.02070  2.20793e+00 | 20 -0.02718 -1.22459e-01 | 21 -0.02948 -7.19676e-01
 22 -0.03293 -1.81335e+00 | 23 -0.02847  4.12667e-01 | 24 -0.03049 -8.14719e-02
 25 -0.03322 -9.06749e-01 | 26 -0.03182 -4.37519e-02 | 27 -0.03709 -2.12275e+00
 28 -0.04454 -5.21530e+00 | 29 -0.03927 -2.90799e+00 | 30 -0.04393 -4.84949e+00
 31 -0.04628 -6.01193e+00 | 32 -0.04953 -7.95031e+00 | 33 -0.04601 -7.61062e+00
 34 -0.04965 -1.08260e+01 | 35 -0.05267 -1.45307e+01 | 36 -0.02917 -9.80035e+00
 37 -0.03473 -1.63545e+01 | 38 -0.02951 -1.95494e+01 | 39 -0.05032 -2.82203e+01
 40  0.02923 -1.26779e+01 | 41  0.22134 -3.49204e+01 | 42 -0.01571 -1.70716e+01
 43 -0.03776 -1.91434e+01 | 44 -0.02576 -1.29070e+01 | 45 -0.01139 -7.84227e+00
 46 -0.02001 -1.04661e+01 | 47 -0.00775 -8.04662e+00 | 48 -0.00005 -9.60047e+00
 49 -0.00761 -1.29949e+01 | 50  0.00033 -4.30684e+00 | 51 -0.00477 -3.24477e+00
 52  0.02642 -1.32212e+00 | 53 -0.03654 -2.17639e+01 | 54  0.10463  1.98638e+01
 55  0.04686  2.43112e+01 | 56  0.05503  4.58539e+01 | 57  0.05348  2.34454e+01
 58  0.07124  2.24057e+01 | 59  0.05098  8.63218e+00 | 60  0.05634  2.50494e+01
 61  0.08018  1.48352e+01 | 62  0.05894  1.45852e+01 | 63  0.13406  2.77055e+01
 64 -0.00479 -1.97551e+01 | 65  0.10880  2.38251e+01 | 66  0.04155  1.28635e+01
 67  0.11323  1.92137e+01 | 68  0.01460 -1.96032e+00 | 69  0.05386  4.22251e+00
 70  0.02912 -2.16260e+00 | 71  0.00739 -8.69575e+00 | 72 -0.03238 -3.04412e+00
 73 -0.06134 -6.63573e+00 | 74 -0.02702  3.00889e+00 | 75 -0.05071  2.30744e+00
 76 -0.03910 -4.34629e+00 | 77 -0.02258  8.69743e-01 | 78 -0.03782 -1.83223e+00
 79 -0.01007 -1.24810e+00 | 80  0.02400 -8.67842e-03 | 81  0.00000  0.00000e+00
 82  0.00000  0.00000e+00 | 83  0.00000  0.00000e+00 | 84  0.00000  0.00000e+00
 85  0.00000  0.00000e+00 | 86  0.00000  0.00000e+00 | 87 -0.63228 -6.36948e+02
 88 -3.01602 -7.86968e-01 | 89 -0.68935  3.39188e+02 | 90  0.22305 -1.39306e+01
 91 -0.70174  1.38320e+03 | 92 -0.75964  2.99070e+00 |
92 variables; iteration 180; function evaluation 236; phase 5
Function value 8.1210459e+02; maximum gradient component mag -2.0969e+02
Var    Value     Gradient |Var    Value     Gradient |Var    Value     Gradient
  1 -0.08061 -1.44154e+01 |  2 -0.12710 -4.21413e+01 |  3  0.08460 -3.57804e+01
  4 -0.23018 -3.52338e+01 |  5  1.00084  1.78704e-01 |  6 -1.00845 -1.11724e+00
  7  0.00340 -2.09693e+02 |  8 -0.01136  3.14637e+00 |  9 -0.01222  3.25275e+00
 10 -0.01391  3.06801e+00 | 11 -0.01627  2.64892e+00 | 12 -0.01720  2.89360e+00
 13 -0.01745  3.50239e+00 | 14 -0.02107  2.70850e+00 | 15 -0.02223  3.05118e+00
 16 -0.02422  3.08616e+00 | 17 -0.02635  3.11145e+00 | 18 -0.02953  2.68508e+00
 19 -0.03194  2.63268e+00 | 20 -0.03325  3.11569e+00 | 21 -0.03608  2.87426e+00
 22 -0.03709  3.50532e+00 | 23 -0.04099  2.69322e+00 | 24 -0.04273  2.93142e+00
 25 -0.04408  3.29429e+00 | 26 -0.04722  2.55785e+00 | 27 -0.04846  2.62830e+00
 28 -0.04683  4.10935e+00 | 29 -0.05165  2.31949e+00 | 30 -0.05192  3.03513e+00
 31 -0.05361  2.70250e+00 | 32 -0.05195  3.42504e+00 | 33 -0.05003  3.38114e+00
 34 -0.04767  2.63513e+00 | 35 -0.04011  2.96580e+00 | 36 -0.02835  2.82395e+00
 37 -0.01242  1.60178e+00 | 38  0.01587  1.82075e+00 | 39  0.05100  7.57251e-01
 40  0.09747  2.08569e-01 | 41  0.04925 -5.02925e+00 | 42  0.04940  1.32539e+00
 43  0.01536  3.85962e-01 | 44 -0.00069  3.71555e-01 | 45 -0.00880 -2.26062e-01
 46 -0.00934  6.92782e-01 | 47 -0.00832  5.78687e-01 | 48 -0.00240  1.97447e-01
 49 -0.00365 -1.07322e+00 | 50 -0.01487  8.77547e-01 | 51 -0.01403  1.50429e+00
 52  0.00515 -2.26115e+00 | 53  0.04055 -5.56668e+00 | 54  0.07103 -3.19880e+00
 55  0.04631 -4.07745e+00 | 56  0.02997 -2.52286e+00 | 57  0.05065 -1.20529e+01
 58  0.04917 -9.41225e+00 | 59  0.05382 -8.97686e+00 | 60  0.03448 -6.25922e+00
 61  0.06440 -9.22282e+00 | 62  0.08652 -1.39661e-02 | 63  0.06769 -7.63180e+00
 64  0.08383  8.29045e-01 | 65  0.06175 -2.88025e+00 | 66  0.06190 -1.43685e+00
 67  0.09168 -1.88862e+00 | 68  0.03380  4.70878e-01 | 69  0.03931 -1.13807e+00
 70  0.02494 -1.14961e+00 | 71  0.00666  8.67150e-01 | 72 -0.03714  2.03675e+00
 73 -0.05382  1.33972e+00 | 74 -0.03588  3.15005e+00 | 75 -0.04664  3.32635e+00
 76 -0.03560 -1.06259e+00 | 77 -0.02736  4.03227e-02 | 78 -0.03569 -9.05206e-01
 79 -0.01632  8.17982e-01 | 80  0.01247 -1.28472e+00 | 81  0.00000  0.00000e+00
 82  0.00000  0.00000e+00 | 83  0.00000  0.00000e+00 | 84  0.00000  0.00000e+00
 85  0.00000  0.00000e+00 | 86  0.00000  0.00000e+00 | 87 -0.60917 -2.31981e+01
 88 -2.99434  4.04535e-01 | 89 -0.68249  1.81930e+01 | 90  0.92002 -2.92806e-01
 91 -0.70171  2.60853e+01 | 92 -0.72501 -8.92108e-01 |
92 variables; iteration 200; function evaluation 256; phase 5
Function value 8.1172970e+02; maximum gradient component mag 2.3858e+01
Var    Value     Gradient |Var    Value     Gradient |Var    Value     Gradient
  1 -0.08570  4.27055e+00 |  2 -0.12681  4.45965e+00 |  3  0.07874  8.14113e+00
  4 -0.22055  9.54173e+00 |  5  0.99964 -6.26966e-02 |  6 -1.00543 -7.37519e-01
  7  0.00357  2.38584e+01 |  8 -0.01108 -2.81079e-01 |  9 -0.01229 -3.01972e-01
 10 -0.01351 -2.72810e-01 | 11 -0.01502 -3.13017e-01 | 12 -0.01662 -3.28262e-01
 13 -0.01824 -2.89323e-01 | 14 -0.02021 -3.36954e-01 | 15 -0.02200 -2.42292e-01
 16 -0.02418 -2.65603e-01 | 17 -0.02621 -1.67092e-01 | 18 -0.02868 -2.32329e-01
 19 -0.03112 -2.63026e-01 | 20 -0.03339 -2.00119e-01 | 21 -0.03551 -6.31385e-02
 22 -0.03807 -1.61128e-01 | 23 -0.04032 -1.21266e-01 | 24 -0.04271 -1.74627e-01
 25 -0.04482 -1.67524e-01 | 26 -0.04635 -4.85507e-02 | 27 -0.04792 -1.18334e-01
 28 -0.04919 -1.25346e-01 | 29 -0.05058 -9.10503e-02 | 30 -0.05230 -9.33183e-02
 31 -0.05333 -1.91779e-02 | 32 -0.05318 -3.99472e-02 | 33 -0.05137 -5.33450e-02
 34 -0.04769  2.00595e-02 | 35 -0.04097  1.51769e-01 | 36 -0.02935  2.93091e-01
 37 -0.01108  5.68878e-01 | 38  0.01519  8.38190e-01 | 39  0.04941  9.81488e-01
 40  0.08339  1.52649e+00 | 41  0.07369  9.03915e-01 | 42  0.04193  1.27188e+00
 43  0.01603  1.54773e+00 | 44  0.00001  1.27772e+00 | 45 -0.00697  1.06631e+00
 46 -0.01056  8.34497e-01 | 47 -0.00987  7.16115e-01 | 48 -0.00373  7.26426e-01
 49 -0.00093  1.11706e+00 | 50 -0.01770  5.67387e-01 | 51 -0.01901  5.53084e-01
 52  0.00550  5.46851e-01 | 53  0.04649  9.75141e-01 | 54  0.06424  1.46220e+00
 55  0.05125  1.10980e+00 | 56  0.02337  1.93835e-01 | 57  0.05671  1.58578e-01
 58  0.04712  4.79086e-01 | 59  0.05589 -1.42959e-01 | 60  0.02971 -3.29448e-01
 61  0.07606 -6.90630e-01 | 62  0.06620 -1.38565e+00 | 63  0.08946 -1.17171e+00
 64  0.06576 -1.68077e+00 | 65  0.07159 -9.27003e-01 | 66  0.05823 -9.33322e-01
 67  0.09218 -1.72211e+00 | 68  0.03210 -1.10737e+00 | 69  0.04019 -8.02873e-01
 70  0.02570 -9.30250e-01 | 71  0.00631 -5.10860e-01 | 72 -0.03778 -4.76008e-01
 73 -0.05204 -2.71664e-01 | 74 -0.03644 -3.53388e-01 | 75 -0.04895 -3.62668e-01
 76 -0.03108 -4.67677e-01 | 77 -0.02941  4.93240e-02 | 78 -0.03397  9.34139e-03
 79 -0.01738  1.37706e-01 | 80  0.01659  3.13052e-01 | 81  0.00000  0.00000e+00
 82  0.00000  0.00000e+00 | 83  0.00000  0.00000e+00 | 84  0.00000  0.00000e+00
 85  0.00000  0.00000e+00 | 86  0.00000  0.00000e+00 | 87 -0.60915  2.17012e-01
 88 -2.99638  1.63019e-01 | 89 -0.68311 -8.20364e-01 | 90  0.95117 -1.02717e-01
 91 -0.70174  1.03638e+01 | 92 -0.71549 -2.60005e+00 |
92 variables; iteration 220; function evaluation 289; phase 5
Function value 5.7702538e+02; maximum gradient component mag -3.3929e+03
Var    Value     Gradient |Var    Value     Gradient |Var    Value     Gradient
  1 -0.03915 -1.38622e+02 |  2 -0.13084 -2.61582e+02 |  3  0.12588 -2.28158e+02
  4 -0.30201 -2.61002e+02 |  5  0.97743 -5.32150e+00 |  6 -0.94838  4.58686e+00
  7 -0.00229 -8.01402e+02 |  8 -0.00503  1.46724e+01 |  9 -0.00613  1.46097e+01
 10 -0.00615  1.50447e+01 | 11 -0.01337  1.25252e+01 | 12 -0.01037  1.43179e+01
 13 -0.00326  1.79628e+01 | 14 -0.01968  1.15964e+01 | 15 -0.01443  1.45774e+01
 16 -0.01965  1.30713e+01 | 17 -0.02111  1.32484e+01 | 18 -0.03478  7.98522e+00
 19 -0.03556  8.46111e+00 | 20 -0.03171  1.10853e+01 | 21 -0.05257  2.39182e+00
 22 -0.02482  1.61906e+01 | 23 -0.03708  1.12387e+01 | 24 -0.03562  1.28259e+01
 25 -0.03107  1.59294e+01 | 26 -0.04481  9.84808e+00 | 27 -0.03733  1.40878e+01
 28 -0.03728  1.45793e+01 | 29 -0.04174  1.28520e+01 | 30 -0.03544  1.67426e+01
 31 -0.04421  1.27186e+01 | 32 -0.04075  1.43659e+01 | 33 -0.04175  1.29638e+01
 34 -0.03352  1.54698e+01 | 35 -0.03103  1.39772e+01 | 36 -0.02078  1.45443e+01
 37 -0.01071  1.33652e+01 | 38  0.00326  1.28482e+01 | 39 -0.00698  4.84328e+00
 40 -0.07241 -1.85029e+01 | 41  0.23321  5.70094e+01 | 42 -0.04805 -7.23966e+00
 43 -0.03422  4.23473e-01 | 44 -0.02260  6.00912e+00 | 45 -0.01238  8.41876e+00
 46 -0.01561  4.26739e+00 | 47 -0.01783 -6.95316e-01 | 48 -0.00153 -2.12221e+00
 49 -0.00851 -8.30407e+00 | 50 -0.00617 -4.82429e+00 | 51 -0.00643 -7.46961e+00
 52  0.03296 -1.74003e+01 | 53  0.03658 -3.60080e+01 | 54  0.08246 -5.43628e+01
 55  0.04130 -4.46855e+01 | 56  0.04770 -4.12595e+01 | 57  0.03538 -5.45404e+01
 58  0.06881 -6.94043e+01 | 59  0.02864 -4.75434e+01 | 60  0.07807 -3.01317e+01
 61 -0.00432 -2.00283e+01 | 62  0.14765  3.25187e+01 | 63  0.01287 -3.20339e+00
 64  0.11828 -1.47130e+00 | 65  0.02436 -7.32348e+00 | 66  0.11372 -2.63104e+01
 67  0.02382 -4.10445e+01 | 68  0.08124 -1.97040e+01 | 69  0.02593 -7.61821e+00
 70  0.02760  2.89163e+00 | 71  0.01476  1.69139e+01 | 72 -0.03053  2.17187e+01
 73 -0.04133  3.02867e+01 | 74 -0.03927  2.36587e+01 | 75 -0.03962  2.34663e+01
 76 -0.03620  1.71190e+01 | 77 -0.02234  1.12608e+01 | 78 -0.03476 -1.40699e+00
 79 -0.02588  1.34985e+00 | 80  0.01865  1.92161e+00 | 81  0.00000  0.00000e+00
 82  0.00000  0.00000e+00 | 83  0.00000  0.00000e+00 | 84  0.00000  0.00000e+00
 85  0.00000  0.00000e+00 | 86  0.00000  0.00000e+00 | 87 -0.60993 -1.54361e+02
 88 -3.03752 -4.05967e+00 | 89 -0.69379 -3.58061e+02 | 90  1.61107  1.05154e+00
 91 -0.70552 -3.39295e+03 | 92 -0.19039 -1.21539e+02 |
92 variables; iteration 240; function evaluation 310; phase 5
Function value 4.8438412e+02; maximum gradient component mag 3.0003e+03
Var    Value     Gradient |Var    Value     Gradient |Var    Value     Gradient
  1 -0.04566  3.32554e+02 |  2 -0.12619  8.03800e+02 |  3  0.08705  5.56664e+02
  4 -0.26291  6.07262e+02 |  5  0.99953 -5.91042e-02 |  6 -0.91833  2.46929e+01
  7  0.00196  3.00032e+03 |  8 -0.01365 -4.76510e+01 |  9 -0.01182 -4.59656e+01
 10 -0.01355 -4.57389e+01 | 11 -0.02163 -4.82939e+01 | 12 -0.02410 -4.82455e+01
 13 -0.00844 -3.94912e+01 | 14 -0.02154 -4.42675e+01 | 15 -0.01094 -3.73148e+01
 16 -0.02136 -4.07486e+01 | 17 -0.01125 -3.34171e+01 | 18 -0.03675 -4.49023e+01
 19 -0.04678 -4.82656e+01 | 20 -0.03400 -3.94052e+01 | 21 -0.03349 -3.69784e+01
 22 -0.01931 -2.62222e+01 | 23 -0.05052 -4.27163e+01 | 24 -0.04750 -3.89784e+01
 25 -0.03974 -3.22346e+01 | 26 -0.04863 -3.61246e+01 | 27 -0.04764 -3.41229e+01
 28 -0.03953 -2.75327e+01 | 29 -0.06444 -4.20271e+01 | 30 -0.04199 -2.53276e+01
 31 -0.04468 -2.51348e+01 | 32 -0.04288 -2.27080e+01 | 33 -0.04114 -2.13151e+01
 34 -0.03227 -1.51362e+01 | 35 -0.02653 -1.21172e+01 | 36 -0.03340 -2.04732e+01
 37 -0.01689 -1.41544e+01 | 38  0.01874  4.38899e+00 | 39  0.13950  1.02530e+02
 40  0.03174  3.94791e+00 | 41 -0.06619 -5.39271e+01 | 42  0.05228  3.19232e+01
 43  0.06681  5.82716e+01 | 44  0.04108  4.26041e+01 | 45 -0.00849  2.63859e+00
 46 -0.00355  8.49584e+00 | 47 -0.02140 -6.31439e+00 | 48 -0.02733 -1.32920e+01
 49  0.04492  4.75349e+01 | 50 -0.04220 -2.12896e+01 | 51 -0.03744 -1.93741e+01
 52 -0.04079 -2.93654e+01 | 53  0.10456  8.47236e+01 | 54 -0.01532 -2.01460e+01
 55  0.07709  4.78135e+01 | 56  0.03392 -1.03581e+01 | 57  0.03396 -3.95527e+01
 58  0.05401 -2.23011e+01 | 59  0.06968  1.50081e+01 | 60  0.02298 -8.15825e+00
 61  0.05450  4.26023e+01 | 62  0.12399  1.86663e+02 | 63  0.04002  6.59827e+01
 64  0.12284  1.99838e+02 | 65 -0.00213  3.28752e+01 | 66  0.13348  2.37080e+02
 67  0.03792  3.99931e+01 | 68  0.08930  4.96768e+01 | 69 -0.02407 -5.96509e+01
 70  0.03532 -5.10130e+01 | 71  0.01249 -4.55648e+01 | 72 -0.02777 -4.67923e+01
 73 -0.05965 -5.53130e+01 | 74 -0.03372 -5.17016e+01 | 75 -0.01945 -4.86555e+01
 76 -0.08370 -8.15966e+01 | 77 -0.00428 -3.55353e+00 | 78 -0.01258 -1.05502e+01
 79  0.01353 -1.46264e+00 | 80  0.03567 -1.99066e+00 | 81  0.00000  0.00000e+00
 82  0.00000  0.00000e+00 | 83  0.00000  0.00000e+00 | 84  0.00000  0.00000e+00
 85  0.00000  0.00000e+00 | 86  0.00000  0.00000e+00 | 87 -0.61265 -4.37616e+01
 88 -3.03292 -3.29894e+00 | 89 -0.68813  9.91655e+01 | 90  0.33243 -8.32243e+00
 91 -0.68355 -2.21718e+03 | 92  0.75969 -1.47985e+00 |
92 variables; iteration 260; function evaluation 330; phase 5
Function value 4.2293157e+02; maximum gradient component mag 9.7224e+01
Var    Value     Gradient |Var    Value     Gradient |Var    Value     Gradient
  1  0.04266  2.81889e+00 |  2 -0.13874  1.70263e+01 |  3  0.32528  9.17470e+00
  4 -0.66145  1.24149e+01 |  5  1.00261  2.65566e-01 |  6 -0.94153  6.69617e-01
  7  0.00868 -2.79636e+01 |  8 -0.00942  5.20050e-01 |  9 -0.01093  4.18891e-01
 10 -0.01178  6.58288e-01 | 11 -0.01365  5.28932e-01 | 12 -0.01521  5.99511e-01
 13 -0.01780  2.94168e-01 | 14 -0.01925  5.58966e-01 | 15 -0.02169  4.51533e-01
 16 -0.02328  8.01987e-01 | 17 -0.02627  5.61387e-01 | 18 -0.02796  9.74086e-01
 19 -0.03076  8.98027e-01 | 20 -0.03369  7.64050e-01 | 21 -0.03545  1.20679e+00
 22 -0.03949  4.96123e-01 | 23 -0.04043  1.33014e+00 | 24 -0.04334  1.10407e+00
 25 -0.04630  7.15504e-01 | 26 -0.04714  1.26612e+00 | 27 -0.04924  1.03080e+00
 28 -0.05107  9.57371e-01 | 29 -0.05135  1.85403e+00 | 30 -0.05451  1.12216e+00
 31 -0.05530  1.22013e+00 | 32 -0.05459  1.31029e+00 | 33 -0.05163  1.61411e+00
 34 -0.04717  1.35897e+00 | 35 -0.03895  9.90160e-01 | 36 -0.02278  1.68496e+00
 37 -0.00097  1.56767e+00 | 38  0.02751  1.14764e+00 | 39  0.07614  4.16391e+00
 40  0.09289  3.52264e+00 | 41  0.03093 -4.15575e+00 | 42  0.02784  2.47326e+00
 43  0.00349  9.78012e-01 | 44 -0.00770  6.19260e-01 | 45 -0.00910  1.54298e+00
 46 -0.01039  1.23536e+00 | 47 -0.00837  1.47576e+00 | 48 -0.00550  1.10490e+00
 49 -0.01547 -2.68300e+00 | 50 -0.02233  7.52117e-01 | 51 -0.01897  5.49674e-01
 52  0.01422 -1.42306e+00 | 53  0.05852 -2.26960e+00 | 54  0.03732 -1.00467e-01
 55  0.01869 -5.47069e+00 | 56  0.05303 -4.27123e-01 | 57  0.05040 -3.93481e+00
 58  0.04857 -4.14801e+00 | 59  0.04507 -6.91782e+00 | 60  0.03970 -1.06093e+00
 61  0.06332 -3.10308e+00 | 62  0.08193 -4.82409e+00 | 63  0.06933 -3.99902e+00
 64  0.07677 -2.79454e+00 | 65  0.07060  2.11177e+00 | 66  0.06415 -3.67314e+00
 67  0.08612  2.64042e+00 | 68  0.03553  3.41181e-01 | 69  0.03898  1.58770e+00
 70  0.03210  3.00436e+00 | 71  0.00134  2.38779e-01 | 72 -0.02457  4.74817e-01
 73 -0.04137 -9.40935e-01 | 74 -0.02395 -6.14032e-01 | 75 -0.02601 -2.01733e-01
 76 -0.03776 -5.77498e-01 | 77 -0.01405 -7.89009e-02 | 78  0.03500 -6.71347e-02
 79  0.04420 -1.35946e-01 | 80  0.05658 -2.20737e-01 | 81  0.00000  0.00000e+00
 82  0.00000  0.00000e+00 | 83  0.00000  0.00000e+00 | 84  0.00000  0.00000e+00
 85  0.00000  0.00000e+00 | 86  0.00000  0.00000e+00 | 87 -0.60327 -3.42227e+00
 88 -2.99798  5.77074e-02 | 89 -0.67412 -2.30250e+01 | 90  1.02575  2.84325e-01
 91 -0.66768  9.72243e+01 | 92  0.98282 -2.49124e+00 |
92 variables; iteration 280; function evaluation 350; phase 5
Function value 4.2249927e+02; maximum gradient component mag 5.1190e+01
Var    Value     Gradient |Var    Value     Gradient |Var    Value     Gradient
  1  0.04779  7.51518e+00 |  2 -0.13980  8.73400e+00 |  3  0.34156  7.55811e+00
  4 -0.69909  7.46647e+00 |  5  0.99601 -3.96261e-01 |  6 -0.92967  1.85941e-01
  7  0.00903  5.11897e+01 |  8 -0.00921 -6.72696e-01 |  9 -0.01049 -6.83608e-01
 10 -0.01185 -6.68522e-01 | 11 -0.01333 -6.42175e-01 | 12 -0.01505 -6.47359e-01
 13 -0.01693 -6.55354e-01 | 14 -0.01892 -6.38897e-01 | 15 -0.02112 -6.45072e-01
 16 -0.02345 -6.45082e-01 | 17 -0.02592 -6.52929e-01 | 18 -0.02836 -6.07476e-01
 19 -0.03094 -6.00453e-01 | 20 -0.03355 -5.90742e-01 | 21 -0.03624 -6.25208e-01
 22 -0.03875 -5.79155e-01 | 23 -0.04133 -5.89546e-01 | 24 -0.04371 -5.55331e-01
 25 -0.04584 -5.23068e-01 | 26 -0.04778 -5.60013e-01 | 27 -0.04942 -5.54832e-01
 28 -0.05100 -4.93188e-01 | 29 -0.05294 -5.16455e-01 | 30 -0.05467 -4.90228e-01
 31 -0.05559 -4.94946e-01 | 32 -0.05490 -4.57131e-01 | 33 -0.05238 -4.59436e-01
 34 -0.04720 -4.28638e-01 | 35 -0.03771 -3.05770e-01 | 36 -0.02246 -2.66547e-01
 37  0.00035 -1.41584e-01 | 38  0.03157  1.34146e-01 | 39  0.06715  4.46975e-01
 40  0.07732 -2.47277e-04 | 41  0.06407  3.08663e+00 | 42  0.02184  1.24203e-01
 43  0.00176 -2.30873e-02 | 44 -0.00835  4.76621e-02 | 45 -0.01125  3.60108e-01
 46 -0.01215  2.65726e-01 | 47 -0.01122  1.80929e-01 | 48 -0.00798  2.26331e-01
 49 -0.01059 -3.54468e-01 | 50 -0.02418  2.09965e-01 | 51 -0.02052  2.08227e-01
 52  0.01792  7.07448e-01 | 53  0.05809 -2.44592e-01 | 54  0.03352  1.35796e+00
 55  0.02742 -5.87854e-01 | 56  0.04515  2.27947e-01 | 57  0.05487  9.58671e-01
 58  0.04534  1.16402e+00 | 59  0.04941  5.92774e-01 | 60  0.03569  9.16219e-01
 61  0.06365  1.50001e+00 | 62  0.08352  2.44358e+00 | 63  0.06657  1.21293e+00
 64  0.08265  2.03034e+00 | 65  0.05835  1.38744e+00 | 66  0.07761  1.41671e+00
 67  0.07640  6.40912e-01 | 68  0.04023  2.23850e-01 | 69  0.03927  4.98672e-02
 70  0.02857 -1.46426e-01 | 71  0.00293 -6.83640e-01 | 72 -0.02558 -6.85556e-01
 73 -0.04031 -6.22961e-01 | 74 -0.02407 -6.43448e-01 | 75 -0.02652 -7.70818e-01
 76 -0.03623 -2.62624e-01 | 77 -0.01536 -1.75697e-01 | 78  0.03572 -7.54441e-02
 79  0.04300 -9.97573e-02 | 80  0.05823  2.92269e-01 | 81  0.00000  0.00000e+00
 82  0.00000  0.00000e+00 | 83  0.00000  0.00000e+00 | 84  0.00000  0.00000e+00
 85  0.00000  0.00000e+00 | 86  0.00000  0.00000e+00 | 87 -0.60304  4.65366e+00
 88 -2.99815  4.75647e-02 | 89 -0.67349 -9.05868e-01 | 90  1.00619 -1.32694e-01
 91 -0.66767  4.75842e-01 | 92  1.00613  7.05179e-01 |
92 variables; iteration 300; function evaluation 371; phase 5
Function value 4.2239947e+02; maximum gradient component mag -4.4842e-01
Var    Value     Gradient |Var    Value     Gradient |Var    Value     Gradient
  1  0.05251 -1.75150e-01 |  2 -0.14093 -1.13533e-01 |  3  0.36194 -2.03735e-01
  4 -0.74794 -1.20421e-01 |  5  0.99943 -4.33300e-02 |  6 -0.91552 -1.77557e-02
  7  0.00913 -4.48417e-01 |  8 -0.00923 -4.99886e-06 |  9 -0.01047  5.54786e-04
 10 -0.01185  9.42425e-04 | 11 -0.01337  3.42711e-03 | 12 -0.01507  6.43594e-04
 13 -0.01692  1.75204e-04 | 14 -0.01892  6.32095e-03 | 15 -0.02109  3.04751e-03
 16 -0.02341  1.62151e-03 | 17 -0.02583  3.07305e-03 | 18 -0.02836  1.49661e-03
 19 -0.03095 -2.63435e-04 | 20 -0.03355  1.27528e-03 | 21 -0.03616  6.84004e-03
 22 -0.03875  2.47309e-03 | 23 -0.04130  1.94310e-03 | 24 -0.04373 -5.37582e-04
 25 -0.04591 -8.66617e-04 | 26 -0.04776  1.70913e-03 | 27 -0.04941  2.46301e-03
 28 -0.05110  7.16310e-03 | 29 -0.05302 -6.50045e-04 | 30 -0.05478  4.14559e-03
 31 -0.05566  5.75647e-03 | 32 -0.05499  6.73278e-03 | 33 -0.05241  7.03775e-03
 34 -0.04715  9.45321e-03 | 35 -0.03766  8.45135e-03 | 36 -0.02215  5.21309e-03
 37  0.00096  2.00095e-03 | 38  0.03237 -2.39567e-03 | 39  0.06832 -5.55292e-02
 40  0.08334  5.14910e-02 | 41  0.05302  3.09926e-02 | 42  0.02255  1.33827e-02
 43  0.00259  1.50662e-02 | 44 -0.00778  9.43303e-03 | 45 -0.01142 -4.75095e-04
 46 -0.01209 -6.40845e-04 | 47 -0.01110 -2.05082e-03 | 48 -0.00826 -9.63213e-03
 49 -0.00973 -1.50679e-02 | 50 -0.02472 -1.47788e-02 | 51 -0.02083 -1.92030e-02
 52  0.01712 -2.36449e-02 | 53  0.06167 -4.42375e-02 | 54  0.02939  7.74487e-03
 55  0.02952 -1.10301e-03 | 56  0.04498  5.38032e-03 | 57  0.05494 -7.32858e-02
 58  0.04408 -4.19829e-02 | 59  0.04996 -2.99199e-02 | 60  0.03526 -9.68126e-03
 61  0.06410 -2.60759e-03 | 62  0.08238 -5.84537e-02 | 63  0.06785 -3.09095e-02
 64  0.08176 -5.16213e-02 | 65  0.05872 -3.14333e-02 | 66  0.07771 -2.68674e-02
 67  0.07629  6.50489e-03 | 68  0.04018  5.22349e-03 | 69  0.03956 -3.87315e-02
 70  0.02806 -8.12878e-04 | 71  0.00312 -2.69110e-02 | 72 -0.02525  2.05918e-04
 73 -0.03998 -1.35260e-03 | 74 -0.02387 -4.77062e-03 | 75 -0.02583 -7.58965e-03
 76 -0.03683 -1.19350e-02 | 77 -0.01498  2.19631e-03 | 78  0.03694  5.26015e-03
 79  0.04355  8.81165e-03 | 80  0.05755  3.44873e-03 | 81  0.00000  0.00000e+00
 82  0.00000  0.00000e+00 | 83  0.00000  0.00000e+00 | 84  0.00000  0.00000e+00
 85  0.00000  0.00000e+00 | 86  0.00000  0.00000e+00 | 87 -0.60286 -9.22564e-02
 88 -3.00024 -4.96228e-04 | 89 -0.67312  1.71427e-01 | 90  1.01079  7.26682e-03
 91 -0.66735 -4.29232e-01 | 92  1.00086  3.41683e-02 |
92 variables; iteration 320; function evaluation 391; phase 5
Function value 4.2239942e+02; maximum gradient component mag -2.0994e-03
Var    Value     Gradient |Var    Value     Gradient |Var    Value     Gradient
  1  0.05247 -3.32914e-04 |  2 -0.14093 -9.05477e-04 |  3  0.36185 -7.64416e-05
  4 -0.74762 -3.26244e-05 |  5  0.99974  6.06840e-05 |  6 -0.91541  1.83897e-05
  7  0.00913 -2.09935e-03 |  8 -0.00922  3.34512e-05 |  9 -0.01047  3.32044e-05
 10 -0.01185  3.25222e-05 | 11 -0.01338  4.34471e-05 | 12 -0.01507  3.43661e-05
 13 -0.01692  2.45668e-05 | 14 -0.01893  4.51677e-05 | 15 -0.02110  3.40367e-05
 16 -0.02341  3.19269e-05 | 17 -0.02584  3.79171e-05 | 18 -0.02836  4.22312e-05
 19 -0.03094  3.80838e-05 | 20 -0.03355  4.18448e-05 | 21 -0.03617  6.37478e-05
 22 -0.03875  4.75426e-05 | 23 -0.04130  3.60617e-05 | 24 -0.04373  3.39169e-05
 25 -0.04590  4.21840e-05 | 26 -0.04776  4.30620e-05 | 27 -0.04941  4.72573e-05
 28 -0.05111  4.71116e-05 | 29 -0.05301  3.61530e-05 | 30 -0.05478  4.26447e-05
 31 -0.05567  4.85106e-05 | 32 -0.05500  5.16924e-05 | 33 -0.05242  5.14177e-05
 34 -0.04717  5.40964e-05 | 35 -0.03768  7.72531e-05 | 36 -0.02216  7.10257e-05
 37  0.00095  4.11575e-05 | 38  0.03238 -2.01271e-05 | 39  0.06866 -4.57788e-05
 40  0.08308  5.81229e-05 | 41  0.05296  4.83871e-05 | 42  0.02256 -3.86749e-05
 43  0.00259 -1.02860e-05 | 44 -0.00777  5.37514e-05 | 45 -0.01140  7.82374e-06
 46 -0.01208 -5.29965e-06 | 47 -0.01109 -2.27634e-06 | 48 -0.00825  1.08100e-05
 49 -0.00972  4.62292e-05 | 50 -0.02471 -4.03289e-05 | 51 -0.02083 -5.35195e-05
 52  0.01709 -1.17742e-04 | 53  0.06171 -2.24568e-04 | 54  0.02934 -1.71879e-04
 55  0.02955 -6.17749e-05 | 56  0.04492 -1.23798e-04 | 57  0.05501 -3.70043e-05
 58  0.04406 -3.65742e-05 | 59  0.04997 -2.76564e-05 | 60  0.03527 -3.64430e-05
 61  0.06406  8.54151e-05 | 62  0.08244  1.03851e-04 | 63  0.06780  1.14505e-04
 64  0.08180 -1.48419e-04 | 65  0.05870 -1.48706e-04 | 66  0.07773 -1.59628e-04
 67  0.07628 -1.85959e-04 | 68  0.04015  9.16501e-05 | 69  0.03963 -1.25531e-04
 70  0.02801  2.03996e-05 | 71  0.00316  1.08298e-05 | 72 -0.02526  7.63025e-05
 73 -0.03998  8.07657e-05 | 74 -0.02387  1.68664e-05 | 75 -0.02583  8.83568e-06
 76 -0.03682 -1.93129e-05 | 77 -0.01498 -3.90689e-05 | 78  0.03694  1.63798e-05
 79  0.04355 -3.19678e-05 | 80  0.05754  2.79708e-05 | 81  0.00000  0.00000e+00
 82  0.00000  0.00000e+00 | 83  0.00000  0.00000e+00 | 84  0.00000  0.00000e+00
 85  0.00000  0.00000e+00 | 86  0.00000  0.00000e+00 | 87 -0.60286  7.46859e-05
 88 -3.00019  3.71321e-05 | 89 -0.67312  2.11285e-04 | 90  1.01053  6.60889e-07
 91 -0.66735  1.53430e-03 | 92  0.99992 -7.19362e-06 |
  ic > imax  in fminim is answer attained ?
Var    Value     Gradient |Var    Value     Gradient |Var    Value     Gradient
  1  0.05247  7.97710e-05 |  2 -0.14093  8.43142e-05 |  3  0.36185  3.98627e-05
  4 -0.74762  2.01614e-05 |  5  0.99974  6.03669e-06 |  6 -0.91541 -1.24692e-05
  7  0.00913  2.48720e-04 |  8 -0.00922 -3.49658e-06 |  9 -0.01047 -3.25816e-06
 10 -0.01185 -3.92760e-06 | 11 -0.01338 -5.78016e-06 | 12 -0.01507 -4.05371e-06
 13 -0.01692 -1.55005e-06 | 14 -0.01893 -6.17587e-06 | 15 -0.02110 -3.86213e-06
 16 -0.02341 -3.64051e-06 | 17 -0.02584 -4.03530e-06 | 18 -0.02836 -5.24807e-06
 19 -0.03094 -4.55882e-06 | 20 -0.03355 -4.39011e-06 | 21 -0.03617 -9.21412e-06
 22 -0.03875 -5.04368e-06 | 23 -0.04130 -6.23412e-06 | 24 -0.04373 -4.47119e-06
 25 -0.04590 -4.45177e-06 | 26 -0.04776 -7.29358e-06 | 27 -0.04941 -7.48452e-06
 28 -0.05111 -7.06030e-06 | 29 -0.05301 -6.93822e-06 | 30 -0.05478 -6.80973e-06
 31 -0.05567 -8.52432e-06 | 32 -0.05500 -8.39911e-06 | 33 -0.05242 -9.13466e-06
 34 -0.04717 -9.59365e-06 | 35 -0.03768 -1.14781e-05 | 36 -0.02216 -1.30791e-05
 37  0.00095 -7.14030e-06 | 38  0.03238  4.65394e-06 | 39  0.06866 -6.14307e-06
 40  0.08308 -2.38980e-06 | 41  0.05296 -1.32843e-06 | 42  0.02256  3.75113e-07
 43  0.00259 -7.15967e-06 | 44 -0.00777 -1.17728e-05 | 45 -0.01140 -2.22180e-06
 46 -0.01208 -3.39454e-06 | 47 -0.01109 -2.93347e-06 | 48 -0.00825 -2.99611e-06
 49 -0.00972 -1.12384e-05 | 50 -0.02471  4.81813e-06 | 51 -0.02083  8.82304e-06
 52  0.01709  1.29339e-05 | 53  0.06171  1.18794e-05 | 54  0.02934  1.73957e-05
 55  0.02955  1.34177e-05 | 56  0.04492  2.84000e-06 | 57  0.05501  2.22279e-05
 58  0.04406  1.56671e-05 | 59  0.04997  1.86456e-05 | 60  0.03527  7.02881e-06
 61  0.06406  2.01519e-06 | 62  0.08244  3.30712e-05 | 63  0.06780  5.61519e-06
 64  0.08180  3.35218e-05 | 65  0.05870  3.56063e-05 | 66  0.07773  1.22385e-05
 67  0.07628  1.46853e-05 | 68  0.04015  5.96861e-06 | 69  0.03963  6.53537e-06
 70  0.02801 -1.05443e-06 | 71  0.00316 -3.48660e-06 | 72 -0.02526 -8.33408e-06
 73 -0.03998 -1.47078e-05 | 74 -0.02387 -3.01413e-06 | 75 -0.02583 -2.97943e-06
 76 -0.03682  6.54148e-06 | 77 -0.01498  2.51315e-06 | 78  0.03694 -2.79705e-06
 79  0.04355  4.12997e-06 | 80  0.05754 -5.25400e-06 | 81  0.00000  0.00000e+00
 82  0.00000  0.00000e+00 | 83  0.00000  0.00000e+00 | 84  0.00000  0.00000e+00
 85  0.00000  0.00000e+00 | 86  0.00000  0.00000e+00 | 87 -0.60286  3.99056e-05
 88 -3.00019  7.93702e-06 | 89 -0.67312 -4.12544e-05 | 90  1.01053 -1.73337e-06
 91 -0.66735 -8.93141e-05 | 92  0.99992  8.59689e-07 |
Function minimizer not making progress ... is minimum attained?
Minimprove criterion = 0.0000e+00
Warning: the following parameters had issues
  MGparm[6] is within 0.1% of upper bound: 5.0000e-02 < 3.5000e-01 < 3.5000e-01
  MGparm[7] is within 1% of lower bound: 5.0000e-02 < 5.0881e-02 < 2.5000e-01
  selparm[2] is within 0.1% of upper bound: 1.0000e-01 < 1.0000e+01 < 1.0000e+01
  selparm[4] is within 0.1% of upper bound: 1.0000e-01 < 9.9993e+00 < 1.0000e+01
  selparm[6] is within 0.1% of upper bound: 1.0000e-01 < 1.0000e+01 < 1.0000e+01


 - final statistics:
92 variables; iteration 326; function evaluation 426
Function value 4.2240e+02; maximum gradient component mag 2.4872e-04
Exit code = 1;  converg criter 1.0000e-04
Var    Value     Gradient |Var    Value     Gradient |Var    Value     Gradient
  1  0.05247  7.97710e-05 |  2 -0.14093  8.43142e-05 |  3  0.36185  3.98627e-05
  4 -0.74762  2.01614e-05 |  5  0.99974  6.03669e-06 |  6 -0.91541 -1.24692e-05
  7  0.00913  2.48720e-04 |  8 -0.00922 -3.49658e-06 |  9 -0.01047 -3.25816e-06
 10 -0.01185 -3.92760e-06 | 11 -0.01338 -5.78016e-06 | 12 -0.01507 -4.05371e-06
 13 -0.01692 -1.55005e-06 | 14 -0.01893 -6.17587e-06 | 15 -0.02110 -3.86213e-06
 16 -0.02341 -3.64051e-06 | 17 -0.02584 -4.03530e-06 | 18 -0.02836 -5.24807e-06
 19 -0.03094 -4.55882e-06 | 20 -0.03355 -4.39011e-06 | 21 -0.03617 -9.21412e-06
 22 -0.03875 -5.04368e-06 | 23 -0.04130 -6.23412e-06 | 24 -0.04373 -4.47119e-06
 25 -0.04590 -4.45177e-06 | 26 -0.04776 -7.29358e-06 | 27 -0.04941 -7.48452e-06
 28 -0.05111 -7.06030e-06 | 29 -0.05301 -6.93822e-06 | 30 -0.05478 -6.80973e-06
 31 -0.05567 -8.52432e-06 | 32 -0.05500 -8.39911e-06 | 33 -0.05242 -9.13466e-06
 34 -0.04717 -9.59365e-06 | 35 -0.03768 -1.14781e-05 | 36 -0.02216 -1.30791e-05
 37  0.00095 -7.14030e-06 | 38  0.03238  4.65394e-06 | 39  0.06866 -6.14307e-06
 40  0.08308 -2.38980e-06 | 41  0.05296 -1.32843e-06 | 42  0.02256  3.75113e-07
 43  0.00259 -7.15967e-06 | 44 -0.00777 -1.17728e-05 | 45 -0.01140 -2.22180e-06
 46 -0.01208 -3.39454e-06 | 47 -0.01109 -2.93347e-06 | 48 -0.00825 -2.99611e-06
 49 -0.00972 -1.12384e-05 | 50 -0.02471  4.81813e-06 | 51 -0.02083  8.82304e-06
 52  0.01709  1.29339e-05 | 53  0.06171  1.18794e-05 | 54  0.02934  1.73957e-05
 55  0.02955  1.34177e-05 | 56  0.04492  2.84000e-06 | 57  0.05501  2.22279e-05
 58  0.04406  1.56671e-05 | 59  0.04997  1.86456e-05 | 60  0.03527  7.02881e-06
 61  0.06406  2.01519e-06 | 62  0.08244  3.30712e-05 | 63  0.06780  5.61519e-06
 64  0.08180  3.35218e-05 | 65  0.05870  3.56063e-05 | 66  0.07773  1.22385e-05
 67  0.07628  1.46853e-05 | 68  0.04015  5.96861e-06 | 69  0.03963  6.53537e-06
 70  0.02801 -1.05443e-06 | 71  0.00316 -3.48660e-06 | 72 -0.02526 -8.33408e-06
 73 -0.03998 -1.47078e-05 | 74 -0.02387 -3.01413e-06 | 75 -0.02583 -2.97943e-06
 76 -0.03682  6.54148e-06 | 77 -0.01498  2.51315e-06 | 78  0.03694 -2.79705e-06
 79  0.04355  4.12997e-06 | 80  0.05754 -5.25400e-06 | 81  0.00000  0.00000e+00
 82  0.00000  0.00000e+00 | 83  0.00000  0.00000e+00 | 84  0.00000  0.00000e+00
 85  0.00000  0.00000e+00 | 86  0.00000  0.00000e+00 | 87 -0.60286  3.99056e-05
 88 -3.00019  7.93702e-06 | 89 -0.67312 -4.12544e-05 | 90  1.01053 -1.73337e-06
 91 -0.66735 -8.93141e-05 | 92  0.99992  8.59689e-07 |
Estimating row 1 out of 92 for hessian
Estimating row 2 out of 92 for hessian
Estimating row 3 out of 92 for hessian
Estimating row 4 out of 92 for hessian
Estimating row 5 out of 92 for hessian
Estimating row 6 out of 92 for hessian
Estimating row 7 out of 92 for hessian
Estimating row 8 out of 92 for hessian
Estimating row 9 out of 92 for hessian
Estimating row 10 out of 92 for hessian
Estimating row 11 out of 92 for hessian
Estimating row 12 out of 92 for hessian
Estimating row 13 out of 92 for hessian
Estimating row 14 out of 92 for hessian
Estimating row 15 out of 92 for hessian
Estimating row 16 out of 92 for hessian
Estimating row 17 out of 92 for hessian
Estimating row 18 out of 92 for hessian
Estimating row 19 out of 92 for hessian
Estimating row 20 out of 92 for hessian
Estimating row 21 out of 92 for hessian
Estimating row 22 out of 92 for hessian
Estimating row 23 out of 92 for hessian
Estimating row 24 out of 92 for hessian
Estimating row 25 out of 92 for hessian
Estimating row 26 out of 92 for hessian
Estimating row 27 out of 92 for hessian
Estimating row 28 out of 92 for hessian
Estimating row 29 out of 92 for hessian
Estimating row 30 out of 92 for hessian
Estimating row 31 out of 92 for hessian
Estimating row 32 out of 92 for hessian
Estimating row 33 out of 92 for hessian
Estimating row 34 out of 92 for hessian
Estimating row 35 out of 92 for hessian
Estimating row 36 out of 92 for hessian
Estimating row 37 out of 92 for hessian
Estimating row 38 out of 92 for hessian
Estimating row 39 out of 92 for hessian
Estimating row 40 out of 92 for hessian
Estimating row 41 out of 92 for hessian
Estimating row 42 out of 92 for hessian
Estimating row 43 out of 92 for hessian
Estimating row 44 out of 92 for hessian
Estimating row 45 out of 92 for hessian
Estimating row 46 out of 92 for hessian
Estimating row 47 out of 92 for hessian
Estimating row 48 out of 92 for hessian
Estimating row 49 out of 92 for hessian
Estimating row 50 out of 92 for hessian
Estimating row 51 out of 92 for hessian
Estimating row 52 out of 92 for hessian
Estimating row 53 out of 92 for hessian
Estimating row 54 out of 92 for hessian
Estimating row 55 out of 92 for hessian
Estimating row 56 out of 92 for hessian
Estimating row 57 out of 92 for hessian
Estimating row 58 out of 92 for hessian
Estimating row 59 out of 92 for hessian
Estimating row 60 out of 92 for hessian
Estimating row 61 out of 92 for hessian
Estimating row 62 out of 92 for hessian
Estimating row 63 out of 92 for hessian
Estimating row 64 out of 92 for hessian
Estimating row 65 out of 92 for hessian
Estimating row 66 out of 92 for hessian
Estimating row 67 out of 92 for hessian
Estimating row 68 out of 92 for hessian
Estimating row 69 out of 92 for hessian
Estimating row 70 out of 92 for hessian
Estimating row 71 out of 92 for hessian
Estimating row 72 out of 92 for hessian
Estimating row 73 out of 92 for hessian
Estimating row 74 out of 92 for hessian
Estimating row 75 out of 92 for hessian
Estimating row 76 out of 92 for hessian
Estimating row 77 out of 92 for hessian
Estimating row 78 out of 92 for hessian
Estimating row 79 out of 92 for hessian
Estimating row 80 out of 92 for hessian
Estimating row 81 out of 92 for hessian
Estimating row 82 out of 92 for hessian
Estimating row 83 out of 92 for hessian
Estimating row 84 out of 92 for hessian
Estimating row 85 out of 92 for hessian
Estimating row 86 out of 92 for hessian
Estimating row 87 out of 92 for hessian
Estimating row 88 out of 92 for hessian
Estimating row 89 out of 92 for hessian
Estimating row 90 out of 92 for hessian
Estimating row 91 out of 92 for hessian
Estimating row 92 out of 92 for hessian
size of file gradfil1.tmp = 0
size of file gradfil2.tmp = 0
size of file varssave.tmp = 0
size of file cmpdiff.tmp = 0
