
Initial statistics: 4 variables; iteration 0; function evaluation 0; phase 1
Function value 1.5508337e+03; maximum gradient component mag 2.1133e+04
Var    Value     Gradient |Var    Value     Gradient |Var    Value     Gradient
  1 -0.27296 -1.88195e+01 |  2 -0.38494  2.11332e+04 |  3 -0.06495  6.43461e+03
  4  0.01045 -1.45351e+04 |

 - final statistics:
4 variables; iteration 11; function evaluation 14
Function value 1.3152e+03; maximum gradient component mag 8.7956e+00
Exit code = 1;  converg criter 1.0000e+01
Var    Value     Gradient |Var    Value     Gradient |Var    Value     Gradient
  1 -0.15118 -3.45157e-01 |  2 -0.38569  8.79558e+00 |  3 -0.09948 -1.43230e+00
  4  0.02929  1.54523e+00 |

Initial statistics: 82 variables; iteration 0; function evaluation 0; phase 2
Function value 1.3152156e+03; maximum gradient component mag -1.3417e+03
Var    Value     Gradient |Var    Value     Gradient |Var    Value     Gradient
  1 -0.15118 -3.45157e-01 |  2 -0.38569  8.79558e+00 |  3 -0.09948 -1.43230e+00
  4  0.02929  1.54523e+00 |  5 -0.00323  3.84595e+01 |  6  0.00025  4.56790e+01
  7 -0.00003  5.10444e+01 |  8  0.00389  6.04973e+01 |  9  0.00267  6.67973e+01
 10 -0.00128  7.13747e+01 | 11  0.00089  8.24096e+01 | 12  0.00369  9.54311e+01
 13  0.00183  1.04488e+02 | 14  0.00050  1.14995e+02 | 15 -0.00246  1.24234e+02
 16 -0.00166  1.39407e+02 | 17  0.00143  1.59299e+02 | 18 -0.00074  1.71697e+02
 19 -0.00319  1.83719e+02 | 20  0.00484  2.16276e+02 | 21  0.00009  2.24118e+02
 22 -0.00465  2.31325e+02 | 23 -0.00244  2.54711e+02 | 24 -0.00391  2.69932e+02
 25  0.00014  3.00536e+02 | 26 -0.00415  3.09195e+02 | 27 -0.00478  3.27304e+02
 28  0.00310  3.73460e+02 | 29  0.00013  3.83978e+02 | 30  0.00442  4.15818e+02
 31 -0.00344  3.98878e+02 | 32  0.00067  4.20961e+02 | 33 -0.00135  4.19160e+02
 34 -0.00402  4.11281e+02 | 35  0.00287  4.39116e+02 | 36  0.00322  4.46764e+02
 37 -0.00051  4.41524e+02 | 38  0.00093  4.61983e+02 | 39  0.00188  4.80697e+02
 40 -0.00200  4.77867e+02 | 41  0.00033  4.92136e+02 | 42 -0.00260  4.65646e+02
 43  0.00140  4.38151e+02 | 44 -0.00183  3.61600e+02 | 45 -0.00275  3.19212e+02
 46  0.00472  3.07328e+02 | 47  0.00005  2.86685e+02 | 48 -0.00008  2.36307e+02
 49  0.00229  1.44232e+02 | 50  0.00219  8.63637e+00 | 51 -0.00057 -7.94890e+01
 52 -0.00096 -1.91948e+02 | 53 -0.00196 -2.93119e+02 | 54  0.00069 -4.22748e+02
 55  0.00162 -5.50212e+02 | 56  0.00400 -6.71169e+02 | 57 -0.00410 -7.82311e+02
 58  0.00434 -1.05355e+03 | 59 -0.00342 -1.17130e+03 | 60  0.00494 -1.34167e+03
 61 -0.00248 -1.28958e+03 | 62  0.00467 -1.30469e+03 | 63 -0.00114 -1.17046e+03
 64 -0.00097 -1.03989e+03 | 65 -0.00347 -8.58119e+02 | 66 -0.00472 -6.25760e+02
 67  0.00442 -4.04728e+02 | 68  0.00198 -1.30113e+02 | 69  0.00032  9.40176e+01
 70  0.00333  2.62732e+02 | 71 -0.00326  2.92432e+02 | 72  0.00371  2.69180e+02
 73 -0.00429  1.88237e+02 | 74  0.27883 -9.59197e+02 | 75 -0.53393  2.15869e+02
 76 -0.04531 -2.96142e+01 | 77  0.07512 -3.93362e+02 | 78 -0.99450 -1.83152e-01
 79 -0.11534  1.26987e+02 | 80 -0.07717 -4.22731e+02 | 81 -0.56538  6.24344e+00
 82  0.14474  1.87671e+01 |

Intermediate statistics: 82 variables; iteration 20; function evaluation 35; phase 2
Function value 8.0402546e+02; maximum gradient component mag 1.1246e+04
Var    Value     Gradient |Var    Value     Gradient |Var    Value     Gradient
  1 -0.16494  7.80942e+01 |  2 -0.38455  1.12460e+04 |  3 -0.10019  8.18377e+02
  4 -0.00266  3.36116e+03 |  5 -0.01018 -3.11827e+01 |  6 -0.01500 -3.24148e+01
  7 -0.01785 -3.26776e+01 |  8 -0.02366 -3.41229e+01 |  9 -0.02669 -3.41690e+01
 10 -0.02838 -3.34345e+01 | 11 -0.03411 -3.44583e+01 | 12 -0.04047 -3.56575e+01
 13 -0.04442 -3.54316e+01 | 14 -0.04919 -3.52687e+01 | 15 -0.05324 -3.45389e+01
 16 -0.05888 -3.47476e+01 | 17 -0.06462 -3.52907e+01 | 18 -0.06679 -3.41234e+01
 19 -0.06781 -3.26148e+01 | 20 -0.07077 -3.27292e+01 | 21 -0.06791 -2.99424e+01
 22 -0.06385 -2.68247e+01 | 23 -0.05973 -2.38083e+01 | 24 -0.05368 -1.98327e+01
 25 -0.04589 -1.46887e+01 | 26 -0.03757 -9.20224e+00 | 27 -0.02710 -2.16172e+00
 28 -0.01095  1.00024e+01 | 29  0.00243  2.08997e+01 | 30  0.02250  3.83516e+01
 31  0.03484  4.96029e+01 | 32  0.05629  7.18190e+01 | 33  0.06944  8.99272e+01
 34  0.07591  1.02987e+02 | 35  0.08186  1.19964e+02 | 36  0.07099  1.20510e+02
 37  0.04873  1.08419e+02 | 38  0.02516  9.61547e+01 | 39 -0.00142  7.78875e+01
 40 -0.02957  5.30550e+01 | 41 -0.04656  3.51103e+01 | 42 -0.05200  2.22153e+01
 43 -0.02142  3.60715e+01 | 44  0.03788  7.18477e+01 | 45  0.05498  7.91172e+01
 46  0.07029  7.18078e+01 | 47 -0.01923 -5.52255e+00 | 48 -0.04113 -3.37472e+01
 49 -0.01174 -1.25271e+01 | 50  0.10794  1.05235e+02 | 51  0.02011  4.02970e+01
 52  0.05162  4.68237e+01 | 53  0.01961  3.36472e+01 | 54  0.03856  6.98038e+01
 55  0.12409  1.75056e+02 | 56  0.05095 -2.05346e+01 | 57 -0.28164 -1.31248e+02
 58  0.11463  1.09204e+02 | 59  0.09879  2.52517e+02 | 60  0.17091  5.14112e+02
 61 -0.01581  5.46347e+00 | 62  0.14381 -5.48314e+01 | 63 -0.16949 -1.16311e+02
 64  0.11138 -1.35005e+02 | 65  0.10793 -9.30329e+01 | 66 -0.01905 -7.60888e+01
 67  0.06195 -7.41216e+01 | 68  0.01256 -4.31398e+01 | 69 -0.00040 -6.78830e+00
 70 -0.02538  1.73111e+01 | 71 -0.02523  2.04245e+01 | 72 -0.00787  1.03981e+01
 73 -0.01712 -1.58426e+01 | 74  0.33000 -9.72540e+01 | 75 -0.83444  3.14392e+00
 76 -0.42748 -1.43737e+02 | 77  0.11150  5.94662e+01 | 78 -0.99290 -2.03102e-01
 79 -0.33516 -6.04899e+01 | 80 -0.07778 -7.47500e+02 | 81 -0.55087  5.45867e+01
 82  0.46256  3.94205e-01 |
82 variables; iteration 40; function evaluation 61; phase 2
Function value 7.3746836e+02; maximum gradient component mag 4.1338e+03
Var    Value     Gradient |Var    Value     Gradient |Var    Value     Gradient
  1 -0.16309 -3.79265e+01 |  2 -0.38504  4.13379e+03 |  3 -0.09919  5.36941e+02
  4  0.00174  1.04099e+03 |  5  0.00009  2.22541e+01 |  6 -0.00157  2.18955e+01
  7 -0.00328  2.15583e+01 |  8 -0.00547  2.10730e+01 |  9 -0.00734  2.07733e+01
 10 -0.00949  2.04067e+01 | 11 -0.01180  2.00158e+01 | 12 -0.01405  1.96944e+01
 13 -0.01639  1.93948e+01 | 14 -0.01872  1.91702e+01 | 15 -0.02148  1.88083e+01
 16 -0.02379  1.86396e+01 | 17 -0.02568  1.86164e+01 | 18 -0.02868  1.80308e+01
 19 -0.03184  1.72676e+01 | 20 -0.03275  1.74141e+01 | 21 -0.03626  1.62017e+01
 22 -0.03967  1.49022e+01 | 23 -0.04165  1.42073e+01 | 24 -0.04431  1.31017e+01
 25 -0.04589  1.24491e+01 | 26 -0.04887  1.10359e+01 | 27 -0.05065  1.00074e+01
 28 -0.04981  9.98315e+00 | 29 -0.04893  9.49210e+00 | 30 -0.04168  1.11232e+01
 31 -0.03480  1.16656e+01 | 32 -0.02166  1.41651e+01 | 33 -0.01745  1.31641e+01
 34  0.02954  3.00081e+01 | 35  0.14997  8.08345e+01 | 36  0.06131  5.92804e+01
 37  0.02712  5.93502e+01 | 38  0.00137  6.29942e+01 | 39 -0.02470  6.17809e+01
 40 -0.04125  6.15257e+01 | 41 -0.04617  6.43176e+01 | 42 -0.04020  6.90936e+01
 43 -0.01133  8.49405e+01 | 44  0.04056  1.12752e+02 | 45  0.04679  1.13502e+02
 46  0.04942  1.11328e+02 | 47 -0.00600  7.78455e+01 | 48 -0.00710  7.04549e+01
 49  0.01081  7.65888e+01 | 50  0.07559  1.03021e+02 | 51  0.02119  6.14923e+01
 52  0.04018  4.56129e+01 | 53  0.01619  4.82349e+01 | 54  0.03398  8.33988e+01
 55  0.12241  1.71472e+02 | 56  0.01355 -7.39582e+00 | 57 -0.11764 -4.53926e+01
 58  0.13269  1.00176e+02 | 59  0.04608  7.71584e+01 | 60  0.15950  1.79750e+02
 61 -0.15431 -5.46608e+01 | 62  0.15238  3.38524e+00 | 63 -0.02189 -1.72713e+01
 64  0.10690  2.57537e+01 | 65  0.06842  3.14512e+01 | 66  0.05331  2.68098e+01
 67  0.05442  5.74679e+00 | 68 -0.00165 -1.12395e+01 | 69  0.00169 -3.86271e+00
 70 -0.06039  4.23347e+00 | 71 -0.03837  2.76452e+01 | 72 -0.00557  4.37987e+01
 73 -0.01354  3.71257e+01 | 74  0.31236  4.62851e+02 | 75 -0.60112  6.07734e+01
 76 -0.21744  2.55272e+01 | 77  0.11036 -1.52198e+02 | 78 -0.94391  4.27211e-01
 79 -0.29646 -5.39088e+01 | 80 -0.06160 -3.31259e+02 | 81 -0.50125  4.93532e+01
 82  0.48060 -5.93194e-01 |
82 variables; iteration 60; function evaluation 92; phase 2
Function value 7.0847170e+02; maximum gradient component mag -1.1796e+03
Var    Value     Gradient |Var    Value     Gradient |Var    Value     Gradient
  1 -0.13338 -2.65470e+02 |  2 -0.38519 -1.17960e+03 |  3 -0.10574 -8.40885e+02
  4  0.00585 -1.07607e+03 |  5 -0.00746  7.01233e+00 |  6 -0.00854  7.22935e+00
  7 -0.01006  7.35136e+00 |  8 -0.01008  8.23814e+00 |  9 -0.01174  8.52296e+00
 10 -0.01413  8.57783e+00 | 11 -0.01524  9.31699e+00 | 12 -0.01590  1.03912e+01
 13 -0.01949  1.02187e+01 | 14 -0.02520  9.11828e+00 | 15 -0.03394  6.50814e+00
 16 -0.03620  7.05351e+00 | 17 -0.03336  1.02063e+01 | 18 -0.03985  8.36518e+00
 19 -0.04309  8.04429e+00 | 20 -0.03727  1.24423e+01 | 21 -0.03843  1.27671e+01
 22 -0.03721  1.42157e+01 | 23 -0.03642  1.53450e+01 | 24 -0.03576  1.62108e+01
 25 -0.03890  1.47314e+01 | 26 -0.03793  1.53155e+01 | 27 -0.03900  1.41910e+01
 28 -0.04763  8.23759e+00 | 29 -0.04514  7.27458e+00 | 30 -0.00896  2.22301e+01
 31 -0.02326  7.22507e+00 | 32 -0.00830  4.07471e+00 | 33  0.00153 -4.30222e+00
 34  0.01956 -1.17523e+01 | 35  0.08785 -1.70655e+01 | 36  0.05036 -1.95262e+01
 37  0.04400 -1.25931e+01 | 38 -0.01133 -1.09221e+01 | 39 -0.03439 -7.11578e+00
 40 -0.04248 -2.01571e+00 | 41 -0.05036 -2.56800e+00 | 42 -0.04689 -5.76178e+00
 43 -0.01845 -1.04680e+01 | 44  0.01143 -2.80726e+01 | 45  0.03610 -2.90073e+01
 46  0.03909 -2.48587e+01 | 47 -0.00990 -8.54215e+00 | 48 -0.01786 -1.15114e+01
 49  0.00619 -7.13720e+00 | 50  0.06654 -1.61893e+01 | 51 -0.00276 -1.92085e+01
 52  0.04980 -3.62278e+01 | 53  0.01999 -4.09671e+01 | 54  0.00358 -4.20616e+01
 55  0.09595 -1.99811e+01 | 56  0.02539 -3.35640e+01 | 57 -0.03658 -3.91221e+01
 58  0.11916 -3.77516e+00 | 59  0.02647 -3.40511e+01 | 60  0.13695 -6.59942e+01
 61 -0.09726 -7.50210e+01 | 62  0.14259 -8.74440e+01 | 63 -0.01472 -4.73641e+01
 64  0.10789 -4.84996e+01 | 65  0.05062 -5.05202e+01 | 66  0.03455 -4.16139e+01
 67  0.04468 -2.12459e+01 | 68  0.02863  1.24795e+01 | 69 -0.01170  1.81757e+01
 70 -0.03519  2.84081e+01 | 71 -0.05376  1.16771e+01 | 72 -0.01810  9.67278e+00
 73 -0.01693  3.57898e+00 | 74  0.31022  1.90364e+02 | 75 -0.80003  8.46850e+00
 76 -0.19830  1.86642e+01 | 77  0.11615 -1.02860e+02 | 78 -0.91739  5.03021e-01
 79 -0.26251 -8.58928e+00 | 80 -0.03045 -9.66732e+00 | 81 -0.42455  2.01754e+01
 82  0.23503 -2.26992e+01 |
Maximum number of function evaluations exceeded

 - final statistics:
82 variables; iteration 65; function evaluation 100
Function value 7.0586e+02; maximum gradient component mag -8.9531e+02
Exit code = 3;  converg criter 1.0000e+01
Var    Value     Gradient |Var    Value     Gradient |Var    Value     Gradient
  1 -0.12442 -1.64477e+02 |  2 -0.38518 -7.15290e+02 |  3 -0.10773 -6.45623e+02
  4  0.00536 -8.95313e+02 |  5 -0.01787  2.87697e+00 |  6 -0.01262  5.86726e+00
  7 -0.01302  6.55718e+00 |  8 -0.00835  9.65593e+00 |  9 -0.01022  9.98330e+00
 10 -0.01743  7.94371e+00 | 11 -0.01501  1.04827e+01 | 12 -0.01107  1.40099e+01
 13 -0.01772  1.25138e+01 | 14 -0.02441  1.10876e+01 | 15 -0.03204  9.16015e+00
 16 -0.02986  1.23078e+01 | 17 -0.02964  1.44420e+01 | 18 -0.03326  1.43640e+01
 19 -0.03662  1.42218e+01 | 20 -0.03723  1.53867e+01 | 21 -0.03888  1.56522e+01
 22 -0.03826  1.70271e+01 | 23 -0.03644  1.90542e+01 | 24 -0.03506  2.06337e+01
 25 -0.04034  1.79761e+01 | 26 -0.03917  1.89708e+01 | 27 -0.04038  1.80058e+01
 28 -0.04198  1.62932e+01 | 29 -0.03878  1.62148e+01 | 30 -0.03277  1.58482e+01
 31 -0.02694  1.27562e+01 | 32 -0.01271  1.12771e+01 | 33  0.01037  1.03181e+01
 34  0.02771  4.45042e+00 | 35  0.08362  6.78828e+00 | 36  0.05406 -3.47474e-01
 37  0.06447  9.34952e+00 | 38 -0.01384 -1.59747e+00 | 39 -0.03753 -1.06303e+00
 40 -0.05185 -1.08152e+00 | 41 -0.05672 -2.05816e+00 | 42 -0.05675 -7.66229e+00
 43 -0.02008 -7.80658e+00 | 44  0.01195 -2.29457e+01 | 45  0.04656 -2.45099e+01
 46  0.03500 -2.54529e+01 | 47 -0.01471 -1.36954e+01 | 48 -0.02143 -1.74319e+01
 49  0.00507 -1.15457e+01 | 50  0.07065 -1.65105e+01 | 51 -0.01299 -1.87224e+01
 52  0.05726 -2.62287e+01 | 53  0.02316 -3.60245e+01 | 54 -0.00116 -4.53069e+01
 55  0.09532 -3.53574e+01 | 56  0.02725 -4.43901e+01 | 57 -0.03792 -4.71752e+01
 58  0.11919 -2.95201e+01 | 59  0.02045 -4.36486e+01 | 60  0.13758 -6.61524e+01
 61 -0.07977 -6.98276e+01 | 62  0.14292 -6.90371e+01 | 63 -0.01461 -4.46281e+01
 64  0.10741 -4.42195e+01 | 65  0.05031 -4.70288e+01 | 66  0.03988 -3.83759e+01
 67  0.04550 -2.24682e+01 | 68  0.02385  4.45012e+00 | 69 -0.00974  1.33694e+01
 70 -0.03730  2.44048e+01 | 71 -0.05298  1.20559e+01 | 72 -0.01672  1.15906e+01
 73 -0.01474  6.59346e+00 | 74  0.30949  1.01686e+02 | 75 -0.82047  6.95121e+00
 76 -0.20074  7.53209e+00 | 77  0.11800 -1.14692e+02 | 78 -1.01993  2.00256e-03
 79 -0.25802  3.14322e+00 | 80 -0.02687  2.96072e+00 | 81 -0.41698 -4.65611e+00
 82  0.26688 -1.51717e+01 |

Initial statistics: 93 variables; iteration 0; function evaluation 0; phase 3
Function value 7.0579418e+02; maximum gradient component mag -1.1518e+03
Var    Value     Gradient |Var    Value     Gradient |Var    Value     Gradient
  1 -0.12442 -1.64477e+02 |  2 -0.38518 -7.15290e+02 |  3 -0.10773 -6.45623e+02
  4 -0.22166 -3.89213e+02 |  5 -0.90989 -1.15178e+03 |  6  0.00536 -8.95313e+02
  7 -0.01754  8.86773e+00 |  8 -0.01229  1.18592e+01 |  9 -0.01268  1.25491e+01
 10 -0.00801  1.56485e+01 | 11 -0.00989  1.59757e+01 | 12 -0.01709  1.39347e+01
 13 -0.01468  1.64742e+01 | 14 -0.01073  2.00022e+01 | 15 -0.01739  1.85047e+01
 16 -0.02407  1.70765e+01 | 17 -0.03170  1.51460e+01 | 18 -0.02953  1.82947e+01
 19 -0.02930  2.04291e+01 | 20 -0.03292  2.03494e+01 | 21 -0.03629  2.02055e+01
 22 -0.03690  2.13702e+01 | 23 -0.03855  2.16348e+01 | 24 -0.03792  2.30101e+01
 25 -0.03611  2.50381e+01 | 26 -0.03473  2.66184e+01 | 27 -0.04000  2.39579e+01
 28 -0.03883  2.49533e+01 | 29 -0.04004  2.39875e+01 | 30 -0.04164  2.22739e+01
 31 -0.03845  2.21974e+01 | 32 -0.03243  2.18338e+01 | 33 -0.02660  1.87443e+01
 34 -0.01238  1.72691e+01 | 35  0.01071  1.63101e+01 | 36  0.02805  1.04375e+01
 37  0.08396  1.27288e+01 | 38  0.05440  5.62368e+00 | 39  0.06480  1.53110e+01
 40 -0.01350  4.39416e+00 | 41 -0.03719  4.91971e+00 | 42 -0.05151  4.89183e+00
 43 -0.05638  3.91125e+00 | 44 -0.05641 -1.69316e+00 | 45 -0.01975 -1.81659e+00
 46  0.01228 -1.69535e+01 | 47  0.04690 -1.85322e+01 | 48  0.03533 -1.94684e+01
 49 -0.01438 -7.70407e+00 | 50 -0.02109 -1.14425e+01 | 51  0.00540 -5.55286e+00
 52  0.07099 -1.05537e+01 | 53 -0.01265 -1.27308e+01 | 54  0.05760 -2.02590e+01
 55  0.02349 -3.00349e+01 | 56 -0.00082 -3.93139e+01 | 57  0.09566 -2.94290e+01
 58  0.02759 -3.84018e+01 | 59 -0.03759 -4.11942e+01 | 60  0.11953 -2.36294e+01
 61  0.02078 -3.76580e+01 | 62  0.13793 -6.02916e+01 | 63 -0.07944 -6.38858e+01
 64  0.14326 -6.31867e+01 | 65 -0.01427 -3.86371e+01 | 66  0.10775 -3.83081e+01
 67  0.05064 -4.10528e+01 | 68  0.04022 -3.23936e+01 | 69  0.04583 -1.64899e+01
 70  0.02419  1.04387e+01 | 71 -0.00940  1.93618e+01 | 72 -0.03697  3.03884e+01
 73 -0.05265  1.80290e+01 | 74 -0.01638  1.75818e+01 | 75 -0.01441  1.25850e+01
 76  0.30949  1.01686e+02 | 77 -0.03843  3.00919e+02 | 78  0.42494  4.56717e+02
 79 -0.71639  9.83957e+00 | 80 -0.82047  6.95121e+00 | 81 -0.20074  7.53209e+00
 82  0.11800 -1.14692e+02 | 83  0.10036  1.13881e+01 | 84  0.46921  6.99702e+01
 85 -0.79298  1.58733e-02 | 86 -0.98007 -2.00256e-03 | 87 -0.25802  3.14322e+00
 88 -0.02687  2.96072e+00 | 89 -0.02392 -8.84948e-01 | 90  0.30389 -1.92193e+02
 91 -0.86429 -2.51724e-02 | 92 -0.41698 -4.65611e+00 | 93  0.26688 -1.51717e+01

Intermediate statistics: 93 variables; iteration 20; function evaluation 30; phase 3
Function value 4.7714608e+02; maximum gradient component mag 2.1427e+04
Var    Value     Gradient |Var    Value     Gradient |Var    Value     Gradient
  1 -0.04615  4.88186e+02 |  2 -0.39192  2.14267e+04 |  3 -0.12507  1.36339e+03
  4 -0.29631  3.02891e+02 |  5 -0.74450  3.26972e+02 |  6  0.01494  8.20618e+03
  7  0.00451 -9.40405e+01 |  8 -0.00421 -9.62803e+01 |  9 -0.00713 -9.52693e+01
 10 -0.01348 -9.59729e+01 | 11 -0.01476 -9.36081e+01 | 12 -0.01363 -8.94624e+01
 13 -0.01739 -8.79842e+01 | 14 -0.02031 -8.57524e+01 | 15 -0.02090 -8.17064e+01
 16 -0.02215 -7.77946e+01 | 17 -0.02417 -7.42116e+01 | 18 -0.02611 -7.03934e+01
 19 -0.02778 -6.62509e+01 | 20 -0.03051 -6.30135e+01 | 21 -0.03345 -6.01243e+01
 22 -0.03540 -5.65621e+01 | 23 -0.03784 -5.36922e+01 | 24 -0.03899 -4.97024e+01
 25 -0.03924 -4.45804e+01 | 26 -0.03933 -3.94522e+01 | 27 -0.04400 -3.93291e+01
 28 -0.04372 -3.41434e+01 | 29 -0.04483 -3.10173e+01 | 30 -0.04613 -2.81626e+01
 31 -0.04301 -2.13299e+01 | 32 -0.03664 -1.23206e+01 | 33 -0.02912 -4.72365e+00
 34 -0.01335  1.26911e+01 | 35  0.01149  4.48815e+01 | 36  0.03299  7.45585e+01
 37  0.08987  1.87690e+02 | 38  0.06013  1.24516e+02 | 39  0.06559  1.41718e+02
 40 -0.00609  2.37647e+01 | 41 -0.02984 -3.38721e+00 | 42 -0.04420 -1.61891e+01
 43 -0.04903 -1.82875e+01 | 44 -0.04777 -1.51397e+01 | 45 -0.01622  3.00695e+01
 46  0.01191  7.88892e+01 | 47  0.04803  1.55281e+02 | 48  0.03017  1.19648e+02
 49 -0.01494  4.47860e+01 | 50 -0.01727  3.48451e+01 | 51  0.01060  6.95652e+01
 52  0.08305  2.20295e+02 | 53 -0.00226  3.91493e+01 | 54  0.05922  1.33193e+02
 55  0.01471  4.06385e+01 | 56 -0.00474 -1.85426e+00 | 57  0.09895  1.77012e+02
 58  0.02308  3.82070e+00 | 59 -0.02883 -7.02719e+01 | 60  0.10736  7.71096e+01
 61  0.01434 -6.66730e+01 | 62  0.12334  6.70379e+01 | 63 -0.07828 -1.21469e+02
 64  0.14747  2.67663e+02 | 65 -0.01965 -2.63344e+01 | 66  0.11229  2.45284e+02
 67  0.05441  1.01347e+02 | 68  0.03716  6.71413e+01 | 69  0.03650  4.86542e+01
 70  0.01592  1.19657e+01 | 71 -0.00069 -1.21942e+01 | 72 -0.04678 -5.15415e+01
 73 -0.04150 -6.71420e+01 | 74 -0.00791 -8.82000e+01 | 75 -0.04702 -1.21144e+02
 76  0.33237  4.18959e+01 | 77 -0.32777 -2.67207e+00 | 78  0.35486 -1.52054e+02
 79 -0.88279 -4.53533e-01 | 80 -0.51033  1.50205e+01 | 81 -0.18281 -6.47712e+01
 82  0.20263  2.95372e+02 | 83  0.06330  3.18089e+02 | 84  0.51789 -1.42131e+02
 85 -0.79133  4.39542e+00 | 86 -0.97772 -3.30956e-01 | 87 -0.16660  1.10984e+02
 88  0.21129 -5.85759e+02 | 89 -0.28078  4.06312e-03 | 90  0.61239  5.13614e+02
 91 -0.86476 -1.41946e-02 | 92 -0.43663  2.47523e+02 | 93  0.68415  4.85612e-01
93 variables; iteration 40; function evaluation 55; phase 3
Function value 4.3706361e+02; maximum gradient component mag 1.7657e+04
Var    Value     Gradient |Var    Value     Gradient |Var    Value     Gradient
  1 -0.03210  3.40222e+02 |  2 -0.39249  1.76570e+04 |  3 -0.12742  3.25364e+02
  4 -0.31761  1.99933e+02 |  5 -0.73689  3.04168e+02 |  6  0.01292  5.27711e+03
  7  0.02160 -5.28392e+01 |  8  0.00871 -5.74755e+01 |  9  0.00413 -5.79808e+01
 10 -0.00941 -6.28851e+01 | 11 -0.01197 -6.22241e+01 | 12 -0.00768 -5.77814e+01
 13 -0.01675 -6.02468e+01 | 14 -0.02564 -6.26024e+01 | 15 -0.02385 -5.89726e+01
 16 -0.02475 -5.66291e+01 | 17 -0.02755 -5.52837e+01 | 18 -0.03237 -5.51432e+01
 19 -0.03578 -5.41491e+01 | 20 -0.03931 -5.32907e+01 | 21 -0.04260 -5.24052e+01
 22 -0.04464 -5.08109e+01 | 23 -0.04669 -4.93681e+01 | 24 -0.04755 -4.71621e+01
 25 -0.04781 -4.44291e+01 | 26 -0.04811 -4.18667e+01 | 27 -0.05133 -4.16648e+01
 28 -0.05144 -3.93316e+01 | 29 -0.05216 -3.79762e+01 | 30 -0.05267 -3.67773e+01
 31 -0.04969 -3.38636e+01 | 32 -0.04359 -3.00037e+01 | 33 -0.03580 -2.69747e+01
 34 -0.02146 -1.97379e+01 | 35  0.00008 -6.17467e+00 | 36  0.01998  7.40184e+00
 37  0.07106  6.13034e+01 | 38  0.05528  4.94415e+01 | 39  0.06887  7.89322e+01
 40 -0.00720  5.41972e+00 | 41 -0.02610 -2.89416e+00 | 42 -0.03685 -3.70737e+00
 43 -0.03989  1.59009e+00 | 44 -0.03812  9.97818e+00 | 45 -0.00266  6.16842e+01
 46  0.02787  1.18848e+02 | 47  0.06617  2.04718e+02 | 48  0.04807  1.69217e+02
 49 -0.01242  6.31110e+01 | 50 -0.01743  3.61503e+01 | 51  0.00791  3.64780e+01
 52  0.04745  6.09539e+01 | 53 -0.01069 -1.07696e+00 | 54  0.05468  8.15677e+01
 55  0.02881  6.24189e+01 | 56  0.00656  2.90481e+01 | 57  0.08287  1.36142e+02
 58  0.04855  5.89530e+01 | 59 -0.03654 -5.29431e+01 | 60  0.11035  6.08550e+01
 61 -0.00160 -6.96561e+01 | 62  0.11935  3.08211e+01 | 63 -0.01615 -6.29894e+01
 64  0.13831  1.47529e+02 | 65 -0.01234 -3.61992e+01 | 66  0.09188  1.03647e+02
 67  0.05974  7.97719e+01 | 68  0.04743  9.44305e+01 | 69  0.03956  8.62000e+01
 70  0.02372  6.29046e+01 | 71 -0.00026  2.36982e+01 | 72 -0.04108 -1.35881e+01
 73 -0.04909 -4.38792e+01 | 74 -0.01392 -6.39746e+01 | 75 -0.02969 -7.49397e+01
 76  0.36102  1.78275e+02 | 77 -0.44162  2.72090e+00 | 78  0.39212 -2.09334e+02
 79 -0.31891  6.70939e+00 | 80 -0.63241 -3.58308e+01 | 81 -0.18865  6.13195e+01
 82  0.18800  3.12325e+02 | 83  0.08130  4.25660e+02 | 84  0.50730 -1.22220e+02
 85 -0.96721  1.03322e-01 | 86 -0.92700 -8.29616e-01 | 87 -0.15612  7.47505e+01
 88  0.23107 -4.68636e+02 | 89 -1.92221  8.39278e-01 | 90  0.63247  4.13470e+02
 91 -0.85528 -1.49613e-02 | 92 -0.45071  1.78037e+02 | 93  1.55274 -3.05705e+00
93 variables; iteration 60; function evaluation 84; phase 3
Function value 3.7798186e+02; maximum gradient component mag 1.6157e+04
Var    Value     Gradient |Var    Value     Gradient |Var    Value     Gradient
  1 -0.10352  2.65928e+02 |  2 -0.39344  1.61568e+04 |  3 -0.11032  1.06583e+03
  4 -0.31868  2.60247e+02 |  5 -0.74411 -4.92184e+01 |  6  0.01227  5.30353e+03
  7 -0.02097 -8.79055e+01 |  8 -0.02200 -8.77957e+01 |  9 -0.03530 -9.27161e+01
 10 -0.00635 -7.97778e+01 | 11 -0.00377 -7.77615e+01 | 12 -0.02533 -8.63154e+01
 13 -0.00619 -7.67529e+01 | 14 -0.00247 -7.37957e+01 | 15 -0.01630 -7.90020e+01
 16 -0.02907 -8.37109e+01 | 17 -0.05461 -9.42478e+01 | 18 -0.04238 -8.74514e+01
 19 -0.03544 -8.28049e+01 | 20 -0.03598 -8.17117e+01 | 21 -0.04214 -8.34879e+01
 22 -0.05120 -8.68263e+01 | 23 -0.05764 -8.89713e+01 | 24 -0.05727 -8.77713e+01
 25 -0.04947 -8.26490e+01 | 26 -0.04243 -7.77989e+01 | 27 -0.03952 -7.51381e+01
 28 -0.04777 -7.88948e+01 | 29 -0.06113 -8.56629e+01 | 30 -0.06239 -8.60370e+01
 31 -0.07911 -9.49481e+01 | 32 -0.08623 -9.93246e+01 | 33 -0.06354 -8.97672e+01
 34 -0.03748 -7.86828e+01 | 35  0.02670 -4.49470e+01 | 36  0.02166 -4.91691e+01
 37  0.01459 -5.00764e+01 | 38  0.09192  1.93126e+01 | 39  0.07688  2.90872e+01
 40  0.02493  1.33133e+00 | 41 -0.00077 -5.75532e+00 | 42 -0.01591 -6.93696e+00
 43 -0.02484 -6.35215e+00 | 44 -0.01365  1.22469e+01 | 45 -0.00418  2.73736e+01
 46  0.00365  4.03811e+01 | 47  0.03268  8.46525e+01 | 48  0.03394  9.13206e+01
 49 -0.04054 -8.67935e-02 | 50 -0.02493  1.39039e+01 | 51  0.01867  6.09142e+01
 52  0.05384  1.16469e+02 | 53  0.01869  7.04869e+01 | 54  0.02532  7.43394e+01
 55  0.03987  1.10259e+02 | 56  0.03649  1.07738e+02 | 57  0.05723  1.67631e+02
 58  0.05241  2.09652e+02 | 59  0.04171  2.07721e+02 | 60  0.09006  3.46994e+02
 61  0.06674  2.51104e+02 | 62  0.13259  4.42543e+02 | 63  0.03882  1.08666e+02
 64  0.08683  1.56599e+02 | 65  0.06953  6.37692e+01 | 66  0.08413  3.67845e+01
 67  0.02318 -5.83303e+01 | 68  0.04075 -5.89566e+01 | 69  0.02988 -6.65413e+01
 70  0.00105 -7.06889e+01 | 71  0.00897 -5.61699e+01 | 72 -0.05236 -7.37215e+01
 73 -0.05366 -8.10406e+01 | 74 -0.00044 -7.56534e+01 | 75 -0.01401 -8.72467e+01
 76  0.36483  2.44157e+02 | 77 -0.49724  5.03224e-02 | 78  0.38976 -4.19309e+02
 79 -1.00107  1.23446e-01 | 80 -0.59551 -4.80302e+01 | 81 -0.14538  1.27956e+02
 82  0.20041  2.46638e+02 | 83  0.06662  3.33383e+02 | 84  0.49930 -4.59298e+01
 85 -0.41854  1.35111e+01 | 86 -0.44354 -8.28931e+00 | 87 -0.22238  3.17334e+01
 88  0.07781 -3.26938e+02 | 89 -2.41203 -2.37498e-03 | 90  0.42721  3.29045e+02
 91 -0.87865 -1.62654e-02 | 92 -0.47927  7.90457e+01 | 93  1.68483 -1.53089e-03
Maximum number of function evaluations exceeded

 - final statistics:
93 variables; iteration 70; function evaluation 100
Function value 3.6177e+02; maximum gradient component mag 1.2027e+04
Exit code = 3;  converg criter 1.0000e+00
Var    Value     Gradient |Var    Value     Gradient |Var    Value     Gradient
  1 -0.09841 -2.19840e+02 |  2 -0.39420  1.20270e+04 |  3 -0.11051 -8.64871e+02
  4 -0.32767  1.68805e+02 |  5 -0.74382 -1.89499e+02 |  6  0.01116  2.01626e+03
  7 -0.03975 -4.73408e+01 |  8 -0.02090 -4.65827e+01 |  9 -0.02196 -5.51963e+01
 10  0.00721 -3.07038e+01 | 11  0.00612 -2.66213e+01 | 12  0.01486 -3.35424e+01
 13 -0.00119 -2.52350e+01 | 14 -0.01990 -3.21364e+01 | 15 -0.01649 -3.22509e+01
 16 -0.01692 -3.29601e+01 | 17 -0.02388 -4.41093e+01 | 18 -0.02650 -4.01657e+01
 19 -0.02425 -3.91781e+01 | 20 -0.01648 -4.05140e+01 | 21 -0.01073 -4.31671e+01
 22 -0.01824 -4.42212e+01 | 23 -0.02953 -4.30951e+01 | 24 -0.05373 -3.86586e+01
 25 -0.07003 -3.64237e+01 | 26 -0.06167 -4.25403e+01 | 27 -0.07155 -3.92591e+01
 28 -0.06337 -5.09187e+01 | 29 -0.06907 -5.43172e+01 | 30 -0.06822 -5.37404e+01
 31 -0.07155 -5.29395e+01 | 32 -0.07048 -5.14009e+01 | 33 -0.05998 -4.94773e+01
 34 -0.03994 -4.50324e+01 | 35 -0.05278 -4.80372e+01 | 36  0.05196 -3.58599e+01
 37  0.01755 -4.48354e+01 | 38  0.16814 -2.06130e+01 | 39  0.05380 -8.81396e+00
 40 -0.00049 -2.98047e+01 | 41 -0.00021 -2.40476e+01 | 42 -0.01665 -2.62786e+01
 43 -0.04790 -2.09810e+01 | 44 -0.00919 -2.15579e+01 | 45 -0.04718 -3.06167e+01
 46  0.00715 -1.03621e+01 | 47  0.02215  5.78575e+00 | 48  0.01537  5.29706e+00
 49 -0.03458 -2.26175e+01 | 50 -0.00752 -1.69215e+01 | 51  0.01299  1.62761e+01
 52  0.04374  5.62230e+01 | 53  0.04450  4.16686e+01 | 54  0.04633  5.40821e+01
 55  0.01077  5.79272e+01 | 56  0.04213  7.72783e+01 | 57  0.06612  1.32282e+02
 58  0.04284  1.47682e+02 | 59  0.03030  1.36030e+02 | 60  0.09279  3.00838e+02
 61  0.07265  2.15451e+02 | 62  0.13008  3.63608e+02 | 63  0.03799  8.16382e+01
 64  0.07594  6.78823e+01 | 65  0.06674 -1.42097e+01 | 66  0.08707 -4.59014e+01
 67  0.01247 -9.50371e+01 | 68  0.03805 -1.09163e+02 | 69  0.00007 -9.87706e+01
 70  0.03029 -6.73312e+01 | 71 -0.00491 -3.25430e+01 | 72 -0.07699 -3.61039e+01
 73 -0.05092 -1.72368e+01 | 74  0.02552  2.33748e+00 | 75 -0.05468 -5.02829e+01
 76  0.37217  1.93061e+02 | 77 -0.53604  4.39931e-01 | 78  0.39829 -2.83782e+02
 79 -1.20481 -4.21852e-01 | 80 -0.57869 -2.54957e+01 | 81 -0.13878  9.28861e+01
 82  0.19619  7.61670e+01 | 83  0.06531  1.23655e+02 | 84  0.49652 -3.36163e+01
 85 -0.56141  3.90059e+00 | 86 -0.50921 -7.55914e+00 | 87 -0.21544 -6.39877e+00
 88  0.11432 -1.77847e+02 | 89 -2.52985 -1.58542e-03 | 90  0.45636  2.55564e+02
 91 -0.90509 -2.14870e-02 | 92 -0.49604  6.33796e+01 | 93  2.12554  1.88164e-03

Initial statistics: 94 variables; iteration 0; function evaluation 0; phase 4
Function value 3.5988270e+02; maximum gradient component mag 1.3854e+04
Var    Value     Gradient |Var    Value     Gradient |Var    Value     Gradient
  1 -0.09841  2.88863e+02 |  2 -0.39420  1.38544e+04 |  3 -0.17007  6.32822e+02
  4 -0.11051  1.08669e+03 |  5 -0.32767  2.16828e+02 |  6 -0.74382 -1.58814e+02
  7  0.01116  4.08605e+03 |  8 -0.03947 -7.15422e+01 |  9 -0.02062 -6.26292e+01
 10 -0.02168 -6.20993e+01 | 11  0.00749 -4.73604e+01 | 12  0.00640 -4.62924e+01
 13  0.01514 -4.00655e+01 | 14 -0.00091 -4.62825e+01 | 15 -0.01962 -5.38647e+01
 16 -0.01621 -5.01064e+01 | 17 -0.01664 -4.81356e+01 | 18 -0.02360 -4.96405e+01
 19 -0.02622 -4.87401e+01 | 20 -0.02397 -4.49621e+01 | 21 -0.01620 -3.75930e+01
 22 -0.01045 -3.10744e+01 | 23 -0.01796 -3.32421e+01 | 24 -0.02925 -3.81586e+01
 25 -0.05345 -5.13781e+01 | 26 -0.06975 -5.93217e+01 | 27 -0.06139 -5.23463e+01
 28 -0.07127 -5.66889e+01 | 29 -0.06309 -4.97495e+01 | 30 -0.06879 -5.19536e+01
 31 -0.06794 -4.99049e+01 | 32 -0.07127 -5.11323e+01 | 33 -0.07020 -5.02169e+01
 34 -0.05970 -4.40357e+01 | 35 -0.03966 -3.14983e+01 | 36 -0.05250 -4.24340e+01
 37  0.05224  4.51175e+01 | 38  0.01783  1.20924e+01 | 39  0.16843  2.26188e+02
 40  0.05408  6.55763e+01 | 41 -0.00021  1.74631e+01 | 42  0.00007  2.67275e+01
 43 -0.01637  1.57193e+01 | 44 -0.04762 -1.23980e+01 | 45 -0.00891  2.51378e+01
 46 -0.04690 -1.55991e+01 | 47  0.00743  3.51327e+01 | 48  0.02243  4.75800e+01
 49  0.01565  4.02190e+01 | 50 -0.03430  2.03768e-01 | 51 -0.00724  2.65301e+01
 52  0.01327  4.20630e+01 | 53  0.04402  8.87448e+01 | 54  0.04478  1.11908e+02
 55  0.04661  9.88790e+01 | 56  0.01105  4.49790e+01 | 57  0.04241  7.48045e+01
 58  0.06640  1.21972e+02 | 59  0.04312  1.18603e+02 | 60  0.03058  1.21278e+02
 61  0.09307  2.71680e+02 | 62  0.07293  2.08586e+02 | 63  0.13036  3.17752e+02
 64  0.03827  4.79173e+01 | 65  0.07622  3.74038e+01 | 66  0.06702 -3.05759e+01
 67  0.08735 -6.60752e+01 | 68  0.01275 -1.17776e+02 | 69  0.03833 -1.29248e+02
 70  0.00035 -1.14771e+02 | 71  0.03057 -8.25896e+01 | 72 -0.00463 -7.05361e+01
 73 -0.07671 -7.69115e+01 | 74 -0.05064 -6.02566e+01 | 75  0.02580 -3.76193e+01
 76 -0.05440 -8.97068e+01 | 77  0.37217  2.50329e+02 | 78 -0.53604  9.99322e-01
 79  0.39829 -3.17617e+02 | 80 -0.79519  1.00508e+00 | 81 -0.57869 -2.99025e+01
 82 -0.13878  1.05009e+02 | 83  0.19619  1.92085e+02 | 84  0.06531  2.08762e+02
 85  0.49652 -9.63454e+01 | 86 -0.56141  6.83141e+00 | 87 -0.50921 -1.70564e+01
 88 -0.21544  2.79188e+01 | 89  0.11432 -1.56035e+02 | 90  0.52985  2.69412e-03
 91  0.45636  1.80910e+02 | 92 -0.90509 -2.08981e-02 | 93 -0.49604  4.47717e+01
 94 -0.12554 -4.08120e-03 |

Intermediate statistics: 94 variables; iteration 20; function evaluation 24; phase 4
Function value 2.6653087e+02; maximum gradient component mag -4.2811e+03
Var    Value     Gradient |Var    Value     Gradient |Var    Value     Gradient
  1 -0.09986  1.23079e+02 |  2 -0.40645 -4.28108e+03 |  3  0.01970  2.03388e+02
  4 -0.17385  6.11802e+02 |  5 -0.40596 -9.80932e+01 |  6 -0.70974 -7.69831e+02
  7  0.01498  1.06384e+03 |  8  0.00911 -1.99447e+01 |  9 -0.00021 -2.31812e+01
 10 -0.00216 -2.31417e+01 | 11 -0.01519 -2.79580e+01 | 12 -0.01742 -2.79328e+01
 13 -0.02317 -2.94169e+01 | 14 -0.02089 -2.71312e+01 | 15 -0.01811 -2.44127e+01
 16 -0.02286 -2.51691e+01 | 17 -0.02647 -2.53205e+01 | 18 -0.02826 -2.44908e+01
 19 -0.03151 -2.43336e+01 | 20 -0.03617 -2.48833e+01 | 21 -0.04208 -2.61176e+01
 22 -0.04703 -2.69184e+01 | 23 -0.04861 -2.59958e+01 | 24 -0.04918 -2.45999e+01
 25 -0.04689 -2.15729e+01 | 26 -0.04658 -1.95365e+01 | 27 -0.05161 -2.07346e+01
 28 -0.05270 -1.95767e+01 | 29 -0.05684 -2.05158e+01 | 30 -0.05758 -1.97395e+01
 31 -0.05862 -1.95604e+01 | 32 -0.05689 -1.87224e+01 | 33 -0.05251 -1.79735e+01
 34 -0.04445 -1.75718e+01 | 35 -0.03174 -1.72376e+01 | 36 -0.00826 -1.37849e+01
 37  0.01394 -1.38763e+01 | 38  0.03942 -1.28781e+01 | 39  0.10818  6.78143e+00
 40  0.04425 -1.32297e+01 | 41  0.02076 -1.58256e+01 | 42  0.00190 -1.79096e+01
 43 -0.00932 -1.85048e+01 | 44 -0.01130 -1.67999e+01 | 45 -0.01617 -1.88407e+01
 46 -0.00878 -1.52349e+01 | 47 -0.01044 -1.56082e+01 | 48 -0.00614 -1.33478e+01
 49  0.00000 -9.79699e+00 | 50 -0.01869 -9.77323e+00 | 51 -0.01807 -1.00480e+01
 52  0.02069 -7.36683e+00 | 53  0.04390 -5.77946e+00 | 54  0.01555 -8.05394e+00
 55  0.03851 -1.90764e+01 | 56  0.01177 -2.24185e+01 | 57  0.04208 -8.34978e+00
 58  0.05129  8.09441e+00 | 59  0.03321 -3.17417e+00 | 60  0.02608  2.59317e+00
 61  0.07182  4.78772e+01 | 62  0.06282  4.41299e+01 | 63  0.09706  8.40972e+01
 64  0.05905  1.85535e+01 | 65  0.06887  2.04146e+01 | 66  0.07534  1.74118e+01
 67  0.05892  1.77556e+01 | 68  0.06129  7.69024e+00 | 69  0.01807 -2.04503e+01
 70  0.03506 -1.79158e+01 | 71 -0.00769 -3.24643e+01 | 72  0.00176 -2.49955e+01
 73 -0.03012 -1.24757e+01 | 74 -0.03021 -5.37459e+00 | 75 -0.01576 -1.18526e+01
 76  0.00300 -4.40896e+00 | 77  0.36997  4.91270e+01 | 78 -0.52708  4.53784e-02
 79  0.44544 -9.74677e+00 | 80 -0.77963  4.76519e-02 | 81 -0.82780  7.51222e-01
 82 -0.06664 -1.43928e+01 | 83  0.18749  8.04418e+01 | 84  0.04883  8.30298e+01
 85  0.50095 -2.67957e+01 | 86 -0.56936  2.30894e+00 | 87 -0.53624 -2.60350e+00
 88 -0.09137  2.78649e+00 | 89  0.02560 -1.13313e+02 | 90  0.52982  3.17181e-03
 91  0.37065  1.06452e+02 | 92 -0.90488 -2.08441e-02 | 93 -0.50923  9.32952e-02
 94 -0.12548 -3.88056e-03 |
94 variables; iteration 40; function evaluation 47; phase 4
Function value 2.5844583e+02; maximum gradient component mag 1.0859e+03
Var    Value     Gradient |Var    Value     Gradient |Var    Value     Gradient
  1 -0.09307  1.03057e+02 |  2 -0.40619  4.24229e+02 |  3  0.04467  3.20241e+02
  4 -0.18644  7.06472e+02 |  5 -0.39048 -1.02422e+01 |  6 -0.70252 -2.21112e+02
  7  0.01470  1.08588e+03 |  8 -0.00080 -1.89165e+01 |  9 -0.00366 -1.94478e+01
 10 -0.00524 -1.93601e+01 | 11 -0.01048 -2.07943e+01 | 12 -0.01276 -2.08654e+01
 13 -0.01616 -2.13553e+01 | 14 -0.01708 -2.06300e+01 | 15 -0.01831 -1.99365e+01
 16 -0.02150 -2.00742e+01 | 17 -0.02439 -2.00034e+01 | 18 -0.02730 -1.98803e+01
 19 -0.03035 -1.97675e+01 | 20 -0.03311 -1.94658e+01 | 21 -0.03532 -1.88504e+01
 22 -0.03752 -1.82565e+01 | 23 -0.04078 -1.83175e+01 | 24 -0.04442 -1.87248e+01
 25 -0.04923 -1.98660e+01 | 26 -0.05314 -2.04831e+01 | 27 -0.05508 -2.00525e+01
 28 -0.05801 -2.02296e+01 | 29 -0.06002 -2.00704e+01 | 30 -0.06155 -1.99955e+01
 31 -0.06208 -1.97061e+01 | 32 -0.06016 -1.89947e+01 | 33 -0.05482 -1.79108e+01
 34 -0.04465 -1.64783e+01 | 35 -0.02871 -1.45349e+01 | 36 -0.00647 -1.20537e+01
 37  0.01732 -1.11458e+01 | 38  0.04531 -8.29383e+00 | 39  0.09744  7.25538e+00
 40  0.04757 -4.70743e+00 | 41  0.02583 -4.53269e+00 | 42  0.00528 -6.12116e+00
 43 -0.00697 -6.28809e+00 | 44 -0.01397 -6.32381e+00 | 45 -0.01277 -4.15589e+00
 46 -0.01328 -4.05483e+00 | 47 -0.00720  3.40843e-01 | 48 -0.00207  3.67781e+00
 49  0.00129  5.77524e+00 | 50 -0.01937  1.29731e+00 | 51 -0.01621  4.05889e-01
 52  0.01989 -2.02730e+00 | 53  0.04573 -6.72189e+00 | 54 -0.00170 -1.61919e+01
 55  0.04688  6.88914e-01 | 56  0.01119  2.54770e+00 | 57  0.04903  3.15875e+01
 58  0.04889  3.46263e+01 | 59  0.03807  2.40607e+01 | 60  0.02687  1.59401e+01
 61  0.06346  4.52617e+01 | 62  0.07407  5.68987e+01 | 63  0.09164  6.90701e+01
 64  0.06158  1.40201e+01 | 65  0.06395  1.71121e+01 | 66  0.08270  2.82930e+01
 67  0.05906  1.94274e+01 | 68  0.05263 -5.47356e-01 | 69  0.03337 -1.40844e+01
 70  0.01853 -1.90337e+01 | 71  0.00430 -1.24050e+01 | 72  0.00836 -4.35892e+00
 73 -0.03912 -1.33689e+01 | 74 -0.03482 -1.14168e+01 | 75 -0.01878 -1.73486e+01
 76  0.00023 -5.32162e+00 | 77  0.34490  1.18162e+02 | 78 -0.17716  7.80058e+00
 79  0.43140 -7.31436e+01 | 80 -0.14013  4.29052e+00 | 81 -0.86669 -9.56883e-01
 82 -0.09944 -1.32180e+00 | 83  0.20160  6.57418e+01 | 84  0.04212  1.13204e+02
 85  0.54490  2.52593e+01 | 86 -1.14634 -8.07787e-01 | 87 -0.78339  6.07835e-01
 88 -0.12222  4.65713e-01 | 89  0.02089 -1.07506e+02 | 90  0.52830  3.01985e-03
 91  0.35134  1.29883e+02 | 92 -0.89222 -1.83720e-02 | 93 -0.44021  3.21538e+01
 94 -0.12102 -1.88088e-02 |
94 variables; iteration 60; function evaluation 75; phase 4
Function value 2.5400421e+02; maximum gradient component mag 8.1327e+02
Var    Value     Gradient |Var    Value     Gradient |Var    Value     Gradient
  1 -0.08199  5.63093e+01 |  2 -0.40622  8.13269e+02 |  3  0.06349  1.84308e+02
  4 -0.19817  4.09436e+02 |  5 -0.39349  1.25055e+01 |  6 -0.69774  7.19508e+01
  7  0.01448  3.77806e+02 |  8 -0.01396 -8.57568e+00 |  9 -0.00743 -5.15405e+00
 10 -0.00712 -4.26575e+00 | 11 -0.00876 -4.13098e+00 | 12 -0.01216 -4.68685e+00
 13 -0.01613 -5.42922e+00 | 14 -0.01577 -4.11020e+00 | 15 -0.01754 -3.65623e+00
 16 -0.01873 -2.82242e+00 | 17 -0.01988 -1.86653e+00 | 18 -0.02376 -2.17727e+00
 19 -0.02707 -2.15478e+00 | 20 -0.03153 -2.68752e+00 | 21 -0.03807 -4.31724e+00
 22 -0.04065 -3.93516e+00 | 23 -0.03891 -1.27422e+00 | 24 -0.03898  3.49619e-01
 25 -0.04632 -2.19287e+00 | 26 -0.05282 -4.24158e+00 | 27 -0.05127 -1.73400e+00
 28 -0.05487 -2.24476e+00 | 29 -0.05656 -1.86008e+00 | 30 -0.05885 -2.22913e+00
 31 -0.06002 -2.40250e+00 | 32 -0.05622 -7.27540e-01 | 33 -0.05038  3.18722e-01
 34 -0.04380 -8.96464e-01 | 35 -0.03071 -1.24845e+00 | 36 -0.01611 -3.36984e+00
 37  0.01527 -1.60123e-01 | 38  0.05191  3.64648e+00 | 39  0.09814  1.28495e+01
 40  0.05032  3.88547e+00 | 41  0.02365  2.44960e+00 | 42  0.00335  8.29360e-01
 43 -0.00514  1.87346e+00 | 44 -0.00875  2.75636e+00 | 45 -0.01229  1.27481e+00
 46 -0.01539 -1.10263e+00 | 47 -0.01309 -4.15255e-01 | 48 -0.00548  2.39565e+00
 49 -0.00321  2.63896e+00 | 50 -0.01932  2.69956e+00 | 51 -0.00937  6.89007e+00
 52  0.01658  8.69284e-01 | 53  0.04828  6.90298e+00 | 54  0.01687  8.49154e+00
 55  0.04103  3.94954e+00 | 56  0.01758  3.49108e-02 | 57  0.04462  4.07992e+00
 58  0.04830  6.48478e+00 | 59  0.03644  5.77721e+00 | 60  0.03148  5.94085e+00
 61  0.05983  1.04521e+01 | 62  0.07442  8.72175e+00 | 63  0.07972  1.72944e+01
 64  0.07385  8.22141e+00 | 65  0.06444  1.06374e+01 | 66  0.07746  6.18732e+00
 67  0.06205  1.09021e+01 | 68  0.04837  1.21234e+00 | 69  0.03870  5.94897e+00
 70  0.01925  1.99365e+00 | 71  0.00669  2.74479e+00 | 72  0.00295 -1.73677e+00
 73 -0.03895 -5.13971e+00 | 74 -0.03951 -4.15729e+00 | 75 -0.01316 -6.57447e+00
 76 -0.00902 -5.69011e+00 | 77  0.33518  3.60335e+01 | 78 -0.23445  4.05621e-01
 79  0.42876  9.20842e+00 | 80 -0.27867  1.89479e-01 | 81 -0.94643 -1.87943e-01
 82 -0.07827  3.54359e-01 | 83  0.21011  2.13971e+01 | 84  0.02978  1.91315e+01
 85  0.52233 -1.14106e+01 | 86 -1.15267 -2.43234e-01 | 87 -0.65034 -9.32552e-01
 88 -0.14347 -3.29113e+00 | 89  0.02318 -3.55530e+01 | 90  0.52149  3.14094e-03
 91  0.34064  5.89571e+01 | 92 -0.85259 -1.33279e-02 | 93 -0.41351  1.45499e+01
 94 -0.05244 -3.28131e-02 |
94 variables; iteration 80; function evaluation 108; phase 4
Function value 2.5076999e+02; maximum gradient component mag 5.4757e+02
Var    Value     Gradient |Var    Value     Gradient |Var    Value     Gradient
  1 -0.05615  1.95948e+01 |  2 -0.40682  5.47572e+02 |  3  0.10719  5.47176e+01
  4 -0.22616  1.15666e+02 |  5 -0.41218  1.01113e+01 |  6 -0.69603  7.88124e+01
  7  0.01471 -1.37483e+02 |  8  0.02601  1.68352e+01 |  9  0.00284  7.62018e+00
 10 -0.00260  6.02958e+00 | 11 -0.01545  1.25117e+00 | 12 -0.01949  3.28685e-01
 13 -0.01665  2.54069e+00 | 14 -0.01391  4.87226e+00 | 15 -0.01938  3.55539e+00
 16 -0.01846  5.29565e+00 | 17 -0.02470  3.71244e+00 | 18 -0.02788  3.64048e+00
 19 -0.02531  6.50770e+00 | 20 -0.02823  6.72486e+00 | 21 -0.04196  1.34851e+00
 22 -0.03865  4.72133e+00 | 23 -0.03667  7.42734e+00 | 24 -0.04238  5.85636e+00
 25 -0.04730  4.64152e+00 | 26 -0.04645  6.73797e+00 | 27 -0.04914  6.80388e+00
 28 -0.05600  4.36931e+00 | 29 -0.04826  1.02695e+01 | 30 -0.05786  5.44154e+00
 31 -0.06145  3.70461e+00 | 32 -0.05802  4.88177e+00 | 33 -0.05934  1.44323e+00
 34 -0.05045  1.19333e+00 | 35 -0.04038 -1.12473e+00 | 36 -0.00133  7.09830e+00
 37  0.02010  3.93586e+00 | 38  0.05273  3.76203e+00 | 39  0.10086  8.74956e+00
 40  0.04970  2.83395e+00 | 41  0.01684  7.03710e-01 | 42  0.00101  1.13587e+00
 43 -0.00879  1.60401e+00 | 44 -0.02962 -4.97930e+00 | 45 -0.00662  5.24752e+00
 46 -0.00173  6.45128e+00 | 47  0.00344  8.05338e+00 | 48 -0.01402 -7.05361e-01
 49 -0.00933 -1.15266e+00 | 50 -0.02072  1.19706e+00 | 51 -0.02401  1.74537e+00
 52  0.03538  1.62124e+01 | 53  0.04542  1.69490e+01 | 54  0.01497  1.66174e+01
 55  0.04138  1.19751e+01 | 56  0.02596  6.39674e+00 | 57  0.03580 -1.10608e+01
 58  0.04945 -9.25897e+00 | 59  0.03863 -2.74405e+00 | 60  0.03049 -6.38187e+00
 61  0.05600 -9.81641e+00 | 62  0.08363 -2.02693e+01 | 63  0.05805 -1.96699e+01
 64  0.09039 -1.91454e+00 | 65  0.05429  7.61691e-02 | 66  0.08279 -5.10712e+00
 67  0.05229 -5.06824e-01 | 68  0.05640 -2.78579e+00 | 69  0.02997  1.43492e+00
 70  0.02559  3.04780e+00 | 71  0.00039 -2.49844e+00 | 72  0.00133 -6.42449e+00
 73 -0.03326  1.47799e+00 | 74 -0.05479 -4.45077e+00 | 75 -0.00432  7.57260e+00
 76 -0.01731 -8.00933e-01 | 77  0.29558  2.83056e+01 | 78 -0.09766  2.78319e+00
 79  0.40648  1.18896e+01 | 80 -0.20897  1.22964e+00 | 81 -1.07824  1.08115e+00
 82 -0.01321  8.39444e+00 | 83  0.23654  8.24410e-01 | 84  0.00118  2.54735e+00
 85  0.50970  9.35652e+00 | 86 -1.16912 -4.48604e-02 | 87 -0.45098  2.05344e+00
 88 -0.14914 -1.02451e+01 | 89  0.00824  1.41533e+01 | 90  0.48818  2.51121e-03
 91  0.29207 -8.01326e+00 | 92 -0.70578 -6.31180e-03 | 93 -0.35865 -2.86340e+01
 94  0.20657 -1.88875e-03 |
94 variables; iteration 100; function evaluation 142; phase 4
Function value 2.4776835e+02; maximum gradient component mag 1.3063e+02
Var    Value     Gradient |Var    Value     Gradient |Var    Value     Gradient
  1 -0.03121  6.25595e+01 |  2 -0.40756  1.30628e+02 |  3  0.16541  1.21770e+01
  4 -0.26168  3.65474e+01 |  5 -0.42173  1.03180e+00 |  6 -0.69580  8.22157e+00
  7  0.01524  3.58374e+01 |  8 -0.00486 -1.50097e+00 |  9 -0.00145  6.00117e-01
 10 -0.01278 -3.54061e+00 | 11 -0.00913 -1.16955e+00 | 12 -0.00692  7.23994e-01
 13 -0.01495 -1.85357e+00 | 14 -0.01597 -1.21787e+00 | 15 -0.02573 -4.52266e+00
 16 -0.01475  1.94080e+00 | 17 -0.02318 -6.72497e-01 | 18 -0.01941  2.71634e+00
 19 -0.02531  1.41062e+00 | 20 -0.03324 -9.27379e-01 | 21 -0.03624 -7.65945e-01
 22 -0.04412 -3.22832e+00 | 23 -0.04238 -7.36667e-01 | 24 -0.04453 -3.93605e-01
 25 -0.04954 -1.65660e+00 | 26 -0.05026 -4.42965e-01 | 27 -0.05160  4.02266e-01
 28 -0.05713 -1.23579e+00 | 29 -0.06227 -2.90816e+00 | 30 -0.05011  5.21487e+00
 31 -0.06678 -4.27817e+00 | 32 -0.05404  2.37403e+00 | 33 -0.05449 -7.15758e-01
 34 -0.04421 -4.31782e-01 | 35 -0.02040  3.82750e+00 | 36 -0.01078 -1.81354e+00
 37  0.02442  1.44941e+00 | 38  0.06692  4.94954e+00 | 39  0.06648  2.40655e+00
 40  0.05610  5.13919e+00 | 41  0.02841  5.46565e+00 | 42  0.00675  4.12248e+00
 43 -0.00541  3.84328e+00 | 44 -0.02124 -7.11675e-01 | 45 -0.00899  6.12895e+00
 46 -0.00573  7.33595e+00 | 47 -0.00175  9.17471e+00 | 48 -0.01427  2.18594e+00
 49 -0.00104  6.24096e+00 | 50 -0.01231  7.19355e+00 | 51 -0.01773  3.16190e+00
 52  0.03093  8.21098e+00 | 53  0.04577  5.39968e+00 | 54  0.00539  7.63948e-01
 55  0.04801  1.23363e+00 | 56  0.01219 -2.71454e+00 | 57  0.04696 -2.72225e+00
 58  0.04947 -7.85141e+00 | 59  0.03565 -9.68003e+00 | 60  0.03703 -9.13355e+00
 61  0.04534 -1.65614e+01 | 62  0.09342 -1.37836e+01 | 63  0.05161 -2.34609e+01
 64  0.09228 -9.24166e+00 | 65  0.04689 -8.89789e+00 | 66  0.09054 -2.45329e+00
 67  0.04175 -1.07897e+00 | 68  0.06339  2.40823e+00 | 69  0.02692  2.24145e+00
 70  0.02405  3.99342e+00 | 71  0.00048  1.06859e+00 | 72  0.00775  1.84895e+00
 73 -0.04000  5.89731e-01 | 74 -0.04808  1.79926e-01 | 75 -0.01175  7.95781e-01
 76 -0.01056  4.49728e-01 | 77  0.24722 -3.30673e+01 | 78 -0.01650 -8.79448e-02
 79  0.37243  7.04373e+01 | 80 -0.29916  1.71157e-01 | 81 -1.29721  7.25823e+00
 82  0.01964  4.53074e+00 | 83  0.20678 -2.94376e+01 | 84  0.01356 -2.59156e+01
 85  0.46334  6.25337e+00 | 86 -1.16474  1.73823e-01 | 87 -0.40086 -6.45281e+00
 88 -0.12517 -2.60428e+00 | 89 -0.01107  4.57024e+01 | 90  0.42927  2.40446e-03
 91  0.23514 -5.76036e+01 | 92 -0.49986 -3.14367e-03 | 93 -0.32356 -3.52953e+01
 94  0.48771  2.86882e-03 |
94 variables; iteration 120; function evaluation 172; phase 4
Function value 2.4354682e+02; maximum gradient component mag -1.0990e+02
Var    Value     Gradient |Var    Value     Gradient |Var    Value     Gradient
  1 -0.02160 -2.73865e+01 |  2 -0.40791 -7.51920e+01 |  3  0.20094 -4.28477e+01
  4 -0.28176 -1.03590e+02 |  5 -0.41990 -3.87728e+00 |  6 -0.69409  1.48819e+00
  7  0.01567 -1.09902e+02 |  8 -0.00270  1.79476e+00 |  9 -0.00427  1.74196e+00
 10 -0.00694  1.28804e+00 | 11 -0.00858  1.34280e+00 | 12 -0.01056  1.33348e+00
 13 -0.01331  1.06253e+00 | 14 -0.01490  1.39769e+00 | 15 -0.01872  7.95134e-01
 16 -0.01985  1.51530e+00 | 17 -0.02425  7.60937e-01 | 18 -0.02670  9.91434e-01
 19 -0.02921  1.26071e+00 | 20 -0.03295  9.80605e-01 | 21 -0.03628  9.10277e-01
 22 -0.03955  8.13540e-01 | 23 -0.04206  1.00624e+00 | 24 -0.04489  9.21211e-01
 25 -0.04751  9.39906e-01 | 26 -0.05013  1.08733e+00 | 27 -0.05363  6.91637e-01
 28 -0.05649  5.62819e-01 | 29 -0.05868  5.56875e-01 | 30 -0.05913  1.09320e+00
 31 -0.06130  1.08477e-01 | 32 -0.05866  5.94623e-01 | 33 -0.05383  2.11868e-01
 34 -0.04329 -8.08942e-02 | 35 -0.02594 -1.60221e-01 | 36 -0.00228 -7.11812e-01
 37  0.02673 -2.34387e+00 | 38  0.07089 -2.10550e+00 | 39  0.06075 -6.49607e+00
 40  0.05271 -3.27910e+00 | 41  0.02472 -2.02819e+00 | 42  0.00610 -1.79129e+00
 43 -0.00504 -1.60623e+00 | 44 -0.01120 -1.69721e+00 | 45 -0.01135 -1.26556e+00
 46 -0.00874 -8.23533e-01 | 47 -0.00960 -1.39795e+00 | 48 -0.01053 -2.59683e+00
 49 -0.00269 -1.80667e+00 | 50 -0.01509 -7.88920e-01 | 51 -0.01459 -1.52207e+00
 52  0.02987 -1.05590e+00 | 53  0.04689 -1.67623e+00 | 54  0.00771 -9.03368e-01
 55  0.04555 -8.78815e-01 | 56  0.01576 -3.98097e-01 | 57  0.04447 -1.11554e+00
 58  0.05069 -9.21463e-01 | 59  0.03648  4.42542e-02 | 60  0.03281  4.63238e-01
 61  0.05356  6.41195e-01 | 62  0.08218  4.33318e-01 | 63  0.07156  1.66664e+00
 64  0.08031  1.73096e+00 | 65  0.05851  1.18528e+00 | 66  0.08567  4.40832e-01
 67  0.04277  1.02029e-02 | 68  0.06318  4.31227e-01 | 69  0.02636  6.67303e-01
 70  0.02125  1.32012e+00 | 71  0.00213  7.65920e-01 | 72  0.00739  1.07405e+00
 73 -0.04160  1.16784e+00 | 74 -0.04918  9.75757e-01 | 75 -0.00992  1.28997e+00
 76 -0.01008  1.20367e+00 | 77  0.18671  3.29698e+00 | 78  0.05571  2.53415e+00
 79  0.29600  3.99309e+00 | 80 -0.34966  2.95746e-01 | 81 -1.47637 -2.01114e+00
 82 -0.02536  1.26907e+00 | 83  0.18024  2.19107e+00 | 84  0.03289  1.77412e+00
 85  0.39722 -8.02289e-01 | 86 -1.45725 -4.04118e-02 | 87 -0.33650 -1.07980e+00
 88 -0.12828 -7.09806e-01 | 89  0.00316 -7.01475e-01 | 90  0.34672  1.00453e-03
 91  0.24977  2.79360e+00 | 92 -0.33734 -1.94482e-03 | 93 -0.32277 -2.02640e+00
 94  0.51819  2.94211e-03 |
94 variables; iteration 140; function evaluation 192; phase 4
Function value 2.4338680e+02; maximum gradient component mag 5.5741e+00
Var    Value     Gradient |Var    Value     Gradient |Var    Value     Gradient
  1 -0.02748  9.29412e-01 |  2 -0.40773 -4.47012e+00 |  3  0.18257 -4.86777e-01
  4 -0.27065 -1.80085e-01 |  5 -0.42131 -1.11075e-02 |  6 -0.69476 -1.19401e-01
  7  0.01552  5.57406e+00 |  8 -0.00362 -1.18015e-01 |  9 -0.00504 -8.98110e-02
 10 -0.00669 -8.91335e-02 | 11 -0.00848 -6.83923e-02 | 12 -0.01051 -7.44108e-02
 13 -0.01273 -7.67590e-02 | 14 -0.01513 -7.81747e-02 | 15 -0.01778 -1.02504e-01
 16 -0.02046 -6.99839e-02 | 17 -0.02336 -7.07033e-02 | 18 -0.02637 -6.66663e-02
 19 -0.02951 -6.40261e-02 | 20 -0.03279 -8.18723e-02 | 21 -0.03604 -6.42723e-02
 22 -0.03925 -8.40046e-02 | 23 -0.04218 -7.18119e-02 | 24 -0.04492 -7.46936e-02
 25 -0.04763 -7.99758e-02 | 26 -0.05053 -5.84100e-02 | 27 -0.05337 -6.12717e-02
 28 -0.05608 -6.93889e-02 | 29 -0.05835 -9.14182e-02 | 30 -0.05972 -4.09898e-02
 31 -0.06038 -6.19807e-02 | 32 -0.05880 -4.57139e-02 | 33 -0.05372 -3.44124e-02
 34 -0.04332 -3.05880e-02 | 35 -0.02690 -1.43444e-02 | 36 -0.00396 -1.40872e-02
 37  0.02642  1.43577e-02 | 38  0.06114  4.66711e-02 | 39  0.07524  1.47103e-01
 40  0.05207  8.26121e-02 | 41  0.02333  5.48452e-02 | 42  0.00547  3.26638e-02
 43 -0.00550  3.83289e-02 | 44 -0.01117  2.33302e-02 | 45 -0.01217  3.25989e-02
 46 -0.01054  3.25830e-02 | 47 -0.00985  3.22029e-02 | 48 -0.00777  2.67174e-02
 49 -0.00205  6.91789e-02 | 50 -0.01616  2.62303e-02 | 51 -0.01379  1.12259e-03
 52  0.02807  3.52119e-02 | 53  0.04707  2.74347e-02 | 54  0.00814 -3.77190e-02
 55  0.04544  1.03442e-03 | 56  0.01590 -1.63361e-02 | 57  0.04476  6.63554e-02
 58  0.05056 -1.38041e-02 | 59  0.03667 -4.53748e-02 | 60  0.03307 -2.62939e-02
 61  0.05343 -2.13841e-02 | 62  0.08207  8.29244e-02 | 63  0.07099  1.47986e-01
 64  0.08042  1.30903e-01 | 65  0.05840  2.14039e-01 | 66  0.08505  2.27933e-01
 67  0.04465  2.73238e-01 | 68  0.06181  1.34511e-01 | 69  0.02764  5.97531e-02
 70  0.02093  5.86295e-03 | 71  0.00224  2.04796e-03 | 72  0.00678 -8.94595e-03
 73 -0.04088 -5.16653e-02 | 74 -0.04825 -7.00524e-02 | 75 -0.01082 -9.72470e-02
 76 -0.01046 -6.74226e-02 | 77  0.18365 -1.02874e-01 | 78  0.06101 -4.45403e-02
 79  0.29447  1.57703e-01 | 80 -0.53185  6.34425e-03 | 81 -1.47526 -1.51563e-02
 82 -0.02456 -1.11457e-01 | 83  0.18032  1.49229e-01 | 84  0.03056 -3.03715e-02
 85  0.40430 -2.13414e-01 | 86 -1.52661 -1.09207e-02 | 87 -0.34147 -1.81323e-02
 88 -0.12675  1.35522e-02 | 89 -0.00024 -2.02924e-01 | 90  0.37189  3.98689e-04
 91  0.25011  1.00731e-01 | 92 -0.15418 -9.84771e-04 | 93 -0.32506  4.69998e-02
 94  0.30575  3.51348e-04 |
94 variables; iteration 160; function evaluation 212; phase 4
Function value 2.4338578e+02; maximum gradient component mag -3.2984e-01
Var    Value     Gradient |Var    Value     Gradient |Var    Value     Gradient
  1 -0.02754 -1.47653e-01 |  2 -0.40774 -2.26218e-01 |  3  0.18313 -1.33066e-01
  4 -0.27085 -3.29839e-01 |  5 -0.42127 -4.61402e-03 |  6 -0.69474  6.91291e-03
  7  0.01552 -1.20545e-01 |  8 -0.00354 -5.76359e-03 |  9 -0.00502 -9.75692e-04
 10 -0.00667  5.65027e-04 | 11 -0.00849  1.80774e-03 | 12 -0.01051  2.35990e-03
 13 -0.01272  2.25281e-03 | 14 -0.01513  2.02737e-05 | 15 -0.01772 -1.11029e-03
 16 -0.02047  1.10433e-03 | 17 -0.02336  3.49480e-03 | 18 -0.02638  1.23496e-03
 19 -0.02952 -1.88833e-03 | 20 -0.03277 -6.41677e-04 | 21 -0.03604  1.71066e-03
 22 -0.03922 -2.13845e-03 | 23 -0.04218 -4.48149e-03 | 24 -0.04490 -1.12705e-03
 25 -0.04760  2.77665e-03 | 26 -0.05053  3.22608e-03 | 27 -0.05337  3.06764e-04
 28 -0.05606  3.29419e-03 | 29 -0.05830 -6.04235e-04 | 30 -0.05975  2.56951e-03
 31 -0.06037  2.19908e-03 | 32 -0.05882 -1.16887e-03 | 33 -0.05374  2.78417e-03
 34 -0.04334  2.70674e-03 | 35 -0.02693  4.13583e-04 | 36 -0.00394 -4.90338e-04
 37  0.02647 -1.96047e-03 | 38  0.06128 -3.38624e-03 | 39  0.07500 -7.10776e-03
 40  0.05208 -9.98779e-05 | 41  0.02334  1.44745e-03 | 42  0.00550  2.19810e-03
 43 -0.00551 -1.95923e-04 | 44 -0.01113  9.93762e-03 | 45 -0.01217 -2.73028e-03
 46 -0.01054 -1.33559e-03 | 47 -0.00987 -5.90883e-03 | 48 -0.00777  1.63513e-03
 49 -0.00215  1.11209e-03 | 50 -0.01617 -1.74587e-03 | 51 -0.01376  1.53308e-03
 52  0.02806 -1.00642e-02 | 53  0.04706 -1.02444e-02 | 54  0.00818 -7.13962e-03
 55  0.04540 -7.45312e-03 | 56  0.01596  6.06456e-04 | 57  0.04470  7.06620e-03
 58  0.05056  3.33852e-03 | 59  0.03668 -8.54698e-04 | 60  0.03306  1.07793e-03
 61  0.05344 -3.32811e-04 | 62  0.08208  2.47972e-03 | 63  0.07092 -5.85259e-03
 64  0.08050 -6.54483e-03 | 65  0.05825 -1.31387e-02 | 66  0.08518 -1.50648e-02
 67  0.04443 -2.57567e-02 | 68  0.06191 -1.72189e-03 | 69  0.02759  2.01518e-04
 70  0.02094  3.94524e-03 | 71  0.00223  1.35519e-02 | 72  0.00678  1.10207e-02
 73 -0.04086  9.72709e-03 | 74 -0.04824  8.04522e-03 | 75 -0.01081  2.08851e-03
 76 -0.01046  5.09396e-03 | 77  0.18347  1.93585e-02 | 78  0.06220 -5.87101e-03
 79  0.29433  5.13095e-03 | 80 -0.62371 -1.86749e-03 | 81 -1.47531 -3.20071e-03
 82 -0.02262  2.34827e-03 | 83  0.18041 -4.81628e-02 | 84  0.03211 -6.55300e-02
 85  0.40476 -5.45698e-05 | 86 -1.47084 -1.47677e-03 | 87 -0.34189  1.19324e-03
 88 -0.12672 -5.32513e-03 | 89 -0.00027 -5.04796e-02 | 90  0.33470 -3.73022e-04
 91  0.25016  7.73259e-02 | 92  0.04431 -1.29372e-05 | 93 -0.32514  4.88881e-02
 94  0.32399  5.28940e-04 |
94 variables; iteration 180; function evaluation 232; phase 4
Function value 2.4338570e+02; maximum gradient component mag 1.3869e-03
Var    Value     Gradient |Var    Value     Gradient |Var    Value     Gradient
  1 -0.02754  2.91879e-04 |  2 -0.40774  1.38688e-03 |  3  0.18313  2.26366e-04
  4 -0.27085  6.02749e-04 |  5 -0.42128  3.65683e-06 |  6 -0.69474 -5.38351e-06
  7  0.01552  1.25417e-03 |  8 -0.00353 -2.11298e-05 |  9 -0.00501 -2.31161e-05
 10 -0.00667 -1.79580e-05 | 11 -0.00850 -1.88667e-05 | 12 -0.01051 -1.85745e-05
 13 -0.01272 -1.83748e-05 | 14 -0.01513 -1.99211e-05 | 15 -0.01771 -2.18954e-05
 16 -0.02047 -2.02894e-05 | 17 -0.02336 -1.47856e-05 | 18 -0.02638 -2.26329e-05
 19 -0.02952 -2.66780e-05 | 20 -0.03277 -1.88612e-05 | 21 -0.03605 -1.44892e-05
 22 -0.03922 -2.48431e-05 | 23 -0.04217 -1.66953e-05 | 24 -0.04490 -1.47457e-05
 25 -0.04760 -1.82090e-05 | 26 -0.05054 -2.33061e-05 | 27 -0.05337 -1.89539e-05
 28 -0.05606 -2.33602e-05 | 29 -0.05830 -2.05061e-05 | 30 -0.05975 -1.82476e-05
 31 -0.06037 -1.94883e-05 | 32 -0.05881 -1.81958e-05 | 33 -0.05375 -1.74794e-05
 34 -0.04335 -1.90964e-05 | 35 -0.02693 -1.80109e-05 | 36 -0.00394 -1.28615e-05
 37  0.02646 -1.16781e-05 | 38  0.06128 -2.41959e-06 | 39  0.07502 -2.57267e-05
 40  0.05208 -1.21876e-05 | 41  0.02333 -4.37392e-06 | 42  0.00549 -9.11544e-06
 43 -0.00550 -1.15694e-05 | 44 -0.01115 -1.29813e-06 | 45 -0.01217 -9.86782e-06
 46 -0.01054 -8.39186e-06 | 47 -0.00985 -2.02121e-06 | 48 -0.00778  7.92776e-06
 49 -0.00215  1.45916e-05 | 50 -0.01617  2.68801e-06 | 51 -0.01377  1.35026e-05
 52  0.02807  2.07397e-05 | 53  0.04706  3.12331e-05 | 54  0.00818  1.37496e-05
 55  0.04541  3.42717e-05 | 56  0.01596  1.16602e-05 | 57  0.04470  4.17656e-05
 58  0.05056  3.39295e-05 | 59  0.03668  1.67917e-05 | 60  0.03306  2.00493e-05
 61  0.05344  4.00445e-05 | 62  0.08207  4.69043e-05 | 63  0.07093  8.84402e-05
 64  0.08050  4.71281e-05 | 65  0.05826  5.87584e-05 | 66  0.08517  6.64393e-05
 67  0.04445  6.93680e-05 | 68  0.06190  2.71199e-05 | 69  0.02759  1.41700e-05
 70  0.02094 -9.25262e-06 | 71  0.00222 -1.17798e-05 | 72  0.00678 -2.06223e-05
 73 -0.04086 -2.56191e-05 | 74 -0.04825 -1.68102e-05 | 75 -0.01081 -2.52799e-05
 76 -0.01046 -1.89940e-05 | 77  0.18344  1.46414e-04 | 78  0.06207  5.94674e-06
 79  0.29430 -5.04391e-05 | 80 -0.59993  1.34532e-05 | 81 -1.47532 -6.34630e-06
 82 -0.02282  1.58352e-05 | 83  0.18040  4.71593e-05 | 84  0.03279  4.37799e-05
 85  0.40475 -2.25158e-05 | 86 -1.44139 -1.24745e-05 | 87 -0.34189 -5.51047e-07
 88 -0.12674  1.04621e-05 | 89 -0.00029  1.21894e-05 | 90  0.34284 -1.21199e-06
 91  0.25013 -3.62952e-05 | 92  0.04519  9.02000e-06 | 93 -0.32514  6.80262e-06
 94  0.29036 -8.74072e-07 |

 - final statistics:
94 variables; iteration 190; function evaluation 242
Function value 2.4339e+02; maximum gradient component mag 3.0224e-05
Exit code = 1;  converg criter 1.0000e-04
Var    Value     Gradient |Var    Value     Gradient |Var    Value     Gradient
  1 -0.02754  1.55470e-06 |  2 -0.40774  3.02239e-05 |  3  0.18313  3.09866e-06
  4 -0.27085  6.10010e-06 |  5 -0.42128  8.53052e-07 |  6 -0.69474 -1.96294e-06
  7  0.01552  2.63349e-05 |  8 -0.00353 -6.71506e-07 |  9 -0.00501 -4.34378e-07
 10 -0.00667 -4.00308e-07 | 11 -0.00850 -3.06169e-07 | 12 -0.01051 -2.83667e-07
 13 -0.01272 -2.72482e-07 | 14 -0.01513 -3.78410e-07 | 15 -0.01771 -3.36275e-07
 16 -0.02047 -3.14784e-07 | 17 -0.02336 -1.69165e-07 | 18 -0.02638 -1.69655e-07
 19 -0.02952 -3.48805e-07 | 20 -0.03277 -2.97872e-07 | 21 -0.03605 -2.18340e-07
 22 -0.03922 -3.34779e-07 | 23 -0.04217 -4.25498e-07 | 24 -0.04490 -3.06264e-07
 25 -0.04760 -1.39175e-07 | 26 -0.05054 -1.04088e-07 | 27 -0.05337 -1.63498e-07
 28 -0.05606 -1.44762e-08 | 29 -0.05830 -1.68403e-07 | 30 -0.05975 -9.52580e-08
 31 -0.06037 -2.41219e-08 | 32 -0.05881 -1.33887e-07 | 33 -0.05375  1.28166e-08
 34 -0.04335  8.05020e-08 | 35 -0.02693  2.94584e-08 | 36 -0.00394  1.40310e-07
 37  0.02646  2.92835e-07 | 38  0.06128  4.29421e-07 | 39  0.07502  7.91309e-07
 40  0.05208  8.16368e-07 | 41  0.02333  5.68680e-07 | 42  0.00549  4.92327e-07
 43 -0.00550  3.96103e-07 | 44 -0.01115  7.59827e-07 | 45 -0.01217  3.17196e-07
 46 -0.01054  3.99661e-07 | 47 -0.00985  1.92100e-07 | 48 -0.00778  5.65352e-07
 49 -0.00215  5.14161e-07 | 50 -0.01617  3.37645e-07 | 51 -0.01377  5.17818e-07
 52  0.02807  3.49240e-07 | 53  0.04706  5.47207e-07 | 54  0.00818  4.56647e-07
 55  0.04541  5.31523e-07 | 56  0.01596  7.15633e-07 | 57  0.04470  8.97126e-07
 58  0.05056  7.76676e-07 | 59  0.03668  3.88002e-07 | 60  0.03306  3.44250e-07
 61  0.05344  2.47050e-07 | 62  0.08207  2.56707e-07 | 63  0.07093 -9.56893e-08
 64  0.08050 -3.01990e-07 | 65  0.05826 -5.88906e-07 | 66  0.08517 -9.98538e-07
 67  0.04445 -1.44667e-06 | 68  0.06190 -5.31539e-07 | 69  0.02759 -4.11688e-07
 70  0.02094 -3.04658e-07 | 71  0.00222  1.87832e-08 | 72  0.00678 -1.87255e-07
 73 -0.04086 -1.98656e-07 | 74 -0.04825 -4.56270e-07 | 75 -0.01081 -7.65089e-07
 76 -0.01046 -5.83431e-07 | 77  0.18344  3.78708e-06 | 78  0.06207  9.66103e-07
 79  0.29430 -2.83182e-06 | 80 -0.60008 -1.81935e-08 | 81 -1.47532  9.21594e-08
 82 -0.02282 -2.77686e-08 | 83  0.18040  2.96984e-06 | 84  0.03279  1.96962e-06
 85  0.40475 -1.69944e-06 | 86 -1.44125 -3.41836e-08 | 87 -0.34189 -1.02699e-06
 88 -0.12674  3.04182e-07 | 89 -0.00029 -1.11556e-06 | 90  0.34293  6.17969e-09
 91  0.25013  1.30924e-06 | 92  0.04372 -1.29027e-08 | 93 -0.32514  1.49009e-06
 94  0.29046 -3.16398e-09 |

Initial statistics: 104 variables; iteration 0; function evaluation 0; phase 5
Function value 2.4338570e+02; maximum gradient component mag -1.0321e+02
Var    Value     Gradient |Var    Value     Gradient |Var    Value     Gradient
  1 -0.02754  1.55394e-06 |  2 -0.40774  3.02188e-05 |  3  0.18313  3.09798e-06
  4 -0.27085  6.09860e-06 |  5 -0.42128  8.52989e-07 |  6 -0.69474 -1.96305e-06
  7  0.01552  2.63329e-05 |  8 -0.00353 -6.68469e-07 |  9 -0.00501 -4.31341e-07
 10 -0.00667 -3.97272e-07 | 11 -0.00850 -3.03133e-07 | 12 -0.01051 -2.80631e-07
 13 -0.01272 -2.69447e-07 | 14 -0.01513 -3.75375e-07 | 15 -0.01771 -3.33241e-07
 16 -0.02047 -3.11751e-07 | 17 -0.02336 -1.66134e-07 | 18 -0.02638 -1.66625e-07
 19 -0.02952 -3.45776e-07 | 20 -0.03277 -2.94844e-07 | 21 -0.03605 -2.15313e-07
 22 -0.03922 -3.31754e-07 | 23 -0.04217 -4.22475e-07 | 24 -0.04490 -3.03241e-07
 25 -0.04760 -1.36155e-07 | 26 -0.05054 -1.01069e-07 | 27 -0.05337 -1.60480e-07
 28 -0.05606 -1.14603e-08 | 29 -0.05830 -1.65389e-07 | 30 -0.05975 -9.22449e-08
 31 -0.06037 -2.11100e-08 | 32 -0.05881 -1.30876e-07 | 33 -0.05375  1.58282e-08
 34 -0.04335  8.35147e-08 | 35 -0.02693  3.24713e-08 | 36 -0.00394  1.43318e-07
 37  0.02646  2.95830e-07 | 38  0.06128  4.32389e-07 | 39  0.07502  7.94260e-07
 40  0.05208  8.19337e-07 | 41  0.02333  5.71667e-07 | 42  0.00549  4.95320e-07
 43 -0.00550  3.99097e-07 | 44 -0.01115  7.62824e-07 | 45 -0.01217  3.20191e-07
 46 -0.01054  4.02662e-07 | 47 -0.00985  1.95094e-07 | 48 -0.00778  5.68340e-07
 49 -0.00215  5.17147e-07 | 50 -0.01617  3.40631e-07 | 51 -0.01377  5.20805e-07
 52  0.02807  3.52201e-07 | 53  0.04706  5.50152e-07 | 54  0.00818  4.59625e-07
 55  0.04541  5.34474e-07 | 56  0.01596  7.18608e-07 | 57  0.04470  9.00084e-07
 58  0.05056  7.79635e-07 | 59  0.03668  3.90982e-07 | 60  0.03306  3.47234e-07
 61  0.05344  2.50022e-07 | 62  0.08207  2.59654e-07 | 63  0.07093 -9.27221e-08
 64  0.08050 -2.99024e-07 | 65  0.05826 -5.85915e-07 | 66  0.08517 -9.95561e-07
 67  0.04445 -1.44366e-06 | 68  0.06190 -5.28530e-07 | 69  0.02759 -4.08658e-07
 70  0.02094 -3.01620e-07 | 71  0.00222  2.18258e-08 | 72  0.00678 -1.84210e-07
 73 -0.04086 -1.95619e-07 | 74 -0.04825 -4.53238e-07 | 75 -0.01081 -7.62050e-07
 76 -0.01046 -5.80393e-07 | 77  0.00000 -5.23190e+01 | 78  0.00000 -1.03208e+02
 79  0.00000 -5.05934e+01 | 80  0.00000 -5.22412e+01 | 81  0.00000  0.00000e+00
 82  0.00000  0.00000e+00 | 83  0.00000  0.00000e+00 | 84  0.00000  0.00000e+00
 85  0.00000  0.00000e+00 | 86  0.00000  0.00000e+00 | 87  0.18344  3.78703e-06
 88  0.06207  9.66098e-07 | 89  0.29430 -2.83178e-06 | 90 -0.60008 -1.81936e-08
 91 -0.52468 -9.21474e-08 | 92 -0.02282 -2.77816e-08 | 93  0.18040  2.96977e-06
 94  0.03279  1.96956e-06 | 95  0.40475 -1.69941e-06 | 96 -0.55875  3.41824e-08
 97 -0.34189 -1.02696e-06 | 98 -0.12674  3.04155e-07 | 99 -0.00029 -1.11555e-06
100  0.34293  6.17969e-09 |101  0.25013  1.30925e-06 |102  0.04372 -1.29027e-08
103 -0.32514  1.49013e-06 |104  0.29046 -3.16398e-09 |

Intermediate statistics: 104 variables; iteration 20; function evaluation 24; phase 5
Function value 2.3907688e+02; maximum gradient component mag 1.4226e+02
Var    Value     Gradient |Var    Value     Gradient |Var    Value     Gradient
  1 -0.02925  9.53809e+01 |  2 -0.40786 -7.18628e+01 |  3  0.18777  6.01651e+01
  4 -0.27148  1.42262e+02 |  5 -0.42311  7.54631e-01 |  6 -0.69515 -4.32579e+01
  7  0.01476  6.09258e+01 |  8 -0.00946 -1.14930e+00 |  9 -0.01070 -1.11476e+00
 10 -0.01209 -1.07608e+00 | 11 -0.01362 -1.03288e+00 | 12 -0.01532 -9.84863e-01
 13 -0.01719 -9.31803e-01 | 14 -0.01924 -8.73665e-01 | 15 -0.02145 -8.10658e-01
 16 -0.02381 -7.43320e-01 | 17 -0.02630 -6.72567e-01 | 18 -0.02891 -5.99578e-01
 19 -0.03164 -5.25008e-01 | 20 -0.03448 -4.49435e-01 | 21 -0.03736 -3.73973e-01
 22 -0.04016 -3.01048e-01 | 23 -0.04276 -2.34287e-01 | 24 -0.04517 -1.77511e-01
 25 -0.04756 -1.29816e-01 | 26 -0.05017 -8.10054e-02 | 27 -0.05273 -4.28965e-02
 28 -0.05519 -5.53866e-03 | 29 -0.05725  2.55198e-02 | 30 -0.05861  5.09170e-02
 31 -0.05915  1.06315e-01 | 32 -0.05759  1.81529e-01 | 33 -0.05261  2.91502e-01
 34 -0.04242  4.49239e-01 | 35 -0.02616  7.28657e-01 | 36 -0.00309  1.21691e+00
 37  0.02796  2.03387e+00 | 38  0.06498  3.25381e+00 | 39  0.07920  4.01571e+00
 40  0.05213  3.50399e+00 | 41  0.02209  2.89436e+00 | 42  0.00410  2.76783e+00
 43 -0.00640  2.97667e+00 | 44 -0.01134  3.41714e+00 | 45 -0.01159  4.04804e+00
 46 -0.00940  4.76836e+00 | 47 -0.00858  5.39104e+00 | 48 -0.00671  6.00184e+00
 49 -0.00106  6.78989e+00 | 50 -0.01603  6.30007e+00 | 51 -0.01409  7.05718e+00
 52  0.02930  1.15590e+01 | 53  0.04914  1.48360e+01 | 54  0.00771  1.10634e+01
 55  0.04868  1.54504e+01 | 56  0.01477  1.04643e+01 | 57  0.04818  1.26775e+01
 58  0.05052  9.85182e+00 | 59  0.03829  8.63861e+00 | 60  0.03489  9.37999e+00
 61  0.05493  1.08298e+01 | 62  0.08359  1.10553e+01 | 63  0.07154  5.59652e+00
 64  0.08238 -9.13819e-01 | 65  0.05749 -9.01993e+00 | 66  0.08663 -2.22519e+01
 67  0.04217 -2.25549e+01 | 68  0.06204 -2.77302e+01 | 69  0.02716 -2.00980e+01
 70  0.02215 -1.63150e+01 | 71  0.00196 -1.04899e+01 | 72  0.00976 -4.23348e+00
 73 -0.03808  2.96303e+00 | 74 -0.04407  8.07149e+00 | 75  0.00278  1.44098e+01
 76 -0.01146  2.96908e+00 | 77 -0.03553 -3.67988e+01 | 78  0.07832 -4.30204e+01
 79 -0.04523 -3.89680e+01 | 80  0.05640 -1.79325e+01 | 81  0.00000  0.00000e+00
 82  0.00000  0.00000e+00 | 83  0.00000  0.00000e+00 | 84  0.00000  0.00000e+00
 85  0.00000  0.00000e+00 | 86  0.00000  0.00000e+00 | 87  0.18331 -3.20850e+01
 88  0.06285 -1.69051e-02 | 89  0.30136  3.59844e+01 | 90 -0.60009 -5.76373e-03
 91 -0.53845  1.02225e+00 | 92 -0.02017 -9.83983e-01 | 93  0.17669 -1.69473e+01
 94  0.03394 -1.56059e+01 | 95  0.41228  1.89759e+00 | 96 -0.55843 -3.81057e-01
 97 -0.36194 -3.93405e+00 | 98 -0.12203 -1.28679e+00 | 99 -0.00068 -1.36164e+01
100  0.34293 -2.86705e-05 |101  0.25264  1.09490e+01 |102  0.04372 -7.37831e-07
103 -0.33212 -2.41464e+00 |104  0.29046  1.24845e-04 |
104 variables; iteration 40; function evaluation 48; phase 5
Function value 2.3635577e+02; maximum gradient component mag -2.4450e+01
Var    Value     Gradient |Var    Value     Gradient |Var    Value     Gradient
  1 -0.03212 -5.54059e+00 |  2 -0.40779 -2.44500e+01 |  3  0.18773 -1.93864e+00
  4 -0.27050 -9.09238e+00 |  5 -0.42525 -7.21638e+00 |  6 -0.69467  2.52847e+00
  7  0.01488 -1.05721e+01 |  8 -0.00805  3.63213e-01 |  9 -0.00955  2.87383e-01
 10 -0.01121  2.11161e-01 | 11 -0.01301  1.37129e-01 | 12 -0.01498  6.86057e-02
 13 -0.01709  9.52401e-03 | 14 -0.01936 -3.58764e-02 | 15 -0.02175 -6.35254e-02
 16 -0.02425 -7.01527e-02 | 17 -0.02684 -5.40120e-02 | 18 -0.02950 -1.49793e-02
 19 -0.03223  4.66330e-02 | 20 -0.03503  1.30853e-01 | 21 -0.03784  2.35013e-01
 22 -0.04053  3.50630e-01 | 23 -0.04303  4.65451e-01 | 24 -0.04535  5.71213e-01
 25 -0.04766  6.73174e-01 | 26 -0.05016  7.89360e-01 | 27 -0.05259  9.11667e-01
 28 -0.05491  1.04040e+00 | 29 -0.05685  1.15071e+00 | 30 -0.05816  1.21773e+00
 31 -0.05868  1.23568e+00 | 32 -0.05722  1.16480e+00 | 33 -0.05244  9.95489e-01
 34 -0.04255  7.33796e-01 | 35 -0.02652  4.87909e-01 | 36 -0.00346  3.23550e-01
 37  0.02613 -3.49531e-01 | 38  0.06520 -2.44756e-01 | 39  0.08403 -2.37135e-01
 40  0.04566 -2.46803e+00 | 41  0.02242 -1.01497e+00 | 42  0.00424 -1.13323e+00
 43 -0.00684 -1.37777e+00 | 44 -0.01192 -1.46114e+00 | 45 -0.01214 -1.49036e+00
 46 -0.00984 -1.48647e+00 | 47 -0.00900 -1.50166e+00 | 48 -0.00724 -1.60406e+00
 49 -0.00237 -2.13687e+00 | 50 -0.01861 -2.64259e+00 | 51 -0.01541 -1.67012e+00
 52  0.02835 -4.30293e-01 | 53  0.04745  1.52234e+00 | 54  0.00857  2.32055e+00
 55  0.04680 -6.71351e-01 | 56  0.01357 -2.61049e+00 | 57  0.04574 -3.57519e+00
 58  0.05187  7.44170e-01 | 59  0.03463 -1.76167e+00 | 60  0.03476  1.50114e+00
 61  0.05564  5.20928e-01 | 62  0.07930 -4.36208e+00 | 63  0.07223  4.84290e-01
 64  0.08364  2.51269e+00 | 65  0.05583 -8.50039e-01 | 66  0.08944  4.99455e-01
 67  0.04326  1.82157e+00 | 68  0.06832  4.37953e+00 | 69  0.02594 -8.06341e-01
 70  0.02722  6.91480e-01 | 71  0.00471  3.23679e-02 | 72  0.01246  1.20737e+00
 73 -0.03415  2.50171e+00 | 74 -0.03950  2.47377e+00 | 75  0.00263  1.83862e+00
 76 -0.02117 -1.35443e+00 | 77  0.01896 -3.21044e+00 | 78  0.07262 -1.12000e+01
 79  0.01954  6.31418e-01 | 80  0.06608 -2.30198e+00 | 81  0.00000  0.00000e+00
 82  0.00000  0.00000e+00 | 83  0.00000  0.00000e+00 | 84  0.00000  0.00000e+00
 85  0.00000  0.00000e+00 | 86  0.00000  0.00000e+00 | 87  0.18723 -1.63665e-01
 88  0.05725 -1.76970e+00 | 89  0.29922 -1.10920e+00 | 90 -0.60613 -1.03215e-02
 91 -0.54383 -2.54878e+00 | 92 -0.01442  8.69450e-01 | 93  0.18537 -4.43716e+00
 94  0.02804 -1.76226e+00 | 95  0.42109  1.42871e+00 | 96 -0.51426 -4.25338e-02
 97 -0.37923 -3.48835e+00 | 98 -0.12407 -9.90460e-01 | 99  0.00012  1.84780e+00
100  0.34292  1.11523e-05 |101  0.25301 -4.53734e+00 |102  0.04372  9.27904e-07
103 -0.33838 -1.27046e+01 |104  0.29041  3.17765e-06 |
104 variables; iteration 60; function evaluation 75; phase 5
Function value 2.3621006e+02; maximum gradient component mag -2.5009e+00
Var    Value     Gradient |Var    Value     Gradient |Var    Value     Gradient
  1 -0.03011 -1.61711e+00 |  2 -0.40774 -2.10384e+00 |  3  0.18680 -1.01249e+00
  4 -0.27116 -2.50088e+00 |  5 -0.42404 -6.32005e-01 |  6 -0.69491  1.32660e+00
  7  0.01487 -1.75068e+00 |  8 -0.00845  1.40420e-01 |  9 -0.00980  1.11410e-01
 10 -0.01131  8.15354e-02 | 11 -0.01295  6.00314e-02 | 12 -0.01473  5.49211e-02
 13 -0.01663  6.83122e-02 | 14 -0.01869  9.24803e-02 | 15 -0.02094  1.10697e-01
 16 -0.02339  1.05547e-01 | 17 -0.02604  7.19343e-02 | 18 -0.02883  2.44237e-02
 19 -0.03171 -9.93994e-03 | 20 -0.03463 -9.64206e-03 | 21 -0.03752  2.16952e-02
 22 -0.04032  5.70484e-02 | 23 -0.04295  7.58889e-02 | 24 -0.04543  7.62546e-02
 25 -0.04793  5.50672e-02 | 26 -0.05069  5.55295e-03 | 27 -0.05340 -4.92017e-02
 28 -0.05593 -7.18394e-02 | 29 -0.05799 -5.65027e-02 | 30 -0.05932 -3.87056e-02
 31 -0.05984 -4.64367e-02 | 32 -0.05829 -8.62045e-02 | 33 -0.05324 -1.10289e-01
 34 -0.04281 -7.47126e-02 | 35 -0.02669 -2.35484e-01 | 36 -0.00321 -1.38594e-01
 37  0.02589 -8.10493e-01 | 38  0.06513 -3.10278e-01 | 39  0.08058 -2.31631e-01
 40  0.05199 -2.34704e-01 | 41  0.02122 -4.71488e-01 | 42  0.00364 -3.29204e-01
 43 -0.00674 -2.28803e-01 | 44 -0.01145 -6.35921e-02 | 45 -0.01152  6.38136e-02
 46 -0.00949  1.90785e-02 | 47 -0.00911 -1.81816e-01 | 48 -0.00795 -5.38009e-01
 49 -0.00256 -7.11454e-01 | 50 -0.01666 -2.75522e-01 | 51 -0.01477 -7.87473e-02
 52  0.02841  3.34780e-02 | 53  0.04688 -4.66246e-01 | 54  0.00687 -8.97756e-02
 55  0.04660 -4.01064e-01 | 56  0.01502  1.30914e-01 | 57  0.04649 -6.05243e-01
 58  0.05018  8.66950e-02 | 59  0.03687 -4.73323e-02 | 60  0.03352 -4.30069e-02
 61  0.05349 -1.23661e-01 | 62  0.08297  7.49566e-02 | 63  0.07041 -1.51805e-01
 64  0.08274  5.87280e-01 | 65  0.05759  1.08738e-01 | 66  0.08892  7.00973e-01
 67  0.04400  3.20103e-01 | 68  0.06603  1.44499e+00 | 69  0.02944  4.24819e-01
 70  0.02492  2.59048e-01 | 71  0.00623  5.77790e-01 | 72  0.01293  3.07173e-01
 73 -0.03599 -1.16001e-01 | 74 -0.03947  7.10334e-01 | 75  0.00213  6.48779e-02
 76 -0.02082 -3.64036e-01 | 77  0.01731 -4.30317e-02 | 78  0.07925  7.78498e-03
 79  0.01316 -8.35814e-02 | 80  0.06825 -2.24464e-01 | 81  0.00000  0.00000e+00
 82  0.00000  0.00000e+00 | 83  0.00000  0.00000e+00 | 84  0.00000  0.00000e+00
 85  0.00000  0.00000e+00 | 86  0.00000  0.00000e+00 | 87  0.18579 -7.37208e-01
 88  0.05983 -5.51106e-01 | 89  0.29680  2.71561e-01 | 90 -0.63212 -3.14095e-03
 91 -0.53886 -4.93484e-02 | 92 -0.01828  2.01834e-01 | 93  0.18359 -1.43564e+00
 94  0.02970 -8.30320e-01 | 95  0.41031  9.77885e-01 | 96 -0.52851 -1.81913e-02
 97 -0.36494  7.96826e-01 | 98 -0.12309 -2.17962e-01 | 99  0.00065  3.61615e-01
100  0.34284  2.32708e-05 |101  0.25154 -5.10802e-01 |102  0.04372  2.21326e-06
103 -0.33580 -6.92131e-01 |104  0.29035  3.30484e-05 |
104 variables; iteration 80; function evaluation 108; phase 5
Function value 2.3620605e+02; maximum gradient component mag -6.7521e-01
Var    Value     Gradient |Var    Value     Gradient |Var    Value     Gradient
  1 -0.03007 -7.27562e-02 |  2 -0.40773 -6.75208e-01 |  3  0.18650 -4.64853e-02
  4 -0.27107 -1.00834e-01 |  5 -0.42395 -3.88285e-03 |  6 -0.69494 -5.05741e-02
  7  0.01484 -2.15414e-01 |  8 -0.00875  1.19501e-02 |  9 -0.01004  1.37701e-02
 10 -0.01148  9.25507e-03 | 11 -0.01309  4.74790e-03 | 12 -0.01485  3.13661e-03
 13 -0.01680  2.89976e-04 | 14 -0.01892 -1.43277e-03 | 15 -0.02119  5.07143e-03
 16 -0.02362  8.07663e-03 | 17 -0.02622 -2.23270e-03 | 18 -0.02891 -3.01164e-03
 19 -0.03170  7.16991e-03 | 20 -0.03463  4.55324e-03 | 21 -0.03758  7.08188e-03
 22 -0.04044  1.17027e-02 | 23 -0.04313  2.54992e-03 | 24 -0.04561  2.34754e-03
 25 -0.04805  9.67775e-03 | 26 -0.05074  1.56198e-03 | 27 -0.05333  9.99468e-03
 28 -0.05584  3.69997e-03 | 29 -0.05790  1.57629e-02 | 30 -0.05931 -6.42265e-03
 31 -0.05981  7.33373e-03 | 32 -0.05822  4.50443e-04 | 33 -0.05315  3.04244e-03
 34 -0.04283  7.51240e-03 | 35 -0.02646  4.58909e-03 | 36 -0.00333 -2.79623e-03
 37  0.02774  4.83993e-04 | 38  0.06496 -3.70684e-03 | 39  0.07958 -5.42503e-03
 40  0.05179 -1.45162e-03 | 41  0.02204 -1.72227e-03 | 42  0.00408  5.32636e-03
 43 -0.00657 -5.11181e-03 | 44 -0.01164  9.77745e-03 | 45 -0.01208 -4.64424e-03
 46 -0.01001 -1.68680e-03 | 47 -0.00925 -5.71882e-04 | 48 -0.00737  1.88091e-03
 49 -0.00171  6.00991e-03 | 50 -0.01669  1.68088e-03 | 51 -0.01486 -9.46668e-03
 52  0.02796 -1.02989e-02 | 53  0.04741 -1.22675e-03 | 54  0.00633 -9.15857e-04
 55  0.04720 -1.84038e-03 | 56  0.01408 -3.40860e-03 | 57  0.04720 -7.78523e-03
 58  0.04983 -2.95079e-03 | 59  0.03701 -1.08399e-02 | 60  0.03347 -1.81282e-03
 61  0.05369 -3.83224e-03 | 62  0.08269 -2.48361e-02 | 63  0.07102 -8.13879e-03
 64  0.08213 -3.30652e-03 | 65  0.05830 -1.03233e-02 | 66  0.08838 -2.07459e-02
 67  0.04499 -1.27756e-03 | 68  0.06509 -2.52811e-03 | 69  0.02997 -8.27014e-03
 70  0.02510 -1.47128e-02 | 71  0.00581 -5.98406e-04 | 72  0.01299  1.66161e-02
 73 -0.03543  9.25623e-03 | 74 -0.04026  1.54043e-03 | 75  0.00227  1.92782e-04
 76 -0.02040 -7.14466e-04 | 77  0.01723 -4.13217e-03 | 78  0.07920  1.63897e-03
 79  0.01323 -1.84069e-03 | 80  0.06852  6.79762e-03 | 81  0.00000  0.00000e+00
 82  0.00000  0.00000e+00 | 83  0.00000  0.00000e+00 | 84  0.00000  0.00000e+00
 85  0.00000  0.00000e+00 | 86  0.00000  0.00000e+00 | 87  0.18591 -7.44584e-02
 88  0.06062 -6.49567e-02 | 89  0.29683  1.13684e-02 | 90 -0.63586 -2.09390e-03
 91 -0.53875 -2.15136e-03 | 92 -0.01992 -1.67107e-02 | 93  0.18424  2.95711e-02
 94  0.02950  3.07076e-02 | 95  0.41084  3.35593e-03 | 96 -0.54028  1.77110e-03
 97 -0.36547  9.30443e-03 | 98 -0.12320  1.66092e-03 | 99  0.00075 -3.51315e-03
100  0.34274  9.11784e-06 |101  0.25166  5.52269e-03 |102  0.04371  1.16875e-06
103 -0.33574  1.76395e-02 |104  0.29017  3.08653e-05 |
104 variables; iteration 100; function evaluation 140; phase 5
Function value 2.3620602e+02; maximum gradient component mag 4.0171e-01
Var    Value     Gradient |Var    Value     Gradient |Var    Value     Gradient
  1 -0.03007  4.26092e-02 |  2 -0.40773  4.01707e-01 |  3  0.18652  4.10506e-02
  4 -0.27107  8.26357e-02 |  5 -0.42395  2.54279e-03 |  6 -0.69494 -8.51232e-03
  7  0.01484  1.64318e-01 |  8 -0.00880 -1.47525e-02 |  9 -0.01004  4.25463e-03
 10 -0.01152 -1.52821e-02 | 11 -0.01305  1.45000e-02 | 12 -0.01481  1.49454e-02
 13 -0.01682 -1.57744e-02 | 14 -0.01887  1.13706e-02 | 15 -0.02119 -1.54118e-03
 16 -0.02363 -3.30021e-03 | 17 -0.02617  1.18290e-02 | 18 -0.02889 -1.58559e-03
 19 -0.03171 -4.81413e-03 | 20 -0.03464 -6.31849e-03 | 21 -0.03756  1.08436e-02
 22 -0.04047 -6.63963e-03 | 23 -0.04318 -3.19997e-02 | 24 -0.04559  5.09503e-03
 25 -0.04807 -7.65472e-03 | 26 -0.05073 -9.58199e-05 | 27 -0.05335 -3.13902e-03
 28 -0.05585 -7.77041e-03 | 29 -0.05793 -9.82626e-03 | 30 -0.05927  7.27164e-03
 31 -0.05981 -2.17586e-03 | 32 -0.05822 -1.03966e-02 | 33 -0.05313  9.31203e-03
 34 -0.04282  1.23311e-02 | 35 -0.02648 -8.92579e-03 | 36 -0.00331  4.07909e-03
 37  0.02773  1.79759e-03 | 38  0.06497  3.96398e-03 | 39  0.07960  5.11429e-03
 40  0.05178  2.36325e-03 | 41  0.02204  3.14224e-03 | 42  0.00405 -4.39219e-03
 43 -0.00656  8.69589e-04 | 44 -0.01168 -5.57333e-03 | 45 -0.01204  1.13133e-02
 46 -0.01001 -2.00729e-03 | 47 -0.00925  1.48078e-03 | 48 -0.00737  4.96884e-03
 49 -0.00172  2.79542e-03 | 50 -0.01671 -7.18636e-03 | 51 -0.01485  4.55060e-03
 52  0.02798  1.01792e-02 | 53  0.04739  6.51852e-03 | 54  0.00634  4.54380e-03
 55  0.04720  7.09290e-03 | 56  0.01407  2.15906e-03 | 57  0.04720  6.17696e-03
 58  0.04983  7.20815e-03 | 59  0.03701  2.11851e-03 | 60  0.03348  8.46551e-03
 61  0.05367 -2.68414e-03 | 62  0.08271  1.25428e-02 | 63  0.07100 -5.31268e-03
 64  0.08213  3.60329e-03 | 65  0.05831  9.15584e-03 | 66  0.08838 -3.66053e-03
 67  0.04498 -3.92596e-04 | 68  0.06509  2.69768e-03 | 69  0.02997 -3.83672e-03
 70  0.02511 -1.84773e-03 | 71  0.00582 -3.94608e-03 | 72  0.01297 -1.25841e-02
 73 -0.03542  1.75230e-04 | 74 -0.04027 -7.23439e-03 | 75  0.00228 -3.62127e-03
 76 -0.02040 -4.53780e-03 | 77  0.01724  6.93945e-04 | 78  0.07920  2.89841e-03
 79  0.01324  7.22976e-04 | 80  0.06850 -4.95027e-03 | 81  0.00000  0.00000e+00
 82  0.00000  0.00000e+00 | 83  0.00000  0.00000e+00 | 84  0.00000  0.00000e+00
 85  0.00000  0.00000e+00 | 86  0.00000  0.00000e+00 | 87  0.18593  4.34117e-02
 88  0.06082  2.94858e-02 | 89  0.29685 -1.71141e-02 | 90 -0.62147 -3.33795e-04
 91 -0.53875 -1.63353e-03 | 92 -0.01993  4.25994e-03 | 93  0.18422  1.47672e-02
 94  0.02984  2.22834e-02 | 95  0.41083 -3.50746e-03 | 96 -0.55487  2.63880e-04
 97 -0.36548 -7.64528e-03 | 98 -0.12320  8.02654e-04 | 99  0.00075 -2.01548e-03
100  0.34266 -1.39638e-05 |101  0.25166  3.61593e-03 |102  0.04369 -9.72846e-07
103 -0.33574 -5.33297e-03 |104  0.28957  1.57069e-05 |
104 variables; iteration 120; function evaluation 168; phase 5
Function value 2.3620602e+02; maximum gradient component mag 6.1202e-03
Var    Value     Gradient |Var    Value     Gradient |Var    Value     Gradient
  1 -0.03007  8.13205e-04 |  2 -0.40773  6.12020e-03 |  3  0.18651  7.09574e-04
  4 -0.27107  1.49042e-03 |  5 -0.42395  9.28122e-05 |  6 -0.69494 -3.08094e-05
  7  0.01484  2.42418e-03 |  8 -0.00877 -3.51491e-04 |  9 -0.01006  3.35270e-04
 10 -0.01149 -3.75127e-04 | 11 -0.01309  1.67190e-04 | 12 -0.01485 -1.90000e-04
 13 -0.01679 -9.55241e-04 | 14 -0.01890  7.01992e-04 | 15 -0.02119  4.18686e-05
 16 -0.02363 -2.10893e-05 | 17 -0.02620  3.41919e-04 | 18 -0.02889  2.52576e-04
 19 -0.03171  4.64220e-04 | 20 -0.03463 -2.80072e-04 | 21 -0.03759  1.57792e-04
 22 -0.04046 -9.46891e-05 | 23 -0.04313 -6.06650e-04 | 24 -0.04560  1.30342e-04
 25 -0.04806 -1.49252e-04 | 26 -0.05073  2.93974e-05 | 27 -0.05334 -3.01631e-05
 28 -0.05584 -1.24553e-04 | 29 -0.05792 -3.34827e-04 | 30 -0.05929  3.72431e-04
 31 -0.05981 -2.82236e-05 | 32 -0.05821 -2.42839e-04 | 33 -0.05315  2.20288e-04
 34 -0.04284  1.41502e-04 | 35 -0.02646  1.08464e-04 | 36 -0.00331 -1.03263e-04
 37  0.02774  1.81348e-05 | 38  0.06497  6.86090e-05 | 39  0.07959  8.63335e-05
 40  0.05178  7.75211e-05 | 41  0.02204  2.15093e-04 | 42  0.00407 -1.53595e-04
 43 -0.00656  2.40128e-04 | 44 -0.01166 -7.44744e-04 | 45 -0.01207  2.05095e-04
 46 -0.01000  3.46499e-04 | 47 -0.00925 -6.33629e-05 | 48 -0.00737  6.28593e-05
 49 -0.00173  2.20860e-05 | 50 -0.01669 -4.21868e-05 | 51 -0.01485 -9.14618e-06
 52  0.02797  1.77757e-04 | 53  0.04740  1.24777e-05 | 54  0.00634  5.55184e-05
 55  0.04720  1.60379e-04 | 56  0.01408 -1.05108e-04 | 57  0.04720  1.34821e-04
 58  0.04983  4.16013e-05 | 59  0.03702  2.06811e-05 | 60  0.03347  1.79066e-04
 61  0.05369 -9.23369e-05 | 62  0.08270  2.78802e-04 | 63  0.07101 -1.15124e-04
 64  0.08213  8.16752e-05 | 65  0.05830  1.08620e-04 | 66  0.08839 -1.47237e-04
 67  0.04498  8.36377e-05 | 68  0.06509 -1.22686e-04 | 69  0.02997 -1.07633e-04
 70  0.02510  1.69373e-05 | 71  0.00581 -1.54765e-04 | 72  0.01298 -1.32121e-04
 73 -0.03543 -1.40471e-05 | 74 -0.04026 -1.11112e-04 | 75  0.00228 -6.24305e-05
 76 -0.02040 -5.25400e-05 | 77  0.01724 -2.93781e-05 | 78  0.07920 -1.67550e-05
 79  0.01324  1.84840e-05 | 80  0.06851 -1.86737e-05 | 81  0.00000  0.00000e+00
 82  0.00000  0.00000e+00 | 83  0.00000  0.00000e+00 | 84  0.00000  0.00000e+00
 85  0.00000  0.00000e+00 | 86  0.00000  0.00000e+00 | 87  0.18592  2.68347e-04
 88  0.06070  1.29124e-04 | 89  0.29684 -1.25545e-04 | 90 -0.61587 -1.01963e-06
 91 -0.53875  1.67450e-06 | 92 -0.01998  6.55092e-05 | 93  0.18423  9.73718e-04
 94  0.02978  1.07959e-03 | 95  0.41083 -2.10620e-04 | 96 -0.55231  1.96556e-05
 97 -0.36547 -1.98538e-04 | 98 -0.12320 -3.17641e-04 | 99  0.00075 -3.20021e-05
100  0.34281  1.07641e-06 |101  0.25166  4.46456e-05 |102  0.04371 -3.34028e-07
103 -0.33574 -1.16318e-04 |104  0.28914  8.96870e-06 |

 - final statistics:
104 variables; iteration 130; function evaluation 178
Function value 2.3621e+02; maximum gradient component mag 6.5931e-05
Exit code = 1;  converg criter 1.0000e-04
Var    Value     Gradient |Var    Value     Gradient |Var    Value     Gradient
  1 -0.03007 -6.12043e-06 |  2 -0.40773  6.59311e-05 |  3  0.18651  3.69566e-06
  4 -0.27107  2.66475e-06 |  5 -0.42395 -1.02046e-06 |  6 -0.69494 -7.10569e-06
  7  0.01484  7.02301e-06 |  8 -0.00877 -2.45409e-06 |  9 -0.01006  2.78325e-06
 10 -0.01149 -1.64326e-06 | 11 -0.01309  5.72180e-07 | 12 -0.01485 -3.75407e-06
 13 -0.01679 -5.83827e-06 | 14 -0.01890  5.27632e-06 | 15 -0.02119  3.54820e-06
 16 -0.02363 -2.72449e-06 | 17 -0.02620  7.39838e-06 | 18 -0.02889  2.49407e-08
 19 -0.03171  4.27680e-06 | 20 -0.03463 -1.58281e-06 | 21 -0.03759  1.03153e-06
 22 -0.04046  4.09559e-07 | 23 -0.04312 -3.92781e-06 | 24 -0.04560  2.12555e-06
 25 -0.04806 -1.75297e-06 | 26 -0.05073 -2.28863e-06 | 27 -0.05334 -6.33322e-07
 28 -0.05583 -1.58073e-06 | 29 -0.05792 -4.76064e-06 | 30 -0.05929  4.73409e-06
 31 -0.05981  1.94749e-07 | 32 -0.05821 -3.20846e-07 | 33 -0.05315  2.48267e-06
 34 -0.04284 -1.24961e-06 | 35 -0.02646  9.01766e-08 | 36 -0.00331 -1.83408e-06
 37  0.02774  5.44416e-07 | 38  0.06497  1.22805e-06 | 39  0.07959  1.96199e-06
 40  0.05178  2.18145e-06 | 41  0.02204  3.96638e-06 | 42  0.00407 -2.95331e-07
 43 -0.00656  5.51808e-06 | 44 -0.01166 -9.95310e-06 | 45 -0.01207  8.86783e-07
 46 -0.01000  5.22020e-06 | 47 -0.00925  6.78014e-07 | 48 -0.00737  7.67676e-07
 49 -0.00173 -1.73497e-07 | 50 -0.01669  6.43230e-07 | 51 -0.01485  1.21371e-06
 52  0.02797  2.94207e-06 | 53  0.04740  1.56933e-06 | 54  0.00634  2.08022e-06
 55  0.04720  1.51711e-06 | 56  0.01408 -9.48125e-07 | 57  0.04720  2.19112e-06
 58  0.04983 -2.46449e-07 | 59  0.03702  9.51010e-08 | 60  0.03347 -6.92244e-07
 61  0.05369 -2.88595e-06 | 62  0.08270 -1.83324e-07 | 63  0.07101 -3.50960e-06
 64  0.08213 -2.61648e-06 | 65  0.05830  1.46540e-07 | 66  0.08839 -1.27696e-06
 67  0.04498 -1.43853e-06 | 68  0.06509 -3.86641e-06 | 69  0.02997 -1.03508e-06
 70  0.02510  6.91265e-07 | 71  0.00581 -7.96705e-07 | 72  0.01298 -4.47933e-07
 73 -0.03543  3.02238e-07 | 74 -0.04026 -6.96439e-07 | 75  0.00228  1.25480e-06
 76 -0.02040  8.30685e-07 | 77  0.01724  2.24515e-06 | 78  0.07920 -1.29683e-07
 79  0.01324  1.88239e-06 | 80  0.06851 -1.32600e-06 | 81  0.00000  0.00000e+00
 82  0.00000  0.00000e+00 | 83  0.00000  0.00000e+00 | 84  0.00000  0.00000e+00
 85  0.00000  0.00000e+00 | 86  0.00000  0.00000e+00 | 87  0.18592  1.22633e-05
 88  0.06070  1.00304e-05 | 89  0.29684 -3.35892e-06 | 90 -0.61585  7.31919e-08
 91 -0.53875 -6.99076e-09 | 92 -0.01998  1.71983e-06 | 93  0.18423  5.60238e-06
 94  0.02978  8.12413e-06 | 95  0.41083  8.28257e-07 | 96 -0.55226  3.44764e-07
 97 -0.36547  2.67073e-06 | 98 -0.12320 -3.33241e-06 | 99  0.00075  2.97557e-07
100  0.34284 -2.87476e-06 |101  0.25166 -3.35829e-07 |102  0.04374 -8.33028e-07
103 -0.33574  6.39290e-07 |104  0.28869 -4.82102e-07 |
Estimating row 1 out of 104 for hessian
Estimating row 2 out of 104 for hessian
Estimating row 3 out of 104 for hessian
Estimating row 4 out of 104 for hessian
Estimating row 5 out of 104 for hessian
Estimating row 6 out of 104 for hessian
Estimating row 7 out of 104 for hessian
Estimating row 8 out of 104 for hessian
Estimating row 9 out of 104 for hessian
Estimating row 10 out of 104 for hessian
Estimating row 11 out of 104 for hessian
Estimating row 12 out of 104 for hessian
Estimating row 13 out of 104 for hessian
Estimating row 14 out of 104 for hessian
Estimating row 15 out of 104 for hessian
Estimating row 16 out of 104 for hessian
Estimating row 17 out of 104 for hessian
Estimating row 18 out of 104 for hessian
Estimating row 19 out of 104 for hessian
Estimating row 20 out of 104 for hessian
Estimating row 21 out of 104 for hessian
Estimating row 22 out of 104 for hessian
Estimating row 23 out of 104 for hessian
Estimating row 24 out of 104 for hessian
Estimating row 25 out of 104 for hessian
Estimating row 26 out of 104 for hessian
Estimating row 27 out of 104 for hessian
Estimating row 28 out of 104 for hessian
Estimating row 29 out of 104 for hessian
Estimating row 30 out of 104 for hessian
Estimating row 31 out of 104 for hessian
Estimating row 32 out of 104 for hessian
Estimating row 33 out of 104 for hessian
Estimating row 34 out of 104 for hessian
Estimating row 35 out of 104 for hessian
Estimating row 36 out of 104 for hessian
Estimating row 37 out of 104 for hessian
Estimating row 38 out of 104 for hessian
Estimating row 39 out of 104 for hessian
Estimating row 40 out of 104 for hessian
Estimating row 41 out of 104 for hessian
Estimating row 42 out of 104 for hessian
Estimating row 43 out of 104 for hessian
Estimating row 44 out of 104 for hessian
Estimating row 45 out of 104 for hessian
Estimating row 46 out of 104 for hessian
Estimating row 47 out of 104 for hessian
Estimating row 48 out of 104 for hessian
Estimating row 49 out of 104 for hessian
Estimating row 50 out of 104 for hessian
Estimating row 51 out of 104 for hessian
Estimating row 52 out of 104 for hessian
Estimating row 53 out of 104 for hessian
Estimating row 54 out of 104 for hessian
Estimating row 55 out of 104 for hessian
Estimating row 56 out of 104 for hessian
Estimating row 57 out of 104 for hessian
Estimating row 58 out of 104 for hessian
Estimating row 59 out of 104 for hessian
Estimating row 60 out of 104 for hessian
Estimating row 61 out of 104 for hessian
Estimating row 62 out of 104 for hessian
Estimating row 63 out of 104 for hessian
Estimating row 64 out of 104 for hessian
Estimating row 65 out of 104 for hessian
Estimating row 66 out of 104 for hessian
Estimating row 67 out of 104 for hessian
Estimating row 68 out of 104 for hessian
Estimating row 69 out of 104 for hessian
Estimating row 70 out of 104 for hessian
Estimating row 71 out of 104 for hessian
Estimating row 72 out of 104 for hessian
Estimating row 73 out of 104 for hessian
Estimating row 74 out of 104 for hessian
Estimating row 75 out of 104 for hessian
Estimating row 76 out of 104 for hessian
Estimating row 77 out of 104 for hessian
Estimating row 78 out of 104 for hessian
Estimating row 79 out of 104 for hessian
Estimating row 80 out of 104 for hessian
Estimating row 81 out of 104 for hessian
Estimating row 82 out of 104 for hessian
Estimating row 83 out of 104 for hessian
Estimating row 84 out of 104 for hessian
Estimating row 85 out of 104 for hessian
Estimating row 86 out of 104 for hessian
Estimating row 87 out of 104 for hessian
Estimating row 88 out of 104 for hessian
Estimating row 89 out of 104 for hessian
Estimating row 90 out of 104 for hessian
Estimating row 91 out of 104 for hessian
Estimating row 92 out of 104 for hessian
Estimating row 93 out of 104 for hessian
Estimating row 94 out of 104 for hessian
Estimating row 95 out of 104 for hessian
Estimating row 96 out of 104 for hessian
Estimating row 97 out of 104 for hessian
Estimating row 98 out of 104 for hessian
Estimating row 99 out of 104 for hessian
Estimating row 100 out of 104 for hessian
Estimating row 101 out of 104 for hessian
Estimating row 102 out of 104 for hessian
Estimating row 103 out of 104 for hessian
Estimating row 104 out of 104 for hessian
size of file gradfil1.tmp = 0
size of file gradfil2.tmp = 0
size of file varssave.tmp = 0
size of file cmpdiff.tmp = 0
