
Initial statistics: 1 variables; iteration 0; function evaluation 0; phase 1
Function value 3.3123502e+03; maximum gradient component mag 4.4245e+04
Var    Value     Gradient |Var    Value     Gradient |Var    Value     Gradient
  1  0.04113  4.42446e+04 |

 - final statistics:
1 variables; iteration 6; function evaluation 10
Function value 2.4698e+03; maximum gradient component mag -2.1070e-01
Exit code = 1;  converg criter 1.0000e+01
Var    Value     Gradient |Var    Value     Gradient |Var    Value     Gradient
  1  0.00566 -2.10704e-01 |

Initial statistics: 78 variables; iteration 0; function evaluation 0; phase 2
Function value 2.4698499e+03; maximum gradient component mag -3.7414e+03
Var    Value     Gradient |Var    Value     Gradient |Var    Value     Gradient
  1  0.00566 -2.10704e-01 |  2 -0.02724  2.06410e+01 |  3  0.02516  5.53263e+01
  4 -0.02780  2.62999e+01 |  5 -0.05481  1.38359e+01 |  6  0.02700  7.33128e+01
  7  0.02399  7.80032e+01 |  8  0.04119  1.02014e+02 |  9 -0.05496  3.00662e+01
 10  0.04168  1.24881e+02 | 11  0.02961  1.23784e+02 | 12  0.03687  1.46967e+02
 13 -0.03757  7.34052e+01 | 14  0.02243  1.58815e+02 | 15  0.03120  1.90629e+02
 16 -0.03949  1.03598e+02 | 17  0.01461  2.01151e+02 | 18 -0.00463  1.85393e+02
 19  0.01063  2.34245e+02 | 20 -0.02244  1.89230e+02 | 21  0.04132  3.61743e+02
 22  0.04716  4.09076e+02 | 23  0.02364  3.61412e+02 | 24 -0.02132  2.60277e+02
 25 -0.02671  2.72519e+02 | 26 -0.01366  3.37153e+02 | 27  0.01596  4.71730e+02
 28 -0.00786  4.04890e+02 | 29 -0.01076  4.13570e+02 | 30 -0.04174  3.31446e+02
 31  0.00636  5.18297e+02 | 32  0.03983  6.89515e+02 | 33  0.04233  7.08763e+02
 34  0.01010  5.35117e+02 | 35 -0.04814  3.24916e+02 | 36 -0.04328  3.37176e+02
 37 -0.02555  4.05708e+02 | 38 -0.04276  3.56834e+02 | 39  0.02077  6.23179e+02
 40  0.04525  7.59133e+02 | 41  0.02123  6.08517e+02 | 42  0.02415  5.93731e+02
 43  0.02098  5.34270e+02 | 44  0.04600  5.91570e+02 | 45 -0.01912  2.91936e+02
 46 -0.04222  1.69239e+02 | 47 -0.03903  8.92480e+01 | 48 -0.03027  6.96922e+00
 49 -0.00989 -1.08169e+02 | 50  0.03061 -3.07262e+02 | 51 -0.01623 -3.72098e+02
 52  0.00309 -5.85410e+02 | 53 -0.02077 -6.68799e+02 | 54 -0.01085 -8.12760e+02
 55 -0.05258 -6.66111e+02 | 56  0.02492 -1.18256e+03 | 57  0.01495 -1.18804e+03
 58 -0.01695 -1.01760e+03 | 59  0.00387 -1.19750e+03 | 60  0.03744 -1.55422e+03
 61 -0.05151 -8.42751e+02 | 62  0.03658 -1.45898e+03 | 63 -0.04585 -6.84525e+02
 64  0.01095 -7.97317e+02 | 65  0.03227 -6.22973e+02 | 66 -0.00487 -2.78700e+02
 67  0.04279 -5.87018e+01 | 68 -0.04170  5.97006e+01 | 69 -0.00039  1.57998e+02
 70  0.00588  2.85642e+02 | 71  0.29219 -3.74144e+03 | 72 -0.41706  2.23538e+02
 73 -0.36174 -7.49036e+02 | 74  0.20606 -9.20461e+02 | 75 -0.16452  2.15275e+02
 76 -0.28574 -8.15302e+01 | 77 -0.29130  7.08607e+02 | 78 -0.21141 -1.13371e+03

Intermediate statistics: 78 variables; iteration 20; function evaluation 27; phase 2
Function value 1.6251009e+03; maximum gradient component mag 4.2794e+03
Var    Value     Gradient |Var    Value     Gradient |Var    Value     Gradient
  1 -0.02694  4.27944e+03 |  2 -0.01769 -7.00987e+01 |  3 -0.00707 -6.46698e+01
  4 -0.01999 -6.94021e+01 |  5 -0.02799 -7.19328e+01 |  6 -0.00861 -6.19639e+01
  7 -0.01025 -6.12765e+01 |  8 -0.00655 -5.77968e+01 |  9 -0.03500 -6.98372e+01
 10 -0.00859 -5.46783e+01 | 11 -0.01357 -5.48786e+01 | 12 -0.01306 -5.19337e+01
 13 -0.03726 -6.25351e+01 | 14 -0.02132 -5.06850e+01 | 15 -0.02109 -4.72716e+01
 16 -0.04356 -5.77012e+01 | 17 -0.03067 -4.64479e+01 | 18 -0.03806 -4.79898e+01
 19 -0.03656 -4.38358e+01 | 20 -0.04681 -4.75844e+01 | 21 -0.03521 -3.66479e+01
 22 -0.03672 -3.50772e+01 | 23 -0.04332 -3.77264e+01 | 24 -0.05380 -4.35636e+01
 25 -0.05672 -4.23717e+01 | 26 -0.05526 -3.77391e+01 | 27 -0.04735 -2.81960e+01
 28 -0.04989 -2.96603e+01 | 29 -0.04378 -2.43338e+01 | 30 -0.04402 -2.40701e+01
 31 -0.00776  6.53347e+00 | 32  0.03176  4.28335e+01 | 33  0.04596  5.29610e+01
 34  0.03643  3.42109e+01 | 35  0.00250  5.56507e+00 | 36  0.00704  1.66615e+01
 37  0.01711  4.54804e+01 | 38 -0.00712  3.84752e+01 | 39  0.02609  1.12653e+02
 40  0.02831  1.39511e+02 | 41  0.00481  1.13074e+02 | 42  0.00486  1.21994e+02
 43  0.00665  1.29078e+02 | 44  0.03148  1.87379e+02 | 45 -0.01665  9.98500e+01
 46 -0.01602  9.57992e+01 | 47  0.01162  1.31939e+02 | 48  0.02378  1.52927e+02
 49  0.05064  1.92083e+02 | 50  0.07679  2.29528e+02 | 51  0.00910  6.07170e+01
 52  0.03265  3.43717e+01 | 53  0.04750 -2.66145e+01 | 54  0.00697 -3.78280e+01
 55  0.08459  8.48670e+00 | 56 -0.00071 -5.02237e+01 | 57  0.07414 -3.68799e+01
 58  0.08001 -4.71167e+01 | 59  0.02183 -6.30955e+01 | 60  0.12096  1.93461e+01
 61  0.02923 -8.39511e+01 | 62  0.13711 -3.27713e+01 | 63 -0.00098 -1.09161e+02
 64  0.08064 -1.41660e+02 | 65 -0.09223 -1.38262e+02 | 66  0.12237 -1.05665e+02
 67 -0.15240 -1.32702e+02 | 68 -0.03438 -1.01520e+02 | 69  0.02076 -9.60568e+01
 70 -0.07131 -8.65070e+01 | 71  0.39747  2.86655e+02 | 72 -1.39497 -2.15094e+01
 73 -0.74436 -5.16004e+00 | 74  0.29821  4.20471e+02 | 75 -0.22451 -9.81621e+01
 76 -0.68298 -1.06055e+00 | 77 -0.26814  2.94805e+02 | 78 -0.03119 -2.24771e+01
78 variables; iteration 40; function evaluation 53; phase 2
Function value 1.5904920e+03; maximum gradient component mag 9.9791e+02
Var    Value     Gradient |Var    Value     Gradient |Var    Value     Gradient
  1 -0.02545  9.97905e+02 |  2 -0.01240 -7.24030e+00 |  3 -0.01525 -7.95024e+00
  4 -0.01219 -6.13482e+00 |  5 -0.00739 -3.47200e+00 |  6 -0.02561 -1.05350e+01
  7 -0.02817 -1.08954e+01 |  8 -0.03599 -1.34554e+01 |  9 -0.00818 -1.18483e-01
 10 -0.03542 -1.12703e+01 | 11 -0.03134 -8.22430e+00 | 12 -0.02632 -4.49598e+00
 13 -0.02880 -4.13665e+00 | 14 -0.02262  6.30784e-01 | 15 -0.01948  4.15637e+00
 16 -0.03966 -4.40960e+00 | 17 -0.02981  2.69705e+00 | 18 -0.03836 -6.65380e-02
 19 -0.03952  1.03061e+00 | 20 -0.05061 -3.34493e+00 | 21 -0.03373  7.68303e+00
 22 -0.02766  1.26971e+01 | 23 -0.03824  7.29444e+00 | 24 -0.05664 -2.83588e+00
 25 -0.05797 -2.03662e+00 | 26 -0.04918  4.89095e+00 | 27 -0.03536  1.49798e+01
 28 -0.04244  9.77599e+00 | 29 -0.04256  8.29872e+00 | 30 -0.05253  3.11231e-01
 31 -0.02117  1.39552e+01 | 32  0.01114  2.44886e+01 | 33  0.03039  2.41902e+01
 34  0.04366  1.77084e+01 | 35  0.04220  1.56682e+01 | 36  0.03705  1.38451e+01
 37  0.02166  1.57204e+01 | 38 -0.00944  1.26629e+01 | 39  0.01571  4.23723e+01
 40  0.03468  6.61672e+01 | 41 -0.00020  4.33378e+01 | 42 -0.00738  3.58692e+01
 43 -0.01636  2.29067e+01 | 44  0.01789  4.09547e+01 | 45 -0.03018  1.07732e+01
 46 -0.03179 -3.97425e-01 | 47  0.00264 -2.36634e+00 | 48  0.00532 -3.05205e+00
 49  0.04829  4.53986e+00 | 50  0.05339  1.55652e+01 | 51  0.01729  7.63113e+00
 52  0.02910  8.74722e+00 | 53  0.07001  2.04196e+01 | 54  0.02492  1.54041e+01
 55  0.08001  1.01804e+01 | 56 -0.00493 -1.39954e+01 | 57  0.07955 -1.21493e+00
 58  0.08309 -1.79388e+00 | 59  0.04141 -4.47905e+00 | 60  0.09814  3.37581e+01
 61  0.06717 -5.66218e+00 | 62  0.11483  5.69467e+01 | 63  0.04537  1.04183e+01
 64  0.08437  6.30544e+00 | 65 -0.03964 -4.15727e+01 | 66  0.10057 -1.07149e+01
 67 -0.07742 -4.35716e+01 | 68 -0.05204 -3.29299e+01 | 69  0.02570 -2.02825e+00
 70 -0.06758 -6.56366e+00 | 71  0.39182  2.77657e+01 | 72 -1.20831 -5.37650e+00
 73 -0.70243 -8.10674e+00 | 74  0.28242 -5.92501e+01 | 75 -0.19970  2.26121e+01
 76 -0.64517 -8.38610e+00 | 77 -0.30403  9.30666e+01 | 78 -0.03616 -1.94072e+01
78 variables; iteration 60; function evaluation 87; phase 2
Function value 1.5784733e+03; maximum gradient component mag 3.4953e+02
Var    Value     Gradient |Var    Value     Gradient |Var    Value     Gradient
  1 -0.02423  3.49531e+02 |  2 -0.01650 -7.12515e+00 |  3 -0.00873 -3.64946e+00
  4 -0.01427 -5.53125e+00 |  5 -0.01181 -4.09184e+00 |  6 -0.01750 -5.96178e+00
  7 -0.01728 -5.32406e+00 |  8 -0.01431 -3.43077e+00 |  9 -0.03276 -1.05826e+01
 10 -0.01430 -1.85092e+00 | 11 -0.02297 -4.74105e+00 | 12 -0.03085 -7.26991e+00
 13 -0.03001 -5.86154e+00 | 14 -0.03448 -6.78545e+00 | 15 -0.03723 -6.89512e+00
 16 -0.03515 -4.68515e+00 | 17 -0.04066 -6.06124e+00 | 18 -0.03979 -4.41608e+00
 19 -0.04118 -3.93900e+00 | 20 -0.04216 -3.18800e+00 | 21 -0.04858 -5.55773e+00
 22 -0.04966 -5.30265e+00 | 23 -0.04979 -4.72064e+00 | 24 -0.04853 -3.53321e+00
 25 -0.04946 -2.86480e+00 | 26 -0.05174 -2.91489e+00 | 27 -0.05612 -4.43011e+00
 28 -0.05332 -3.23385e+00 | 29 -0.04904 -1.86520e+00 | 30 -0.04195  2.39353e-01
 31 -0.02916  2.65727e+00 | 32 -0.02074  2.83410e-01 | 33  0.01856  9.47476e+00
 34  0.05539  1.15918e+01 | 35  0.04136  3.32562e+00 | 36  0.08014  1.19253e+01
 37  0.05169  8.72174e+00 | 38  0.00524  1.86168e+00 | 39 -0.00635  5.47879e+00
 40 -0.01658  3.38397e+00 | 41 -0.02442  6.36828e-01 | 42 -0.02249 -1.59744e+00
 43 -0.01564 -5.53899e+00 | 44 -0.00781 -5.84376e+00 | 45 -0.01844 -4.72824e+00
 46 -0.01234 -7.28484e+00 | 47  0.02357 -9.43340e+00 | 48  0.00732 -1.48802e+01
 49  0.04879 -2.00898e+01 | 50  0.04396 -1.72211e+01 | 51  0.01608 -1.48123e+01
 52  0.02585 -1.07752e+01 | 53  0.07404  6.81613e+00 | 54  0.01162 -2.51911e+00
 55  0.07799 -2.61954e+00 | 56  0.00880 -4.83682e+00 | 57  0.07334 -1.32326e+00
 58  0.08253  1.23146e+00 | 59  0.05432 -8.44158e-01 | 60  0.07357  7.89303e+00
 61  0.09471  3.24010e+00 | 62  0.10273  3.47647e+01 | 63  0.03321  7.56217e-02
 64  0.07709  2.77837e+01 | 65  0.03144  1.81901e+01 | 66  0.06946  3.37754e+01
 67 -0.03112  3.28851e+00 | 68 -0.02285  8.47312e+00 | 69  0.00721 -1.68012e+00
 70 -0.06358 -4.03346e+00 | 71  0.39302  1.53258e+01 | 72 -0.95714  7.57994e-01
 73 -0.69803 -8.15701e+00 | 74  0.28290 -3.57825e+00 | 75 -0.21971 -1.28952e+01
 76 -0.55176 -5.33263e+00 | 77 -0.36456  1.90423e+01 | 78 -0.00795 -5.67577e+00
Maximum number of function evaluations exceeded

 - final statistics:
78 variables; iteration 68; function evaluation 100
Function value 1.5775e+03; maximum gradient component mag 2.2023e+02
Exit code = 3;  converg criter 1.0000e+01
Var    Value     Gradient |Var    Value     Gradient |Var    Value     Gradient
  1 -0.02393  2.20234e+02 |  2 -0.01709 -5.02851e+00 |  3 -0.01334 -3.21121e+00
  4 -0.01233 -2.44392e+00 |  5 -0.01224 -1.99973e+00 |  6 -0.01674 -3.40069e+00
  7 -0.01522 -2.24428e+00 |  8 -0.01528 -1.67234e+00 |  9 -0.02207 -3.88437e+00
 10 -0.01893 -1.78239e+00 | 11 -0.02093 -1.80007e+00 | 12 -0.03013 -4.93274e+00
 13 -0.02801 -3.01286e+00 | 14 -0.03457 -4.92770e+00 | 15 -0.03474 -3.90799e+00
 16 -0.03221 -1.54325e+00 | 17 -0.03777 -2.98099e+00 | 18 -0.03376  1.51804e-01
 19 -0.04281 -3.18902e+00 | 20 -0.05150 -6.35092e+00 | 21 -0.05036 -4.98308e+00
 22 -0.04823 -3.16148e+00 | 23 -0.04691 -1.87661e+00 | 24 -0.05225 -4.13564e+00
 25 -0.04900 -1.40363e+00 | 26 -0.05602 -4.02335e+00 | 27 -0.04916  3.67055e-01
 28 -0.05177 -1.43452e+00 | 29 -0.04714 -4.41055e-02 | 30 -0.04301  1.93465e-01
 31 -0.03549 -4.30547e-01 | 32 -0.02073 -1.30450e-01 | 33  0.01489  6.06100e+00
 34  0.04671  4.94527e+00 | 35  0.04953  1.31653e+00 | 36  0.08517  5.86715e+00
 37  0.05644  4.20175e+00 | 38  0.00540 -1.61125e+00 | 39 -0.02056 -3.69064e+00
 40 -0.02562 -3.25367e+00 | 41 -0.02724 -2.58769e+00 | 42 -0.02269 -3.02730e+00
 43 -0.01147 -4.43909e+00 | 44 -0.00869 -5.34288e+00 | 45 -0.02183 -3.33062e+00
 46 -0.01162 -1.42368e+00 | 47  0.02792  2.42794e+00 | 48  0.01153 -1.18753e+00
 49  0.05508 -1.53386e+00 | 50  0.04132 -3.96686e+00 | 51  0.01754 -5.64971e+00
 52  0.02736 -6.52743e+00 | 53  0.07104 -7.34415e-01 | 54  0.00881 -5.11622e+00
 55  0.07908 -1.52764e+00 | 56  0.01230 -9.52928e-01 | 57  0.07176 -6.26576e-01
 58  0.08160  3.70745e+00 | 59  0.05917  5.16980e+00 | 60  0.07202  9.65217e+00
 61  0.09635  1.52721e+00 | 62  0.09709  2.81002e+01 | 63  0.04494  1.76254e+00
 64  0.06993  1.30747e+01 | 65  0.03687  8.84825e+00 | 66  0.06205  8.71261e+00
 67 -0.03087 -4.17646e+00 | 68 -0.02404  3.28817e+00 | 69  0.00668 -3.08275e+00
 70 -0.06458 -1.85781e+00 | 71  0.39173 -2.24897e-01 | 72 -0.92321  1.46262e+00
 73 -0.69274 -8.58395e+00 | 74  0.28283  8.48482e+00 | 75 -0.21506 -4.17528e+00
 76 -0.52576 -2.55388e+00 | 77 -0.38000  1.02796e+01 | 78  0.00609  7.39985e-01

Initial statistics: 87 variables; iteration 0; function evaluation 0; phase 3
Function value 1.5775354e+03; maximum gradient component mag 2.2023e+02
Var    Value     Gradient |Var    Value     Gradient |Var    Value     Gradient
  1 -0.02393  2.20234e+02 |  2 -0.01706 -4.51106e+00 |  3 -0.01331 -2.69369e+00
  4 -0.01230 -1.92638e+00 |  5 -0.01221 -1.48219e+00 |  6 -0.01672 -2.88324e+00
  7 -0.01519 -1.72679e+00 |  8 -0.01526 -1.15485e+00 |  9 -0.02205 -3.36705e+00
 10 -0.01890 -1.26498e+00 | 11 -0.02091 -1.28272e+00 | 12 -0.03010 -4.41569e+00
 13 -0.02799 -2.49573e+00 | 14 -0.03454 -4.41084e+00 | 15 -0.03471 -3.39113e+00
 16 -0.03218 -1.02627e+00 | 17 -0.03774 -2.46427e+00 | 18 -0.03373  6.68715e-01
 19 -0.04278 -2.67256e+00 | 20 -0.05147 -5.83500e+00 | 21 -0.05034 -4.46708e+00
 22 -0.04820 -2.64534e+00 | 23 -0.04688 -1.36038e+00 | 24 -0.05222 -3.61976e+00
 25 -0.04898 -8.87527e-01 | 26 -0.05599 -3.50773e+00 | 27 -0.04914  8.83152e-01
 28 -0.05174 -9.18595e-01 | 29 -0.04711  4.72114e-01 | 30 -0.04298  7.09923e-01
 31 -0.03546  8.62856e-02 | 32 -0.02070  3.86912e-01 | 33  0.01492  6.57849e+00
 34  0.04674  5.46149e+00 | 35  0.04956  1.83259e+00 | 36  0.08519  6.38012e+00
 37  0.05647  4.71733e+00 | 38  0.00543 -1.09363e+00 | 39 -0.02054 -3.17328e+00
 40 -0.02560 -2.73646e+00 | 41 -0.02721 -2.07053e+00 | 42 -0.02266 -2.51000e+00
 43 -0.01144 -3.92154e+00 | 44 -0.00866 -4.82529e+00 | 45 -0.02180 -2.81329e+00
 46 -0.01159 -9.06130e-01 | 47  0.02795  2.94508e+00 | 48  0.01156 -6.69978e-01
 49  0.05511 -1.01816e+00 | 50  0.04135 -3.45030e+00 | 51  0.01757 -5.13227e+00
 52  0.02739 -6.01026e+00 | 53  0.07107 -2.19997e-01 | 54  0.00884 -4.59863e+00
 55  0.07911 -1.01399e+00 | 56  0.01233 -4.35388e-01 | 57  0.07179 -1.12224e-01
 58  0.08163  4.22082e+00 | 59  0.05920  5.68518e+00 | 60  0.07205  1.01664e+01
 61  0.09638  2.03892e+00 | 62  0.09712  2.86116e+01 | 63  0.04497  2.27888e+00
 64  0.06996  1.35892e+01 | 65  0.03690  9.36499e+00 | 66  0.06208  9.22775e+00
 67 -0.03084 -3.65944e+00 | 68 -0.02401  3.80544e+00 | 69  0.00671 -2.56514e+00
 70 -0.06455 -1.34284e+00 | 71  0.39173 -2.24897e-01 | 72 -0.65308  1.37843e+00
 73  0.80961  1.08371e+02 | 74 -0.03835  1.92986e+01 | 75 -0.92321  1.46262e+00
 76 -0.69274 -8.58395e+00 | 77  0.28283  8.48482e+00 | 78 -0.16957  1.31894e+01
 79  0.48491  2.63996e+01 | 80  0.01821  1.69223e+01 | 81 -0.21506 -4.17528e+00
 82 -0.52576 -2.55388e+00 | 83 -0.38000  1.02796e+01 | 84  0.19192  4.43398e+01
 85 -0.24484 -2.21086e+00 | 86  0.00332  9.37686e+01 | 87  0.00609  7.39985e-01

Intermediate statistics: 87 variables; iteration 20; function evaluation 34; phase 3
Function value 1.5298664e+03; maximum gradient component mag 6.0501e+03
Var    Value     Gradient |Var    Value     Gradient |Var    Value     Gradient
  1 -0.02433  6.05006e+03 |  2 -0.00448 -7.88231e+01 |  3 -0.01247 -8.15554e+01
  4 -0.01622 -8.24480e+01 |  5 -0.01872 -8.27355e+01 |  6 -0.01416 -7.98406e+01
  7 -0.01958 -8.12014e+01 |  8 -0.02282 -8.14926e+01 |  9 -0.01604 -7.70203e+01
 10 -0.02503 -7.97049e+01 | 11 -0.02654 -7.87375e+01 | 12 -0.01789 -7.24916e+01
 13 -0.02625 -7.45953e+01 | 14 -0.02249 -7.02451e+01 | 15 -0.02805 -7.07016e+01
 16 -0.03745 -7.32922e+01 | 17 -0.03568 -6.96107e+01 | 18 -0.04663 -7.34002e+01
 19 -0.03961 -6.67601e+01 | 20 -0.03401 -6.03089e+01 | 21 -0.03928 -6.14725e+01
 22 -0.04527 -6.33530e+01 | 23 -0.04932 -6.44663e+01 | 24 -0.04445 -6.00951e+01
 25 -0.05249 -6.28184e+01 | 26 -0.04845 -5.69946e+01 | 27 -0.05881 -6.16453e+01
 28 -0.05351 -5.73473e+01 | 29 -0.05316 -5.65217e+01 | 30 -0.04876 -5.11071e+01
 31 -0.03778 -4.24249e+01 | 32 -0.02196 -3.00180e+01 | 33  0.00242 -7.08477e+00
 34  0.04284  3.62900e+01 | 35  0.05114  5.80610e+01 | 36  0.08608  1.26315e+02
 37  0.05719  1.03420e+02 | 38  0.00915  5.54703e+01 | 39 -0.01443  4.21251e+01
 40 -0.02070  4.69361e+01 | 41 -0.02362  5.37737e+01 | 42 -0.01917  6.78905e+01
 43 -0.00702  9.20118e+01 | 44 -0.00302  1.07414e+02 | 45 -0.01727  9.59617e+01
 46 -0.00841  1.16978e+02 | 47  0.02652  1.90439e+02 | 48  0.01183  1.66471e+02
 49  0.05810  2.91049e+02 | 50  0.05042  2.80163e+02 | 51  0.03163  2.33894e+02
 52  0.04100  2.46772e+02 | 53  0.06936  2.91573e+02 | 54  0.01514  1.55964e+02
 55  0.08614  3.26662e+02 | 56  0.01575  1.34067e+02 | 57  0.07887  2.19982e+02
 58  0.08505  1.54634e+02 | 59  0.06065  3.14205e+01 | 60  0.05929 -5.92337e+01
 61  0.10123 -1.34682e+02 | 62  0.00865 -1.33500e+02 | 63  0.09763 -1.47074e+02
 64  0.03035 -1.46494e+02 | 65  0.03289 -1.42080e+02 | 66  0.04425 -1.55602e+02
 67 -0.00673 -1.17031e+02 | 68 -0.05530 -1.19390e+02 | 69  0.01883 -1.03445e+02
 70 -0.06271 -9.15912e+01 | 71  0.37912  6.03340e+02 | 72 -0.67491  4.47610e+00
 73  0.52690  1.18172e+02 | 74 -0.05716  1.54938e+02 | 75 -0.94151  7.92593e-02
 76 -0.50326  9.09989e+00 | 77  0.28110  8.87177e+01 | 78 -0.21790  1.13459e+01
 79  0.14898 -3.51817e+01 | 80 -0.00994 -5.07558e+00 | 81 -0.17385 -9.21497e+01
 82 -0.49540  2.78705e+00 | 83 -0.27969  3.30081e+02 | 84  0.22145  2.12856e+03
 85 -0.27159  6.43124e+00 | 86 -0.27259  1.36343e+02 | 87 -0.02975 -2.19330e+01
87 variables; iteration 40; function evaluation 63; phase 3
Function value 1.4728195e+03; maximum gradient component mag 4.4086e+03
Var    Value     Gradient |Var    Value     Gradient |Var    Value     Gradient
  1 -0.02355  4.40862e+03 |  2 -0.01087 -5.61779e+01 |  3 -0.01415 -5.68593e+01
  4 -0.01602 -5.68615e+01 |  5 -0.01757 -5.66308e+01 |  6 -0.01646 -5.51011e+01
  7 -0.01941 -5.52530e+01 |  8 -0.02162 -5.49415e+01 |  9 -0.01888 -5.21197e+01
 10 -0.02439 -5.30565e+01 | 11 -0.02594 -5.19180e+01 | 12 -0.02031 -4.68596e+01
 13 -0.02642 -4.76949e+01 | 14 -0.02369 -4.35793e+01 | 15 -0.02809 -4.32478e+01
 16 -0.03533 -4.45362e+01 | 17 -0.03462 -4.11238e+01 | 18 -0.04217 -4.28563e+01
 19 -0.03885 -3.79482e+01 | 20 -0.03980 -3.53526e+01 | 21 -0.04363 -3.53679e+01
 22 -0.04716 -3.53891e+01 | 23 -0.04977 -3.52526e+01 | 24 -0.05107 -3.46665e+01
 25 -0.05267 -3.26154e+01 | 26 -0.05616 -3.16573e+01 | 27 -0.05457 -2.71592e+01
 28 -0.05438 -2.60527e+01 | 29 -0.04918 -2.10331e+01 | 30 -0.04237 -1.30508e+01
 31 -0.03204 -4.64683e+00 | 32 -0.01515  8.39400e+00 | 33  0.01355  3.47581e+01
 34  0.04852  6.90316e+01 | 35  0.05278  7.84680e+01 | 36  0.08965  1.35747e+02
 37  0.05598  9.99828e+01 | 38  0.01319  5.96598e+01 | 39 -0.01466  3.84015e+01
 40 -0.01900  4.02167e+01 | 41 -0.02239  4.03288e+01 | 42 -0.01810  4.57155e+01
 43 -0.00214  6.18248e+01 | 44 -0.00076  6.30870e+01 | 45 -0.02641  3.69877e+01
 46 -0.02387  3.62116e+01 | 47  0.01694  7.74784e+01 | 48  0.01229  7.33331e+01
 49  0.03320  9.68445e+01 | 50  0.05505  1.44556e+02 | 51  0.01987  9.75782e+01
 52  0.04084  1.29370e+02 | 53  0.05763  1.13718e+02 | 54 -0.00463  4.38922e+01
 55  0.08342  1.80189e+02 | 56  0.00090  4.94808e+01 | 57  0.06443  9.47904e+01
 58  0.08761  9.10974e+01 | 59  0.03193 -4.69880e+00 | 60  0.07054  9.23160e+00
 61  0.11252  3.02379e+01 | 62  0.06667 -1.16771e+01 | 63  0.06079 -3.93005e+01
 64  0.05591 -4.84788e+01 | 65  0.03930 -4.80481e+01 | 66  0.06331 -5.55619e+01
 67  0.00172 -6.24097e+01 | 68 -0.06485 -9.58365e+01 | 69 -0.00212 -9.26508e+01
 70 -0.00367 -1.14214e+01 | 71  0.36539  2.40664e+02 | 72 -1.03012 -1.03186e-02
 73  0.40688 -3.46508e+01 | 74 -0.09691  1.14485e+01 | 75 -1.54945  2.06858e+01
 76 -0.48421 -1.71826e+01 | 77  0.24730  2.25622e+02 | 78 -0.12605  7.74211e+01
 79  0.10223 -3.62605e+01 | 80  0.02926  8.30725e+01 | 81 -0.17357 -9.23206e+01
 82 -0.46490  3.06973e+01 | 83 -0.26803  1.49646e+02 | 84  0.20933  7.74233e+02
 85 -0.75016  1.72920e-01 | 86 -0.32660  4.79942e+01 | 87 -0.03258  4.04039e+00
87 variables; iteration 60; function evaluation 95; phase 3
Function value 1.4534046e+03; maximum gradient component mag 5.1919e+02
Var    Value     Gradient |Var    Value     Gradient |Var    Value     Gradient
  1 -0.02423  5.19195e+02 |  2  0.00657  5.24664e-01 |  3 -0.01355 -7.31569e+00
  4 -0.01712 -8.35080e+00 |  5 -0.01372 -6.44172e+00 |  6 -0.01495 -6.38193e+00
  7 -0.01705 -6.62197e+00 |  8 -0.02129 -7.70364e+00 |  9 -0.00678 -5.05908e-01
 10 -0.01013 -9.66633e-01 | 11 -0.00691  1.67155e+00 | 12 -0.02089 -3.51785e+00
 13 -0.02400 -3.66178e+00 | 14 -0.02833 -4.32248e+00 | 15 -0.02989 -3.59286e+00
 16 -0.04188 -7.93496e+00 | 17 -0.03322 -2.05536e+00 | 18 -0.04672 -7.39474e+00
 19 -0.03805 -1.46562e+00 | 20 -0.04414 -3.08695e+00 | 21 -0.04477 -2.14760e+00
 22 -0.04574 -1.45811e+00 | 23 -0.04754 -1.44423e+00 | 24 -0.04819 -1.02528e+00
 25 -0.05105 -1.07560e+00 | 26 -0.04420  4.58576e+00 | 27 -0.05293  7.43746e-01
 28 -0.05001  2.16073e+00 | 29 -0.05862 -4.00461e+00 | 30 -0.05273 -2.63411e+00
 31 -0.03630  1.60271e+00 | 32 -0.01847  3.42218e+00 | 33  0.00847  6.82262e+00
 34  0.04476  8.92817e+00 | 35  0.05355  7.34919e+00 | 36  0.07277  1.03128e+01
 37  0.05543  1.09473e+01 | 38  0.00624  3.00163e+00 | 39 -0.01540  2.16454e+00
 40 -0.02145  3.00043e+00 | 41 -0.03267 -3.96031e-01 | 42 -0.02537  2.15507e+00
 43 -0.00760  6.54348e+00 | 44  0.00072  1.02649e+01 | 45 -0.03045  2.18122e+00
 46 -0.01038  1.12018e+01 | 47  0.02332  1.84404e+01 | 48  0.00301  9.65727e+00
 49  0.04324  1.68968e+01 | 50  0.03314  1.63251e+01 | 51  0.02905  1.66492e+01
 52  0.02231  4.11669e+00 | 53  0.05485 -3.03682e+00 | 54  0.01049 -5.73209e-01
 55  0.05705  7.32198e+00 | 56  0.01256  1.39984e+01 | 57  0.05572  1.48395e+01
 58  0.07460  1.74605e+01 | 59  0.05187  1.44055e+00 | 60  0.06513  2.05287e+00
 61  0.11595  1.91293e+01 | 62  0.05634  6.42789e+00 | 63  0.07175  5.67213e+00
 64  0.06398  6.31496e+00 | 65  0.04538  6.41280e+00 | 66  0.05581 -3.61472e+00
 67 -0.01399 -2.92177e+00 | 68 -0.02355 -3.25953e+00 | 69  0.02423 -9.95652e-01
 70 -0.04783 -8.79940e+00 | 71  0.33866  1.15066e+02 | 72 -1.29664 -5.82543e-01
 73  0.36406 -3.85290e+01 | 74 -0.01535  2.97590e+01 | 75 -1.57542 -2.89567e+00
 76 -0.44469  9.83284e+00 | 77  0.25834  3.58170e+01 | 78 -0.14107  1.63894e+01
 79  0.25097  3.46815e+00 | 80  0.03209  2.21791e+01 | 81 -0.18598 -7.13229e+00
 82 -0.50335  3.57869e+00 | 83 -0.25172 -5.55644e+01 | 84  0.20010  7.08998e+01
 85 -0.54247  2.26203e+00 | 86 -0.30281  9.72117e+00 | 87 -0.03912 -1.84798e-01
87 variables; iteration 80; function evaluation 128; phase 3
Function value 1.4519953e+03; maximum gradient component mag 3.5357e+01
Var    Value     Gradient |Var    Value     Gradient |Var    Value     Gradient
  1 -0.02418  2.65267e+01 |  2 -0.00767 -9.79668e-01 |  3 -0.00488  5.04833e-01
  4 -0.00807 -4.03102e-01 |  5 -0.00853 -1.44788e-01 |  6 -0.00980 -1.60422e-01
  7 -0.01187 -4.50229e-01 |  8 -0.01163  3.09117e-01 |  9 -0.01476 -2.86483e-01
 10 -0.01738 -5.89977e-01 | 11 -0.02080 -1.17516e+00 | 12 -0.02255 -9.43534e-01
 13 -0.02404 -5.16694e-01 | 14 -0.02599 -2.20013e-01 | 15 -0.02944 -5.64135e-01
 16 -0.02966  6.77441e-01 | 17 -0.03247  7.09320e-01 | 18 -0.03592  3.50854e-01
 19 -0.03960 -2.19347e-01 | 20 -0.04304 -5.97398e-01 | 21 -0.04528 -6.61058e-01
 22 -0.04768 -8.87535e-01 | 23 -0.04955 -1.03400e+00 | 24 -0.05004 -6.58165e-01
 25 -0.05140 -1.18359e-01 | 26 -0.05725 -2.01942e+00 | 27 -0.05720 -1.10421e+00
 28 -0.05329  5.27000e-01 | 29 -0.05170 -7.93283e-02 | 30 -0.04678  2.06381e-02
 31 -0.03644 -2.24456e-02 | 32 -0.02224 -1.08862e+00 | 33  0.00068 -1.08287e+00
 34  0.03736 -1.11247e+00 | 35  0.05874 -6.30950e-01 | 36  0.07797  2.98983e-01
 37  0.04584 -3.88245e-01 | 38  0.01042 -3.29517e-01 | 39 -0.01508 -1.24507e+00
 40 -0.02043 -2.21219e-01 | 41 -0.02549 -6.53100e-01 | 42 -0.02178 -1.17849e+00
 43 -0.00976 -1.93429e+00 | 44 -0.00626 -2.37349e+00 | 45 -0.02353 -2.41593e+00
 46 -0.01480 -2.00737e+00 | 47  0.01330 -2.58819e+00 | 48  0.00830 -2.38736e+00
 49  0.04200 -3.64156e+00 | 50  0.03513 -2.15142e+00 | 51  0.02195 -3.35986e+00
 52  0.02456 -1.62585e+00 | 53  0.05790 -2.90479e+00 | 54  0.01085 -1.09202e+00
 55  0.05936 -1.05717e+00 | 56  0.00395  4.24396e-01 | 57  0.05772  1.76035e+00
 58  0.06851  3.64732e+00 | 59  0.05713  2.83890e+00 | 60  0.06981  3.47327e+00
 61  0.10863  4.30821e+00 | 62  0.05957  5.23983e+00 | 63  0.07377  6.68006e+00
 64  0.06449  6.19452e+00 | 65  0.03585  3.48058e+00 | 66  0.06334  4.50071e+00
 67 -0.01644  1.03040e+00 | 68 -0.02425  4.22762e-01 | 69  0.02101  8.15765e-01
 70 -0.04226  1.01916e+00 | 71  0.33673 -2.04277e+01 | 72 -1.24221  1.75519e-02
 73  0.37008  1.74077e+00 | 74 -0.01386 -4.40754e+00 | 75 -1.56319 -3.92649e-01
 76 -0.45489 -1.77062e+00 | 77  0.26353 -2.03447e+00 | 78 -0.14748  4.38688e-01
 79  0.24443 -1.29773e-01 | 80  0.01930 -1.56350e+00 | 81 -0.18804  1.24017e+00
 82 -0.49686 -2.43460e-01 | 83 -0.24391 -6.02089e-01 | 84  0.20021  3.53570e+01
 85 -0.61051  3.24381e-01 | 86 -0.32549  6.80225e+00 | 87 -0.03699 -3.90608e-01
87 variables; iteration 100; function evaluation 163; phase 3
Function value 1.4499540e+03; maximum gradient component mag -1.3688e+02
Var    Value     Gradient |Var    Value     Gradient |Var    Value     Gradient
  1 -0.02420 -1.36883e+02 |  2 -0.00653  1.15249e+00 |  3 -0.00738  1.14698e+00
  4 -0.00871  9.90062e-01 |  5 -0.00777  1.82077e+00 |  6 -0.01037  1.24604e+00
  7 -0.00983  2.04385e+00 |  8 -0.01300  1.35110e+00 |  9 -0.01257  2.27488e+00
 10 -0.01596  1.63408e+00 | 11 -0.01801  1.65389e+00 | 12 -0.02266  5.83251e-01
 13 -0.02192  2.01468e+00 | 14 -0.02377  2.36212e+00 | 15 -0.03315 -7.78320e-01
 16 -0.03206  1.03496e+00 | 17 -0.03561  6.67215e-01 | 18 -0.03768  9.54660e-01
 19 -0.03847  1.80778e+00 | 20 -0.04490 -1.05395e-01 | 21 -0.04727 -2.71314e-01
 22 -0.04435  2.25058e+00 | 23 -0.04997  1.26428e-01 | 24 -0.04649  2.59202e+00
 25 -0.05205  8.68901e-01 | 26 -0.05464  7.14309e-01 | 27 -0.05596  8.58636e-01
 28 -0.05567  4.57347e-01 | 29 -0.05116  1.35719e+00 | 30 -0.05025 -8.20390e-01
 31 -0.03815 -1.86626e-01 | 32 -0.01969  2.40854e-01 | 33  0.00132 -1.41966e+00
 34  0.04279 -1.68742e+00 | 35  0.06417 -2.92789e+00 | 36  0.06924 -5.11186e+00
 37  0.04019 -4.63038e+00 | 38  0.01122 -1.88129e+00 | 39 -0.01389 -1.80529e+00
 40 -0.02203 -1.53972e+00 | 41 -0.02693 -1.45785e+00 | 42 -0.02287 -1.40371e+00
 43 -0.00284  1.51402e+00 | 44 -0.00505 -6.84231e-01 | 45 -0.01985  8.79210e-01
 46 -0.01643 -9.26011e-01 | 47  0.00702 -2.85295e+00 | 48  0.00958  4.40056e-01
 49  0.04437 -8.05556e-01 | 50  0.03124 -2.72292e+00 | 51  0.02387 -4.05669e+00
 52  0.02263 -1.73305e+00 | 53  0.06132  3.69251e+00 | 54  0.00757 -4.52609e-01
 55  0.06205  3.36349e-01 | 56  0.00014 -2.90244e+00 | 57  0.05972 -3.59583e+00
 58  0.06427 -7.42789e+00 | 59  0.05969 -3.15373e+00 | 60  0.06890 -3.43401e+00
 61  0.10778 -4.88348e+00 | 62  0.06247 -5.30960e-01 | 63  0.07041 -3.30752e+00
 64  0.06503 -2.59073e+00 | 65  0.03556 -3.01209e+00 | 66  0.06291 -2.43323e+00
 67 -0.01683 -9.20848e-01 | 68 -0.02344  6.38261e-01 | 69  0.02225  2.27894e+00
 70 -0.04219  2.18749e+00 | 71  0.34018 -2.20979e-01 | 72 -0.88564  5.23450e-03
 73  0.37299  2.17032e+00 | 74 -0.02340 -1.87379e+00 | 75 -1.56269 -1.80128e+00
 76 -0.44749 -3.20809e-01 | 77  0.27102 -2.60013e+00 | 78 -0.17396  1.79183e-01
 79  0.25288  3.52551e-01 | 80  0.02169 -1.07086e+00 | 81 -0.18951  1.86626e+00
 82 -0.49700  7.36613e-02 | 83 -0.22555 -2.14439e+01 | 84  0.20064 -2.07095e+01
 85 -0.76031  3.59994e-01 | 86 -0.42696  1.94264e-01 | 87 -0.04326 -1.33363e+00
87 variables; iteration 120; function evaluation 192; phase 3
Function value 1.4497054e+03; maximum gradient component mag 1.2927e+01
Var    Value     Gradient |Var    Value     Gradient |Var    Value     Gradient
  1 -0.02422  1.29265e+01 |  2 -0.00584 -2.09238e-01 |  3 -0.00667 -1.91666e-01
  4 -0.00778 -2.41709e-01 |  5 -0.00882 -2.12373e-01 |  6 -0.00998 -1.75555e-01
  7 -0.01137 -1.69962e-01 |  8 -0.01297 -1.80199e-01 |  9 -0.01452 -8.70629e-02
 10 -0.01666 -1.66219e-01 | 11 -0.01868 -1.05686e-01 | 12 -0.02113 -1.62452e-01
 13 -0.02356 -1.30687e-01 | 14 -0.02628 -1.69000e-01 | 15 -0.02896 -1.27882e-01
 16 -0.03188 -1.58601e-01 | 17 -0.03464 -9.93183e-02 | 18 -0.03747 -1.41310e-01
 19 -0.03999 -1.17492e-01 | 20 -0.04271 -1.06144e-01 | 21 -0.04486 -1.05214e-01
 22 -0.04685 -9.35632e-02 | 23 -0.04852 -1.11993e-01 | 24 -0.04968 -7.69422e-02
 25 -0.05213 -9.72313e-02 | 26 -0.05449 -7.27996e-02 | 27 -0.05618 -7.66752e-02
 28 -0.05517 -3.04859e-02 | 29 -0.05260 -8.63739e-02 | 30 -0.04790 -7.58092e-02
 31 -0.03748 -3.87677e-02 | 32 -0.02086  2.91437e-02 | 33  0.00248  1.07507e-01
 34  0.04012  2.36642e-01 | 35  0.06025  2.58908e-01 | 36  0.07357  3.16113e-01
 37  0.04523  2.67504e-01 | 38  0.00967  1.34675e-01 | 39 -0.01365  5.56139e-02
 40 -0.02166  7.10766e-02 | 41 -0.02610  6.45858e-02 | 42 -0.02186  5.16551e-02
 43 -0.00890  1.10414e-01 | 44 -0.00524  1.04863e-01 | 45 -0.02256  8.29439e-02
 46 -0.01532  1.57798e-01 | 47  0.01224  1.73571e-01 | 48  0.00681  1.63823e-01
 49  0.04240  2.03233e-01 | 50  0.03274  1.62942e-01 | 51  0.02492  2.71890e-02
 52  0.02375  3.04771e-01 | 53  0.05853  2.00598e-01 | 54  0.01057 -1.73886e-02
 55  0.05956  4.62319e-01 | 56  0.00371  1.00722e-01 | 57  0.05768  1.14362e-01
 58  0.06750  9.39153e-02 | 59  0.05759  6.47891e-02 | 60  0.06912 -4.33292e-03
 61  0.10951  1.35079e-01 | 62  0.05813  1.78667e-03 | 63  0.07325  1.03741e-01
 64  0.06384  1.44998e-02 | 65  0.03712 -9.18105e-02 | 66  0.06216 -1.30447e-01
 67 -0.01536 -1.57037e-01 | 68 -0.02331 -2.65975e-01 | 69  0.02168 -1.27064e-01
 70 -0.04236 -1.84685e-01 | 71  0.33868  1.45301e+00 | 72 -0.93836 -1.95310e-02
 73  0.37192 -1.68825e-01 | 74 -0.01809  4.11402e-01 | 75 -1.56255  1.69222e-01
 76 -0.45055  1.50048e-01 | 77  0.28446  3.18276e+00 | 78 -0.24193  9.21912e-01
 79  0.26495 -6.98923e-02 | 80  0.02641  1.31058e+00 | 81 -0.19130 -7.89909e-01
 82 -0.50245  2.24835e-01 | 83 -0.21930  4.79855e-01 | 84  0.20486  4.47920e+00
 85 -1.24530 -2.80575e-02 | 86 -0.59878  1.15818e-01 | 87 -0.04266  4.00693e-02
87 variables; iteration 140; function evaluation 213; phase 3
Function value 1.4496804e+03; maximum gradient component mag 3.9473e+00
Var    Value     Gradient |Var    Value     Gradient |Var    Value     Gradient
  1 -0.02422  3.94731e+00 |  2 -0.00579 -6.48081e-02 |  3 -0.00661 -4.34206e-02
  4 -0.00763 -5.70991e-02 |  5 -0.00871 -4.83856e-02 |  6 -0.00997 -5.05930e-02
  7 -0.01136 -4.67948e-02 |  8 -0.01293 -4.50724e-02 |  9 -0.01471 -5.51271e-02
 10 -0.01670 -6.90191e-02 | 11 -0.01880 -4.95537e-02 | 12 -0.02113 -5.21580e-02
 13 -0.02362 -5.25759e-02 | 14 -0.02624 -4.85181e-02 | 15 -0.02897 -3.23671e-02
 16 -0.03183 -3.77125e-02 | 17 -0.03466 -1.62991e-02 | 18 -0.03738 -3.34508e-03
 19 -0.04001 -3.45172e-02 | 20 -0.04277 -4.36463e-02 | 21 -0.04489 -3.07888e-02
 22 -0.04688 -2.57111e-02 | 23 -0.04848 -1.04115e-02 | 24 -0.04971 -1.17648e-02
 25 -0.05211 -1.07260e-02 | 26 -0.05451 -1.53559e-02 | 27 -0.05615  8.39023e-03
 28 -0.05520  1.32526e-02 | 29 -0.05255 -2.82405e-03 | 30 -0.04781  1.63932e-02
 31 -0.03744  1.49223e-02 | 32 -0.02090  2.54977e-02 | 33  0.00256  1.21512e-01
 34  0.03983  9.30455e-02 | 35  0.05997  1.02330e-01 | 36  0.07406  2.83973e-01
 37  0.04527  2.10488e-01 | 38  0.00948  4.40700e-02 | 39 -0.01369  3.75986e-02
 40 -0.02173  4.10367e-02 | 41 -0.02610  7.19274e-02 | 42 -0.02181  7.50556e-02
 43 -0.00889  9.41493e-02 | 44 -0.00511  1.27275e-01 | 45 -0.02259  5.48772e-02
 46 -0.01547  6.63967e-02 | 47  0.01238  1.42437e-01 | 48  0.00658  6.29538e-03
 49  0.04283  2.06649e-01 | 50  0.03218 -8.01004e-02 | 51  0.02537  1.36093e-01
 52  0.02345 -8.16050e-02 | 53  0.05855  9.06330e-02 | 54  0.01080  9.90974e-02
 55  0.05939  1.34303e-01 | 56  0.00377 -1.46287e-02 | 57  0.05767 -8.33774e-02
 58  0.06756  4.82310e-03 | 59  0.05751 -3.42927e-03 | 60  0.06920 -6.55082e-03
 61  0.10947 -2.46055e-02 | 62  0.05826 -9.65221e-02 | 63  0.07305 -1.98970e-01
 64  0.06390 -1.59217e-01 | 65  0.03713 -1.88916e-01 | 66  0.06218 -2.23390e-01
 67 -0.01546 -1.69602e-01 | 68 -0.02314 -1.06814e-01 | 69  0.02163 -1.17437e-01
 70 -0.04237 -1.02936e-01 | 71  0.33861  3.81540e-01 | 72 -0.89762  1.31827e-03
 73  0.37184 -3.44578e-02 | 74 -0.01805  1.01268e-01 | 75 -1.56258  9.45408e-02
 76 -0.45069  3.39692e-02 | 77  0.29532  1.24644e+00 | 78 -0.34607  2.02393e-01
 79  0.27432 -9.11804e-02 | 80  0.02920  4.89982e-01 | 81 -0.19287 -3.25138e-01
 82 -0.50463  1.36155e-01 | 83 -0.21941  1.04734e-01 | 84  0.20646  7.01146e-01
 85 -1.10018  1.34027e-02 | 86 -0.72429  6.78588e-04 | 87 -0.04268  4.00529e-02
87 variables; iteration 160; function evaluation 234; phase 3
Function value 1.4496744e+03; maximum gradient component mag -3.8321e-01
Var    Value     Gradient |Var    Value     Gradient |Var    Value     Gradient
  1 -0.02422 -2.54441e-01 |  2 -0.00577  3.85881e-03 |  3 -0.00664  4.99189e-03
  4 -0.00762  3.57509e-03 |  5 -0.00873  3.90277e-03 |  6 -0.00997  3.89996e-03
  7 -0.01137  3.88932e-03 |  8 -0.01294  3.81219e-03 |  9 -0.01470  2.14484e-03
 10 -0.01665  3.09509e-03 | 11 -0.01879  2.52361e-03 | 12 -0.02111  5.62071e-03
 13 -0.02360  1.95265e-03 | 14 -0.02622  6.48734e-03 | 15 -0.02899  1.42559e-03
 16 -0.03183  1.51186e-03 | 17 -0.03470  3.13654e-03 | 18 -0.03744  3.51711e-03
 19 -0.04001  2.87454e-03 | 20 -0.04274  2.80302e-03 | 21 -0.04488  2.30364e-03
 22 -0.04688  1.67181e-03 | 23 -0.04850  4.27186e-03 | 24 -0.04972  3.10079e-03
 25 -0.05213  1.74154e-03 | 26 -0.05451  2.13378e-03 | 27 -0.05618  2.75000e-03
 28 -0.05523  1.86190e-03 | 29 -0.05255  1.12548e-03 | 30 -0.04783  4.51196e-04
 31 -0.03743 -4.98337e-05 | 32 -0.02088 -1.66696e-03 | 33  0.00242 -2.33733e-03
 34  0.03994 -5.63129e-03 | 35  0.06031 -3.14245e-03 | 36  0.07364  6.88565e-04
 37  0.04510  1.25364e-03 | 38  0.00966 -1.96027e-03 | 39 -0.01358  1.50501e-03
 40 -0.02166 -2.47219e-03 | 41 -0.02611 -2.08252e-03 | 42 -0.02181 -2.81227e-03
 43 -0.00890 -2.27573e-03 | 44 -0.00519 -3.23202e-03 | 45 -0.02255 -1.28629e-03
 46 -0.01545 -8.49861e-03 | 47  0.01227  5.51451e-04 | 48  0.00679  8.20768e-03
 49  0.04246 -2.53995e-03 | 50  0.03266  3.77947e-03 | 51  0.02508 -5.63606e-03
 52  0.02358 -1.98570e-03 | 53  0.05852  4.18583e-03 | 54  0.01076 -6.59163e-03
 55  0.05935 -2.21476e-03 | 56  0.00377  7.50199e-03 | 57  0.05773  1.31074e-02
 58  0.06753  9.57374e-03 | 59  0.05749 -1.29780e-03 | 60  0.06920 -2.82324e-03
 61  0.10946 -7.04678e-03 | 62  0.05820 -1.20757e-02 | 63  0.07313 -1.51868e-03
 64  0.06385 -5.46303e-03 | 65  0.03716 -5.81826e-03 | 66  0.06219 -2.01055e-03
 67 -0.01540  6.15173e-04 | 68 -0.02316  5.81448e-03 | 69  0.02164  5.70451e-03
 70 -0.04235 -1.14123e-03 | 71  0.33859  4.87414e-02 | 72 -0.89998 -7.90286e-05
 73  0.37178 -1.42616e-02 | 74 -0.01798  2.00126e-02 | 75 -1.56264  5.30978e-03
 76 -0.45075  5.42829e-03 | 77  0.30064 -1.41152e-02 | 78 -0.46554  3.16626e-02
 79  0.27892  4.89129e-03 | 80  0.03081 -5.37033e-04 | 81 -0.19367  6.96210e-04
 82 -0.50638  3.10956e-03 | 83 -0.21939 -1.37365e-01 | 84  0.20751 -3.83214e-01
 85 -1.14541  3.26010e-03 | 86 -0.90851 -2.26701e-02 | 87 -0.04269  4.85357e-03
87 variables; iteration 180; function evaluation 255; phase 3
Function value 1.4496705e+03; maximum gradient component mag 5.2050e+00
Var    Value     Gradient |Var    Value     Gradient |Var    Value     Gradient
  1 -0.02422  5.20503e+00 |  2 -0.00577 -6.63304e-02 |  3 -0.00665 -6.96311e-02
  4 -0.00763 -6.79188e-02 |  5 -0.00874 -6.79742e-02 |  6 -0.00997 -6.38656e-02
  7 -0.01138 -6.46179e-02 |  8 -0.01295 -6.46691e-02 |  9 -0.01469 -5.53597e-02
 10 -0.01664 -5.41243e-02 | 11 -0.01878 -5.24606e-02 | 12 -0.02111 -5.25675e-02
 13 -0.02358 -4.76336e-02 | 14 -0.02622 -4.98259e-02 | 15 -0.02899 -4.99327e-02
 16 -0.03183 -4.42083e-02 | 17 -0.03471 -4.67623e-02 | 18 -0.03746 -4.79028e-02
 19 -0.04000 -3.76579e-02 | 20 -0.04273 -3.06150e-02 | 21 -0.04487 -3.20930e-02
 22 -0.04688 -3.20019e-02 | 23 -0.04851 -3.22601e-02 | 24 -0.04973 -3.19969e-02
 25 -0.05213 -2.67211e-02 | 26 -0.05451 -2.03787e-02 | 27 -0.05619 -2.36808e-02
 28 -0.05524 -1.88931e-02 | 29 -0.05255 -1.36742e-02 | 30 -0.04783 -6.79298e-03
 31 -0.03742  6.28238e-03 | 32 -0.02085  2.32181e-02 | 33  0.00243  3.52428e-02
 34  0.03997  7.21343e-02 | 35  0.06026  8.05274e-02 | 36  0.07366  1.10480e-01
 37  0.04512  7.96867e-02 | 38  0.00965  2.79927e-02 | 39 -0.01361  7.17608e-03
 40 -0.02167  6.36173e-03 | 41 -0.02610  9.18275e-03 | 42 -0.02181  9.70689e-03
 43 -0.00890  1.93133e-02 | 44 -0.00516  3.13890e-02 | 45 -0.02255  4.16670e-03
 46 -0.01551 -2.84892e-02 | 47  0.01224  1.65152e-02 | 48  0.00685  5.57189e-02
 49  0.04242  4.34009e-02 | 50  0.03270  5.24010e-02 | 51  0.02504 -1.26630e-03
 52  0.02358  4.05554e-02 | 53  0.05854  9.90820e-02 | 54  0.01068 -2.51790e-02
 55  0.05940  1.06992e-01 | 56  0.00372  3.86445e-02 | 57  0.05779  1.79537e-01
 58  0.06752  1.15881e-01 | 59  0.05747  6.15111e-02 | 60  0.06920  7.74618e-02
 61  0.10950  1.65285e-01 | 62  0.05812  5.55458e-02 | 63  0.07321  1.43578e-01
 64  0.06382  6.47708e-02 | 65  0.03716  2.58095e-02 | 66  0.06221  3.28739e-02
 67 -0.01537 -3.00503e-02 | 68 -0.02319 -8.42298e-02 | 69  0.02165 -7.59056e-02
 70 -0.04231 -5.60646e-02 | 71  0.33857  7.42661e-02 | 72 -0.89810  6.93253e-04
 73  0.37177 -7.51045e-02 | 74 -0.01796  2.70201e-02 | 75 -1.56265  2.05556e-02
 76 -0.45075  1.56805e-02 | 77  0.30309  1.24522e+00 | 78 -0.59636  2.28118e-02
 79  0.28100 -6.53787e-02 | 80  0.03145  4.74600e-01 | 81 -0.19403 -2.96251e-01
 82 -0.50694  6.92093e-02 | 83 -0.21939  2.74555e-01 | 84  0.20691  1.45818e+00
 85 -1.14223  3.90144e-03 | 86 -0.77880  1.62503e-03 | 87 -0.04270 -8.66525e-03
87 variables; iteration 200; function evaluation 275; phase 3
Function value 1.4496695e+03; maximum gradient component mag 2.3128e-02
Var    Value     Gradient |Var    Value     Gradient |Var    Value     Gradient
  1 -0.02422  2.31279e-02 |  2 -0.00577 -8.49612e-04 |  3 -0.00664 -9.19921e-04
  4 -0.00762 -8.43808e-04 |  5 -0.00873 -9.45966e-04 |  6 -0.00997 -8.36960e-04
  7 -0.01137 -9.23900e-04 |  8 -0.01294 -9.01737e-04 |  9 -0.01470 -8.38769e-04
 10 -0.01665 -8.11106e-04 | 11 -0.01879 -9.85243e-04 | 12 -0.02111 -1.07354e-03
 13 -0.02359 -9.09790e-04 | 14 -0.02623 -1.15773e-03 | 15 -0.02898 -1.10027e-03
 16 -0.03183 -9.63180e-04 | 17 -0.03470 -1.23559e-03 | 18 -0.03745 -1.36768e-03
 19 -0.04001 -1.21597e-03 | 20 -0.04274 -9.85475e-04 | 21 -0.04488 -1.08520e-03
 22 -0.04688 -1.25800e-03 | 23 -0.04850 -1.34996e-03 | 24 -0.04973 -1.43431e-03
 25 -0.05213 -1.34046e-03 | 26 -0.05451 -1.40201e-03 | 27 -0.05618 -1.58984e-03
 28 -0.05524 -1.57424e-03 | 29 -0.05255 -1.48562e-03 | 30 -0.04783 -1.40201e-03
 31 -0.03743 -1.45466e-03 | 32 -0.02088 -1.41272e-03 | 33  0.00242 -1.59390e-03
 34  0.03995 -9.33625e-04 | 35  0.06032 -4.78155e-04 | 36  0.07363  3.13109e-04
 37  0.04508 -2.90679e-03 | 38  0.00967 -5.45471e-04 | 39 -0.01359 -6.28941e-04
 40 -0.02166 -7.12912e-04 | 41 -0.02610 -1.03470e-03 | 42 -0.02181 -9.69494e-04
 43 -0.00890 -9.33624e-04 | 44 -0.00519 -1.06202e-03 | 45 -0.02255 -6.45580e-04
 46 -0.01543 -3.51860e-04 | 47  0.01227  1.72290e-03 | 48  0.00677 -3.01008e-03
 49  0.04247 -2.12652e-03 | 50  0.03265 -2.80062e-03 | 51  0.02509 -6.49141e-04
 52  0.02358  2.54626e-03 | 53  0.05851  1.14372e-03 | 54  0.01076  6.53979e-04
 55  0.05936  7.70942e-03 | 56  0.00377 -2.08966e-04 | 57  0.05773 -2.95083e-03
 58  0.06753  6.29750e-04 | 59  0.05749  2.55139e-04 | 60  0.06920 -2.46606e-04
 61  0.10946  1.01347e-03 | 62  0.05822  1.06075e-03 | 63  0.07311  2.73381e-03
 64  0.06385  2.57154e-03 | 65  0.03717  1.69724e-03 | 66  0.06220  2.46934e-03
 67 -0.01539  1.69112e-03 | 68 -0.02316  7.82393e-04 | 69  0.02165  1.26956e-03
 70 -0.04234  1.69991e-05 | 71  0.33859  2.00643e-03 | 72 -0.89960  2.97175e-05
 73  0.37178 -2.72748e-03 | 74 -0.01799  4.62909e-04 | 75 -1.56264 -1.99562e-04
 76 -0.45075 -6.52698e-04 | 77  0.30385 -1.27904e-02 | 78 -0.69410 -2.68168e-04
 79  0.28163  5.83392e-04 | 80  0.03169 -6.46509e-03 | 81 -0.19415  2.24294e-03
 82 -0.50717 -2.38674e-03 | 83 -0.21936  7.20855e-04 | 84  0.20589  6.33627e-03
 85 -1.16195 -3.19079e-05 | 86 -0.67082 -1.09916e-04 | 87 -0.04269 -4.06956e-04

 - final statistics:
87 variables; iteration 211; function evaluation 286
Function value 1.4497e+03; maximum gradient component mag -8.3298e-05
Exit code = 1;  converg criter 1.0000e-04
Var    Value     Gradient |Var    Value     Gradient |Var    Value     Gradient
  1 -0.02422 -8.32983e-05 |  2 -0.00577  6.93244e-07 |  3 -0.00664  4.41074e-07
  4 -0.00762  5.40010e-07 |  5 -0.00873  7.50964e-07 |  6 -0.00997  6.72433e-07
  7 -0.01137  3.76453e-07 |  8 -0.01294  5.72967e-07 |  9 -0.01470  7.48661e-07
 10 -0.01665  3.41858e-07 | 11 -0.01879  9.98899e-07 | 12 -0.02111  7.26770e-08
 13 -0.02359  4.88493e-07 | 14 -0.02623 -3.65163e-07 | 15 -0.02898  6.07028e-07
 16 -0.03183  3.79668e-08 | 17 -0.03470  2.15092e-07 | 18 -0.03745 -5.27752e-08
 19 -0.04001  2.69123e-07 | 20 -0.04274  4.96599e-07 | 21 -0.04488  3.06897e-07
 22 -0.04688  2.67434e-07 | 23 -0.04850 -2.53436e-07 | 24 -0.04973 -5.92451e-08
 25 -0.05213 -9.49664e-08 | 26 -0.05451  2.59517e-07 | 27 -0.05618  9.43234e-09
 28 -0.05524  3.96752e-07 | 29 -0.05255 -2.13043e-07 | 30 -0.04783  1.66240e-07
 31 -0.03743  6.91870e-07 | 32 -0.02088  1.04925e-06 | 33  0.00242  1.38937e-06
 34  0.03995  4.38408e-06 | 35  0.06031  2.73107e-06 | 36  0.07362  2.46372e-06
 37  0.04509 -3.73537e-06 | 38  0.00967  5.89040e-07 | 39 -0.01359 -5.44775e-07
 40 -0.02166 -5.69401e-07 | 41 -0.02610 -1.55598e-06 | 42 -0.02181 -1.68969e-06
 43 -0.00890 -2.28127e-06 | 44 -0.00519 -3.32308e-06 | 45 -0.02255 -7.99327e-07
 46 -0.01543  2.91243e-06 | 47  0.01226  1.27130e-05 | 48  0.00677 -3.03989e-06
 49  0.04247 -7.89156e-06 | 50  0.03265  4.46587e-06 | 51  0.02509 -2.58498e-06
 52  0.02358  4.75727e-06 | 53  0.05851  5.91640e-06 | 54  0.01077  1.62379e-06
 55  0.05935 -5.26863e-06 | 56  0.00377  1.30034e-06 | 57  0.05773 -7.21009e-06
 58  0.06753 -8.08476e-06 | 59  0.05749 -3.23316e-06 | 60  0.06920 -4.45215e-06
 61  0.10946 -1.54432e-05 | 62  0.05822 -4.82104e-06 | 63  0.07311 -2.13888e-05
 64  0.06385 -9.04454e-06 | 65  0.03717 -5.18029e-06 | 66  0.06219 -4.66751e-06
 67 -0.01540  3.97505e-07 | 68 -0.02316  1.69888e-06 | 69  0.02165  2.53322e-06
 70 -0.04234  1.15784e-06 | 71  0.33859 -6.50461e-06 | 72 -0.89967 -2.29335e-07
 73  0.37179  4.54202e-06 | 74 -0.01799 -1.51053e-06 | 75 -1.56264  1.17943e-07
 76 -0.45074 -5.68459e-07 | 77  0.30384 -6.21671e-06 | 78 -0.69121  6.53454e-08
 79  0.28161 -6.00060e-07 | 80  0.03168 -2.67845e-06 | 81 -0.19415  6.81392e-06
 82 -0.50715 -2.19624e-06 | 83 -0.21936 -1.33048e-06 | 84  0.20587 -4.31994e-05
 85 -1.16180  2.14610e-07 | 86 -0.66984 -3.68854e-07 | 87 -0.04269 -1.68523e-06

Initial statistics: 97 variables; iteration 0; function evaluation 0; phase 4
Function value 1.4496695e+03; maximum gradient component mag -4.7468e+01
Var    Value     Gradient |Var    Value     Gradient |Var    Value     Gradient
  1 -0.02422 -8.32984e-05 |  2 -0.00577  1.50335e-06 |  3 -0.00664  1.25117e-06
  4 -0.00762  1.35009e-06 |  5 -0.00873  1.56102e-06 |  6 -0.00997  1.48247e-06
  7 -0.01137  1.18646e-06 |  8 -0.01294  1.38294e-06 |  9 -0.01470  1.55858e-06
 10 -0.01665  1.15172e-06 | 11 -0.01879  1.80868e-06 | 12 -0.02111  8.82367e-07
 13 -0.02359  1.29807e-06 | 14 -0.02623  4.44286e-07 | 15 -0.02898  1.41632e-06
 16 -0.03183  8.47090e-07 | 17 -0.03470  1.02402e-06 | 18 -0.03745  7.55959e-07
 19 -0.04001  1.07766e-06 | 20 -0.04274  1.30491e-06 | 21 -0.04488  1.11502e-06
 22 -0.04688  1.07537e-06 | 23 -0.04850  5.54349e-07 | 24 -0.04973  7.48420e-07
 25 -0.05213  7.12455e-07 | 26 -0.05451  1.06668e-06 | 27 -0.05618  8.16415e-07
 28 -0.05524  1.20384e-06 | 29 -0.05255  5.94333e-07 | 30 -0.04783  9.74089e-07
 31 -0.03743  1.50061e-06 | 32 -0.02088  1.85895e-06 | 33  0.00242  2.19950e-06
 34  0.03995  5.19262e-06 | 35  0.06031  3.53757e-06 | 36  0.07362  3.26844e-06
 37  0.04509 -2.92727e-06 | 38  0.00967  1.39908e-06 | 39 -0.01359  2.65177e-07
 40 -0.02166  2.40265e-07 | 41 -0.02610 -7.46531e-07 | 42 -0.02181 -8.80029e-07
 43 -0.00890 -1.47121e-06 | 44 -0.00519 -2.51297e-06 | 45 -0.02255  1.02975e-08
 46 -0.01543  3.72233e-06 | 47  0.01226  1.35230e-05 | 48  0.00677 -2.22979e-06
 49  0.04247 -7.08323e-06 | 50  0.03265  5.27491e-06 | 51  0.02509 -1.77550e-06
 52  0.02358  5.56680e-06 | 53  0.05851  6.72309e-06 | 54  0.01077  2.43380e-06
 55  0.05935 -4.46201e-06 | 56  0.00377  2.11046e-06 | 57  0.05773 -6.40328e-06
 58  0.06753 -7.27917e-06 | 59  0.05749 -2.42633e-06 | 60  0.06920 -3.64679e-06
 61  0.10946 -1.46450e-05 | 62  0.05822 -4.01429e-06 | 63  0.07311 -2.05840e-05
 64  0.06385 -8.23848e-06 | 65  0.03717 -4.37154e-06 | 66  0.06219 -3.86123e-06
 67 -0.01540  1.20740e-06 | 68 -0.02316  2.50848e-06 | 69  0.02165  3.34288e-06
 70 -0.04234  1.96619e-06 | 71  0.00000  2.31277e+00 | 72  0.00000 -1.15090e+01
 73  0.00000  1.37689e+01 | 74  0.00000 -4.74680e+01 | 75  0.00000  0.00000e+00
 76  0.00000  0.00000e+00 | 77  0.00000  0.00000e+00 | 78  0.00000  0.00000e+00
 79  0.00000  0.00000e+00 | 80  0.00000  0.00000e+00 | 81  0.33859 -6.50463e-06
 82 -0.89967 -2.29335e-07 | 83  0.37179  4.54203e-06 | 84 -0.01799 -1.51053e-06
 85 -0.43736 -1.17941e-07 | 86 -0.45074 -5.68460e-07 | 87  0.30384 -6.21672e-06
 88 -0.69121  6.53454e-08 | 89  0.28161 -6.00060e-07 | 90  0.03168 -2.67845e-06
 91 -0.19415  6.81392e-06 | 92 -0.50715 -2.19624e-06 | 93 -0.21936 -1.33048e-06
 94  0.20587 -4.31994e-05 | 95 -0.83820 -2.14610e-07 | 96 -0.66984 -3.68854e-07
 97 -0.04269 -1.68523e-06 |

Intermediate statistics: 97 variables; iteration 20; function evaluation 28; phase 4
Function value 1.4483299e+03; maximum gradient component mag -2.1331e+01
Var    Value     Gradient |Var    Value     Gradient |Var    Value     Gradient
  1 -0.02442  1.21256e+01 |  2 -0.00687 -2.51884e-01 |  3 -0.00771 -2.50502e-01
  4 -0.00866 -2.48981e-01 |  5 -0.00973 -2.47308e-01 |  6 -0.01093 -2.45464e-01
  7 -0.01228 -2.43424e-01 |  8 -0.01380 -2.41154e-01 |  9 -0.01550 -2.38620e-01
 10 -0.01739 -2.35789e-01 | 11 -0.01947 -2.32661e-01 | 12 -0.02172 -2.29294e-01
 13 -0.02414 -2.25754e-01 | 14 -0.02670 -2.22087e-01 | 15 -0.02938 -2.18294e-01
 16 -0.03216 -2.14365e-01 | 17 -0.03496 -2.10443e-01 | 18 -0.03764 -2.07022e-01
 19 -0.04015 -2.04484e-01 | 20 -0.04282 -2.02218e-01 | 21 -0.04491 -2.02065e-01
 22 -0.04686 -2.02981e-01 | 23 -0.04845 -2.05396e-01 | 24 -0.04965 -2.09301e-01
 25 -0.05200 -2.10538e-01 | 26 -0.05433 -2.09912e-01 | 27 -0.05597 -2.04882e-01
 28 -0.05502 -1.93897e-01 | 29 -0.05234 -1.65573e-01 | 30 -0.04759 -1.05704e-01
 31 -0.03719 -1.20204e-02 | 32 -0.02062  1.34965e-01 | 33  0.00275  3.76101e-01
 34  0.04033  8.25424e-01 | 35  0.06117  1.27588e+00 | 36  0.07436  1.73731e+00
 37  0.04518  1.55845e+00 | 38  0.00958  1.29578e+00 | 39 -0.01364  1.18285e+00
 40 -0.02165  1.20961e+00 | 41 -0.02603  1.24744e+00 | 42 -0.02165  1.36810e+00
 43 -0.00858  1.59677e+00 | 44 -0.00485  1.69384e+00 | 45 -0.02246  1.45391e+00
 46 -0.01537  1.54138e+00 | 47  0.01245  1.94741e+00 | 48  0.00669  1.80593e+00
 49  0.04260  2.39316e+00 | 50  0.03239  2.02385e+00 | 51  0.02585  1.74321e+00
 52  0.02374  1.46757e+00 | 53  0.05885  1.42400e+00 | 54  0.01076  2.75825e-01
 55  0.05947 -3.71085e-01 | 56  0.00360 -8.12560e-01 | 57  0.05774 -1.70092e+00
 58  0.06752 -2.27235e+00 | 59  0.05750 -2.52228e+00 | 60  0.06937 -3.16185e+00
 61  0.10951 -4.58758e+00 | 62  0.05810 -3.15166e+00 | 63  0.07328 -3.15009e+00
 64  0.06414 -2.33511e+00 | 65  0.03733 -1.27634e+00 | 66  0.06295 -5.91395e-01
 67 -0.01496  5.56383e-02 | 68 -0.02240  4.06062e-01 | 69  0.02344  9.07128e-01
 70 -0.04083  4.26087e-01 | 71 -0.00352  4.83921e-01 | 72  0.01193 -5.34157e-01
 73 -0.02323 -3.70842e-01 | 74  0.04250 -2.12225e+00 | 75  0.00000  0.00000e+00
 76  0.00000  0.00000e+00 | 77  0.00000  0.00000e+00 | 78  0.00000  0.00000e+00
 79  0.00000  0.00000e+00 | 80  0.00000  0.00000e+00 | 81  0.33907  1.65040e+01
 82 -0.89967  1.73048e-02 | 83  0.37172 -4.52298e+00 | 84 -0.01825  4.24649e+00
 85 -0.43837 -1.65387e+00 | 86 -0.45034  1.01264e+00 | 87  0.30336 -2.13313e+01
 88 -0.69121 -1.34185e-01 | 89  0.28318  1.55343e+00 | 90  0.03092 -8.12066e+00
 91 -0.19536  3.24087e+00 | 92 -0.50656 -1.11297e+00 | 93 -0.21933  3.42137e+00
 94  0.20602  1.51154e+01 | 95 -0.83821  4.62603e-04 | 96 -0.66996  1.79436e-01
 97 -0.04664 -1.64517e+00 |
97 variables; iteration 40; function evaluation 54; phase 4
Function value 1.4483107e+03; maximum gradient component mag 4.0492e-01
Var    Value     Gradient |Var    Value     Gradient |Var    Value     Gradient
  1 -0.02441 -7.87441e-02 |  2 -0.00675 -5.42852e-03 |  3 -0.00760 -8.39611e-03
  4 -0.00856 -1.07141e-02 |  5 -0.00964 -1.21143e-02 |  6 -0.01085 -1.23140e-02
  7 -0.01221 -1.10571e-02 |  8 -0.01373 -8.18318e-03 |  9 -0.01543 -3.72518e-03
 10 -0.01731  1.98174e-03 | 11 -0.01939  8.24206e-03 | 12 -0.02164  1.40143e-02
 13 -0.02406  1.81353e-02 | 14 -0.02662  1.95545e-02 | 15 -0.02932  1.76450e-02
 16 -0.03212  1.24823e-02 | 17 -0.03494  5.08556e-03 | 18 -0.03764 -2.73480e-03
 19 -0.04017 -9.84168e-03 | 20 -0.04285 -1.49944e-02 | 21 -0.04496 -1.91885e-02
 22 -0.04692 -2.24857e-02 | 23 -0.04852 -2.67091e-02 | 24 -0.04973 -3.25606e-02
 25 -0.05207 -2.39564e-02 | 26 -0.05437 -6.66351e-03 | 27 -0.05597  1.11395e-02
 28 -0.05504  4.22598e-03 | 29 -0.05237 -4.87528e-03 | 30 -0.04763 -4.26025e-03
 31 -0.03721  3.77817e-03 | 32 -0.02063  8.13314e-03 | 33  0.00268 -1.01210e-02
 34  0.04022 -1.47032e-02 | 35  0.06102  6.94596e-03 | 36  0.07419  1.30510e-02
 37  0.04503  4.07168e-03 | 38  0.00953  3.04587e-02 | 39 -0.01373  2.72607e-02
 40 -0.02173  3.76359e-02 | 41 -0.02611  4.43538e-02 | 42 -0.02169  5.95041e-02
 43 -0.00862  6.39597e-02 | 44 -0.00489  5.19802e-02 | 45 -0.02247  3.72639e-02
 46 -0.01545 -1.62294e-02 | 47  0.01228 -5.48384e-02 | 48  0.00658 -2.80882e-02
 49  0.04253  6.07277e-02 | 50  0.03245  6.72050e-02 | 51  0.02565 -6.82433e-03
 52  0.02364  2.43286e-02 | 53  0.05876  5.55444e-02 | 54  0.01066 -7.59148e-02
 55  0.05955 -1.80156e-02 | 56  0.00369  1.39897e-02 | 57  0.05784 -3.34065e-04
 58  0.06761 -2.07545e-02 | 59  0.05755 -6.68284e-02 | 60  0.06948 -6.20888e-02
 61  0.10973 -5.49179e-02 | 62  0.05832 -2.03557e-02 | 63  0.07346 -3.39628e-02
 64  0.06428 -3.97697e-02 | 65  0.03745 -1.33556e-02 | 66  0.06298 -8.49831e-03
 67 -0.01498 -1.72128e-03 | 68 -0.02248  1.05558e-04 | 69  0.02339  5.90555e-02
 70 -0.04089  2.15257e-02 | 71 -0.00369  1.13059e-02 | 72  0.01231 -1.21682e-02
 73 -0.02338 -8.87098e-03 | 74  0.04382 -8.62081e-02 | 75  0.00000  0.00000e+00
 76  0.00000  0.00000e+00 | 77  0.00000  0.00000e+00 | 78  0.00000  0.00000e+00
 79  0.00000  0.00000e+00 | 80  0.00000  0.00000e+00 | 81  0.33876  2.32717e-01
 82 -0.89986  2.98213e-04 | 83  0.37186 -6.07829e-02 | 84 -0.01829  4.62115e-02
 85 -0.43830 -3.85103e-02 | 86 -0.45043  7.90117e-03 | 87  0.30410 -3.64284e-01
 88 -0.69229 -1.65036e-03 | 89  0.28296  4.11690e-02 | 90  0.03136 -9.49116e-02
 91 -0.19538  2.04932e-02 | 92 -0.50637 -3.07917e-03 | 93 -0.21934  1.33544e-01
 94  0.20601  4.04916e-01 | 95 -0.83930  3.72572e-04 | 96 -0.67676  3.76753e-03
 97 -0.04634  1.03556e-03 |
97 variables; iteration 60; function evaluation 87; phase 4
Function value 1.4483107e+03; maximum gradient component mag -8.2085e-02
Var    Value     Gradient |Var    Value     Gradient |Var    Value     Gradient
  1 -0.02441 -8.20855e-02 |  2 -0.00674  1.40138e-04 |  3 -0.00758  2.22040e-03
  4 -0.00853  3.65333e-03 |  5 -0.00961  3.94633e-03 |  6 -0.01082  2.87102e-03
  7 -0.01219  7.07008e-04 |  8 -0.01372 -1.64816e-03 |  9 -0.01543 -2.93028e-03
 10 -0.01733 -2.22505e-03 | 11 -0.01942  1.98500e-04 | 12 -0.02167  2.74522e-03
 13 -0.02410  3.61389e-03 | 14 -0.02667  2.24274e-03 | 15 -0.02937 -1.84313e-04
 16 -0.03216 -1.61449e-03 | 17 -0.03497 -7.34497e-04 | 18 -0.03765  1.72590e-03
 19 -0.04015  3.83361e-03 | 20 -0.04283  3.61583e-03 | 21 -0.04493  2.20864e-03
 22 -0.04689  4.21534e-04 | 23 -0.04848 -3.37181e-04 | 24 -0.04968  4.03220e-04
 25 -0.05203  6.56865e-03 | 26 -0.05437  3.38887e-03 | 27 -0.05602 -7.97799e-03
 28 -0.05506  3.38087e-03 | 29 -0.05237  3.76047e-03 | 30 -0.04764 -1.99475e-03
 31 -0.03723  1.74938e-03 | 32 -0.02067  7.75910e-04 | 33  0.00270  2.26969e-03
 34  0.04025 -4.03021e-03 | 35  0.06099 -3.29859e-03 | 36  0.07420 -2.91226e-03
 37  0.04511 -3.62710e-04 | 38  0.00952  3.13673e-03 | 39 -0.01374 -3.05755e-03
 40 -0.02175 -4.42260e-04 | 41 -0.02613 -2.15724e-03 | 42 -0.02175 -3.17084e-03
 43 -0.00868 -3.93158e-03 | 44 -0.00494 -3.14276e-03 | 45 -0.02251 -1.32762e-03
 46 -0.01541 -9.65803e-04 | 47  0.01239 -4.76412e-04 | 48  0.00665  4.94164e-04
 49  0.04247 -3.10352e-03 | 50  0.03237 -3.74264e-03 | 51  0.02572 -2.63640e-03
 52  0.02363 -1.63295e-03 | 53  0.05872 -3.80200e-03 | 54  0.01075  7.11730e-04
 55  0.05953  2.16309e-04 | 56  0.00368 -3.26531e-04 | 57  0.05784 -2.34683e-03
 58  0.06760  5.41735e-04 | 59  0.05758  1.41582e-03 | 60  0.06948  1.24305e-03
 61  0.10974  2.26616e-03 | 62  0.05829 -3.95707e-03 | 63  0.07348  3.80998e-03
 64  0.06429 -9.06806e-04 | 65  0.03744  1.55104e-03 | 66  0.06298 -4.16766e-04
 67 -0.01498 -1.34335e-04 | 68 -0.02245  1.74068e-03 | 69  0.02336 -3.04435e-03
 70 -0.04089  6.58956e-04 | 71 -0.00369 -1.21341e-03 | 72  0.01232  1.86281e-04
 73 -0.02339  5.93391e-04 | 74  0.04388  1.42653e-03 | 75  0.00000  0.00000e+00
 76  0.00000  0.00000e+00 | 77  0.00000  0.00000e+00 | 78  0.00000  0.00000e+00
 79  0.00000  0.00000e+00 | 80  0.00000  0.00000e+00 | 81  0.33874 -1.50600e-02
 82 -0.89998 -9.23245e-06 | 83  0.37185  5.18048e-03 | 84 -0.01826 -4.12336e-03
 85 -0.43828  2.22659e-03 | 86 -0.45043 -1.48203e-03 | 87  0.30415  1.54736e-02
 88 -0.69386  4.58963e-04 | 89  0.28297 -1.38417e-03 | 90  0.03131  3.43681e-03
 91 -0.19537  7.27900e-04 | 92 -0.50639 -1.81755e-04 | 93 -0.21936 -5.49209e-04
 94  0.20598  6.29928e-03 | 95 -0.84045  1.80745e-04 | 96 -0.67429 -4.48545e-04
 97 -0.04635 -4.62829e-04 |
97 variables; iteration 80; function evaluation 120; phase 4
Function value 1.4483107e+03; maximum gradient component mag -1.0365e-02
Var    Value     Gradient |Var    Value     Gradient |Var    Value     Gradient
  1 -0.02441  1.01288e-02 |  2 -0.00674  1.68449e-04 |  3 -0.00759 -3.02929e-04
  4 -0.00854 -5.96116e-04 |  5 -0.00961 -4.75731e-04 |  6 -0.01082 -3.15989e-04
  7 -0.01219 -3.58130e-04 |  8 -0.01371 -7.90252e-06 |  9 -0.01542  9.23463e-04
 10 -0.01732  8.41108e-04 | 11 -0.01942 -8.94310e-04 | 12 -0.02168 -1.37027e-03
 13 -0.02410  6.14350e-04 | 14 -0.02667  5.23996e-04 | 15 -0.02937 -1.47668e-03
 16 -0.03215  3.36226e-04 | 17 -0.03496  5.12623e-04 | 18 -0.03765 -5.65018e-04
 19 -0.04016 -2.23450e-04 | 20 -0.04283  3.49034e-05 | 21 -0.04493  4.95931e-04
 22 -0.04689 -9.65986e-04 | 23 -0.04848 -9.51933e-04 | 24 -0.04968  9.55843e-04
 25 -0.05204 -7.90265e-04 | 26 -0.05437 -7.60418e-04 | 27 -0.05600  1.10278e-03
 28 -0.05506 -4.12921e-04 | 29 -0.05238  4.29662e-05 | 30 -0.04764 -3.19171e-04
 31 -0.03723 -2.43980e-04 | 32 -0.02067  1.93081e-04 | 33  0.00269  2.78179e-04
 34  0.04026  3.63551e-04 | 35  0.06100  3.00587e-04 | 36  0.07420  1.90415e-04
 37  0.04510 -1.44821e-04 | 38  0.00951 -1.85268e-04 | 39 -0.01373  6.10512e-04
 40 -0.02175  5.35408e-05 | 41 -0.02613 -1.17704e-04 | 42 -0.02174  1.38257e-04
 43 -0.00868  6.95168e-04 | 44 -0.00493  5.21696e-04 | 45 -0.02251 -2.08295e-05
 46 -0.01541 -2.40126e-04 | 47  0.01239  4.82554e-04 | 48  0.00664 -5.06871e-04
 49  0.04247  3.65885e-04 | 50  0.03237  6.43250e-04 | 51  0.02572  1.70749e-04
 52  0.02363  2.33563e-04 | 53  0.05872  4.66833e-04 | 54  0.01075 -8.78699e-06
 55  0.05953 -7.94631e-05 | 56  0.00368  1.10511e-04 | 57  0.05785  2.73541e-04
 58  0.06760 -5.54716e-05 | 59  0.05758 -1.37900e-04 | 60  0.06948 -1.85565e-04
 61  0.10974 -4.50916e-05 | 62  0.05830  7.40255e-07 | 63  0.07347 -1.95211e-05
 64  0.06429 -1.65360e-04 | 65  0.03744  1.40556e-04 | 66  0.06298 -1.71704e-04
 67 -0.01498  4.07114e-04 | 68 -0.02245 -3.68417e-04 | 69  0.02336  4.64008e-04
 70 -0.04089 -7.86398e-05 | 71 -0.00369  1.46035e-04 | 72  0.01232 -6.51690e-05
 73 -0.02339 -1.30369e-04 | 74  0.04388 -1.98923e-04 | 75  0.00000  0.00000e+00
 76  0.00000  0.00000e+00 | 77  0.00000  0.00000e+00 | 78  0.00000  0.00000e+00
 79  0.00000  0.00000e+00 | 80  0.00000  0.00000e+00 | 81  0.33874  1.90764e-03
 82 -0.90000 -5.81747e-07 | 83  0.37185 -7.08407e-04 | 84 -0.01826  5.23912e-04
 85 -0.43828 -3.02671e-04 | 86 -0.45043  2.03950e-04 | 87  0.30417 -7.16460e-04
 88 -0.69755  1.16225e-04 | 89  0.28298  1.23966e-04 | 90  0.03132  4.52056e-05
 91 -0.19537 -4.01717e-04 | 92 -0.50639  7.67630e-05 | 93 -0.21936 -2.03256e-03
 94  0.20594 -1.03651e-02 | 95 -0.84158 -5.99092e-05 | 96 -0.67083 -4.24011e-07
 97 -0.04635  9.16464e-05 |
97 variables; iteration 100; function evaluation 154; phase 4
Function value 1.4483107e+03; maximum gradient component mag 1.2444e-03
Var    Value     Gradient |Var    Value     Gradient |Var    Value     Gradient
  1 -0.02441  1.24437e-03 |  2 -0.00674 -2.23216e-04 |  3 -0.00759 -9.54811e-05
  4 -0.00854 -5.48342e-05 |  5 -0.00961  9.77759e-05 |  6 -0.01082  4.08457e-05
  7 -0.01218  8.71593e-05 |  8 -0.01371 -3.13845e-05 |  9 -0.01542 -4.47787e-05
 10 -0.01732 -6.30484e-05 | 11 -0.01941  2.23664e-05 | 12 -0.02168  1.86464e-04
 13 -0.02410 -1.98944e-05 | 14 -0.02667 -1.21012e-04 | 15 -0.02937  7.99578e-05
 16 -0.03215 -7.59210e-05 | 17 -0.03496 -3.82065e-05 | 18 -0.03765  1.17259e-05
 19 -0.04016 -3.29502e-06 | 20 -0.04283 -3.51427e-05 | 21 -0.04493 -6.36865e-05
 22 -0.04689 -1.37054e-05 | 23 -0.04848 -1.18186e-04 | 24 -0.04968 -1.63461e-04
 25 -0.05204  2.70999e-05 | 26 -0.05437  2.86617e-07 | 27 -0.05601 -2.19015e-04
 28 -0.05506  4.96562e-05 | 29 -0.05238  1.22491e-05 | 30 -0.04764  1.55538e-04
 31 -0.03723  1.85712e-05 | 32 -0.02067 -1.30383e-04 | 33  0.00269  4.73096e-05
 34  0.04026  9.89104e-05 | 35  0.06100  9.00566e-05 | 36  0.07420  1.59005e-05
 37  0.04510 -2.91976e-05 | 38  0.00951  5.65717e-05 | 39 -0.01373 -1.15786e-04
 40 -0.02175  6.85102e-05 | 41 -0.02613  6.51052e-05 | 42 -0.02174  3.01702e-04
 43 -0.00868 -1.64959e-04 | 44 -0.00493  2.77568e-04 | 45 -0.02251 -2.60156e-05
 46 -0.01541  4.26115e-05 | 47  0.01239 -5.81704e-05 | 48  0.00664 -1.51010e-05
 49  0.04247  6.92962e-05 | 50  0.03237  7.32158e-05 | 51  0.02572  7.86246e-05
 52  0.02363  2.42271e-05 | 53  0.05872  9.51713e-05 | 54  0.01075 -3.34898e-05
 55  0.05953 -2.61133e-05 | 56  0.00368  1.49920e-05 | 57  0.05785  4.56302e-05
 58  0.06760  4.63391e-05 | 59  0.05758 -1.90301e-04 | 60  0.06948  5.83871e-05
 61  0.10974 -8.55804e-05 | 62  0.05830 -1.85026e-05 | 63  0.07347  3.09267e-05
 64  0.06429 -1.13670e-04 | 65  0.03744  2.94259e-05 | 66  0.06298 -1.37626e-05
 67 -0.01498 -6.33989e-05 | 68 -0.02245  7.41152e-06 | 69  0.02336  7.42985e-05
 70 -0.04089 -1.52045e-05 | 71 -0.00369  3.73992e-05 | 72  0.01232 -2.73023e-06
 73 -0.02339 -6.52538e-06 | 74  0.04388 -2.59451e-05 | 75  0.00000  0.00000e+00
 76  0.00000  0.00000e+00 | 77  0.00000  0.00000e+00 | 78  0.00000  0.00000e+00
 79  0.00000  0.00000e+00 | 80  0.00000  0.00000e+00 | 81  0.33874  3.24342e-04
 82 -0.89999  2.02309e-06 | 83  0.37185 -1.22790e-04 | 84 -0.01826  1.22994e-04
 85 -0.43828 -4.05965e-05 | 86 -0.45043  6.04974e-05 | 87  0.30418 -3.16459e-04
 88 -0.69924  4.43341e-06 | 89  0.28299  4.43992e-05 | 90  0.03132  7.33353e-06
 91 -0.19537 -3.11136e-05 | 92 -0.50640  3.81276e-05 | 93 -0.21936  1.16402e-04
 94  0.20595  2.46827e-04 | 95 -0.84125  1.11601e-05 | 96 -0.67144  8.78235e-06
 97 -0.04635  2.80370e-05 |
  ic > imax  in fminim is answer attained ?
Var    Value     Gradient |Var    Value     Gradient |Var    Value     Gradient
  1 -0.02441  7.79816e-04 |  2 -0.00674 -8.81666e-05 |  3 -0.00758 -3.37322e-05
  4 -0.00854 -9.11584e-06 |  5 -0.00961  2.07281e-05 |  6 -0.01082  8.36203e-06
  7 -0.01218  2.76500e-05 |  8 -0.01371 -2.91189e-05 |  9 -0.01542 -4.78434e-05
 10 -0.01732 -3.44966e-05 | 11 -0.01941  9.70445e-05 | 12 -0.02168  1.46899e-04
 13 -0.02410 -1.58445e-05 | 14 -0.02667 -3.38048e-05 | 15 -0.02937  3.28916e-05
 16 -0.03215 -4.05014e-05 | 17 -0.03496 -2.80238e-05 | 18 -0.03765  1.61316e-05
 19 -0.04016  6.71436e-06 | 20 -0.04283 -3.43265e-05 | 21 -0.04493 -3.20938e-05
 22 -0.04689 -9.70166e-06 | 23 -0.04848 -2.31175e-05 | 24 -0.04968 -8.17541e-05
 25 -0.05204  1.74638e-05 | 26 -0.05437  1.66033e-05 | 27 -0.05601 -1.05700e-04
 28 -0.05506 -6.05964e-07 | 29 -0.05238 -1.11791e-05 | 30 -0.04764  4.40733e-05
 31 -0.03723 -2.64287e-05 | 32 -0.02067 -3.41127e-05 | 33  0.00269  3.48692e-05
 34  0.04026  4.00009e-05 | 35  0.06100  3.58333e-05 | 36  0.07420  1.11740e-05
 37  0.04510 -3.49311e-06 | 38  0.00951  1.98385e-05 | 39 -0.01373 -8.39971e-05
 40 -0.02175 -5.31552e-06 | 41 -0.02613  4.95336e-05 | 42 -0.02174 -4.86815e-06
 43 -0.00868  5.75978e-05 | 44 -0.00493  2.14126e-04 | 45 -0.02251 -1.33311e-04
 46 -0.01541 -8.04051e-05 | 47  0.01239 -1.17379e-05 | 48  0.00664  1.01043e-04
 49  0.04247 -9.84650e-07 | 50  0.03237  2.65826e-07 | 51  0.02572  4.80618e-05
 52  0.02363  5.84068e-06 | 53  0.05872  3.62134e-05 | 54  0.01075 -9.41640e-06
 55  0.05953  3.76907e-06 | 56  0.00368  3.51860e-06 | 57  0.05785  1.94555e-05
 58  0.06760  1.98068e-05 | 59  0.05758 -4.55143e-05 | 60  0.06948  2.29202e-05
 61  0.10974 -9.89188e-06 | 62  0.05830 -6.48699e-06 | 63  0.07347  1.26138e-05
 64  0.06429 -1.27109e-05 | 65  0.03744 -2.23592e-05 | 66  0.06298  2.03207e-05
 67 -0.01498 -4.79713e-05 | 68 -0.02245  8.04549e-06 | 69  0.02336  1.24648e-05
 70 -0.04089 -1.09614e-05 | 71 -0.00369  8.96586e-06 | 72  0.01232 -2.35751e-06
 73 -0.02339 -3.59212e-06 | 74  0.04388 -6.36972e-06 | 75  0.00000  0.00000e+00
 76  0.00000  0.00000e+00 | 77  0.00000  0.00000e+00 | 78  0.00000  0.00000e+00
 79  0.00000  0.00000e+00 | 80  0.00000  0.00000e+00 | 81  0.33874  1.02551e-04
 82 -0.89999  9.27446e-07 | 83  0.37185 -4.08851e-05 | 84 -0.01826  3.79821e-05
 85 -0.43828 -1.38762e-05 | 86 -0.45043  1.88062e-05 | 87  0.30418 -2.76321e-05
 88 -0.69930  2.26787e-06 | 89  0.28299  8.04832e-06 | 90  0.03132  2.58378e-05
 91 -0.19537 -2.59369e-05 | 92 -0.50640  1.45480e-05 | 93 -0.21936  4.18169e-05
 94  0.20595  1.27833e-04 | 95 -0.84126  8.86126e-06 | 96 -0.67146  4.30390e-06
 97 -0.04635  5.91101e-06 |
Function minimizer not making progress ... is minimum attained?
Minimprove criterion = 0.0000e+00
Warning: the following parameters had issues
  selparm[2] is within 1% of lower bound: -6.0000e+00 < -5.9384e+00 < 4.0000e+00


 - final statistics:
97 variables; iteration 106; function evaluation 192
Function value 1.4483e+03; maximum gradient component mag 7.7982e-04
Exit code = 1;  converg criter 1.0000e-04
Var    Value     Gradient |Var    Value     Gradient |Var    Value     Gradient
  1 -0.02441  7.79816e-04 |  2 -0.00674 -8.81666e-05 |  3 -0.00758 -3.37322e-05
  4 -0.00854 -9.11584e-06 |  5 -0.00961  2.07281e-05 |  6 -0.01082  8.36203e-06
  7 -0.01218  2.76500e-05 |  8 -0.01371 -2.91189e-05 |  9 -0.01542 -4.78434e-05
 10 -0.01732 -3.44966e-05 | 11 -0.01941  9.70445e-05 | 12 -0.02168  1.46899e-04
 13 -0.02410 -1.58445e-05 | 14 -0.02667 -3.38048e-05 | 15 -0.02937  3.28916e-05
 16 -0.03215 -4.05014e-05 | 17 -0.03496 -2.80238e-05 | 18 -0.03765  1.61316e-05
 19 -0.04016  6.71436e-06 | 20 -0.04283 -3.43265e-05 | 21 -0.04493 -3.20938e-05
 22 -0.04689 -9.70166e-06 | 23 -0.04848 -2.31175e-05 | 24 -0.04968 -8.17541e-05
 25 -0.05204  1.74638e-05 | 26 -0.05437  1.66033e-05 | 27 -0.05601 -1.05700e-04
 28 -0.05506 -6.05964e-07 | 29 -0.05238 -1.11791e-05 | 30 -0.04764  4.40733e-05
 31 -0.03723 -2.64287e-05 | 32 -0.02067 -3.41127e-05 | 33  0.00269  3.48692e-05
 34  0.04026  4.00009e-05 | 35  0.06100  3.58333e-05 | 36  0.07420  1.11740e-05
 37  0.04510 -3.49311e-06 | 38  0.00951  1.98385e-05 | 39 -0.01373 -8.39971e-05
 40 -0.02175 -5.31552e-06 | 41 -0.02613  4.95336e-05 | 42 -0.02174 -4.86815e-06
 43 -0.00868  5.75978e-05 | 44 -0.00493  2.14126e-04 | 45 -0.02251 -1.33311e-04
 46 -0.01541 -8.04051e-05 | 47  0.01239 -1.17379e-05 | 48  0.00664  1.01043e-04
 49  0.04247 -9.84650e-07 | 50  0.03237  2.65826e-07 | 51  0.02572  4.80618e-05
 52  0.02363  5.84068e-06 | 53  0.05872  3.62134e-05 | 54  0.01075 -9.41640e-06
 55  0.05953  3.76907e-06 | 56  0.00368  3.51860e-06 | 57  0.05785  1.94555e-05
 58  0.06760  1.98068e-05 | 59  0.05758 -4.55143e-05 | 60  0.06948  2.29202e-05
 61  0.10974 -9.89188e-06 | 62  0.05830 -6.48699e-06 | 63  0.07347  1.26138e-05
 64  0.06429 -1.27109e-05 | 65  0.03744 -2.23592e-05 | 66  0.06298  2.03207e-05
 67 -0.01498 -4.79713e-05 | 68 -0.02245  8.04549e-06 | 69  0.02336  1.24648e-05
 70 -0.04089 -1.09614e-05 | 71 -0.00369  8.96586e-06 | 72  0.01232 -2.35751e-06
 73 -0.02339 -3.59212e-06 | 74  0.04388 -6.36972e-06 | 75  0.00000  0.00000e+00
 76  0.00000  0.00000e+00 | 77  0.00000  0.00000e+00 | 78  0.00000  0.00000e+00
 79  0.00000  0.00000e+00 | 80  0.00000  0.00000e+00 | 81  0.33874  1.02551e-04
 82 -0.89999  9.27446e-07 | 83  0.37185 -4.08851e-05 | 84 -0.01826  3.79821e-05
 85 -0.43828 -1.38762e-05 | 86 -0.45043  1.88062e-05 | 87  0.30418 -2.76321e-05
 88 -0.69930  2.26787e-06 | 89  0.28299  8.04832e-06 | 90  0.03132  2.58378e-05
 91 -0.19537 -2.59369e-05 | 92 -0.50640  1.45480e-05 | 93 -0.21936  4.18169e-05
 94  0.20595  1.27833e-04 | 95 -0.84126  8.86126e-06 | 96 -0.67146  4.30390e-06
 97 -0.04635  5.91101e-06 |
Estimating row 1 out of 97 for hessian
Estimating row 2 out of 97 for hessian
Estimating row 3 out of 97 for hessian
Estimating row 4 out of 97 for hessian
Estimating row 5 out of 97 for hessian
Estimating row 6 out of 97 for hessian
Estimating row 7 out of 97 for hessian
Estimating row 8 out of 97 for hessian
Estimating row 9 out of 97 for hessian
Estimating row 10 out of 97 for hessian
Estimating row 11 out of 97 for hessian
Estimating row 12 out of 97 for hessian
Estimating row 13 out of 97 for hessian
Estimating row 14 out of 97 for hessian
Estimating row 15 out of 97 for hessian
Estimating row 16 out of 97 for hessian
Estimating row 17 out of 97 for hessian
Estimating row 18 out of 97 for hessian
Estimating row 19 out of 97 for hessian
Estimating row 20 out of 97 for hessian
Estimating row 21 out of 97 for hessian
Estimating row 22 out of 97 for hessian
Estimating row 23 out of 97 for hessian
Estimating row 24 out of 97 for hessian
Estimating row 25 out of 97 for hessian
Estimating row 26 out of 97 for hessian
Estimating row 27 out of 97 for hessian
Estimating row 28 out of 97 for hessian
Estimating row 29 out of 97 for hessian
Estimating row 30 out of 97 for hessian
Estimating row 31 out of 97 for hessian
Estimating row 32 out of 97 for hessian
Estimating row 33 out of 97 for hessian
Estimating row 34 out of 97 for hessian
Estimating row 35 out of 97 for hessian
Estimating row 36 out of 97 for hessian
Estimating row 37 out of 97 for hessian
Estimating row 38 out of 97 for hessian
Estimating row 39 out of 97 for hessian
Estimating row 40 out of 97 for hessian
Estimating row 41 out of 97 for hessian
Estimating row 42 out of 97 for hessian
Estimating row 43 out of 97 for hessian
Estimating row 44 out of 97 for hessian
Estimating row 45 out of 97 for hessian
Estimating row 46 out of 97 for hessian
Estimating row 47 out of 97 for hessian
Estimating row 48 out of 97 for hessian
Estimating row 49 out of 97 for hessian
Estimating row 50 out of 97 for hessian
Estimating row 51 out of 97 for hessian
Estimating row 52 out of 97 for hessian
Estimating row 53 out of 97 for hessian
Estimating row 54 out of 97 for hessian
Estimating row 55 out of 97 for hessian
Estimating row 56 out of 97 for hessian
Estimating row 57 out of 97 for hessian
Estimating row 58 out of 97 for hessian
Estimating row 59 out of 97 for hessian
Estimating row 60 out of 97 for hessian
Estimating row 61 out of 97 for hessian
Estimating row 62 out of 97 for hessian
Estimating row 63 out of 97 for hessian
Estimating row 64 out of 97 for hessian
Estimating row 65 out of 97 for hessian
Estimating row 66 out of 97 for hessian
Estimating row 67 out of 97 for hessian
Estimating row 68 out of 97 for hessian
Estimating row 69 out of 97 for hessian
Estimating row 70 out of 97 for hessian
Estimating row 71 out of 97 for hessian
Estimating row 72 out of 97 for hessian
Estimating row 73 out of 97 for hessian
Estimating row 74 out of 97 for hessian
Estimating row 75 out of 97 for hessian
Estimating row 76 out of 97 for hessian
Estimating row 77 out of 97 for hessian
Estimating row 78 out of 97 for hessian
Estimating row 79 out of 97 for hessian
Estimating row 80 out of 97 for hessian
Estimating row 81 out of 97 for hessian
Estimating row 82 out of 97 for hessian
Estimating row 83 out of 97 for hessian
Estimating row 84 out of 97 for hessian
Estimating row 85 out of 97 for hessian
Estimating row 86 out of 97 for hessian
Estimating row 87 out of 97 for hessian
Estimating row 88 out of 97 for hessian
Estimating row 89 out of 97 for hessian
Estimating row 90 out of 97 for hessian
Estimating row 91 out of 97 for hessian
Estimating row 92 out of 97 for hessian
Estimating row 93 out of 97 for hessian
Estimating row 94 out of 97 for hessian
Estimating row 95 out of 97 for hessian
Estimating row 96 out of 97 for hessian
Estimating row 97 out of 97 for hessian
size of file gradfil1.tmp = 0
size of file gradfil2.tmp = 0
size of file varssave.tmp = 0
size of file cmpdiff.tmp = 0
