
Initial statistics: 1 variables; iteration 0; function evaluation 0; phase 1
Function value 3.5958298e+03; maximum gradient component mag 3.5030e+04
Var    Value     Gradient |Var    Value     Gradient |Var    Value     Gradient
  1  0.00939  3.50301e+04 |

 - final statistics:
1 variables; iteration 5; function evaluation 9
Function value 3.0193e+03; maximum gradient component mag 1.2751e+00
Exit code = 1;  converg criter 1.0000e+01
Var    Value     Gradient |Var    Value     Gradient |Var    Value     Gradient
  1 -0.02191  1.27514e+00 |

Initial statistics: 79 variables; iteration 0; function evaluation 0; phase 2
Function value 3.0192937e+03; maximum gradient component mag 4.0504e+03
Var    Value     Gradient |Var    Value     Gradient |Var    Value     Gradient
  1 -0.02191  1.27514e+00 |  2 -0.00204  1.79216e+01 |  3 -0.00265  2.05552e+01
  4  0.00148  2.64394e+01 |  5 -0.00074  2.89860e+01 |  6  0.00382  3.65014e+01
  7  0.00426  4.20302e+01 |  8  0.00176  4.60268e+01 |  9  0.00186  5.26651e+01
 10  0.00219  6.03408e+01 | 11  0.00084  6.73639e+01 | 12  0.00069  7.63392e+01
 13 -0.00219  8.32912e+01 | 14  0.00046  9.71690e+01 | 15  0.00296  1.12367e+02
 16 -0.00388  1.16398e+02 | 17  0.00026  1.36162e+02 | 18 -0.00416  1.44407e+02
 19 -0.00180  1.64015e+02 | 20  0.00141  1.87065e+02 | 21  0.00434  2.10455e+02
 22 -0.00143  2.17079e+02 | 23  0.00325  2.47588e+02 | 24  0.00126  2.65317e+02
 25 -0.00344  2.79697e+02 | 26  0.00224  3.22572e+02 | 27  0.00515  3.58251e+02
 28 -0.00377  3.51717e+02 | 29  0.00342  3.95893e+02 | 30  0.00318  4.12870e+02
 31 -0.00067  4.06256e+02 | 32 -0.00227  3.99959e+02 | 33 -0.00438  3.87882e+02
 34 -0.00096  3.89610e+02 | 35  0.00136  3.99505e+02 | 36 -0.00426  3.80998e+02
 37 -0.00091  4.07967e+02 | 38 -0.00014  4.30853e+02 | 39  0.00220  4.59877e+02
 40 -0.00024  4.69194e+02 | 41 -0.00265  4.73311e+02 | 42  0.00511  5.15646e+02
 43 -0.00385  4.77408e+02 | 44 -0.00207  4.83691e+02 | 45 -0.00112  4.86035e+02
 46 -0.00254  4.55798e+02 | 47  0.00451  4.38934e+02 | 48 -0.00357  3.49872e+02
 49  0.00314  2.54245e+02 | 50  0.00040  1.07553e+02 | 51  0.00009 -1.04309e+02
 52 -0.00444 -1.94343e+02 | 53 -0.00386 -3.45779e+02 | 54 -0.00454 -3.89431e+02
 55  0.00251 -5.20089e+02 | 56 -0.00082 -5.61270e+02 | 57 -0.00315 -7.09804e+02
 58  0.00388 -8.95922e+02 | 59  0.00260 -1.04013e+03 | 60 -0.00324 -1.16856e+03
 61  0.00292 -1.32070e+03 | 62 -0.00433 -1.17053e+03 | 63 -0.00057 -1.11404e+03
 64  0.00210 -9.87594e+02 | 65  0.00287 -8.01953e+02 | 66  0.00350 -6.25988e+02
 67 -0.00408 -3.76443e+02 | 68 -0.00228 -2.28738e+02 | 69  0.00100 -1.67234e+02
 70  0.00400 -2.91998e+01 | 71  0.28174  9.37910e-02 | 72 -0.53235 -4.15670e+01
 73 -0.04629  2.02881e+02 | 74  0.07897  4.54507e+02 | 75 -0.99450 -4.39874e-01
 76 -0.11007  3.10523e+02 | 77 -0.07296  4.05045e+03 | 78 -0.99752 -7.53670e-01
 79  0.13885  2.25400e+02 |

Intermediate statistics: 79 variables; iteration 20; function evaluation 36; phase 2
Function value 2.4469590e+03; maximum gradient component mag 2.9324e+03
Var    Value     Gradient |Var    Value     Gradient |Var    Value     Gradient
  1 -0.05102 -1.88489e+03 |  2  0.00453  7.17902e+00 |  3  0.00335  6.09280e+00
  4 -0.00423  2.76486e+00 |  5 -0.00392  2.04203e+00 |  6 -0.01323 -1.94034e+00
  7 -0.01748 -4.30174e+00 |  8 -0.01784 -5.50369e+00 |  9 -0.02255 -8.16874e+00
 10 -0.02826 -1.12026e+01 | 11 -0.03180 -1.36422e+01 | 12 -0.03799 -1.68885e+01
 13 -0.03966 -1.88847e+01 | 14 -0.05246 -2.38696e+01 | 15 -0.06595 -2.88921e+01
 16 -0.06064 -2.88769e+01 | 17 -0.07883 -3.48017e+01 | 18 -0.07864 -3.59009e+01
 19 -0.09324 -4.05128e+01 | 20 -0.10959 -4.54710e+01 | 21 -0.12267 -4.91076e+01
 22 -0.11527 -4.73487e+01 | 23 -0.12771 -5.04189e+01 | 24 -0.12445 -4.94692e+01
 25 -0.11681 -4.80943e+01 | 26 -0.12263 -5.00683e+01 | 27 -0.11401 -4.81495e+01
 28 -0.07862 -3.90839e+01 | 29 -0.04728 -3.20991e+01 | 30  0.02359 -2.37343e+01
 31  0.12278 -2.29699e+01 | 32  0.15435  2.60958e+00 | 33  0.10514  3.31252e+01
 34  0.08777  5.37658e+01 | 35  0.10885  6.02876e+01 | 36  0.12569  6.66488e+01
 37  0.11492  6.34986e+01 | 38  0.07060  5.28965e+01 | 39  0.03548  4.44330e+01
 40  0.01388  3.89081e+01 | 41  0.00061  3.62483e+01 | 42  0.00538  4.00980e+01
 43  0.01483  4.20379e+01 | 44  0.02738  4.69846e+01 | 45  0.01954  4.79060e+01
 46  0.04388  6.17337e+01 | 47  0.08262  8.68679e+01 | 48  0.05418  7.64879e+01
 49  0.07412  6.44289e+01 | 50 -0.06115 -3.89710e+00 | 51  0.13290 -6.66347e+01
 52 -0.07615 -8.98222e+01 | 53  0.14987 -1.14937e+02 | 54 -0.15167 -6.65684e+01
 55  0.17606  2.20372e+01 | 56 -0.16196 -9.45751e+01 | 57  0.14470 -3.96923e+01
 58  0.09273 -9.05280e+01 | 59 -0.01884 -6.43428e+01 | 60  0.13966  8.70336e+01
 61  0.22785  3.54486e+02 | 62 -0.08328 -1.58033e+01 | 63  0.14965  1.12876e+01
 64  0.11543 -2.94064e+01 | 65 -0.02904 -4.51799e+01 | 66  0.18508 -1.03805e+02
 67 -0.25989 -9.54000e+01 | 68 -0.22173 -1.03091e+02 | 69  0.14440 -7.48686e+01
 70 -0.19529 -7.86092e+01 | 71  0.32587  2.92858e+02 | 72 -0.36134  7.60386e+01
 73 -0.55736 -1.30442e+02 | 74 -0.01737 -1.16019e+02 | 75 -0.99053 -2.81682e-01
 76 -0.26091 -9.73112e+01 | 77 -0.07760  2.93242e+03 | 78 -0.99544 -1.04325e+00
 79 -0.13258  5.46070e+02 |
79 variables; iteration 40; function evaluation 66; phase 2
Function value 2.1360100e+03; maximum gradient component mag 4.6564e+03
Var    Value     Gradient |Var    Value     Gradient |Var    Value     Gradient
  1 -0.01945  4.65640e+03 |  2  0.05403 -2.35484e+01 |  3  0.04819 -2.47429e+01
  4  0.04118 -2.64364e+01 |  5  0.03466 -2.77977e+01 |  6  0.02861 -2.88273e+01
  7  0.02291 -2.95567e+01 |  8  0.01713 -3.01939e+01 |  9  0.01349 -2.95054e+01
 10  0.01173 -2.75157e+01 | 11  0.01131 -2.44019e+01 | 12  0.01273 -1.97462e+01
 13  0.01505 -1.39850e+01 | 14  0.01556 -8.94428e+00 | 15  0.01301 -5.79224e+00
 16  0.01452  7.33181e-01 | 17  0.00508 -1.25392e+00 | 18  0.00157  1.26607e+00
 19 -0.00994 -3.19130e+00 | 20 -0.02130 -7.17687e+00 | 21 -0.02850 -9.14263e+00
 22 -0.03056 -7.19076e+00 | 23 -0.04931 -2.01645e+01 | 24 -0.08724 -4.71169e+01
 25 -0.09468 -4.90969e+01 | 26 -0.22809 -1.17639e+02 | 27 -0.28373 -1.35556e+02
 28 -0.04938 -4.63793e+00 | 29 -0.06512 -1.82246e+01 | 30 -0.07337 -2.14087e+01
 31  0.11830  2.70902e+02 | 32 -0.14883 -7.64381e+01 | 33  0.05514  1.29433e+02
 34  0.04748  1.00411e+02 | 35  0.04825  9.70130e+01 | 36  0.04358  8.09081e+01
 37  0.04785  9.19686e+01 | 38  0.04275  9.94539e+01 | 39  0.04103  1.13574e+02
 40  0.01321  8.39632e+01 | 41 -0.01174  5.73589e+01 | 42 -0.01429  5.62900e+01
 43 -0.02204  4.28881e+01 | 44 -0.03014  3.04097e+01 | 45 -0.03636  2.31282e+01
 46 -0.01497  3.44440e+01 | 47  0.06158  1.08092e+02 | 48 -0.03808 -1.72165e+01
 49 -0.02082 -1.71084e+01 | 50  0.03457  7.67190e+01 | 51  0.07257  1.89723e+02
 52 -0.00985  4.44271e+01 | 53  0.13223  3.63765e+02 | 54 -0.17592 -1.10463e+02
 55  0.11366 -6.60661e+01 | 56 -0.15422 -1.46869e+02 | 57  0.10050 -1.60529e+02
 58  0.03542 -2.15774e+02 | 59 -0.01593 -1.92435e+02 | 60  0.04956 -1.27305e+02
 61  0.17857  1.44965e+02 | 62 -0.02653 -5.13575e+01 | 63  0.06706 -3.14343e+01
 64  0.13773  4.69574e+01 | 65 -0.23095 -1.41226e+02 | 66  0.12271  5.63656e+01
 67 -0.03517 -2.80211e+01 | 68 -0.01378  2.24205e+01 | 69  0.04655  1.45481e+02
 70  0.06841  2.98794e+02 | 71  0.32362  2.26209e+02 | 72 -0.41682 -1.14329e+01
 73 -0.42777 -7.32806e+01 | 74  0.00045 -3.53906e+02 | 75  0.11073  9.17444e+00
 76 -0.28129 -1.83927e+02 | 77 -0.14897 -3.53198e+02 | 78 -0.15229 -1.69973e+02
 79 -0.08269  1.20986e+03 |
79 variables; iteration 60; function evaluation 100; phase 2
Function value 2.0332566e+03; maximum gradient component mag 6.2560e+02
Var    Value     Gradient |Var    Value     Gradient |Var    Value     Gradient
  1 -0.02393  3.19534e+02 |  2  0.00153  2.03160e+00 |  3  0.00095  2.33225e+00
  4  0.00818  6.02955e+00 |  5  0.00693  6.22615e+00 |  6 -0.01308 -1.65024e+00
  7 -0.02164 -4.56936e+00 |  8 -0.01287  1.72753e-01 |  9 -0.01675 -5.36730e-01
 10 -0.01392  1.91032e+00 | 11 -0.00695  6.53788e+00 | 12  0.00741  1.51961e+01
 13  0.00498  1.58457e+01 | 14  0.01519  2.33403e+01 | 15  0.00615  2.06874e+01
 16 -0.01469  1.14998e+01 | 17 -0.02479  8.04941e+00 | 18 -0.03128  6.43942e+00
 19 -0.03878  4.14171e+00 | 20 -0.04039  5.21763e+00 | 21 -0.03531  9.70386e+00
 22 -0.02876  1.51050e+01 | 23 -0.03129  1.47393e+01 | 24 -0.06181 -2.49990e+00
 25 -0.04506  8.95609e+00 | 26 -0.09247 -1.68298e+01 | 27 -0.08957 -1.46724e+01
 28 -0.08801 -1.46353e+01 | 29 -0.04576  7.93382e+00 | 30 -0.05969 -2.40427e+00
 31  0.07575  7.98576e+01 | 32 -0.04868 -7.61327e+00 | 33  0.01307  1.25335e+01
 34 -0.01023 -1.10680e+01 | 35  0.00313 -1.13237e+01 | 36  0.06630 -2.09208e+00
 37  0.05452  1.06850e+00 | 38  0.06162  2.11125e+01 | 39  0.01435  1.94469e+01
 40 -0.00934  1.81387e+01 | 41 -0.03186  1.42360e+01 | 42 -0.00996  3.30244e+01
 43 -0.01156  3.18080e+01 | 44 -0.01189  3.11671e+01 | 45 -0.01241  3.47480e+01
 46 -0.01011  2.54027e+01 | 47  0.02493  2.63677e+01 | 48 -0.01083  3.75092e+00
 49  0.01605  2.17730e-01 | 50  0.02611  3.05501e+01 | 51  0.05600  7.40142e+01
 52 -0.01007  1.45411e+01 | 53  0.09802  1.00154e+02 | 54 -0.05717 -1.50099e+01
 55  0.10919  1.82250e+01 | 56 -0.09751 -5.52387e+01 | 57  0.09342  2.85710e-01
 58  0.04589 -4.22753e+01 | 59  0.06082 -6.54322e+01 | 60  0.04324 -8.50005e+01
 61  0.15024 -1.60493e+02 | 62 -0.06756 -8.34088e+01 | 63  0.06134 -1.15186e+02
 64  0.14192 -2.54885e+01 | 65 -0.14705 -7.25313e+01 | 66  0.10567  1.79590e+01
 67 -0.03232  4.07819e+00 | 68  0.01237  6.33795e+01 | 69  0.04156  7.34819e+01
 70 -0.02448  3.68039e+01 | 71  0.31198  6.25601e+02 | 72 -0.47663 -6.37055e+01
 73 -0.30913  8.75609e+01 | 74  0.00589 -3.15031e+02 | 75 -0.15643  4.94753e+00
 76 -0.23728 -5.05235e+01 | 77 -0.17127 -1.29460e+02 | 78 -0.10576 -7.96596e+01
 79 -0.06805  1.48391e+02 |
Maximum number of function evaluations exceeded

 - final statistics:
79 variables; iteration 61; function evaluation 100
Function value 2.0333e+03; maximum gradient component mag 6.2560e+02
Exit code = 3;  converg criter 1.0000e+01
Var    Value     Gradient |Var    Value     Gradient |Var    Value     Gradient
  1 -0.02393  3.19534e+02 |  2  0.00153  2.03160e+00 |  3  0.00095  2.33225e+00
  4  0.00818  6.02955e+00 |  5  0.00693  6.22615e+00 |  6 -0.01308 -1.65024e+00
  7 -0.02164 -4.56936e+00 |  8 -0.01287  1.72753e-01 |  9 -0.01675 -5.36730e-01
 10 -0.01392  1.91032e+00 | 11 -0.00695  6.53788e+00 | 12  0.00741  1.51961e+01
 13  0.00498  1.58457e+01 | 14  0.01519  2.33403e+01 | 15  0.00615  2.06874e+01
 16 -0.01469  1.14998e+01 | 17 -0.02479  8.04941e+00 | 18 -0.03128  6.43942e+00
 19 -0.03878  4.14171e+00 | 20 -0.04039  5.21763e+00 | 21 -0.03531  9.70386e+00
 22 -0.02876  1.51050e+01 | 23 -0.03129  1.47393e+01 | 24 -0.06181 -2.49990e+00
 25 -0.04506  8.95609e+00 | 26 -0.09247 -1.68298e+01 | 27 -0.08957 -1.46724e+01
 28 -0.08801 -1.46353e+01 | 29 -0.04576  7.93382e+00 | 30 -0.05969 -2.40427e+00
 31  0.07575  7.98576e+01 | 32 -0.04868 -7.61327e+00 | 33  0.01307  1.25335e+01
 34 -0.01023 -1.10680e+01 | 35  0.00313 -1.13237e+01 | 36  0.06630 -2.09208e+00
 37  0.05452  1.06850e+00 | 38  0.06162  2.11125e+01 | 39  0.01435  1.94469e+01
 40 -0.00934  1.81387e+01 | 41 -0.03186  1.42360e+01 | 42 -0.00996  3.30244e+01
 43 -0.01156  3.18080e+01 | 44 -0.01189  3.11671e+01 | 45 -0.01241  3.47480e+01
 46 -0.01011  2.54027e+01 | 47  0.02493  2.63677e+01 | 48 -0.01083  3.75092e+00
 49  0.01605  2.17730e-01 | 50  0.02611  3.05501e+01 | 51  0.05600  7.40142e+01
 52 -0.01007  1.45411e+01 | 53  0.09802  1.00154e+02 | 54 -0.05717 -1.50099e+01
 55  0.10919  1.82250e+01 | 56 -0.09751 -5.52387e+01 | 57  0.09342  2.85710e-01
 58  0.04589 -4.22753e+01 | 59  0.06082 -6.54322e+01 | 60  0.04324 -8.50005e+01
 61  0.15024 -1.60493e+02 | 62 -0.06756 -8.34088e+01 | 63  0.06134 -1.15186e+02
 64  0.14192 -2.54885e+01 | 65 -0.14705 -7.25313e+01 | 66  0.10567  1.79590e+01
 67 -0.03232  4.07819e+00 | 68  0.01237  6.33795e+01 | 69  0.04156  7.34819e+01
 70 -0.02448  3.68039e+01 | 71  0.31198  6.25601e+02 | 72 -0.47663 -6.37055e+01
 73 -0.30913  8.75609e+01 | 74  0.00589 -3.15031e+02 | 75 -0.15643  4.94753e+00
 76 -0.23728 -5.05235e+01 | 77 -0.17127 -1.29460e+02 | 78 -0.10576 -7.96596e+01
 79 -0.06805  1.48391e+02 |

Initial statistics: 88 variables; iteration 0; function evaluation 0; phase 3
Function value 2.0332460e+03; maximum gradient component mag -6.6562e+02
Var    Value     Gradient |Var    Value     Gradient |Var    Value     Gradient
  1 -0.02393  3.19534e+02 |  2  0.00140 -3.09746e-01 |  3  0.00082 -9.09808e-03
  4  0.00805  3.68841e+00 |  5  0.00680  3.88495e+00 |  6 -0.01321 -3.99108e+00
  7 -0.02177 -6.90931e+00 |  8 -0.01300 -2.16811e+00 |  9 -0.01688 -2.87725e+00
 10 -0.01405 -4.30465e-01 | 11 -0.00708  4.19666e+00 | 12  0.00728  1.28549e+01
 13  0.00485  1.35045e+01 | 14  0.01506  2.09998e+01 | 15  0.00602  1.83462e+01
 16 -0.01482  9.15899e+00 | 17 -0.02493  5.70979e+00 | 18 -0.03141  4.10085e+00
 19 -0.03891  1.80468e+00 | 20 -0.04052  2.88095e+00 | 21 -0.03544  7.36603e+00
 22 -0.02889  1.27659e+01 | 23 -0.03142  1.24007e+01 | 24 -0.06194 -4.83013e+00
 25 -0.04519  6.62050e+00 | 26 -0.09261 -1.91459e+01 | 27 -0.08970 -1.69901e+01
 28 -0.08814 -1.69538e+01 | 29 -0.04589  5.59843e+00 | 30 -0.05983 -4.73524e+00
 31  0.07562  7.75348e+01 | 32 -0.04881 -9.94762e+00 | 33  0.01294  1.01927e+01
 34 -0.01036 -1.34090e+01 | 35  0.00300 -1.36651e+01 | 36  0.06617 -4.42084e+00
 37  0.05438 -1.26429e+00 | 38  0.06149  1.87825e+01 | 39  0.01422  1.71063e+01
 40 -0.00948  1.57975e+01 | 41 -0.03199  1.18975e+01 | 42 -0.01010  3.06832e+01
 43 -0.01169  2.94669e+01 | 44 -0.01202  2.88261e+01 | 45 -0.01255  3.24070e+01
 46 -0.01024  2.30616e+01 | 47  0.02480  2.40283e+01 | 48 -0.01096  1.40991e+00
 49  0.01592 -2.12289e+00 | 50  0.02598  2.82110e+01 | 51  0.05587  7.16832e+01
 52 -0.01021  1.22000e+01 | 53  0.09789  9.78433e+01 | 54 -0.05730 -1.73415e+01
 55  0.10905  1.59185e+01 | 56 -0.09764 -5.75508e+01 | 57  0.09329 -2.03054e+00
 58  0.04576 -4.46112e+01 | 59  0.06068 -6.77642e+01 | 60  0.04311 -8.73376e+01
 61  0.15011 -1.62778e+02 | 62 -0.06769 -8.57351e+01 | 63  0.06121 -1.17519e+02
 64  0.14178 -2.77732e+01 | 65 -0.14718 -7.48068e+01 | 66  0.10554  1.56504e+01
 67 -0.03245  1.73983e+00 | 68  0.01224  6.10388e+01 | 69  0.04142  7.11465e+01
 70 -0.02462  3.44640e+01 | 71  0.31198  6.25601e+02 | 72 -0.03418  4.12211e+02
 73  0.39939 -9.47114e+01 | 74 -0.58051  1.18228e+01 | 75 -0.47663 -6.37055e+01
 76 -0.30913  8.75609e+01 | 77  0.00589 -3.15031e+02 | 78  0.10625 -6.65620e+02
 79  0.42352  7.46509e+00 | 80 -0.53727 -1.59612e+01 | 81 -0.15643  4.94753e+00
 82 -0.23728 -5.05235e+01 | 83 -0.17127 -1.29460e+02 | 84 -0.02830 -2.38446e+02
 85  0.32103 -3.71905e+01 | 86 -0.52960 -1.17836e+01 | 87 -0.10576 -7.96596e+01
 88 -0.06805  1.48391e+02 |

Intermediate statistics: 88 variables; iteration 20; function evaluation 35; phase 3
Function value 1.8623204e+03; maximum gradient component mag 1.1906e+04
Var    Value     Gradient |Var    Value     Gradient |Var    Value     Gradient
  1 -0.00631  1.19064e+04 |  2 -0.03424 -1.64079e+02 |  3 -0.03459 -1.63275e+02
  4 -0.05031 -1.68982e+02 |  5 -0.04852 -1.67114e+02 |  6 -0.01497 -1.50258e+02
  7 -0.00454 -1.43096e+02 |  8 -0.02240 -1.50066e+02 |  9 -0.02079 -1.46955e+02
 10 -0.02740 -1.47935e+02 | 11 -0.03551 -1.49621e+02 | 12 -0.04280 -1.50799e+02
 13 -0.03910 -1.45646e+02 | 14 -0.03553 -1.40069e+02 | 15 -0.03170 -1.33801e+02
 16 -0.03239 -1.30102e+02 | 17 -0.03364 -1.26592e+02 | 18 -0.03510 -1.23193e+02
 19 -0.03757 -1.20565e+02 | 20 -0.03890 -1.16378e+02 | 21 -0.03483 -1.08317e+02
 22 -0.02869 -9.77691e+01 | 23 -0.02775 -9.19060e+01 | 24 -0.04608 -1.04736e+02
 25 -0.03375 -8.42817e+01 | 26 -0.06884 -1.09893e+02 | 27 -0.06608 -9.81079e+01
 28 -0.06053 -8.52473e+01 | 29 -0.03074 -3.97477e+01 | 30 -0.03706 -3.77085e+01
 31  0.02134  6.84084e+01 | 32 -0.02198 -1.38126e+01 | 33  0.01213  3.85251e+01
 34  0.01796  3.03611e+01 | 35  0.03016  4.70510e+01 | 36  0.07503  1.28254e+02
 37  0.06618  1.14316e+02 | 38  0.06791  1.37303e+02 | 39  0.01908  4.71023e+01
 40 -0.00176  1.88066e+01 | 41 -0.01818 -3.51522e+00 | 42 -0.01188  1.13149e+01
 43 -0.00738  2.19119e+01 | 44 -0.00460  3.68053e+01 | 45 -0.01097  4.21923e+01
 46 -0.00051  7.78593e+01 | 47  0.03513  1.76166e+02 | 48  0.00453  9.67947e+01
 49  0.03216  1.32129e+02 | 50  0.03176  1.09622e+02 | 51  0.03735  9.09102e+01
 52 -0.01201 -2.24456e+01 | 53  0.07675  2.00447e+02 | 54 -0.02440  1.09505e+01
 55  0.10307  3.06495e+02 | 56 -0.03504 -1.43677e+01 | 57  0.07812  2.47916e+02
 58  0.05850  2.29778e+02 | 59  0.07679  3.71602e+02 | 60  0.06693  3.84252e+02
 61  0.17792  1.07908e+03 | 62 -0.02749  3.98006e+01 | 63  0.09371  2.84871e+02
 64  0.12086  3.25617e+02 | 65 -0.07881 -1.29910e+02 | 66  0.09521  7.35480e+01
 67 -0.01740 -8.42401e+01 | 68 -0.00445 -7.87627e+01 | 69  0.02318 -8.97602e+01
 70 -0.03656 -1.22626e+02 | 71  0.26954  1.03567e+03 | 72 -0.01922  8.13391e+02
 73  0.31389 -5.23949e+01 | 74 -0.73358  1.18638e+01 | 75 -0.30203  1.25206e+02
 76 -0.35306 -1.56489e+02 | 77  0.11614  4.18925e+02 | 78  0.12966  8.96687e+02
 79 -0.21326 -1.25947e+00 | 80 -0.34381  4.92056e+01 | 81  0.10270 -1.21660e+01
 82 -0.23687  1.94768e+02 | 83 -0.04245  1.43962e+03 | 84  0.12673  3.97585e+03
 85  1.03362 -8.41195e-02 | 86 -0.73745  4.27635e+01 | 87 -0.03813  3.69872e+00
 88 -0.18835  3.33279e+03 |
88 variables; iteration 40; function evaluation 58; phase 3
Function value 1.8095564e+03; maximum gradient component mag 9.6825e+03
Var    Value     Gradient |Var    Value     Gradient |Var    Value     Gradient
  1 -0.00038  9.68246e+03 |  2 -0.02694 -1.33271e+02 |  3 -0.02659 -1.32297e+02
  4 -0.02908 -1.32437e+02 |  5 -0.02685 -1.30395e+02 |  6 -0.02010 -1.26085e+02
  7 -0.01820 -1.23722e+02 |  8 -0.02308 -1.24402e+02 |  9 -0.02432 -1.23175e+02
 10 -0.02341 -1.20643e+02 | 11 -0.01591 -1.14271e+02 | 12  0.00626 -9.84970e+01
 13  0.00588 -9.50704e+01 | 14  0.01860 -8.23599e+01 | 15  0.00440 -8.76658e+01
 16 -0.01690 -9.79319e+01 | 17 -0.02538 -9.95097e+01 | 18 -0.02953 -9.82112e+01
 19 -0.03349 -9.67952e+01 | 20 -0.03379 -9.21598e+01 | 21 -0.03002 -8.45143e+01
 22 -0.02415 -7.43054e+01 | 23 -0.02417 -6.87783e+01 | 24 -0.04503 -8.20518e+01
 25 -0.03508 -6.43337e+01 | 26 -0.07003 -8.76372e+01 | 27 -0.07351 -8.15579e+01
 28 -0.07460 -7.50785e+01 | 29 -0.04805 -3.75251e+01 | 30 -0.05536 -3.81046e+01
 31  0.02505  9.38953e+01 | 32 -0.04114 -2.26817e+01 | 33 -0.00161  2.59006e+01
 34 -0.00729 -2.12214e+00 | 35  0.00712  1.21029e+01 | 36  0.06994  1.07926e+02
 37  0.06806  1.12100e+02 | 38  0.07688  1.53052e+02 | 39  0.02738  6.97668e+01
 40  0.00262  3.69028e+01 | 41 -0.01054  2.08797e+01 | 42 -0.00172  3.82117e+01
 43  0.00140  4.46066e+01 | 44 -0.00072  4.94167e+01 | 45 -0.00826  5.33271e+01
 46 -0.00812  6.75245e+01 | 47  0.02075  1.40025e+02 | 48 -0.01118  7.50846e+01
 49  0.03174  1.50041e+02 | 50  0.04275  1.63518e+02 | 51  0.04723  1.39104e+02
 52 -0.03713 -5.36769e+01 | 53  0.08218  1.98998e+02 | 54 -0.05730 -3.29112e+01
 55  0.10774  2.73711e+02 | 56 -0.08701 -8.68161e+01 | 57  0.08937  2.55563e+02
 58  0.04799  1.62891e+02 | 59  0.07464  2.94873e+02 | 60  0.05258  2.50938e+02
 61  0.16482  7.64870e+02 | 62 -0.02519  2.58570e+01 | 63  0.09459  2.05960e+02
 64  0.12266  1.90470e+02 | 65 -0.16908 -1.84315e+02 | 66  0.08418 -6.57841e+01
 67 -0.01944 -1.01334e+02 | 68  0.00046 -6.20330e+01 | 69  0.02576 -4.92623e+01
 70 -0.02366 -6.66329e+01 | 71  0.26190  8.22333e+02 | 72 -0.01209  6.42392e+02
 73  0.30545 -8.10144e+01 | 74 -0.65800  1.32033e+01 | 75 -0.31309  8.08930e+01
 76 -0.31770 -3.04981e+01 | 77  0.08376  4.15562e+02 | 78  0.14029  9.26642e+02
 79 -0.14242 -4.04350e+00 | 80 -0.31843  5.89508e+01 | 81 -0.01636 -3.82113e+01
 82 -0.25243  1.85786e+02 | 83 -0.06589  8.38823e+02 | 84  0.13463  2.44909e+03
 85  1.97695 -5.86083e-01 | 86 -0.84940  1.57689e+01 | 87  0.02250  1.08484e+01
 88 -0.21224  2.76013e+03 |
88 variables; iteration 60; function evaluation 81; phase 3
Function value 1.7247641e+03; maximum gradient component mag 5.5088e+03
Var    Value     Gradient |Var    Value     Gradient |Var    Value     Gradient
  1  0.00799  5.50881e+03 |  2 -0.01168 -7.99249e+01 |  3 -0.01331 -8.00401e+01
  4 -0.00191 -7.45259e+01 |  5 -0.00473 -7.49540e+01 |  6 -0.03541 -8.73123e+01
  7 -0.04598 -9.09916e+01 |  8 -0.04040 -8.77568e+01 |  9 -0.04918 -9.05747e+01
 10 -0.04602 -8.81129e+01 | 11 -0.02310 -7.62208e+01 | 12  0.03230 -4.56438e+01
 13  0.00964 -5.54872e+01 | 14 -0.01506 -6.63620e+01 | 15 -0.02308 -6.82919e+01
 16 -0.00239 -5.38500e+01 | 17  0.00955 -4.30590e+01 | 18  0.00868 -3.98563e+01
 19 -0.00247 -4.35443e+01 | 20 -0.00900 -4.38194e+01 | 21 -0.01867 -4.67469e+01
 22 -0.00601 -3.32696e+01 | 23 -0.00058 -2.40721e+01 | 24 -0.04481 -5.33485e+01
 25 -0.03636 -4.04134e+01 | 26 -0.12939 -9.70686e+01 | 27 -0.10460 -7.62874e+01
 28 -0.08056 -5.24735e+01 | 29 -0.08602 -5.07302e+01 | 30 -0.11066 -6.51866e+01
 31  0.01717  8.21938e+01 | 32 -0.06985 -3.08659e+01 | 33  0.00365  4.54249e+01
 34  0.00533  2.80539e+01 | 35  0.00499  1.95239e+01 | 36  0.08303  1.10788e+02
 37  0.07239  9.55564e+01 | 38  0.08038  1.23539e+02 | 39  0.03106  6.09667e+01
 40 -0.00702  1.70847e+01 | 41 -0.01246  1.09024e+01 | 42  0.00583  3.03151e+01
 43  0.00846  2.94220e+01 | 44  0.01318  3.94300e+01 | 45  0.00101  3.81451e+01
 46  0.00225  5.15949e+01 | 47  0.01812  8.02824e+01 | 48 -0.02536  1.73177e+01
 49  0.01846  5.04706e+01 | 50  0.03328  7.76232e+01 | 51  0.04660  1.17647e+02
 52  0.00765  4.80332e+01 | 53  0.07653  1.60444e+02 | 54 -0.04844 -2.91027e+00
 55  0.10527  1.78303e+02 | 56 -0.06517 -4.87431e+01 | 57  0.07831  1.08154e+02
 58  0.04168  5.07169e+01 | 59  0.06193  1.09447e+02 | 60  0.04736  8.99965e+01
 61  0.14068  2.48566e+02 | 62 -0.04380 -3.66051e+01 | 63  0.10251  9.01604e+01
 64  0.10679  5.59813e+01 | 65 -0.06185 -1.17773e+02 | 66  0.06191 -1.26849e+02
 67 -0.03168 -9.78597e+01 | 68  0.01009 -3.76602e+01 | 69  0.01560 -4.99817e+01
 70 -0.06413 -7.67403e+01 | 71  0.23198  1.95772e+02 | 72  0.01515  1.00859e+02
 73  0.28450 -1.08125e+02 | 74 -1.10494 -7.17873e-01 | 75 -0.35600 -3.25978e+01
 76 -0.31407 -8.61340e+00 | 77  0.04662  4.02276e+02 | 78  0.14331  9.95601e+02
 79 -0.28948 -8.36489e-01 | 80 -0.50013  2.25919e+01 | 81 -0.02948  4.38257e+00
 82 -0.37021  4.24578e+01 | 83 -0.10281  2.03228e+02 | 84  0.14514  7.34482e+02
 85  1.91967 -1.21193e+01 | 86 -0.73325  9.64534e+00 | 87  0.05810  4.12091e+01
 88 -0.25913  9.48082e+02 |
88 variables; iteration 80; function evaluation 116; phase 3
Function value 1.6838409e+03; maximum gradient component mag 4.3714e+02
Var    Value     Gradient |Var    Value     Gradient |Var    Value     Gradient
  1  0.00212  4.37145e+02 |  2 -0.01339 -7.45156e+00 |  3 -0.01084 -6.17742e+00
  4 -0.00193 -2.28090e+00 |  5  0.00680  1.65026e+00 |  6 -0.00294 -1.92986e+00
  7 -0.00103 -6.75448e-01 |  8  0.00626  2.92821e+00 |  9 -0.00143  3.01449e-01
 10 -0.02134 -7.48850e+00 | 11 -0.02163 -6.93851e+00 | 12 -0.01414 -2.91729e+00
 13 -0.01215 -1.12938e+00 | 14 -0.00555  2.90036e+00 | 15  0.00362  8.39627e+00
 16 -0.02011 -1.46242e+00 | 17 -0.04227 -1.05517e+01 | 18 -0.03999 -8.34241e+00
 19 -0.03602 -5.21420e+00 | 20 -0.03323 -2.38264e+00 | 21 -0.03263 -6.76171e-01
 22 -0.04507 -5.54097e+00 | 23 -0.03867 -7.09180e-01 | 24 -0.05033 -5.17195e+00
 25 -0.04870 -1.59439e+00 | 26 -0.04730  2.78866e+00 | 27 -0.06379 -2.84118e+00
 28 -0.07421 -6.05527e+00 | 29 -0.07034 -1.57110e+00 | 30 -0.06461  3.07395e+00
 31 -0.03471  1.92007e+01 | 32 -0.06193 -5.28536e+00 | 33 -0.02643  3.05109e+00
 34 -0.00743 -5.24788e+00 | 35  0.01250 -8.22232e+00 | 36  0.08054 -3.24637e+00
 37  0.06883 -5.65558e+00 | 38  0.05940  5.07321e+00 | 39  0.00898  1.15139e-01
 40 -0.00520 -2.49079e+00 | 41 -0.00291 -1.07655e+00 | 42  0.01092  8.88977e-01
 43  0.01913 -1.26553e+00 | 44  0.01410 -8.15802e-01 | 45 -0.00191  5.72018e+00
 46 -0.01521  7.45593e+00 | 47 -0.00001  1.76679e+01 | 48 -0.01961  6.93567e+00
 49  0.02829  8.45359e+00 | 50  0.03624  1.14487e+01 | 51  0.03807  9.83286e+00
 52 -0.00553 -2.18239e+01 | 53  0.07438  1.76474e+01 | 54 -0.05117 -8.27090e+00
 55  0.09738  1.37374e+01 | 56 -0.04318 -1.23854e+01 | 57  0.06872  1.51038e+01
 58  0.05229  2.01544e+00 | 59  0.04386 -2.27923e+00 | 60  0.04409 -3.25852e+00
 61  0.12606  1.53152e+01 | 62  0.00653 -5.13864e+00 | 63  0.08910  1.44779e+01
 64  0.08798  4.28924e+01 | 65 -0.00372 -6.32707e+00 | 66  0.08795  3.08545e+01
 67 -0.01751 -1.67669e+00 | 68 -0.02280 -8.33880e+00 | 69  0.01444 -2.19521e+01
 70 -0.04899 -8.25294e+00 | 71  0.22411  7.76881e+01 | 72  0.02449  1.03462e+02
 73  0.31236 -1.47756e-01 | 74 -0.93142  3.41024e-01 | 75 -0.38566 -1.71375e+01
 76 -0.28650  2.40676e+01 | 77  0.03831  1.33749e+02 | 78  0.14231  3.09480e+02
 79 -0.53319 -5.56555e-01 | 80 -0.41412  1.24645e+01 | 81 -0.08154  3.39590e+00
 82 -0.39535 -3.97746e+00 | 83 -0.11387 -9.28057e+01 | 84  0.15088 -2.39778e+02
 85  1.91860 -1.06913e+01 | 86 -0.75925 -2.03336e+00 | 87  0.03427  2.08334e+01
 88 -0.24761  1.13118e+02 |
88 variables; iteration 100; function evaluation 150; phase 3
Function value 1.6790969e+03; maximum gradient component mag -7.3302e+01
Var    Value     Gradient |Var    Value     Gradient |Var    Value     Gradient
  1  0.00164 -7.33016e+01 |  2 -0.00711  8.49370e-01 |  3 -0.00769  8.24880e-01
  4 -0.00729  1.21571e+00 |  5 -0.01090  2.90114e-02 |  6 -0.01226 -2.23169e-01
  7 -0.01475 -9.02420e-01 |  8 -0.00906  1.80706e+00 |  9 -0.01401  2.08658e-01
 10 -0.01037  2.21819e+00 | 11 -0.01487  8.97362e-01 | 12 -0.01181  2.82755e+00
 13 -0.02227 -9.57402e-01 | 14 -0.01932  1.05991e+00 | 15 -0.02031  1.45027e+00
 16 -0.02695 -6.02081e-01 | 17 -0.02235  2.42988e+00 | 18 -0.02756  1.05745e+00
 19 -0.03705 -2.31033e+00 | 20 -0.02981  2.23600e+00 | 21 -0.03948 -1.28899e+00
 22 -0.03621  1.44043e+00 | 23 -0.04091  3.66383e-01 | 24 -0.03956  2.41395e+00
 25 -0.04745  6.40854e-01 | 26 -0.05619 -1.13072e+00 | 27 -0.06320 -1.80394e+00
 28 -0.06342  5.00623e-01 | 29 -0.06864 -6.10669e-01 | 30 -0.06933 -2.48539e-01
 31 -0.06691 -1.51913e+00 | 32 -0.05578 -1.73124e+00 | 33 -0.04006 -3.33152e+00
 34 -0.00055 -1.28372e+00 | 35  0.03415 -6.21861e-01 | 36  0.08402 -1.35633e+00
 37  0.08180 -2.33753e+00 | 38  0.03749  8.02821e-01 | 39  0.00117 -7.37774e-01
 40 -0.00530 -8.18310e-01 | 41  0.00159  1.37235e+00 | 42  0.01340  7.58890e-01
 43  0.03027 -1.18579e+00 | 44  0.02721 -2.05718e+00 | 45 -0.00564 -2.03142e+00
 46 -0.02461 -4.67314e+00 | 47 -0.02485 -5.14935e+00 | 48 -0.02162 -3.96293e+00
 49  0.03525 -1.78803e+00 | 50  0.03768  3.35487e-01 | 51  0.02931 -3.39623e-01
 52  0.01833  1.77041e-01 | 53  0.06458 -6.33736e-01 | 54 -0.03041 -1.66425e+00
 55  0.09138 -5.13924e-02 | 56 -0.02404 -1.89379e+00 | 57  0.05982  2.85881e-01
 58  0.05774  2.12392e+00 | 59  0.04343 -9.46580e-01 | 60  0.05040  1.46387e+00
 61  0.11839  7.22362e-01 | 62  0.02822  2.20780e+00 | 63  0.09284  3.06537e+00
 64  0.06200  2.00241e+00 | 65  0.03768  3.09096e+00 | 66  0.07150  3.13168e+00
 67 -0.01130  1.18204e+00 | 68 -0.01938  3.12352e+00 | 69  0.02338  2.13981e+00
 70 -0.05079  3.80633e-01 | 71  0.23414 -3.21205e+01 | 72  0.01478 -2.56836e+01
 73  0.31462  2.57873e+00 | 74 -0.93396 -1.32411e-01 | 75 -0.37847  2.98028e+00
 76 -0.29273  1.20449e+00 | 77  0.02873 -9.91919e-03 | 78  0.14278  7.40959e+00
 79 -0.68157  2.68149e-02 | 80 -0.38525  2.83242e-01 | 81 -0.08980 -1.50467e+00
 82 -0.38126  5.60223e-01 | 83 -0.10918  2.00688e+01 | 84  0.15020  6.26467e+01
 85  2.00568 -1.98516e+00 | 86 -0.80579  3.67066e-01 | 87  0.00320  2.16300e+00
 88 -0.25022 -2.01490e+01 |
88 variables; iteration 120; function evaluation 173; phase 3
Function value 1.6786664e+03; maximum gradient component mag 1.1318e+01
Var    Value     Gradient |Var    Value     Gradient |Var    Value     Gradient
  1  0.00185  3.32041e+00 |  2 -0.00676 -9.96857e-03 |  3 -0.00740 -4.26637e-02
  4 -0.00800 -3.54544e-02 |  5 -0.00873 -4.71382e-02 |  6 -0.00939  5.08590e-03
  7 -0.01031 -5.35373e-03 |  8 -0.01139 -3.14177e-02 |  9 -0.01251 -2.85534e-02
 10 -0.01392 -8.70860e-02 | 11 -0.01518 -2.21780e-02 | 12 -0.01675 -2.67717e-02
 13 -0.01836  1.26613e-02 | 14 -0.02026 -1.19721e-02 | 15 -0.02210  4.79294e-02
 16 -0.02436 -1.23268e-02 | 17 -0.02667 -4.11970e-02 | 18 -0.02890 -6.29488e-03
 19 -0.03111  5.18873e-02 | 20 -0.03391 -4.22027e-02 | 21 -0.03622 -3.49252e-03
 22 -0.03888 -7.67200e-02 | 23 -0.04151 -9.18840e-02 | 24 -0.04427 -6.59856e-02
 25 -0.04873 -3.92178e-02 | 26 -0.05424 -2.58234e-02 | 27 -0.06023 -3.30648e-04
 28 -0.06485 -1.77199e-02 | 29 -0.06842 -1.00753e-01 | 30 -0.06992 -4.15510e-02
 31 -0.06460  4.53662e-01 | 32 -0.05379  1.39354e-01 | 33 -0.03498  5.55501e-02
 34 -0.00007  2.45877e-01 | 35  0.03015  6.87157e-03 | 36  0.08051  4.03077e-01
 37  0.08794  1.91328e-01 | 38  0.03290  2.57369e-01 | 39  0.00280  1.04662e-03
 40 -0.00302  1.42372e-01 | 41 -0.00217  1.83721e-01 | 42  0.00931  8.35896e-02
 43  0.02975  3.16360e-01 | 44  0.02669  2.75486e-01 | 45 -0.00628  2.20593e-01
 46 -0.02096 -2.66745e-01 | 47 -0.01980  3.85379e-01 | 48 -0.01926  2.03319e-02
 49  0.03233 -4.02076e-01 | 50  0.03525  5.54581e-01 | 51  0.03087  3.20530e-01
 52  0.01763 -4.48347e-02 | 53  0.06282 -7.31837e-01 | 54 -0.02651 -1.38305e-01
 55  0.08912 -1.12336e-01 | 56 -0.02077 -1.17816e-01 | 57  0.05869 -5.31169e-01
 58  0.05628  2.84741e-01 | 59  0.04552 -3.35209e-01 | 60  0.04837 -1.75598e-01
 61  0.11891  1.23825e-01 | 62  0.02669 -1.29443e-01 | 63  0.09256 -2.09028e-02
 64  0.06213 -5.36970e-01 | 65  0.03674  1.97455e-02 | 66  0.07083 -6.48540e-02
 67 -0.00981 -1.64379e-02 | 68 -0.02114  2.91160e-02 | 69  0.02316 -1.71204e-01
 70 -0.05003  8.99650e-03 | 71  0.27001  7.44810e-02 | 72 -0.02316 -1.57513e+00
 73  0.34662 -1.23236e-01 | 74 -0.91965 -3.46267e-02 | 75 -0.38969 -3.89227e-02
 76 -0.29638  2.04463e-01 | 77  0.02977 -7.14507e-01 | 78  0.14090 -1.09065e+00
 79 -0.62590 -1.90416e-03 | 80 -0.35875 -1.04839e-02 | 81 -0.08856  4.05060e-02
 82 -0.38197 -1.38859e-02 | 83 -0.15618  3.27528e+00 | 84  0.16370  1.13176e+01
 85  2.26532 -1.48561e-01 | 86 -0.81408  5.20859e-02 | 87  0.00276  2.31800e-01
 88 -0.24982  7.38435e-01 |
88 variables; iteration 140; function evaluation 193; phase 3
Function value 1.6786336e+03; maximum gradient component mag 6.1701e+00
Var    Value     Gradient |Var    Value     Gradient |Var    Value     Gradient
  1  0.00186  5.41600e+00 |  2 -0.00682 -6.47904e-02 |  3 -0.00739 -7.36378e-02
  4 -0.00799 -6.78063e-02 |  5 -0.00872 -7.82758e-02 |  6 -0.00946 -5.83110e-02
  7 -0.01037 -6.60569e-02 |  8 -0.01139 -7.14594e-02 |  9 -0.01252 -6.87145e-02
 10 -0.01382 -8.55217e-02 | 11 -0.01517 -5.97171e-02 | 12 -0.01677 -7.76829e-02
 13 -0.01843 -6.07936e-02 | 14 -0.02027 -6.26898e-02 | 15 -0.02224 -5.60203e-02
 16 -0.02435 -5.12221e-02 | 17 -0.02660 -5.36099e-02 | 18 -0.02890 -5.43064e-02
 19 -0.03120 -4.18959e-02 | 20 -0.03382 -5.16606e-02 | 21 -0.03618 -4.22451e-02
 22 -0.03879 -8.79784e-02 | 23 -0.04134 -6.58921e-02 | 24 -0.04421 -9.03298e-02
 25 -0.04866 -6.39858e-02 | 26 -0.05424 -8.46365e-02 | 27 -0.06024 -7.27412e-02
 28 -0.06483 -7.01551e-02 | 29 -0.06816 -1.40043e-02 | 30 -0.06978 -3.85564e-02
 31 -0.06517  4.82979e-02 | 32 -0.05401 -7.93133e-02 | 33 -0.03492 -4.03011e-02
 34 -0.00016  5.03833e-02 | 35  0.03085 -6.99318e-03 | 36  0.07920 -8.28462e-02
 37  0.08929  2.41516e-02 | 38  0.03179 -2.60914e-01 | 39  0.00301 -8.71951e-02
 40 -0.00292  2.68532e-02 | 41 -0.00229 -5.07677e-03 | 42  0.00967  6.69816e-02
 43  0.02955  1.04328e-01 | 44  0.02646  7.28241e-02 | 45 -0.00611  2.01177e-01
 46 -0.02029 -4.16732e-02 | 47 -0.02055  3.91162e-02 | 48 -0.01917  6.75406e-02
 49  0.03284 -1.52361e-01 | 50  0.03493  3.91086e-01 | 51  0.03068 -1.15904e-01
 52  0.01776  1.76145e-01 | 53  0.06320  1.83633e-01 | 54 -0.02705 -5.45577e-02
 55  0.08945  6.25687e-01 | 56 -0.02126 -7.70666e-02 | 57  0.05928  4.00933e-01
 58  0.05546 -8.10148e-02 | 59  0.04633  2.75555e-01 | 60  0.04825 -1.74502e-01
 61  0.11861 -4.49464e-01 | 62  0.02743  2.99085e-02 | 63  0.09203  1.24295e-01
 64  0.06296  4.12132e-01 | 65  0.03611  4.93236e-02 | 66  0.07107  2.94885e-01
 67 -0.00984  7.53127e-03 | 68 -0.02142 -1.23073e-01 | 69  0.02330  2.23432e-02
 70 -0.05019 -5.98093e-02 | 71  0.26146  3.48695e+00 | 72 -0.01707  2.76766e+00
 73  0.33927 -2.63594e-01 | 74 -0.67947  7.48342e-02 | 75 -0.38705 -1.76618e-02
 76 -0.29573  2.72541e-02 | 77  0.02973 -1.78221e-01 | 78  0.14100 -3.71745e-01
 79 -0.63043 -5.81781e-03 | 80 -0.36022 -4.89874e-03 | 81 -0.08856 -1.43257e-03
 82 -0.38200 -1.72016e-02 | 83 -0.17019  1.25286e+00 | 84  0.16775  6.17009e+00
 85  2.54023 -3.15892e-02 | 86 -0.88736  1.80341e-03 | 87  0.00226 -9.98872e-03
 88 -0.24985  1.12452e+00 |
88 variables; iteration 160; function evaluation 230; phase 3
Function value 1.6766336e+03; maximum gradient component mag 4.5548e+02
Var    Value     Gradient |Var    Value     Gradient |Var    Value     Gradient
  1  0.00192  4.55480e+02 |  2 -0.00689 -6.69559e+00 |  3 -0.00723 -6.59507e+00
  4 -0.00812 -6.68830e+00 |  5 -0.00902 -6.74545e+00 |  6 -0.00982 -6.72836e+00
  7 -0.01072 -6.70909e+00 |  8 -0.01185 -6.73087e+00 |  9 -0.01277 -6.61464e+00
 10 -0.01320 -6.22534e+00 | 11 -0.01532 -6.48768e+00 | 12 -0.01733 -6.63935e+00
 13 -0.01916 -6.65368e+00 | 14 -0.02102 -6.61187e+00 | 15 -0.02374 -6.89348e+00
 16 -0.02439 -6.17842e+00 | 17 -0.02608 -5.86047e+00 | 18 -0.02899 -6.08165e+00
 19 -0.03163 -6.16699e+00 | 20 -0.03367 -5.83046e+00 | 21 -0.03670 -6.08601e+00
 22 -0.03902 -5.93129e+00 | 23 -0.04088 -5.49692e+00 | 24 -0.04373 -5.44845e+00
 25 -0.04879 -5.64270e+00 | 26 -0.05339 -5.01706e+00 | 27 -0.05953 -4.94705e+00
 28 -0.06418 -4.86313e+00 | 29 -0.06685 -4.28128e+00 | 30 -0.06970 -4.82505e+00
 31 -0.06824 -6.30441e+00 | 32 -0.05392 -4.17603e+00 | 33 -0.03188 -1.91330e+00
 34 -0.00276 -3.05806e+00 | 35  0.03076 -1.35069e-01 | 36  0.07671  3.07977e+00
 37  0.09290  6.32531e+00 | 38  0.03582  2.97753e+00 | 39 -0.00071 -1.01233e+00
 40 -0.00523 -5.57941e-02 | 41 -0.00358  1.07396e+00 | 42  0.01183  4.42030e+00
 43  0.02853  6.10998e+00 | 44  0.02536  7.26754e+00 | 45 -0.00566  6.20157e+00
 46 -0.01967  6.08749e+00 | 47 -0.01904  7.79668e+00 | 48 -0.01789  8.47748e+00
 49  0.03351  1.47738e+01 | 50  0.03310  1.36708e+01 | 51  0.02832  1.19727e+01
 52  0.02136  1.92826e+01 | 53  0.06222  2.39464e+01 | 54 -0.02502  8.37483e+00
 55  0.08868  2.38207e+01 | 56 -0.02106  4.77307e+00 | 57  0.05972  1.29782e+01
 58  0.05644  8.34416e+00 | 59  0.04533  2.43671e+00 | 60  0.04645  4.00650e-02
 61  0.11932  1.19787e+01 | 62  0.03226  2.82888e+00 | 63  0.08654  1.45587e+00
 64  0.06989  6.15438e+00 | 65  0.03114 -4.13887e+00 | 66  0.07316 -2.32204e+00
 67 -0.00945 -7.12793e+00 | 68 -0.02513 -1.11302e+01 | 69  0.02492 -8.46747e+00
 70 -0.05015 -8.08760e+00 | 71  0.25161  1.36704e+02 | 72 -0.02734  6.94123e+01
 73  0.32983 -4.88934e+01 | 74 -0.20361  2.64713e+00 | 75 -0.38116 -2.34701e+01
 76 -0.29511  1.03811e+02 | 77  0.03567  3.03020e+01 | 78  0.13680  7.99429e+01
 79 -0.28695 -1.37606e-01 | 80 -0.32714  2.32657e+00 | 81 -0.08852 -3.96179e+00
 82 -0.38193  1.89436e+00 | 83 -0.17216  9.96370e+01 | 84  0.16842  4.07240e+02
 85  3.56651  4.40881e-01 | 86 -0.99852 -1.44574e-01 | 87  0.00185 -1.17544e+00
 88 -0.25016  7.13371e+01 |
88 variables; iteration 180; function evaluation 252; phase 3
Function value 1.6624007e+03; maximum gradient component mag 5.3188e+01
Var    Value     Gradient |Var    Value     Gradient |Var    Value     Gradient
  1  0.00249  3.61669e+01 |  2 -0.00646 -2.41190e-01 |  3 -0.00758 -4.72533e-01
  4 -0.00749 -1.88719e-01 |  5 -0.00914 -5.77284e-01 |  6 -0.01017 -6.80635e-01
  7 -0.01163 -9.18179e-01 |  8 -0.01200 -6.70727e-01 |  9 -0.01335 -7.70533e-01
 10 -0.01464 -7.88209e-01 | 11 -0.01454 -1.58015e-01 | 12 -0.01689 -5.01897e-01
 13 -0.01867 -5.39099e-01 | 14 -0.02118 -8.37813e-01 | 15 -0.02426 -1.33181e+00
 16 -0.02480 -6.30314e-01 | 17 -0.02587 -8.90471e-02 | 18 -0.02910 -4.98377e-01
 19 -0.03142 -4.85276e-01 | 20 -0.03374 -3.36098e-01 | 21 -0.03630 -4.15994e-01
 22 -0.03978 -8.90948e-01 | 23 -0.04127 -3.62310e-01 | 24 -0.04370 -2.08122e-01
 25 -0.04835 -3.37767e-01 | 26 -0.05185  6.73831e-01 | 27 -0.05825  4.01426e-01
 28 -0.06326  1.02469e-01 | 29 -0.06695 -5.01640e-02 | 30 -0.06911 -2.61748e-01
 31 -0.06496 -2.38014e-01 | 32 -0.05334  1.94217e-01 | 33 -0.03123  2.12629e+00
 34 -0.00257  2.61549e-01 | 35  0.02945  1.48811e+00 | 36  0.08437  4.16698e+00
 37  0.08345  2.85523e+00 | 38  0.03969  4.14049e+00 | 39  0.00168  6.89525e-01
 40 -0.00306  8.20485e-01 | 41 -0.00418 -3.56770e-01 | 42  0.00977  9.69459e-02
 43  0.02930 -4.02277e-01 | 44  0.02488 -1.04570e+00 | 45 -0.00808 -1.13543e+00
 46 -0.01854  5.01411e-01 | 47 -0.01887  1.05547e+00 | 48 -0.01780  1.21885e+00
 49  0.03335  5.44022e-01 | 50  0.03559 -7.89097e-01 | 51  0.02833 -4.02153e+00
 52  0.02103  1.56770e+00 | 53  0.06265 -2.06662e+00 | 54 -0.02516  1.02650e-02
 55  0.08979  1.01394e+00 | 56 -0.02205 -3.04771e-01 | 57  0.05961  2.91400e+00
 58  0.05590  2.82339e+00 | 59  0.04645  1.53842e+00 | 60  0.04684 -2.35392e-01
 61  0.11965  4.23266e+00 | 62  0.02999  8.59236e-01 | 63  0.08882 -3.65685e+00
 64  0.06445 -8.73574e-01 | 65  0.03433 -2.08195e+00 | 66  0.06888 -1.82520e+00
 67 -0.00995 -6.59758e-01 | 68 -0.02448 -2.53670e+00 | 69  0.02203 -1.41444e+00
 70 -0.05287 -1.47310e+00 | 71  0.24892  5.31879e+01 | 72 -0.09670  2.81127e+01
 73  0.32850 -2.37690e+00 | 74  0.02677  1.77119e+01 | 75 -0.38307 -7.55322e-01
 76 -0.45857 -8.44514e+00 | 77  0.06274  2.42540e+01 | 78  0.06920  5.01396e+01
 79 -0.14772  1.71180e-01 | 80 -0.00947  2.52381e+00 | 81 -0.11703 -2.22487e+00
 82 -0.41779  3.31913e+00 | 83 -0.16795  2.14505e-01 | 84  0.16366  1.87464e+01
 85  3.59745  2.97688e-01 | 86 -0.54621 -5.53695e-01 | 87 -0.00238 -4.60495e+00
 88 -0.25075  2.08080e+00 |
88 variables; iteration 200; function evaluation 282; phase 3
Function value 1.6021147e+03; maximum gradient component mag 4.9859e+02
Var    Value     Gradient |Var    Value     Gradient |Var    Value     Gradient
  1  0.00507  3.60297e+01 |  2 -0.00655 -5.77619e-01 |  3 -0.00402  5.99479e-01
  4 -0.00815 -8.43693e-01 |  5 -0.00439  8.83167e-01 |  6 -0.01073 -1.40329e+00
  7 -0.01050 -1.02613e+00 |  8 -0.00907 -1.18199e-01 |  9 -0.01081 -4.56879e-01
 10 -0.00880  7.99287e-01 | 11 -0.01484 -1.22403e+00 | 12 -0.01171  6.22682e-01
 13 -0.01494 -1.35144e-01 | 14 -0.01501  5.09179e-01 | 15 -0.01621  7.37349e-01
 16 -0.02052 -3.26021e-01 | 17 -0.02411 -1.01879e+00 | 18 -0.02597 -9.01995e-01
 19 -0.03112 -2.23150e+00 | 20 -0.03233 -1.62592e+00 | 21 -0.03635 -2.35559e+00
 22 -0.03418  3.64331e-04 | 23 -0.04193 -2.27732e+00 | 24 -0.04372 -1.49919e+00
 25 -0.05073 -2.50852e+00 | 26 -0.05780 -3.10645e+00 | 27 -0.06349 -2.81484e+00
 28 -0.06611 -1.68444e+00 | 29 -0.06865 -1.30360e+00 | 30 -0.06890 -8.58432e-01
 31 -0.05992  1.15426e+00 | 32 -0.05288 -2.01785e+00 | 33 -0.03454 -3.33141e+00
 34  0.00540 -2.72419e+00 | 35  0.03197 -5.98653e+00 | 36  0.07383 -9.71576e+00
 37  0.06689 -1.16148e+01 | 38  0.05706 -2.07055e+00 | 39 -0.00650 -9.37771e+00
 40 -0.01175 -9.08447e+00 | 41 -0.00126 -5.46493e+00 | 42  0.01099 -5.54845e+00
 43  0.02578 -6.69878e+00 | 44  0.02844 -2.59620e+00 | 45 -0.00548  3.58889e-01
 46 -0.02324 -1.84803e-01 | 47 -0.02276 -1.18205e+00 | 48 -0.01859  1.16807e+00
 49  0.03504  1.06024e+01 | 50  0.04230  1.63782e+01 | 51  0.02380  1.20185e+01
 52  0.01226  2.91399e+00 | 53  0.06105 -2.60248e+00 | 54 -0.00484  3.84450e+00
 55  0.08394  4.35545e+00 | 56 -0.02271  3.20363e+00 | 57  0.05528  6.46254e+00
 58  0.04426  3.58524e+00 | 59  0.05010  1.70508e+01 | 60  0.04845  1.04965e+01
 61  0.11752  1.49185e+01 | 62  0.02370  1.22475e+01 | 63  0.09752  2.37237e+01
 64  0.05446  4.72490e+00 | 65  0.03658  4.30395e+00 | 66  0.06731  5.12550e-02
 67 -0.01169 -3.80213e+00 | 68 -0.02880 -1.03069e+01 | 69  0.02134 -1.24227e+01
 70 -0.05681 -9.86087e+00 | 71  0.26606  6.62564e+01 | 72 -0.12230  2.08277e+01
 73  0.34418 -2.30140e+01 | 74 -0.00935  1.30356e+01 | 75 -0.39770 -2.21074e+01
 76 -0.39880  8.07299e+00 | 77  0.10006 -5.80777e+01 | 78 -0.05263 -4.90031e+01
 79 -1.95523  1.97784e+00 | 80  0.18732  4.03308e+00 | 81 -0.15121 -3.23245e+01
 82 -0.78902 -4.14712e-01 | 83 -0.17943  1.37253e+02 | 84  0.14671  4.98592e+02
 85  2.99128  1.88853e-01 | 86  0.02441 -4.43039e+01 | 87 -0.00446 -1.30036e+01
 88 -0.36496 -2.69384e+01 |
88 variables; iteration 220; function evaluation 302; phase 3
Function value 1.5775217e+03; maximum gradient component mag 5.6962e+02
Var    Value     Gradient |Var    Value     Gradient |Var    Value     Gradient
  1  0.01708  5.69619e+02 |  2 -0.00821 -8.01700e+00 |  3 -0.00924 -8.22991e+00
  4 -0.00977 -8.22210e+00 |  5 -0.01079 -8.37728e+00 |  6 -0.01072 -8.06433e+00
  7 -0.01152 -8.05953e+00 |  8 -0.01262 -8.13836e+00 |  9 -0.01307 -7.89764e+00
 10 -0.01386 -7.74648e+00 | 11 -0.01450 -7.46430e+00 | 12 -0.01598 -7.47334e+00
 13 -0.01698 -7.21153e+00 | 14 -0.01874 -7.20723e+00 | 15 -0.02116 -7.42461e+00
 16 -0.02243 -7.05483e+00 | 17 -0.02432 -6.88033e+00 | 18 -0.02664 -6.84078e+00
 19 -0.02837 -6.48001e+00 | 20 -0.03118 -6.46039e+00 | 21 -0.03347 -6.25026e+00
 22 -0.03618 -6.12650e+00 | 23 -0.03890 -5.90876e+00 | 24 -0.04208 -5.76425e+00
 25 -0.04633 -5.25844e+00 | 26 -0.05229 -5.04578e+00 | 27 -0.05868 -4.66784e+00
 28 -0.06461 -4.64552e+00 | 29 -0.07061 -5.18588e+00 | 30 -0.07295 -4.38206e+00
 31 -0.06797 -2.46479e+00 | 32 -0.05979 -2.48898e+00 | 33 -0.04355 -1.69553e+00
 34 -0.00759  2.53854e+00 | 35  0.02463  6.50980e+00 | 36  0.06598  1.06782e+01
 37  0.10247  1.94309e+01 | 38  0.04429  1.27628e+01 | 39  0.00707  7.72326e+00
 40 -0.00062  7.83024e+00 | 41 -0.00330  6.81258e+00 | 42  0.00733  7.16965e+00
 43  0.03542  1.08768e+01 | 44  0.04021  1.10604e+01 | 45  0.00253  5.71131e+00
 46 -0.01455  2.84894e+00 | 47 -0.01522  3.10385e+00 | 48 -0.02135  3.63732e+00
 49  0.02522  1.06171e+01 | 50  0.03150  9.97025e+00 | 51  0.02936  8.17902e+00
 52  0.01972  6.20140e+00 | 53  0.06803  1.07365e+01 | 54 -0.02368  7.70995e-01
 55  0.08683  1.39024e+01 | 56 -0.02065  1.83408e-01 | 57  0.05613  5.06181e+00
 58  0.04954  2.05460e+00 | 59  0.04966  4.98863e+00 | 60  0.04817  7.42667e-01
 61  0.11306  9.04358e+00 | 62  0.02471  5.69185e-01 | 63  0.09250  9.98508e+00
 64  0.06022  3.31458e+00 | 65  0.03481  1.42461e+00 | 66  0.06981  3.63170e+00
 67 -0.01110 -2.99173e+00 | 68 -0.02292 -5.40153e+00 | 69  0.01889 -7.68074e+00
 70 -0.05861 -8.24676e+00 | 71  0.27703  2.00255e+01 | 72 -0.18272  2.26281e+00
 73  0.35488 -9.68561e+00 | 74  0.01021  5.37513e+00 | 75 -0.39255 -7.40122e+00
 76 -0.40381  8.24001e+00 | 77  0.25473  3.55741e+01 | 78 -0.38383  2.05696e+00
 79 -2.24035  3.04713e-01 | 80  0.10911  1.41775e+01 | 81 -0.13712 -9.72831e+00
 82 -0.66811 -3.84757e+00 | 83 -0.17430  1.07415e+02 | 84  0.07562  3.28751e+02
 85  2.56385 -6.59926e-01 | 86  0.22807  1.18416e+02 | 87 -0.03671 -6.85919e-01
 88 -0.44976  7.45577e+01 |
88 variables; iteration 240; function evaluation 323; phase 3
Function value 1.5736510e+03; maximum gradient component mag 2.3566e+02
Var    Value     Gradient |Var    Value     Gradient |Var    Value     Gradient
  1  0.01910  2.35663e+02 |  2 -0.00842 -3.25808e+00 |  3 -0.00917 -3.38190e+00
  4 -0.00883 -3.04799e+00 |  5 -0.01008 -3.32181e+00 |  6 -0.01045 -3.21656e+00
  7 -0.01167 -3.41578e+00 |  8 -0.01246 -3.40785e+00 |  9 -0.01334 -3.39272e+00
 10 -0.01455 -3.46560e+00 | 11 -0.01440 -2.92137e+00 | 12 -0.01608 -3.07579e+00
 13 -0.01716 -2.92105e+00 | 14 -0.01911 -3.07975e+00 | 15 -0.02099 -3.14382e+00
 16 -0.02259 -3.01454e+00 | 17 -0.02462 -3.00263e+00 | 18 -0.02681 -3.00978e+00
 19 -0.02847 -2.72179e+00 | 20 -0.03119 -2.77613e+00 | 21 -0.03331 -2.58989e+00
 22 -0.03662 -2.85950e+00 | 23 -0.03844 -2.30748e+00 | 24 -0.04243 -2.66315e+00
 25 -0.04665 -2.32312e+00 | 26 -0.05199 -1.96455e+00 | 27 -0.05874 -1.96932e+00
 28 -0.06475 -2.11041e+00 | 29 -0.06966 -2.11304e+00 | 30 -0.07281 -1.96440e+00
 31 -0.07201 -2.73180e+00 | 32 -0.06123 -1.48391e+00 | 33 -0.04497 -1.28048e+00
 34 -0.01212 -4.71700e-02 | 35  0.02404  2.92756e+00 | 36  0.07798  5.14111e+00
 37  0.09253  3.32078e+00 | 38  0.04519  4.03739e+00 | 39  0.00698  1.72525e+00
 40 -0.00345  1.28860e+00 | 41 -0.00681  5.83653e-01 | 42  0.00861  2.55760e+00
 43  0.03693  4.33241e+00 | 44  0.04101  4.12487e+00 | 45  0.00288  2.14080e+00
 46 -0.01229  1.70587e+00 | 47 -0.00556  5.66031e+00 | 48 -0.02212  1.45537e+00
 49  0.01801  1.03047e+00 | 50  0.03065  1.69876e+00 | 51  0.03014  2.86285e+00
 52  0.02138  3.68620e+00 | 53  0.06704  1.90940e+00 | 54 -0.01785  1.13678e+00
 55  0.08361  2.17556e+00 | 56 -0.01869  1.13115e+00 | 57  0.05653  5.39400e+00
 58  0.05124  3.64445e+00 | 59  0.04558  4.06068e+00 | 60  0.05556  7.23079e+00
 61  0.10924  2.51769e+00 | 62  0.02731  1.13020e-01 | 63  0.08920  5.93096e+00
 64  0.06588  7.51216e+00 | 65  0.03142  7.15584e-01 | 66  0.06996  1.71497e+00
 67 -0.01147 -1.77544e+00 | 68 -0.02313 -2.78151e+00 | 69  0.01914 -3.52539e+00
 70 -0.05946 -3.13651e+00 | 71  0.28315 -8.16830e-01 | 72 -0.21602 -1.45140e+00
 73  0.36067 -1.26367e+00 | 74  0.01581 -8.98501e-01 | 75 -0.39360 -2.08904e+00
 76 -0.41214  2.86157e+00 | 77  0.26829  5.64969e+00 | 78 -0.47090  6.64492e-02
 79 -2.25385  8.49597e-02 | 80  0.06951  6.10633e+00 | 81 -0.13553 -2.25028e+00
 82 -0.46163  4.38379e+00 | 83 -0.15960  3.21422e+01 | 84  0.05657  1.28112e+02
 85  3.63721  1.24745e+00 | 86  0.26106  4.98515e+01 | 87 -0.04147  3.02743e-01
 88 -0.52514  2.68997e+01 |
88 variables; iteration 260; function evaluation 344; phase 3
Function value 1.5706410e+03; maximum gradient component mag 1.3608e+01
Var    Value     Gradient |Var    Value     Gradient |Var    Value     Gradient
  1  0.02181  1.02310e+01 |  2 -0.00862 -2.02270e-01 |  3 -0.00903 -2.05661e-01
  4 -0.00931 -1.31707e-01 |  5 -0.00996 -1.82150e-01 |  6 -0.01052 -1.68386e-01
  7 -0.01128 -2.03180e-01 |  8 -0.01203 -1.99683e-01 |  9 -0.01286 -1.87613e-01
 10 -0.01384 -1.88238e-01 | 11 -0.01466 -7.89165e-02 | 12 -0.01597 -1.12009e-01
 13 -0.01721 -6.51048e-02 | 14 -0.01877 -9.62393e-02 | 15 -0.02062 -1.86176e-01
 16 -0.02224 -1.14705e-01 | 17 -0.02416 -9.63813e-02 | 18 -0.02631 -1.30521e-01
 19 -0.02832 -5.19873e-02 | 20 -0.03084 -6.25816e-02 | 21 -0.03314 -3.00498e-03
 22 -0.03599 -8.86072e-02 | 23 -0.03867  5.68900e-03 | 24 -0.04196 -3.70795e-02
 25 -0.04664  9.33561e-03 | 26 -0.05235  9.34888e-02 | 27 -0.05907  3.90138e-02
 28 -0.06493 -3.80339e-02 | 29 -0.07011 -2.12860e-01 | 30 -0.07315 -8.15429e-02
 31 -0.06994  4.52696e-01 | 32 -0.06185 -3.16317e-02 | 33 -0.04484  2.42039e-01
 34 -0.01189  7.26431e-01 | 35  0.01823  6.03273e-01 | 36  0.06867  1.21576e+00
 37  0.10835  1.21703e+00 | 38  0.03871  7.61016e-01 | 39  0.00618  9.10688e-01
 40 -0.00443  5.49635e-01 | 41 -0.00536  7.03838e-01 | 42  0.00748  8.41215e-01
 43  0.03564  7.94220e-01 | 44  0.04428  5.65534e-01 | 45  0.00549  2.45708e-01
 46 -0.00852  8.41043e-01 | 47 -0.01242  5.58330e-01 | 48 -0.02320  2.52799e-01
 49  0.01694 -7.56391e-02 | 50  0.03230  1.19212e-01 | 51  0.02955  7.74436e-01
 52  0.02114  9.28849e-01 | 53  0.06937  4.88833e-01 | 54 -0.01971  7.25256e-02
 55  0.08423  1.33187e+00 | 56 -0.01913  2.99514e-01 | 57  0.05555  5.28670e-01
 58  0.05178 -3.09734e-01 | 59  0.04703 -2.12193e-01 | 60  0.05341 -5.58907e-01
 61  0.10894 -2.87725e+00 | 62  0.03018 -8.32967e-01 | 63  0.08820 -1.47881e+00
 64  0.06346 -1.02355e+00 | 65  0.03459 -1.00260e+00 | 66  0.06899 -2.03764e+00
 67 -0.01072 -9.88424e-01 | 68 -0.02207 -6.08435e-01 | 69  0.01927 -1.03327e+00
 70 -0.05999 -2.83588e-01 | 71  0.28975  2.72547e+00 | 72 -0.27632 -5.87012e-01
 73  0.36575 -1.67076e+00 | 74  0.02518  2.25224e+00 | 75 -0.39525 -1.77220e+00
 76 -0.41769  3.22458e+00 | 77  0.27263  2.35139e+00 | 78 -0.73892 -1.45267e-02
 79 -2.25735  1.77968e-01 | 80  0.06915  2.13488e+00 | 81 -0.13519 -1.03829e+00
 82 -0.46983  1.70265e+00 | 83 -0.06183  1.00406e+01 | 84 -0.01166  1.36078e+01
 85  4.03434 -1.35118e-01 | 86  0.29276 -2.84967e+00 | 87 -0.04975 -8.80663e-01
 88 -0.81437  1.46830e+00 |
88 variables; iteration 280; function evaluation 364; phase 3
Function value 1.5704854e+03; maximum gradient component mag -5.6500e+00
Var    Value     Gradient |Var    Value     Gradient |Var    Value     Gradient
  1  0.02291 -5.65002e+00 |  2 -0.00855  7.56669e-02 |  3 -0.00897  6.85729e-02
  4 -0.00940  8.03428e-02 |  5 -0.00994  7.10558e-02 |  6 -0.01058  5.14103e-02
  7 -0.01127  3.97223e-02 |  8 -0.01199  5.18072e-02 |  9 -0.01285  4.72111e-02
 10 -0.01381  4.80685e-02 | 11 -0.01483  7.18946e-02 | 12 -0.01601  8.14247e-02
 13 -0.01739  6.58209e-02 | 14 -0.01892  4.25537e-02 | 15 -0.02055  3.20839e-02
 16 -0.02234  2.47599e-02 | 17 -0.02428  2.21746e-02 | 18 -0.02633  2.36893e-02
 19 -0.02849  2.61960e-02 | 20 -0.03096  2.62001e-02 | 21 -0.03339  1.14230e-02
 22 -0.03598  3.04820e-02 | 23 -0.03882  2.69307e-02 | 24 -0.04199  2.44694e-02
 25 -0.04671  1.12923e-02 | 26 -0.05237  7.15960e-02 | 27 -0.05897  3.71726e-02
 28 -0.06475 -9.46802e-03 | 29 -0.06966 -2.95890e-02 | 30 -0.07294 -2.87434e-02
 31 -0.07087 -1.27851e-01 | 32 -0.06181 -3.00808e-02 | 33 -0.04487  1.95859e-01
 34 -0.01308  6.46435e-02 | 35  0.01778  4.34948e-02 | 36  0.06623 -9.97460e-02
 37  0.11178 -3.39704e-01 | 38  0.03828 -4.08292e-01 | 39  0.00588  1.73270e-03
 40 -0.00430 -6.44915e-02 | 41 -0.00603 -9.55848e-02 | 42  0.00641 -5.99496e-02
 43  0.03516 -9.71001e-02 | 44  0.04618 -1.38625e-01 | 45  0.00717 -1.33056e-01
 46 -0.00907 -1.96858e-01 | 47 -0.01189  1.70350e-01 | 48 -0.02379 -1.44157e-01
 49  0.01698  2.05220e-01 | 50  0.03218 -7.25410e-02 | 51  0.02932 -1.85570e-01
 52  0.02140 -3.58283e-02 | 53  0.06980  4.24983e-03 | 54 -0.01869 -9.70267e-02
 55  0.08367  3.46442e-02 | 56 -0.01861 -8.19010e-02 | 57  0.05538 -1.05780e-01
 58  0.05246  1.73664e-01 | 59  0.04724  9.97901e-02 | 60  0.05333 -8.52770e-02
 61  0.10973  6.14663e-01 | 62  0.02894 -7.29469e-02 | 63  0.08865 -1.15744e-01
 64  0.06361 -4.63043e-02 | 65  0.03431  6.31039e-04 | 66  0.06956 -7.82148e-02
 67 -0.01056 -3.03203e-02 | 68 -0.02234 -1.45974e-01 | 69  0.01948 -7.42248e-02
 70 -0.06060 -1.47980e-04 | 71  0.29154 -1.24154e+00 | 72 -0.29621 -8.55149e-01
 73  0.36724  1.29699e-01 | 74  0.02791 -6.51282e-02 | 75 -0.39498 -7.71738e-02
 76 -0.42474  7.48605e-02 | 77  0.27328 -9.00755e-01 | 78 -0.84630 -2.35446e-02
 79 -2.25840 -4.95680e-02 | 80  0.06924 -6.64560e-01 | 81 -0.13443  2.15656e-01
 82 -0.47610 -5.68345e-02 | 83 -0.04676 -1.80060e+00 | 84 -0.03308 -4.93600e+00
 85  4.06365 -7.81362e-03 | 86  0.30370 -3.24319e+00 | 87 -0.05321 -1.72183e-01
 88 -0.92589  5.01140e-01 |
88 variables; iteration 300; function evaluation 384; phase 3
Function value 1.5704470e+03; maximum gradient component mag -1.6659e+00
Var    Value     Gradient |Var    Value     Gradient |Var    Value     Gradient
  1  0.02255 -1.66588e+00 |  2 -0.00857  2.80550e-02 |  3 -0.00898  2.46370e-02
  4 -0.00942  3.35640e-02 |  5 -0.00995  2.88687e-02 |  6 -0.01055  2.42778e-02
  7 -0.01122  2.04301e-02 |  8 -0.01196  2.75200e-02 |  9 -0.01282  2.26942e-02
 10 -0.01380  1.60520e-02 | 11 -0.01485  2.96122e-02 | 12 -0.01601  4.68336e-02
 13 -0.01737  4.10107e-02 | 14 -0.01884  4.55120e-02 | 15 -0.02045  4.85670e-02
 16 -0.02229  2.14653e-02 | 17 -0.02424  1.60497e-02 | 18 -0.02629  2.03351e-02
 19 -0.02846  1.65136e-02 | 20 -0.03094  1.73541e-02 | 21 -0.03334  1.74495e-02
 22 -0.03596  2.55322e-02 | 23 -0.03881  2.42422e-02 | 24 -0.04200  1.24502e-02
 25 -0.04669  2.11532e-02 | 26 -0.05248  2.06760e-02 | 27 -0.05904  1.46060e-02
 28 -0.06473  8.64197e-03 | 29 -0.06955  3.12047e-02 | 30 -0.07282  2.32312e-02
 31 -0.07056  1.23367e-02 | 32 -0.06165  2.18259e-03 | 33 -0.04509  2.46765e-02
 34 -0.01311  1.24230e-02 | 35  0.01745 -4.40852e-02 | 36  0.06582 -5.65858e-02
 37  0.11179 -2.93843e-02 | 38  0.03932  7.53131e-02 | 39  0.00538 -2.56644e-03
 40 -0.00455 -3.06434e-02 | 41 -0.00602  7.00066e-03 | 42  0.00626 -1.30142e-02
 43  0.03493  7.12970e-05 | 44  0.04586  3.92958e-02 | 45  0.00708  4.28666e-02
 46 -0.00855  1.26472e-01 | 47 -0.01225  4.27728e-02 | 48 -0.02340 -4.09203e-02
 49  0.01708  7.49361e-02 | 50  0.03176 -1.21429e-01 | 51  0.02974  2.16961e-01
 52  0.02109 -6.11340e-02 | 53  0.06965 -5.86130e-02 | 54 -0.01859 -2.00549e-02
 55  0.08371  4.92678e-02 | 56 -0.01859 -2.94968e-02 | 57  0.05534 -8.33978e-02
 58  0.05223  4.72509e-02 | 59  0.04735  2.12977e-01 | 60  0.05340 -8.34643e-02
 61  0.10932 -4.22916e-01 | 62  0.02969 -3.64017e-02 | 63  0.08852 -1.25525e-01
 64  0.06337 -2.14366e-01 | 65  0.03451 -3.70682e-03 | 66  0.06945 -1.67479e-01
 67 -0.01065 -3.55451e-02 | 68 -0.02230 -3.76993e-02 | 69  0.01951  2.39361e-02
 70 -0.06053  3.65173e-02 | 71  0.29013 -1.15620e+00 | 72 -0.28118 -9.33938e-01
 73  0.36600  7.62944e-02 | 74  0.02708 -1.26398e-01 | 75 -0.39441  9.87905e-02
 76 -0.42422  4.76568e-02 | 77  0.27316 -1.95684e-01 | 78 -0.83221 -2.19427e-02
 79 -2.25807  8.35354e-03 | 80  0.06957 -2.34540e-01 | 81 -0.13460  8.58255e-02
 82 -0.47632  5.57583e-03 | 83 -0.06006  2.84150e-01 | 84 -0.02054  1.23138e+00
 85  4.03483 -1.20146e-02 | 86  0.30166  3.56520e-01 | 87 -0.05185 -6.06974e-02
 88 -0.98350 -6.47943e-03 |
88 variables; iteration 320; function evaluation 407; phase 3
Function value 1.5702688e+03; maximum gradient component mag 9.7015e+00
Var    Value     Gradient |Var    Value     Gradient |Var    Value     Gradient
  1  0.02278  9.70150e+00 |  2 -0.00862 -1.49942e-01 |  3 -0.00902 -1.46464e-01
  4 -0.00948 -1.47916e-01 |  5 -0.01003 -1.60379e-01 |  6 -0.01060 -1.51109e-01
  7 -0.01127 -1.52853e-01 |  8 -0.01204 -1.61446e-01 |  9 -0.01287 -1.51860e-01
 10 -0.01378 -1.28687e-01 | 11 -0.01487 -1.29309e-01 | 12 -0.01614 -1.52245e-01
 13 -0.01746 -1.41190e-01 | 14 -0.01891 -1.31260e-01 | 15 -0.02057 -1.44580e-01
 16 -0.02226 -1.08224e-01 | 17 -0.02420 -1.04318e-01 | 18 -0.02629 -1.17142e-01
 19 -0.02845 -1.08071e-01 | 20 -0.03089 -9.35730e-02 | 21 -0.03329 -8.55446e-02
 22 -0.03597 -1.07133e-01 | 23 -0.03876 -7.44075e-02 | 24 -0.04196 -8.96378e-02
 25 -0.04666 -8.13865e-02 | 26 -0.05250 -1.06324e-01 | 27 -0.05904 -9.74875e-02
 28 -0.06472 -8.08783e-02 | 29 -0.06964 -1.06718e-01 | 30 -0.07288 -7.38999e-02
 31 -0.07057 -2.11423e-02 | 32 -0.06174 -3.40465e-02 | 33 -0.04547 -9.90675e-02
 34 -0.01271  3.31102e-01 | 35  0.01704  8.70360e-02 | 36  0.06627  4.94329e-01
 37  0.11184  6.99183e-01 | 38  0.03917  3.69439e-01 | 39  0.00549  2.38834e-01
 40 -0.00455  1.43421e-01 | 41 -0.00571  2.79643e-01 | 42  0.00637  1.86263e-01
 43  0.03487  1.66142e-01 | 44  0.04582  1.57301e-01 | 45  0.00727  1.13264e-01
 46 -0.00834  1.83888e-01 | 47 -0.01262 -5.59677e-02 | 48 -0.02307  2.01040e-01
 49  0.01627  7.98458e-02 | 50  0.03282  2.53943e-01 | 51  0.02894 -1.47275e-01
 52  0.02152  2.47689e-01 | 53  0.06975  1.93798e-01 | 54 -0.01826  7.87603e-02
 55  0.08384  3.48434e-01 | 56 -0.01841  6.70620e-02 | 57  0.05538  1.40564e-01
 58  0.05237 -6.35252e-04 | 59  0.04682 -4.23261e-01 | 60  0.05391  6.90434e-02
 61  0.10921 -1.07291e-01 | 62  0.02988  3.48919e-02 | 63  0.08819 -2.29990e-01
 64  0.06382  8.24964e-02 | 65  0.03413 -1.50113e-01 | 66  0.06958 -8.78349e-02
 67 -0.01071 -1.58747e-01 | 68 -0.02225 -1.25691e-01 | 69  0.01918 -2.77756e-01
 70 -0.06074 -1.71924e-01 | 71  0.25152  5.03404e+00 | 72 -0.10829  1.68243e+00
 73  0.33451 -6.90955e-01 | 74  0.01089  1.65254e+00 | 75 -0.38263 -5.75391e-01
 76 -0.41480  4.61857e-01 | 77  0.27281  4.43015e-01 | 78 -0.81196 -2.02392e-02
 79 -2.25792 -8.54840e-04 | 80  0.07020  2.88714e-01 | 81 -0.13460 -1.96055e-01
 82 -0.47678  1.06891e-01 | 83 -0.05539  2.09838e+00 | 84 -0.02511  2.58123e+00
 85  4.04465  7.28706e-03 | 86  0.30259  1.55121e+00 | 87 -0.05253  7.13013e-02
 88 -0.98284  4.88292e-03 |
88 variables; iteration 340; function evaluation 428; phase 3
Function value 1.5702651e+03; maximum gradient component mag 1.4859e-01
Var    Value     Gradient |Var    Value     Gradient |Var    Value     Gradient
  1  0.02273  1.48593e-01 |  2 -0.00860 -2.23736e-03 |  3 -0.00901 -2.15502e-03
  4 -0.00947 -2.16019e-03 |  5 -0.00998 -2.01708e-03 |  6 -0.01057 -2.20671e-03
  7 -0.01124 -2.14639e-03 |  8 -0.01199 -2.08118e-03 |  9 -0.01284 -2.07527e-03
 10 -0.01380 -1.98734e-03 | 11 -0.01488 -2.07963e-03 | 12 -0.01609 -1.92148e-03
 13 -0.01743 -1.93874e-03 | 14 -0.01891 -1.93183e-03 | 15 -0.02053 -2.07337e-03
 16 -0.02230 -1.83351e-03 | 17 -0.02424 -1.79177e-03 | 18 -0.02630 -1.89309e-03
 19 -0.02846 -1.87470e-03 | 20 -0.03093 -1.78054e-03 | 21 -0.03334 -1.75667e-03
 22 -0.03597 -1.61995e-03 | 23 -0.03881 -1.62464e-03 | 24 -0.04198 -1.65143e-03
 25 -0.04668 -1.61541e-03 | 26 -0.05247 -1.89072e-03 | 27 -0.05901 -1.60643e-03
 28 -0.06471 -1.81283e-03 | 29 -0.06957 -2.35556e-03 | 30 -0.07284 -1.72592e-03
 31 -0.07059 -9.27829e-04 | 32 -0.06168 -2.11490e-03 | 33 -0.04519 -8.94187e-04
 34 -0.01323 -3.43646e-03 | 35  0.01749  2.49476e-03 | 36  0.06592  3.84758e-03
 37  0.11189  5.37107e-03 | 38  0.03907  2.13913e-03 | 39  0.00544  3.24468e-04
 40 -0.00444  1.98688e-03 | 41 -0.00603 -5.32527e-04 | 42  0.00630  2.36366e-03
 43  0.03500  2.67261e-03 | 44  0.04601  2.32760e-03 | 45  0.00724  1.91519e-03
 46 -0.00864  4.09029e-04 | 47 -0.01224  6.80346e-04 | 48 -0.02330  4.20883e-03
 49  0.01665 -2.15192e-04 | 50  0.03230  4.23657e-03 | 51  0.02940  1.46390e-03
 52  0.02133  3.47822e-03 | 53  0.06985  3.47637e-03 | 54 -0.01830  4.71178e-04
 55  0.08391  7.57678e-03 | 56 -0.01840  4.11706e-04 | 57  0.05537  1.84626e-05
 58  0.05222  2.46167e-03 | 59  0.04727 -1.53760e-03 | 60  0.05357  2.32787e-03
 61  0.10943  4.72566e-03 | 62  0.02941  1.62114e-03 | 63  0.08855  2.57789e-03
 64  0.06353  1.24815e-03 | 65  0.03428 -3.33261e-04 | 66  0.06955  3.85427e-03
 67 -0.01068 -7.91277e-04 | 68 -0.02235 -1.57330e-03 | 69  0.01923 -2.27771e-03
 70 -0.06079 -2.23394e-03 | 71  0.24650  2.20401e-02 | 72 -0.09688  1.11909e-02
 73  0.33004 -5.86833e-03 | 74  0.00893  5.50525e-03 | 75 -0.38100 -5.16785e-03
 76 -0.41372  4.48441e-03 | 77  0.27283 -7.76019e-03 | 78 -0.80803 -2.18038e-02
 79 -2.25785 -3.16512e-04 | 80  0.07016 -9.23274e-04 | 81 -0.13457 -2.50988e-04
 82 -0.47703  4.23937e-04 | 83 -0.05647  6.12586e-02 | 84 -0.02416  1.33006e-01
 85  4.04235  1.15709e-04 | 86  0.30252  3.75202e-02 | 87 -0.05247  1.51799e-04
 88 -0.98251  7.96352e-03 |
88 variables; iteration 360; function evaluation 451; phase 3
Function value 1.5702516e+03; maximum gradient component mag 1.9823e+01
Var    Value     Gradient |Var    Value     Gradient |Var    Value     Gradient
  1  0.02281  1.98227e+01 |  2 -0.00858 -2.67045e-01 |  3 -0.00897 -2.60836e-01
  4 -0.00942 -2.57314e-01 |  5 -0.00992 -2.48481e-01 |  6 -0.01057 -2.72702e-01
  7 -0.01125 -2.75371e-01 |  8 -0.01196 -2.57345e-01 |  9 -0.01284 -2.65612e-01
 10 -0.01379 -2.58049e-01 | 11 -0.01487 -2.54231e-01 | 12 -0.01602 -2.28749e-01
 13 -0.01738 -2.32544e-01 | 14 -0.01885 -2.24595e-01 | 15 -0.02048 -2.23091e-01
 16 -0.02228 -2.31450e-01 | 17 -0.02422 -2.28130e-01 | 18 -0.02628 -2.22228e-01
 19 -0.02848 -2.30452e-01 | 20 -0.03093 -2.18443e-01 | 21 -0.03335 -2.17953e-01
 22 -0.03599 -2.13594e-01 | 23 -0.03886 -2.18238e-01 | 24 -0.04199 -1.99229e-01
 25 -0.04671 -1.98501e-01 | 26 -0.05251 -1.91425e-01 | 27 -0.05904 -1.73559e-01
 28 -0.06472 -1.53100e-01 | 29 -0.06957 -1.34366e-01 | 30 -0.07286 -1.22484e-01
 31 -0.07041  8.11705e-03 | 32 -0.06177 -1.12284e-01 | 33 -0.04507  4.37688e-02
 34 -0.01342 -1.60720e-02 | 35  0.01737  1.49320e-01 | 36  0.06548  3.28935e-01
 37  0.11269  7.43328e-01 | 38  0.03873  1.93739e-01 | 39  0.00540  1.24734e-01
 40 -0.00450  8.04894e-02 | 41 -0.00615  4.31973e-02 | 42  0.00625  1.07231e-01
 43  0.03490  1.90959e-01 | 44  0.04619  2.86768e-01 | 45  0.00729  1.03877e-01
 46 -0.00871  5.28423e-03 | 47 -0.01229  8.14040e-03 | 48 -0.02335  2.28149e-04
 49  0.01668  1.70624e-01 | 50  0.03224  2.20228e-01 | 51  0.02940  2.59971e-01
 52  0.02138  2.34441e-01 | 53  0.06982  3.20564e-01 | 54 -0.01828  6.83577e-02
 55  0.08392  6.28751e-01 | 56 -0.01841  6.35515e-02 | 57  0.05536  3.14899e-01
 58  0.05218  3.24276e-01 | 59  0.04742  4.30507e-01 | 60  0.05358  2.94264e-01
 61  0.10928  5.36797e-01 | 62  0.02981  3.68750e-01 | 63  0.08842  4.90426e-01
 64  0.06362  3.08067e-01 | 65  0.03422  5.61549e-02 | 66  0.06958  1.13177e-01
 67 -0.01067 -1.52269e-01 | 68 -0.02241 -2.75064e-01 | 69  0.01924 -2.80509e-01
 70 -0.06089 -3.82884e-01 | 71  0.24701  8.81913e-01 | 72 -0.09783  2.59470e-01
 73  0.33052 -3.39778e-01 | 74  0.00876  1.57177e-01 | 75 -0.38121 -3.23219e-01
 76 -0.41347  1.64641e-01 | 77  0.26929  2.26650e+00 | 78 -0.49310 -4.04237e-02
 79 -2.25456  4.99689e-02 | 80  0.07036  1.38217e+00 | 81 -0.13430 -6.80927e-01
 82 -0.47658  3.34584e-01 | 83 -0.05526  5.91772e+00 | 84 -0.02560  7.89104e+00
 85  4.04477  6.10948e-02 | 86  0.30305  6.70894e+00 | 87 -0.05256  5.37900e-01
 88 -0.98942 -9.69330e-02 |
88 variables; iteration 380; function evaluation 475; phase 3
Function value 1.5701044e+03; maximum gradient component mag 1.8925e+01
Var    Value     Gradient |Var    Value     Gradient |Var    Value     Gradient
  1  0.02274 -2.07160e+00 |  2 -0.00862  1.74902e-04 |  3 -0.00896  2.70115e-02
  4 -0.00938  4.48286e-02 |  5 -0.00983  7.20192e-02 |  6 -0.01062 -9.95166e-03
  7 -0.01131 -2.06885e-02 |  8 -0.01198  1.25622e-02 |  9 -0.01287  1.81704e-05
 10 -0.01377  2.47729e-02 | 11 -0.01488  1.37487e-02 | 12 -0.01604  3.26168e-02
 13 -0.01740  2.63082e-02 | 14 -0.01886  3.37675e-02 | 15 -0.02054  6.91169e-03
 16 -0.02225  3.76628e-02 | 17 -0.02419  3.44199e-02 | 18 -0.02628  2.17854e-02
 19 -0.02849 -1.28950e-03 | 20 -0.03089  3.08261e-02 | 21 -0.03330  3.13299e-02
 22 -0.03588  6.07620e-02 | 23 -0.03869  7.96494e-02 | 24 -0.04197  3.35447e-02
 25 -0.04669  3.09136e-02 | 26 -0.05251  2.51901e-02 | 27 -0.05911  9.25129e-03
 28 -0.06471  7.41711e-02 | 29 -0.06957  9.09625e-02 | 30 -0.07287  8.82729e-02
 31 -0.07118 -2.25266e-01 | 32 -0.06168  1.24930e-01 | 33 -0.04570 -1.30848e-01
 34 -0.01263  3.66725e-01 | 35  0.01730  3.76843e-02 | 36  0.06782  3.33420e-01
 37  0.10989 -2.28596e-01 | 38  0.04027  1.19800e-01 | 39  0.00502 -3.48814e-01
 40 -0.00414 -1.08751e-01 | 41 -0.00554 -5.97799e-02 | 42  0.00633 -2.79532e-01
 43  0.03454 -4.92454e-01 | 44  0.04559 -4.82690e-01 | 45  0.00749 -1.44551e-01
 46 -0.00774  1.80236e-01 | 47 -0.01292 -3.42118e-01 | 48 -0.02273  2.20609e-01
 49  0.01600 -2.77558e-01 | 50  0.03290 -4.86478e-02 | 51  0.02880 -3.95285e-01
 52  0.02168  4.69311e-01 | 53  0.06982  3.13652e-01 | 54 -0.01841  1.72699e-01
 55  0.08403  8.22755e-01 | 56 -0.01862  2.84208e-01 | 57  0.05528  7.79826e-01
 58  0.05297  1.04294e+00 | 59  0.04603 -8.26929e-01 | 60  0.05379  1.86936e-01
 61  0.11007  1.68869e+00 | 62  0.02854  8.18543e-02 | 63  0.08850  6.45015e-02
 64  0.06418  4.89975e-01 | 65  0.03369 -3.96682e-01 | 66  0.06970 -5.66220e-01
 67 -0.01071 -6.47987e-01 | 68 -0.02273 -1.01658e+00 | 69  0.01923 -1.14029e+00
 70 -0.06091 -6.04659e-01 | 71  0.24554 -6.48054e-01 | 72 -0.09494 -1.81821e-01
 73  0.32937 -1.14449e-01 | 74  0.00866 -5.24068e-02 | 75 -0.38114 -7.43597e-01
 76 -0.41321  1.57503e-01 | 77  0.22832  1.89252e+01 | 78 -0.14756  5.60798e+00
 79 -2.21245  5.19605e-01 | 80  0.06338  8.12684e+00 | 81 -0.12975 -3.30284e+00
 82 -0.47141  1.28578e+00 | 83 -0.05797 -5.27408e+00 | 84 -0.02299 -6.58241e+00
 85  4.03854 -1.53283e-02 | 86  0.30235 -5.78145e+00 | 87 -0.05233  1.46681e-01
 88 -0.98383 -1.26609e-02 |
88 variables; iteration 400; function evaluation 499; phase 3
Function value 1.5697983e+03; maximum gradient component mag -1.1181e+01
Var    Value     Gradient |Var    Value     Gradient |Var    Value     Gradient
  1  0.02276 -1.11809e+01 |  2 -0.00859  1.70647e-01 |  3 -0.00900  1.69597e-01
  4 -0.00949  1.53095e-01 |  5 -0.00997  1.68945e-01 |  6 -0.01060  1.52202e-01
  7 -0.01124  1.61358e-01 |  8 -0.01196  1.70161e-01 |  9 -0.01280  1.73258e-01
 10 -0.01373  1.86307e-01 | 11 -0.01488  1.55447e-01 | 12 -0.01605  1.69473e-01
 13 -0.01741  1.56679e-01 | 14 -0.01891  1.44443e-01 | 15 -0.02050  1.52286e-01
 16 -0.02231  1.28801e-01 | 17 -0.02425  1.22098e-01 | 18 -0.02626  1.35708e-01
 19 -0.02844  1.20200e-01 | 20 -0.03092  1.05608e-01 | 21 -0.03338  6.93077e-02
 22 -0.03592  1.10571e-01 | 23 -0.03885  6.48889e-02 | 24 -0.04189  1.16044e-01
 25 -0.04665  7.55200e-02 | 26 -0.05231  1.28521e-01 | 27 -0.05884  1.34058e-01
 28 -0.06458  1.00152e-01 | 29 -0.06952  5.49969e-02 | 30 -0.07278  5.55864e-02
 31 -0.07031  1.68983e-01 | 32 -0.06162  2.51984e-02 | 33 -0.04505  2.47436e-02
 34 -0.01356 -2.36259e-01 | 35  0.01764 -1.34162e-01 | 36  0.06565 -3.75958e-01
 37  0.11200 -5.51655e-01 | 38  0.03903 -2.61854e-01 | 39  0.00544 -1.55048e-01
 40 -0.00442 -1.27702e-01 | 41 -0.00624 -2.10543e-01 | 42  0.00610 -2.25927e-01
 43  0.03492 -2.48809e-01 | 44  0.04629 -1.95063e-01 | 45  0.00726 -1.37968e-01
 46 -0.00879 -1.64650e-01 | 47 -0.01206 -4.21270e-02 | 48 -0.02359 -2.24164e-01
 49  0.01668 -1.88128e-01 | 50  0.03223 -1.98909e-01 | 51  0.02946 -1.21770e-01
 52  0.02129 -1.98526e-01 | 53  0.06997 -3.59788e-01 | 54 -0.01807 -1.04187e-01
 55  0.08419 -5.02307e-01 | 56 -0.01851 -1.72278e-01 | 57  0.05537  2.81085e-02
 58  0.05183 -1.75109e-01 | 59  0.04748  6.22097e-02 | 60  0.05366  5.65766e-03
 61  0.10936 -1.41316e-01 | 62  0.02949  8.70809e-02 | 63  0.08880 -1.14855e-02
 64  0.06371  2.58145e-02 | 65  0.03436  1.59082e-01 | 66  0.06914  7.19377e-02
 67 -0.01083  2.27447e-01 | 68 -0.02242  3.21102e-01 | 69  0.01874  2.29216e-01
 70 -0.06115  2.04885e-01 | 71  0.24666  3.40842e-01 | 72 -0.09747  1.58918e-01
 73  0.33019  1.01595e-01 | 74  0.00947  2.06791e-01 | 75 -0.38094  2.48290e-01
 76 -0.41412 -4.92982e-02 | 77  0.09305 -1.95227e+00 | 78  0.03039 -1.74960e+00
 79 -1.97926 -4.17978e-01 | 80  0.04842 -1.08355e+00 | 81 -0.11815  2.71004e-01
 82 -0.45928 -2.24671e-01 | 83 -0.05681 -3.06083e+00 | 84 -0.02390 -4.02950e+00
 85  4.04145 -3.01317e-02 | 86  0.30247 -3.33444e+00 | 87 -0.05254 -1.45731e-01
 88 -0.98336 -4.94538e-03 |

 - final statistics:
88 variables; iteration 414; function evaluation 513
Function value 1.5698e+03; maximum gradient component mag -9.2548e-05
Exit code = 1;  converg criter 1.0000e-04
Var    Value     Gradient |Var    Value     Gradient |Var    Value     Gradient
  1  0.02281 -1.93503e-05 |  2 -0.00864  3.55706e-07 |  3 -0.00905  4.15225e-07
  4 -0.00950 -2.61879e-07 |  5 -0.01002 -1.86944e-07 |  6 -0.01061  4.09584e-07
  7 -0.01127  6.65938e-07 |  8 -0.01202 -3.05715e-08 |  9 -0.01287  4.49753e-07
 10 -0.01383  1.36920e-06 | 11 -0.01491  4.90137e-07 | 12 -0.01612 -6.31391e-07
 13 -0.01746 -3.45403e-07 | 14 -0.01893 -7.50731e-07 | 15 -0.02054 -7.25390e-07
 16 -0.02231  4.78883e-07 | 17 -0.02424  6.20032e-07 | 18 -0.02628  3.78035e-07
 19 -0.02844  8.00768e-07 | 20 -0.03089  3.42397e-07 | 21 -0.03328  2.34579e-07
 22 -0.03591 -3.67822e-07 | 23 -0.03874 -5.76917e-07 | 24 -0.04190  3.04776e-07
 25 -0.04658 -7.67848e-07 | 26 -0.05236 -7.62216e-07 | 27 -0.05890 -1.12505e-07
 28 -0.06459 -2.36479e-07 | 29 -0.06947 -4.53133e-06 | 30 -0.07275 -2.37070e-06
 31 -0.07052  6.52412e-06 | 32 -0.06163 -3.09337e-06 | 33 -0.04515 -8.33244e-06
 34 -0.01321 -4.64934e-06 | 35  0.01750 -5.88425e-06 | 36  0.06587 -1.32413e-05
 37  0.11194 -1.31490e-05 | 38  0.03906 -9.90760e-06 | 39  0.00543 -2.44016e-06
 40 -0.00446 -4.74321e-06 | 41 -0.00605 -4.70062e-06 | 42  0.00627 -4.56040e-06
 43  0.03499 -4.62986e-06 | 44  0.04606 -3.87623e-06 | 45  0.00728 -5.09664e-06
 46 -0.00861  3.53671e-06 | 47 -0.01224 -7.16328e-07 | 48 -0.02334 -2.53890e-06
 49  0.01661 -4.65083e-06 | 50  0.03225  2.70161e-06 | 51  0.02940 -1.62655e-06
 52  0.02135  3.83885e-06 | 53  0.07000 -4.79071e-06 | 54 -0.01807 -2.02792e-06
 55  0.08421 -3.02715e-06 | 56 -0.01829 -1.01502e-06 | 57  0.05521  1.10175e-05
 58  0.05200  8.07839e-06 | 59  0.04738  1.41261e-05 | 60  0.05368 -9.53903e-07
 61  0.10940  9.52781e-07 | 62  0.02935  1.08387e-05 | 63  0.08886 -9.03991e-07
 64  0.06375 -2.73236e-06 | 65  0.03421  5.66238e-06 | 66  0.06924  1.66244e-05
 67 -0.01089  8.79152e-06 | 68 -0.02256  1.75823e-05 | 69  0.01874  6.87994e-06
 70 -0.06124  5.55991e-06 | 71  0.24615  1.79120e-05 | 72 -0.09622  4.86759e-06
 73  0.32981 -1.05103e-06 | 74  0.00893 -6.01024e-06 | 75 -0.38089  3.14681e-07
 76 -0.41368  3.97448e-06 | 77  0.08405 -8.32556e-05 | 78  0.03628 -9.25482e-05
 79 -1.94390 -5.50891e-06 | 80  0.04917 -4.11119e-05 | 81 -0.11744  1.34786e-05
 82 -0.45962 -4.62171e-06 | 83 -0.05581 -6.01841e-05 | 84 -0.02500 -6.62540e-05
 85  4.04352  4.93395e-07 | 86  0.30279 -5.96376e-05 | 87 -0.05268  6.43320e-06
 88 -0.98318 -5.45200e-07 |

Initial statistics: 98 variables; iteration 0; function evaluation 0; phase 4
Function value 1.5697936e+03; maximum gradient component mag 6.7121e+01
Var    Value     Gradient |Var    Value     Gradient |Var    Value     Gradient
  1  0.02281 -1.93504e-05 |  2 -0.00864  2.98913e-07 |  3 -0.00905  3.58433e-07
  4 -0.00950 -3.18670e-07 |  5 -0.01002 -2.43735e-07 |  6 -0.01061  3.52794e-07
  7 -0.01127  6.09149e-07 |  8 -0.01202 -8.73592e-08 |  9 -0.01287  3.92967e-07
 10 -0.01383  1.31241e-06 | 11 -0.01491  4.33355e-07 | 12 -0.01612 -6.88171e-07
 13 -0.01746 -4.02179e-07 | 14 -0.01893 -8.07503e-07 | 15 -0.02054 -7.82158e-07
 16 -0.02231  4.22121e-07 | 17 -0.02424  5.63275e-07 | 18 -0.02628  3.21286e-07
 19 -0.02844  7.44027e-07 | 20 -0.03089  2.85666e-07 | 21 -0.03328  1.77859e-07
 22 -0.03591 -4.24529e-07 | 23 -0.03874 -6.33610e-07 | 24 -0.04190  2.48101e-07
 25 -0.04658 -8.24494e-07 | 26 -0.05236 -8.18822e-07 | 27 -0.05890 -1.69060e-07
 28 -0.06459 -2.92985e-07 | 29 -0.06947 -4.58779e-06 | 30 -0.07275 -2.42713e-06
 31 -0.07052  6.46767e-06 | 32 -0.06163 -3.14990e-06 | 33 -0.04515 -8.38909e-06
 34 -0.01321 -4.70612e-06 | 35  0.01750 -5.94103e-06 | 36  0.06587 -1.32978e-05
 37  0.11194 -1.32049e-05 | 38  0.03906 -9.96430e-06 | 39  0.00543 -2.49696e-06
 40 -0.00446 -4.80001e-06 | 41 -0.00605 -4.75742e-06 | 42  0.00627 -4.61720e-06
 43  0.03499 -4.68658e-06 | 44  0.04606 -3.93288e-06 | 45  0.00728 -5.15343e-06
 46 -0.00861  3.47991e-06 | 47 -0.01224 -7.73123e-07 | 48 -0.02334 -2.59567e-06
 49  0.01661 -4.70763e-06 | 50  0.03225  2.64487e-06 | 51  0.02940 -1.68329e-06
 52  0.02135  3.78209e-06 | 53  0.07000 -4.84720e-06 | 54 -0.01807 -2.08468e-06
 55  0.08421 -3.08342e-06 | 56 -0.01829 -1.07178e-06 | 57  0.05521  1.09609e-05
 58  0.05200  8.02177e-06 | 59  0.04738  1.40695e-05 | 60  0.05368 -1.01050e-06
 61  0.10940  8.96823e-07 | 62  0.02935  1.07820e-05 | 63  0.08886 -9.60238e-07
 64  0.06375 -2.78887e-06 | 65  0.03421  5.60566e-06 | 66  0.06924  1.65679e-05
 67 -0.01089  8.73473e-06 | 68 -0.02256  1.75255e-05 | 69  0.01874  6.82317e-06
 70 -0.06124  5.50338e-06 | 71  0.00000  4.80265e+01 | 72  0.00000  5.46188e+01
 73  0.00000  6.71207e+01 | 74  0.00000 -2.86606e+01 | 75  0.00000  0.00000e+00
 76  0.00000  0.00000e+00 | 77  0.00000  0.00000e+00 | 78  0.00000  0.00000e+00
 79  0.00000  0.00000e+00 | 80  0.00000  0.00000e+00 | 81  0.24615  1.79120e-05
 82 -0.09622  4.86758e-06 | 83  0.32981 -1.05102e-06 | 84  0.00893 -6.01024e-06
 85 -0.38089  3.14682e-07 | 86 -0.41368  3.97448e-06 | 87  0.08405 -8.32556e-05
 88  0.03628 -9.25482e-05 | 89 -0.05610  5.50891e-06 | 90  0.04917 -4.11119e-05
 91 -0.11744  1.34786e-05 | 92 -0.45962 -4.62171e-06 | 93 -0.05581 -6.01842e-05
 94 -0.02500 -6.62540e-05 | 95  0.04352  4.93396e-07 | 96  0.30279 -5.96376e-05
 97 -0.05268  6.43320e-06 | 98 -0.98318 -5.45200e-07 |

Intermediate statistics: 98 variables; iteration 20; function evaluation 27; phase 4
Function value 1.5678384e+03; maximum gradient component mag 8.2607e+01
Var    Value     Gradient |Var    Value     Gradient |Var    Value     Gradient
  1  0.02419  8.26067e+01 |  2 -0.00461 -8.08067e-01 |  3 -0.00509 -8.28116e-01
  4 -0.00564 -8.50623e-01 |  5 -0.00626 -8.75850e-01 |  6 -0.00696 -9.04081e-01
  7 -0.00775 -9.35618e-01 |  8 -0.00864 -9.70769e-01 |  9 -0.00964 -1.00984e+00
 10 -0.01077 -1.05318e+00 | 11 -0.01204 -1.10093e+00 | 12 -0.01344 -1.15311e+00
 13 -0.01500 -1.20968e+00 | 14 -0.01670 -1.27048e+00 | 15 -0.01855 -1.33539e+00
 16 -0.02058 -1.40441e+00 | 17 -0.02277 -1.47735e+00 | 18 -0.02510 -1.55291e+00
 19 -0.02753 -1.63080e+00 | 20 -0.03028 -1.71561e+00 | 21 -0.03296 -1.79793e+00
 22 -0.03590 -1.88480e+00 | 23 -0.03907 -1.97551e+00 | 24 -0.04257 -2.07252e+00
 25 -0.04768 -2.19766e+00 | 26 -0.05391 -2.33466e+00 | 27 -0.06090 -2.47209e+00
 28 -0.06694 -2.58578e+00 | 29 -0.07208 -2.68334e+00 | 30 -0.07553 -2.76814e+00
 31 -0.07330 -2.79897e+00 | 32 -0.06426 -2.76992e+00 | 33 -0.04750 -2.67000e+00
 34 -0.01441 -2.26637e+00 | 35  0.01701 -2.02099e+00 | 36  0.06825 -1.47120e+00
 37  0.10289 -1.74074e+00 | 38  0.04230 -5.23287e-01 | 39  0.00691 -7.05326e-01
 40 -0.00391 -8.68787e-01 | 41 -0.00614 -9.83742e-01 | 42  0.00556 -1.04400e+00
 43  0.03231 -1.19440e+00 | 44  0.04259 -1.04970e+00 | 45  0.00717 -5.07492e-01
 46 -0.00885 -4.56462e-01 | 47 -0.01314 -3.87429e-01 | 48 -0.02405 -2.98530e-01
 49  0.01516  9.23897e-02 | 50  0.03088 -1.59539e-01 | 51  0.02789 -1.16913e+00
 52  0.02038 -5.52380e-01 | 53  0.06832  5.61572e-01 | 54 -0.01750 -2.66093e-01
 55  0.08229  9.99379e-01 | 56 -0.01847 -6.69247e-01 | 57  0.05342 -7.28343e-02
 58  0.05079  9.24129e-01 | 59  0.04632  2.25930e+00 | 60  0.05278  4.21328e+00
 61  0.10797  9.67530e+00 | 62  0.03018  5.44051e+00 | 63  0.08711  9.93633e+00
 64  0.06296  9.32177e+00 | 65  0.03417  8.37326e+00 | 66  0.06886  1.14847e+01
 67 -0.01156  3.52758e+00 | 68 -0.02449 -1.22737e-01 | 69  0.01623 -3.58424e+00
 70 -0.05780 -3.60852e+00 | 71 -0.01439  1.80009e+01 | 72 -0.00598  2.20510e+01
 73 -0.02133  2.97538e+01 | 74  0.01234 -1.56600e+01 | 75  0.00000  0.00000e+00
 76  0.00000  0.00000e+00 | 77  0.00000  0.00000e+00 | 78  0.00000  0.00000e+00
 79  0.00000  0.00000e+00 | 80  0.00000  0.00000e+00 | 81  0.24458  1.14926e+01
 82 -0.09401  2.97927e+00 | 83  0.32766 -7.89505e+00 | 84  0.00981  1.95990e+00
 85 -0.38037 -5.19198e+00 | 86 -0.41483  4.00384e-01 | 87  0.08354  7.44310e+00
 88  0.03613  1.04768e+01 | 89 -0.05934 -1.59836e-01 | 90  0.05078  3.66657e+00
 91 -0.11602 -5.10719e+00 | 92 -0.46245  3.80212e-01 | 93 -0.05722  4.73973e+01
 94 -0.02431  5.85744e+01 | 95  0.03955 -1.64927e+00 | 96  0.30311  4.25110e+01
 97 -0.05463 -1.26908e+01 | 98 -0.98329  2.37909e-02 |
98 variables; iteration 40; function evaluation 50; phase 4
Function value 1.5672149e+03; maximum gradient component mag 1.2385e+01
Var    Value     Gradient |Var    Value     Gradient |Var    Value     Gradient
  1  0.02504  1.23848e+01 |  2 -0.00457 -5.02927e-02 |  3 -0.00502 -4.03039e-02
  4 -0.00553 -2.91467e-02 |  5 -0.00610 -1.67641e-02 |  6 -0.00675 -3.13103e-03
  7 -0.00749  1.17219e-02 |  8 -0.00833  2.76860e-02 |  9 -0.00928  4.45430e-02
 10 -0.01035  6.19619e-02 | 11 -0.01156  7.94062e-02 | 12 -0.01291  9.62190e-02
 13 -0.01442  1.11646e-01 | 14 -0.01608  1.24935e-01 | 15 -0.01791  1.35428e-01
 16 -0.01991  1.42610e-01 | 17 -0.02211  1.46220e-01 | 18 -0.02444  1.46265e-01
 19 -0.02689  1.43250e-01 | 20 -0.02967  1.40398e-01 | 21 -0.03238  1.34108e-01
 22 -0.03535  1.27885e-01 | 23 -0.03855  1.20978e-01 | 24 -0.04208  1.17351e-01
 25 -0.04717  1.72594e-01 | 26 -0.05328  3.02076e-01 | 27 -0.06007  5.07752e-01
 28 -0.06594  6.97806e-01 | 29 -0.07097  8.69889e-01 | 30 -0.07441  9.93946e-01
 31 -0.07233  9.35630e-01 | 32 -0.06359  7.36679e-01 | 33 -0.04714  5.19839e-01
 34 -0.01439  3.78144e-01 | 35  0.01663  2.10723e-01 | 36  0.06342 -8.76864e-01
 37  0.10444 -8.10952e-01 | 38  0.04101 -2.95653e-01 | 39  0.00571 -5.39985e-01
 40 -0.00455 -3.60445e-01 | 41 -0.00644 -1.37548e-01 | 42  0.00538  8.78637e-02
 43  0.03272  3.53403e-01 | 44  0.04281  3.50816e-01 | 45  0.00696  3.19583e-01
 46 -0.00896  7.71291e-02 | 47 -0.01345 -2.81616e-01 | 48 -0.02430 -3.41262e-01
 49  0.01515 -1.68799e-02 | 50  0.03037 -3.08508e-01 | 51  0.02681 -5.60059e-01
 52  0.02096  1.24501e+00 | 53  0.06796  8.11718e-01 | 54 -0.01778 -5.92824e-01
 55  0.08144 -1.38213e+00 | 56 -0.01790  4.87586e-01 | 57  0.05431  1.92698e+00
 58  0.05033 -2.44327e-01 | 59  0.04580 -6.87026e-01 | 60  0.05230 -4.48272e-01
 61  0.10628 -4.39400e-01 | 62  0.03057  7.27966e-01 | 63  0.08697  5.27890e-01
 64  0.06102 -2.24898e+00 | 65  0.03180 -2.38790e+00 | 66  0.06712 -3.51805e-01
 67 -0.01240  2.98446e-01 | 68 -0.02603 -3.70353e-01 | 69  0.01512 -1.23590e+00
 70 -0.05354 -3.31663e-02 | 71 -0.02442  4.81062e-01 | 72 -0.01104 -3.65781e-01
 73 -0.04152  2.54779e+00 | 74  0.02395  2.93314e+00 | 75  0.00000  0.00000e+00
 76  0.00000  0.00000e+00 | 77  0.00000  0.00000e+00 | 78  0.00000  0.00000e+00
 79  0.00000  0.00000e+00 | 80  0.00000  0.00000e+00 | 81  0.24735 -1.27554e+00
 82 -0.10039 -1.27947e+00 | 83  0.33157 -1.19840e-01 | 84  0.01060 -9.90004e-01
 85 -0.37852  1.71973e+00 | 86 -0.41544 -5.19646e-01 | 87  0.06386  4.79705e+00
 88  0.04847  6.53417e+00 | 89 -0.16366 -2.09090e-01 | 90  0.05013  2.46538e+00
 91 -0.10971 -2.91583e-01 | 92 -0.46128  4.34280e-01 | 93 -0.05583  2.10038e+00
 94 -0.02756  2.94651e+00 | 95  0.05080  5.40759e-01 | 96  0.30471  1.11504e+00
 97 -0.05100  1.24282e+00 | 98 -0.98451 -1.34584e-02 |
98 variables; iteration 60; function evaluation 72; phase 4
Function value 1.5671942e+03; maximum gradient component mag -3.2837e+00
Var    Value     Gradient |Var    Value     Gradient |Var    Value     Gradient
  1  0.02495 -3.28372e+00 |  2 -0.00503 -9.50671e-02 |  3 -0.00540 -6.02798e-02
  4 -0.00583 -2.24256e-02 |  5 -0.00632  1.81147e-02 |  6 -0.00689  6.05424e-02
  7 -0.00754  1.03412e-01 |  8 -0.00830  1.44346e-01 |  9 -0.00918  1.79707e-01
 10 -0.01021  2.04393e-01 | 11 -0.01142  2.11854e-01 | 12 -0.01283  1.95446e-01
 13 -0.01445  1.50362e-01 | 14 -0.01628  7.72628e-02 | 15 -0.01830 -1.40822e-02
 16 -0.02048 -1.02157e-01 | 17 -0.02275 -1.54068e-01 | 18 -0.02500 -1.38024e-01
 19 -0.02718 -3.99959e-02 | 20 -0.02954  1.30290e-01 | 21 -0.03185  2.91503e-01
 22 -0.03462  3.65096e-01 | 23 -0.03796  2.64879e-01 | 24 -0.04198 -6.74873e-03
 25 -0.04735 -1.44752e-01 | 26 -0.05257  4.09700e-01 | 27 -0.05978  3.29207e-01
 28 -0.06665 -9.95833e-02 | 29 -0.07147  1.34064e-01 | 30 -0.07507  1.16168e-01
 31 -0.07302  5.18821e-02 | 32 -0.06378  2.15012e-01 | 33 -0.04799 -2.37281e-01
 34 -0.01498 -7.31558e-04 | 35  0.01695  3.64949e-01 | 36  0.06510 -1.61641e-01
 37  0.10512 -2.20212e-01 | 38  0.03946 -3.61253e-01 | 39  0.00645 -7.91048e-02
 40 -0.00411 -1.14739e-01 | 41 -0.00634 -1.49165e-01 | 42  0.00574  4.57062e-02
 43  0.03196 -2.18702e-01 | 44  0.04278 -1.02486e-01 | 45  0.00679 -2.32280e-02
 46 -0.00872  2.65116e-02 | 47 -0.01277 -4.13664e-02 | 48 -0.02397 -1.40943e-01
 49  0.01574  1.40288e-01 | 50  0.02923 -5.23526e-01 | 51  0.02808 -2.33982e-02
 52  0.02032  1.48677e-01 | 53  0.06788 -9.59515e-02 | 54 -0.01714 -6.96067e-02
 55  0.08184 -3.57812e-01 | 56 -0.01775  1.46392e-01 | 57  0.05355  1.20650e-01
 58  0.05086 -2.37421e-02 | 59  0.04592 -2.57506e-01 | 60  0.05240 -4.94390e-02
 61  0.10674 -1.44996e-01 | 62  0.03009  1.09116e-01 | 63  0.08624  7.57615e-02
 64  0.06221 -8.35068e-02 | 65  0.03276 -4.84156e-01 | 66  0.06667  4.96207e-02
 67 -0.01304 -1.61792e-02 | 68 -0.02570  9.76826e-02 | 69  0.01568 -5.03400e-02
 70 -0.05391  7.06136e-03 | 71 -0.02512  7.05353e-03 | 72 -0.01032 -1.43212e-02
 73 -0.04273  4.38998e-01 | 74  0.02290  5.17415e-01 | 75  0.00000  0.00000e+00
 76  0.00000  0.00000e+00 | 77  0.00000  0.00000e+00 | 78  0.00000  0.00000e+00
 79  0.00000  0.00000e+00 | 80  0.00000  0.00000e+00 | 81  0.24469 -1.41989e+00
 82 -0.09515 -8.01272e-01 | 83  0.32970  9.44497e-02 | 84  0.01077 -3.19669e-01
 85 -0.37864  2.74816e-01 | 86 -0.41531 -3.09749e-01 | 87  0.07090 -1.70693e+00
 88  0.04362 -1.36620e-01 | 89 -0.10982  2.20353e-01 | 90  0.05125  4.08322e-01
 91 -0.11049  8.90421e-02 | 92 -0.46243 -4.47439e-02 | 93 -0.05924 -1.39822e+00
 94 -0.02533 -1.93813e+00 | 95  0.04109  8.35034e-02 | 96  0.30512 -1.58332e+00
 97 -0.05093  1.64371e-01 | 98 -0.98366 -2.39267e-03 |
98 variables; iteration 80; function evaluation 105; phase 4
Function value 1.5671890e+03; maximum gradient component mag -4.7266e-01
Var    Value     Gradient |Var    Value     Gradient |Var    Value     Gradient
  1  0.02492 -3.51978e-01 |  2 -0.00460  1.70894e-02 |  3 -0.00494  6.43036e-02
  4 -0.00546  6.42229e-02 |  5 -0.00615  2.52622e-02 |  6 -0.00696 -3.20853e-02
  7 -0.00784 -7.86200e-02 |  8 -0.00871 -8.77080e-02 |  9 -0.00959 -5.27130e-02
 10 -0.01055  8.57311e-04 | 11 -0.01171  2.68070e-02 | 12 -0.01313  1.40298e-03
 13 -0.01473 -3.81722e-02 | 14 -0.01635 -2.05680e-02 | 15 -0.01796  6.36291e-02
 16 -0.01984  1.11360e-01 | 17 -0.02218  2.76607e-02 | 18 -0.02474 -9.83549e-02
 19 -0.02714 -1.01840e-01 | 20 -0.02963  6.48940e-03 | 21 -0.03221  3.98848e-02
 22 -0.03521 -7.19888e-03 | 23 -0.03827  2.41743e-02 | 24 -0.04165  6.75885e-02
 25 -0.04693 -2.09342e-02 | 26 -0.05314  1.32832e-04 | 27 -0.06016  8.81606e-03
 28 -0.06639 -6.53501e-02 | 29 -0.07161 -7.27038e-02 | 30 -0.07485  1.23947e-01
 31 -0.07312 -1.30012e-01 | 32 -0.06405 -5.95501e-02 | 33 -0.04745 -5.50356e-02
 34 -0.01482  6.34861e-03 | 35  0.01603  5.05668e-02 | 36  0.06553  2.65333e-02
 37  0.10495  1.19381e-02 | 38  0.04014 -2.52778e-02 | 39  0.00624 -3.31908e-02
 40 -0.00397  5.08472e-02 | 41 -0.00616  2.41323e-02 | 42  0.00499 -1.28073e-01
 43  0.03240  2.51695e-02 | 44  0.04280  1.23811e-02 | 45  0.00681  2.65953e-02
 46 -0.00887 -3.02163e-02 | 47 -0.01272 -4.18266e-03 | 48 -0.02384 -4.37890e-02
 49  0.01506  7.99158e-02 | 50  0.03018 -2.92449e-02 | 51  0.02770  1.09033e-02
 52  0.02026  1.63832e-02 | 53  0.06788 -2.51241e-02 | 54 -0.01714  4.04276e-02
 55  0.08197  5.47331e-02 | 56 -0.01797 -3.71735e-02 | 57  0.05353 -3.52236e-02
 58  0.05083  1.99020e-02 | 59  0.04611  3.15642e-03 | 60  0.05230  3.11647e-02
 61  0.10684  3.25819e-03 | 62  0.03003  1.44118e-02 | 63  0.08621  2.33058e-03
 64  0.06199  6.00830e-03 | 65  0.03347  1.12947e-01 | 66  0.06639  1.08624e-02
 67 -0.01309 -1.35191e-01 | 68 -0.02555  1.31522e-01 | 69  0.01570 -2.57183e-02
 70 -0.05386  2.66246e-02 | 71 -0.02518 -2.62481e-02 | 72 -0.01021 -7.59603e-03
 73 -0.04300 -5.59485e-02 | 74  0.02264 -5.01924e-02 | 75  0.00000  0.00000e+00
 76  0.00000  0.00000e+00 | 77  0.00000  0.00000e+00 | 78  0.00000  0.00000e+00
 79  0.00000  0.00000e+00 | 80  0.00000  0.00000e+00 | 81  0.24347  1.66884e-01
 82 -0.09170  9.15989e-02 | 83  0.32876 -1.86080e-02 | 84  0.00915  8.24179e-02
 85 -0.37841 -4.24265e-02 | 86 -0.41399  4.83237e-02 | 87  0.07598 -4.72656e-01
 88  0.04068  1.03711e-01 | 89 -0.08954  6.64194e-02 | 90  0.05025  1.57451e-01
 91 -0.11076  5.83796e-03 | 92 -0.46121  5.13728e-02 | 93 -0.06041 -8.08489e-02
 94 -0.02443 -1.59664e-01 | 95  0.03773 -3.48488e-02 | 96  0.30511 -6.07834e-02
 97 -0.05080 -3.21214e-02 | 98 -0.98341  1.81625e-03 |
98 variables; iteration 100; function evaluation 141; phase 4
Function value 1.5671884e+03; maximum gradient component mag 7.0353e-02
Var    Value     Gradient |Var    Value     Gradient |Var    Value     Gradient
  1  0.02492  7.03532e-02 |  2 -0.00463  1.00368e-03 |  3 -0.00510 -2.28561e-03
  4 -0.00562  2.45732e-04 |  5 -0.00622 -4.99622e-03 |  6 -0.00688 -4.74366e-04
  7 -0.00762  4.64737e-03 |  8 -0.00849 -1.30076e-03 |  9 -0.00946 -3.31083e-03
 10 -0.01055 -2.21827e-03 | 11 -0.01180 -1.27106e-02 | 12 -0.01315 -6.36997e-03
 13 -0.01462  1.01057e-02 | 14 -0.01627  1.34441e-02 | 15 -0.01807  1.45745e-02
 16 -0.02011 -1.01465e-02 | 17 -0.02227 -1.12089e-02 | 18 -0.02453 -1.28488e-03
 19 -0.02694 -4.41845e-03 | 20 -0.02965  1.02740e-03 | 21 -0.03230  1.40481e-03
 22 -0.03520  2.69115e-03 | 23 -0.03833  3.32171e-03 | 24 -0.04179  2.72555e-03
 25 -0.04692 -7.38747e-03 | 26 -0.05315  6.85384e-03 | 27 -0.06020  7.78102e-04
 28 -0.06630 -2.16612e-03 | 29 -0.07150  6.19038e-03 | 30 -0.07511 -1.54300e-02
 31 -0.07291  7.29441e-03 | 32 -0.06397  4.67908e-04 | 33 -0.04736  1.31163e-03
 34 -0.01483 -1.01397e-03 | 35  0.01592  3.94857e-03 | 36  0.06548 -1.45251e-03
 37  0.10494 -3.00867e-03 | 38  0.04022 -7.21651e-03 | 39  0.00632  1.09650e-03
 40 -0.00412  5.56380e-04 | 41 -0.00624  9.68928e-04 | 42  0.00531 -3.00589e-03
 43  0.03230  3.91974e-03 | 44  0.04274  4.04744e-03 | 45  0.00674  2.21822e-03
 46 -0.00880 -2.39624e-03 | 47 -0.01273 -1.70642e-03 | 48 -0.02374 -1.74956e-03
 49  0.01489  6.55456e-03 | 50  0.03031 -3.10413e-03 | 51  0.02765  2.46379e-03
 52  0.02025  4.83115e-03 | 53  0.06789  2.83737e-03 | 54 -0.01719  1.64648e-03
 55  0.08195  1.03637e-03 | 56 -0.01794  2.08422e-03 | 57  0.05354  4.83810e-03
 58  0.05080 -7.00588e-04 | 59  0.04613  1.41584e-03 | 60  0.05227 -7.22226e-04
 61  0.10685  4.73532e-04 | 62  0.02999  3.58462e-03 | 63  0.08621  7.57408e-04
 64  0.06205 -2.11515e-03 | 65  0.03333 -1.08361e-02 | 66  0.06639  4.23988e-03
 67 -0.01287 -4.46045e-03 | 68 -0.02576 -9.85600e-04 | 69  0.01577 -2.18475e-03
 70 -0.05387  2.77011e-03 | 71 -0.02514 -1.28864e-03 | 72 -0.01022 -4.97618e-03
 73 -0.04296  3.71769e-03 | 74  0.02268  8.76009e-03 | 75  0.00000  0.00000e+00
 76  0.00000  0.00000e+00 | 77  0.00000  0.00000e+00 | 78  0.00000  0.00000e+00
 79  0.00000  0.00000e+00 | 80  0.00000  0.00000e+00 | 81  0.24350  2.31643e-02
 82 -0.09176  1.36260e-02 | 83  0.32877 -3.14588e-03 | 84  0.00915  6.10644e-03
 85 -0.37839  7.51104e-03 | 86 -0.41404  3.31335e-03 | 87  0.07897  2.36705e-03
 88  0.03876  1.13823e-02 | 89 -0.07814  7.56152e-04 | 90  0.05018  1.25443e-02
 91 -0.11098 -7.51971e-04 | 92 -0.46130  2.30143e-03 | 93 -0.06028  1.62393e-02
 94 -0.02448  2.86213e-02 | 95  0.03823 -4.86458e-05 | 96  0.30507  1.81550e-02
 97 -0.05080  3.39961e-03 | 98 -0.98346  1.05474e-03 |
Warning: the following parameters had issues
  selparm[18] is within 0.1% of lower bound: -5.00000e+00 < -4.99766e+00 < 9.00000e+00


 - final statistics:
98 variables; iteration 113; function evaluation 158
Function value 1.5672e+03; maximum gradient component mag 9.0878e-05
Exit code = 1;  converg criter 1.0000e-04
Var    Value     Gradient |Var    Value     Gradient |Var    Value     Gradient
  1  0.02492  9.08783e-05 |  2 -0.00463 -2.60943e-06 |  3 -0.00509 -6.08679e-06
  4 -0.00562 -2.69363e-06 |  5 -0.00621 -2.74091e-06 |  6 -0.00688  6.41636e-07
  7 -0.00764 -2.75895e-06 |  8 -0.00849  3.20485e-06 |  9 -0.00946  1.15053e-06
 10 -0.01055  4.84082e-06 | 11 -0.01177  1.65147e-06 | 12 -0.01313  1.43685e-06
 13 -0.01464 -7.84911e-06 | 14 -0.01630 -1.91791e-06 | 15 -0.01811 -8.27646e-06
 16 -0.02009 -5.50754e-06 | 17 -0.02225  5.44282e-06 | 18 -0.02453  5.38045e-06
 19 -0.02693  1.90642e-06 | 20 -0.02965 -2.39633e-07 | 21 -0.03230 -5.98940e-07
 22 -0.03521 -2.37562e-06 | 23 -0.03834 -1.80835e-06 | 24 -0.04180 -2.55162e-06
 25 -0.04691  6.00439e-06 | 26 -0.05316 -4.36267e-06 | 27 -0.06020 -1.05746e-06
 28 -0.06630  3.08953e-06 | 29 -0.07151 -4.57567e-06 | 30 -0.07508  2.62047e-06
 31 -0.07292  1.26184e-06 | 32 -0.06397  5.57900e-07 | 33 -0.04736  3.85174e-06
 34 -0.01483  6.84440e-08 | 35  0.01590 -8.88655e-07 | 36  0.06548 -2.29723e-07
 37  0.10494  8.79662e-07 | 38  0.04024  3.26024e-06 | 39  0.00631 -2.87211e-06
 40 -0.00412  1.27580e-06 | 41 -0.00625  5.61394e-06 | 42  0.00532  6.26112e-06
 43  0.03229 -6.57961e-07 | 44  0.04274  1.30161e-06 | 45  0.00674  2.99024e-06
 46 -0.00879  2.72302e-06 | 47 -0.01273 -1.51486e-06 | 48 -0.02374 -6.50565e-08
 49  0.01488 -4.94467e-06 | 50  0.03032  2.39311e-06 | 51  0.02765 -2.58619e-06
 52  0.02025  1.43197e-06 | 53  0.06790 -4.13460e-07 | 54 -0.01719 -8.16427e-07
 55  0.08195 -3.11369e-06 | 56 -0.01794  1.84808e-06 | 57  0.05354  1.07966e-06
 58  0.05081 -1.51067e-06 | 59  0.04613 -2.02959e-06 | 60  0.05227 -2.17793e-07
 61  0.10685 -3.00237e-07 | 62  0.02999  1.15912e-06 | 63  0.08621  2.89099e-06
 64  0.06204 -6.66213e-07 | 65  0.03334 -5.65465e-06 | 66  0.06638  3.61635e-06
 67 -0.01286  6.15346e-06 | 68 -0.02576 -3.83018e-06 | 69  0.01577 -3.17840e-07
 70 -0.05388  3.59714e-06 | 71 -0.02514  2.25102e-06 | 72 -0.01022 -3.35767e-06
 73 -0.04297  5.86640e-06 | 74  0.02267  1.10751e-05 | 75  0.00000  0.00000e+00
 76  0.00000  0.00000e+00 | 77  0.00000  0.00000e+00 | 78  0.00000  0.00000e+00
 79  0.00000  0.00000e+00 | 80  0.00000  0.00000e+00 | 81  0.24354 -3.65372e-05
 82 -0.09186 -1.06825e-05 | 83  0.32881  3.72565e-06 | 84  0.00917 -1.52216e-05
 85 -0.37841  9.61339e-06 | 86 -0.41406 -1.70731e-06 | 87  0.07899 -1.15738e-05
 88  0.03875 -5.75359e-05 | 89 -0.07808 -6.86056e-06 | 90  0.05016 -2.31946e-05
 91 -0.11098  3.46279e-06 | 92 -0.46129 -6.82082e-06 | 93 -0.06026  3.16571e-05
 94 -0.02450  4.66853e-05 | 95  0.03828  7.14787e-07 | 96  0.30507  3.86976e-05
 97 -0.05080  3.76638e-06 | 98 -0.98354 -1.72631e-07 |
Estimating row 1 out of 98 for hessian
Estimating row 2 out of 98 for hessian
Estimating row 3 out of 98 for hessian
Estimating row 4 out of 98 for hessian
Estimating row 5 out of 98 for hessian
Estimating row 6 out of 98 for hessian
Estimating row 7 out of 98 for hessian
Estimating row 8 out of 98 for hessian
Estimating row 9 out of 98 for hessian
Estimating row 10 out of 98 for hessian
Estimating row 11 out of 98 for hessian
Estimating row 12 out of 98 for hessian
Estimating row 13 out of 98 for hessian
Estimating row 14 out of 98 for hessian
Estimating row 15 out of 98 for hessian
Estimating row 16 out of 98 for hessian
Estimating row 17 out of 98 for hessian
Estimating row 18 out of 98 for hessian
Estimating row 19 out of 98 for hessian
Estimating row 20 out of 98 for hessian
Estimating row 21 out of 98 for hessian
Estimating row 22 out of 98 for hessian
Estimating row 23 out of 98 for hessian
Estimating row 24 out of 98 for hessian
Estimating row 25 out of 98 for hessian
Estimating row 26 out of 98 for hessian
Estimating row 27 out of 98 for hessian
Estimating row 28 out of 98 for hessian
Estimating row 29 out of 98 for hessian
Estimating row 30 out of 98 for hessian
Estimating row 31 out of 98 for hessian
Estimating row 32 out of 98 for hessian
Estimating row 33 out of 98 for hessian
Estimating row 34 out of 98 for hessian
Estimating row 35 out of 98 for hessian
Estimating row 36 out of 98 for hessian
Estimating row 37 out of 98 for hessian
Estimating row 38 out of 98 for hessian
Estimating row 39 out of 98 for hessian
Estimating row 40 out of 98 for hessian
Estimating row 41 out of 98 for hessian
Estimating row 42 out of 98 for hessian
Estimating row 43 out of 98 for hessian
Estimating row 44 out of 98 for hessian
Estimating row 45 out of 98 for hessian
Estimating row 46 out of 98 for hessian
Estimating row 47 out of 98 for hessian
Estimating row 48 out of 98 for hessian
Estimating row 49 out of 98 for hessian
Estimating row 50 out of 98 for hessian
Estimating row 51 out of 98 for hessian
Estimating row 52 out of 98 for hessian
Estimating row 53 out of 98 for hessian
Estimating row 54 out of 98 for hessian
Estimating row 55 out of 98 for hessian
Estimating row 56 out of 98 for hessian
Estimating row 57 out of 98 for hessian
Estimating row 58 out of 98 for hessian
Estimating row 59 out of 98 for hessian
Estimating row 60 out of 98 for hessian
Estimating row 61 out of 98 for hessian
Estimating row 62 out of 98 for hessian
Estimating row 63 out of 98 for hessian
Estimating row 64 out of 98 for hessian
Estimating row 65 out of 98 for hessian
Estimating row 66 out of 98 for hessian
Estimating row 67 out of 98 for hessian
Estimating row 68 out of 98 for hessian
Estimating row 69 out of 98 for hessian
Estimating row 70 out of 98 for hessian
Estimating row 71 out of 98 for hessian
Estimating row 72 out of 98 for hessian
Estimating row 73 out of 98 for hessian
Estimating row 74 out of 98 for hessian
Estimating row 75 out of 98 for hessian
Estimating row 76 out of 98 for hessian
Estimating row 77 out of 98 for hessian
Estimating row 78 out of 98 for hessian
Estimating row 79 out of 98 for hessian
Estimating row 80 out of 98 for hessian
Estimating row 81 out of 98 for hessian
Estimating row 82 out of 98 for hessian
Estimating row 83 out of 98 for hessian
Estimating row 84 out of 98 for hessian
Estimating row 85 out of 98 for hessian
Estimating row 86 out of 98 for hessian
Estimating row 87 out of 98 for hessian
Estimating row 88 out of 98 for hessian
Estimating row 89 out of 98 for hessian
Estimating row 90 out of 98 for hessian
Estimating row 91 out of 98 for hessian
Estimating row 92 out of 98 for hessian
Estimating row 93 out of 98 for hessian
Estimating row 94 out of 98 for hessian
Estimating row 95 out of 98 for hessian
Estimating row 96 out of 98 for hessian
Estimating row 97 out of 98 for hessian
Estimating row 98 out of 98 for hessian
size of file gradfil1.tmp = 0
size of file gradfil2.tmp = 0
size of file varssave.tmp = 0
size of file cmpdiff.tmp = 0
